[0.148s] Invoking command in '/home/crashlab/robot_ws/build/tutorial_ros2_motor': CMAKE_PREFIX_PATH=${CMAKE_PREFIX_PATH}:/home/crashlab/robot_ws/install/nav_bringup:/home/crashlab/robot_ws/install/json_data:/opt/ros/humble /usr/bin/cmake --build /home/crashlab/robot_ws/build/tutorial_ros2_motor -- -j4 -l4
[0.710s] [ 50%] Built target motor_node
[0.815s] [100%] Built target teleop_node
[0.899s] Invoked command in '/home/crashlab/robot_ws/build/tutorial_ros2_motor' returned '0': CMAKE_PREFIX_PATH=${CMAKE_PREFIX_PATH}:/home/crashlab/robot_ws/install/nav_bringup:/home/crashlab/robot_ws/install/json_data:/opt/ros/humble /usr/bin/cmake --build /home/crashlab/robot_ws/build/tutorial_ros2_motor -- -j4 -l4
[0.908s] Invoking command in '/home/crashlab/robot_ws/build/tutorial_ros2_motor': CMAKE_PREFIX_PATH=${CMAKE_PREFIX_PATH}:/home/crashlab/robot_ws/install/nav_bringup:/home/crashlab/robot_ws/install/json_data:/opt/ros/humble /usr/bin/cmake --install /home/crashlab/robot_ws/build/tutorial_ros2_motor
[0.971s] -- Install configuration: ""
[0.975s] -- Execute custom install script
[0.979s] -- Up-to-date symlink: /home/crashlab/robot_ws/install/tutorial_ros2_motor/lib/tutorial_ros2_motor/motor_node
[0.980s] -- Up-to-date symlink: /home/crashlab/robot_ws/install/tutorial_ros2_motor/lib/tutorial_ros2_motor/teleop_node
[0.984s] -- Up-to-date symlink: /home/crashlab/robot_ws/install/tutorial_ros2_motor/share/tutorial_ros2_motor//config/motor_parameters.txt
[0.988s] -- Up-to-date symlink: /home/crashlab/robot_ws/install/tutorial_ros2_motor/share/ament_index/resource_index/package_run_dependencies/tutorial_ros2_motor
[0.990s] -- Up-to-date symlink: /home/crashlab/robot_ws/install/tutorial_ros2_motor/share/ament_index/resource_index/parent_prefix_path/tutorial_ros2_motor
[0.993s] -- Up-to-date symlink: /home/crashlab/robot_ws/install/tutorial_ros2_motor/share/tutorial_ros2_motor/environment/ament_prefix_path.sh
[0.996s] -- Up-to-date symlink: /home/crashlab/robot_ws/install/tutorial_ros2_motor/share/tutorial_ros2_motor/environment/ament_prefix_path.dsv
[0.997s] -- Up-to-date symlink: /home/crashlab/robot_ws/install/tutorial_ros2_motor/share/tutorial_ros2_motor/environment/path.sh
[1.000s] -- Up-to-date symlink: /home/crashlab/robot_ws/install/tutorial_ros2_motor/share/tutorial_ros2_motor/environment/path.dsv
[1.003s] -- Up-to-date symlink: /home/crashlab/robot_ws/install/tutorial_ros2_motor/share/tutorial_ros2_motor/local_setup.bash
[1.010s] -- Up-to-date symlink: /home/crashlab/robot_ws/install/tutorial_ros2_motor/share/tutorial_ros2_motor/local_setup.sh
[1.012s] -- Up-to-date symlink: /home/crashlab/robot_ws/install/tutorial_ros2_motor/share/tutorial_ros2_motor/local_setup.zsh
[1.016s] -- Up-to-date symlink: /home/crashlab/robot_ws/install/tutorial_ros2_motor/share/tutorial_ros2_motor/local_setup.dsv
[1.018s] -- Symlinking: /home/crashlab/robot_ws/install/tutorial_ros2_motor/share/tutorial_ros2_motor/package.dsv
[1.080s] -- Up-to-date symlink: /home/crashlab/robot_ws/install/tutorial_ros2_motor/share/ament_index/resource_index/packages/tutorial_ros2_motor
[1.082s] -- Up-to-date symlink: /home/crashlab/robot_ws/install/tutorial_ros2_motor/share/tutorial_ros2_motor/cmake/tutorial_ros2_motorConfig.cmake
[1.083s] -- Up-to-date symlink: /home/crashlab/robot_ws/install/tutorial_ros2_motor/share/tutorial_ros2_motor/cmake/tutorial_ros2_motorConfig-version.cmake
[1.089s] -- Up-to-date symlink: /home/crashlab/robot_ws/install/tutorial_ros2_motor/share/tutorial_ros2_motor/package.xml
[1.119s] Invoked command in '/home/crashlab/robot_ws/build/tutorial_ros2_motor' returned '0': CMAKE_PREFIX_PATH=${CMAKE_PREFIX_PATH}:/home/crashlab/robot_ws/install/nav_bringup:/home/crashlab/robot_ws/install/json_data:/opt/ros/humble /usr/bin/cmake --install /home/crashlab/robot_ws/build/tutorial_ros2_motor
