[0.092s] Invoking command in '/home/crashlab/robot_ws/build/ydlidar_sdk': /usr/bin/cmake --build /home/crashlab/robot_ws/build/ydlidar_sdk -- -j4 -l4
[0.513s] [ 58%] Built target ydlidar_sdk
[0.734s] [ 66%] Built target etlidar_test
[0.862s] [ 75%] Built target lidar_c_api_test
[1.083s] [ 83%] Built target lidar_test
[1.359s] [ 91%] Built target ydlidar_test
[1.486s] [100%] Built target tof_test
[1.545s] Invoked command in '/home/crashlab/robot_ws/build/ydlidar_sdk' returned '0': /usr/bin/cmake --build /home/crashlab/robot_ws/build/ydlidar_sdk -- -j4 -l4
[1.553s] Invoking command in '/home/crashlab/robot_ws/build/ydlidar_sdk': /usr/bin/cmake --install /home/crashlab/robot_ws/build/ydlidar_sdk
[1.600s] -- Install configuration: ""
[1.603s] -- Up-to-date: /home/crashlab/robot_ws/install/ydlidar_sdk/include/core/base/datatype.h
[1.604s] -- Up-to-date: /home/crashlab/robot_ws/install/ydlidar_sdk/include/core/base/locker.h
[1.604s] -- Up-to-date: /home/crashlab/robot_ws/install/ydlidar_sdk/include/core/base/thread.h
[1.605s] -- Up-to-date: /home/crashlab/robot_ws/install/ydlidar_sdk/include/core/base/timer.h
[1.607s] -- Up-to-date: /home/crashlab/robot_ws/install/ydlidar_sdk/include/core/base/typedef.h
[1.608s] -- Up-to-date: /home/crashlab/robot_ws/install/ydlidar_sdk/include/core/base/utils.h
[1.610s] -- Up-to-date: /home/crashlab/robot_ws/install/ydlidar_sdk/include/core/base/v8stdint.h
[1.612s] -- Up-to-date: /home/crashlab/robot_ws/install/ydlidar_sdk/include/core/base/ydlidar.h
[1.613s] -- Up-to-date: /home/crashlab/robot_ws/install/ydlidar_sdk/include/core/common/ChannelDevice.h
[1.614s] -- Up-to-date: /home/crashlab/robot_ws/install/ydlidar_sdk/include/core/common/DriverInterface.h
[1.614s] -- Up-to-date: /home/crashlab/robot_ws/install/ydlidar_sdk/include/core/common/ydlidar_datatype.h
[1.616s] -- Up-to-date: /home/crashlab/robot_ws/install/ydlidar_sdk/include/core/common/ydlidar_def.h
[1.618s] -- Up-to-date: /home/crashlab/robot_ws/install/ydlidar_sdk/include/core/common/ydlidar_help.h
[1.621s] -- Up-to-date: /home/crashlab/robot_ws/install/ydlidar_sdk/include/core/common/ydlidar_protocol.h
[1.623s] -- Up-to-date: /home/crashlab/robot_ws/install/ydlidar_sdk/include/core/math/angles.h
[1.629s] -- Up-to-date: /home/crashlab/robot_ws/install/ydlidar_sdk/include/core/network/ActiveSocket.h
[1.631s] -- Up-to-date: /home/crashlab/robot_ws/install/ydlidar_sdk/include/core/network/PassiveSocket.h
[1.632s] -- Up-to-date: /home/crashlab/robot_ws/install/ydlidar_sdk/include/core/network/SimpleSocket.h
[1.634s] -- Up-to-date: /home/crashlab/robot_ws/install/ydlidar_sdk/include/core/network/StatTimer.h
[1.636s] -- Up-to-date: /home/crashlab/robot_ws/install/ydlidar_sdk/include/core/serial/common.h
[1.638s] -- Up-to-date: /home/crashlab/robot_ws/install/ydlidar_sdk/include/core/serial/serial.h
[1.643s] -- Up-to-date: /home/crashlab/robot_ws/install/ydlidar_sdk/include/core/serial/impl/unix/lock.h
[1.644s] -- Up-to-date: /home/crashlab/robot_ws/install/ydlidar_sdk/include/core/serial/impl/unix/unix.h
[1.645s] -- Up-to-date: /home/crashlab/robot_ws/install/ydlidar_sdk/include/core/serial/impl/unix/unix_serial.h
[1.650s] -- Up-to-date: /home/crashlab/robot_ws/install/ydlidar_sdk/include/src/CYdLidar.h
[1.651s] -- Up-to-date: /home/crashlab/robot_ws/install/ydlidar_sdk/include/src/ETLidarDriver.h
[1.652s] -- Up-to-date: /home/crashlab/robot_ws/install/ydlidar_sdk/include/src/ydlidar_driver.h
[1.654s] -- Up-to-date: /home/crashlab/robot_ws/install/ydlidar_sdk/include/src/ydlidar_sdk.h
[1.655s] -- Up-to-date: /home/crashlab/robot_ws/install/ydlidar_sdk/include/ydlidar_config.h
[1.656s] -- Up-to-date: /home/crashlab/robot_ws/install/ydlidar_sdk/lib/libydlidar_sdk.a
[1.657s] -- Up-to-date: /home/crashlab/robot_ws/install/ydlidar_sdk/lib/pkgconfig/YDLIDAR_SDK.pc
[1.658s] -- Up-to-date: /home/crashlab/robot_ws/install/ydlidar_sdk/lib/cmake/ydlidar_sdk/ydlidar_sdkConfig.cmake
[1.659s] -- Up-to-date: /home/crashlab/robot_ws/install/ydlidar_sdk/lib/cmake/ydlidar_sdk/ydlidar_sdkTargets.cmake
[1.659s] -- Up-to-date: /home/crashlab/robot_ws/install/ydlidar_sdk/lib/cmake/ydlidar_sdk/ydlidar_sdkConfigVersion.cmake
[1.663s] -- Up-to-date: /home/crashlab/robot_ws/install/ydlidar_sdk/share/YDLIDAR_SDK/FindYDLIDAR_SDK.cmake
[1.663s] -- Up-to-date: /home/crashlab/robot_ws/install/ydlidar_sdk/share/YDLIDAR_SDK
[1.664s] -- Up-to-date: /home/crashlab/robot_ws/install/ydlidar_sdk/share/YDLIDAR_SDK/cmake_uninstall.cmake.in
[1.665s] -- Up-to-date: /home/crashlab/robot_ws/install/ydlidar_sdk/share/YDLIDAR_SDK/FindPackage.cmake.in
[1.667s] -- Up-to-date: /home/crashlab/robot_ws/install/ydlidar_sdk/share/YDLIDAR_SDK/PackageConfigVersion.cmake.in
[1.668s] -- Up-to-date: /home/crashlab/robot_ws/install/ydlidar_sdk/share/YDLIDAR_SDK/script_show_final_summary.cmake
[1.674s] -- Up-to-date: /home/crashlab/robot_ws/install/ydlidar_sdk/share/YDLIDAR_SDK/PackageConfig.cmake.in
[1.675s] -- Up-to-date: /home/crashlab/robot_ws/install/ydlidar_sdk/share/YDLIDAR_SDK/common
[1.676s] -- Up-to-date: /home/crashlab/robot_ws/install/ydlidar_sdk/share/YDLIDAR_SDK/common/ydlidar_parse.cmake
[1.677s] -- Up-to-date: /home/crashlab/robot_ws/install/ydlidar_sdk/share/YDLIDAR_SDK/common/ydlidar_base.cmake
[1.678s] -- Up-to-date: /home/crashlab/robot_ws/install/ydlidar_sdk/share/YDLIDAR_SDK/install_package.cmake
[1.679s] -- Up-to-date: /home/crashlab/robot_ws/install/ydlidar_sdk/share/YDLIDAR_SDK/PkgConfig.pc.in
[1.685s] -- Up-to-date: /home/crashlab/robot_ws/install/ydlidar_sdk/share/YDLIDAR_SDK/LICENSE.txt
[1.686s] -- Up-to-date: /home/crashlab/robot_ws/install/ydlidar_sdk/share/YDLIDAR_SDK/README.md
[1.687s] -- Up-to-date: /home/crashlab/robot_ws/install/ydlidar_sdk/share/YDLIDAR_SDK/doc
[1.688s] -- Up-to-date: /home/crashlab/robot_ws/install/ydlidar_sdk/share/YDLIDAR_SDK/doc/quickstart
[1.689s] -- Up-to-date: /home/crashlab/robot_ws/install/ydlidar_sdk/share/YDLIDAR_SDK/doc/quickstart/ydlidar_sdk_software_installation_guide.md
[1.690s] -- Up-to-date: /home/crashlab/robot_ws/install/ydlidar_sdk/share/YDLIDAR_SDK/doc/quickstart/README.md
[1.690s] -- Up-to-date: /home/crashlab/robot_ws/install/ydlidar_sdk/share/YDLIDAR_SDK/doc/Dataset.md
[1.691s] -- Up-to-date: /home/crashlab/robot_ws/install/ydlidar_sdk/share/YDLIDAR_SDK/doc/README.md
[1.691s] -- Up-to-date: /home/crashlab/robot_ws/install/ydlidar_sdk/share/YDLIDAR_SDK/doc/YDLIDAR_SDK_API_for_Developers.md
[1.692s] -- Up-to-date: /home/crashlab/robot_ws/install/ydlidar_sdk/share/YDLIDAR_SDK/doc/images
[1.692s] -- Up-to-date: /home/crashlab/robot_ws/install/ydlidar_sdk/share/YDLIDAR_SDK/doc/images/FlowChart.png
[1.693s] -- Up-to-date: /home/crashlab/robot_ws/install/ydlidar_sdk/share/YDLIDAR_SDK/doc/images/sdk_init.png
[1.694s] -- Up-to-date: /home/crashlab/robot_ws/install/ydlidar_sdk/share/YDLIDAR_SDK/doc/images/sdk_architecture.png
[1.694s] -- Up-to-date: /home/crashlab/robot_ws/install/ydlidar_sdk/share/YDLIDAR_SDK/doc/images/sequence.png
[1.695s] -- Up-to-date: /home/crashlab/robot_ws/install/ydlidar_sdk/share/YDLIDAR_SDK/doc/images/frame.png
[1.696s] -- Up-to-date: /home/crashlab/robot_ws/install/ydlidar_sdk/share/YDLIDAR_SDK/doc/images/angle_q2.png
[1.697s] -- Up-to-date: /home/crashlab/robot_ws/install/ydlidar_sdk/share/YDLIDAR_SDK/doc/images/YDLidar.png
[1.700s] -- Up-to-date: /home/crashlab/robot_ws/install/ydlidar_sdk/share/YDLIDAR_SDK/doc/images/communication_mechanism.png
[1.706s] -- Up-to-date: /home/crashlab/robot_ws/install/ydlidar_sdk/share/YDLIDAR_SDK/doc/images/EAI.png
[1.707s] -- Up-to-date: /home/crashlab/robot_ws/install/ydlidar_sdk/share/YDLIDAR_SDK/doc/images/frame_intensity.png
[1.709s] -- Up-to-date: /home/crashlab/robot_ws/install/ydlidar_sdk/share/YDLIDAR_SDK/doc/images/system_workflow.png
[1.711s] -- Up-to-date: /home/crashlab/robot_ws/install/ydlidar_sdk/share/YDLIDAR_SDK/doc/images/sdk_scanning.png
[1.711s] -- Up-to-date: /home/crashlab/robot_ws/install/ydlidar_sdk/share/YDLIDAR_SDK/doc/images/YDLidar.jpg
[1.712s] -- Up-to-date: /home/crashlab/robot_ws/install/ydlidar_sdk/share/YDLIDAR_SDK/doc/Diagram.md
[1.713s] -- Up-to-date: /home/crashlab/robot_ws/install/ydlidar_sdk/share/YDLIDAR_SDK/doc/YDLidar-SDK-Communication-Protocol.pdf
[1.715s] -- Up-to-date: /home/crashlab/robot_ws/install/ydlidar_sdk/share/YDLIDAR_SDK/doc/Tutorials.md
[1.717s] -- Up-to-date: /home/crashlab/robot_ws/install/ydlidar_sdk/share/YDLIDAR_SDK/doc/YDLidar-SDK-Communication-Protocol.html
[1.717s] -- Up-to-date: /home/crashlab/robot_ws/install/ydlidar_sdk/share/YDLIDAR_SDK/doc/YDLidar_SDK_Communication_Protocol.pdf
[1.718s] -- Up-to-date: /home/crashlab/robot_ws/install/ydlidar_sdk/share/YDLIDAR_SDK/doc/YDLidar-SDK-Communication-Protocol.md
[1.722s] -- Up-to-date: /home/crashlab/robot_ws/install/ydlidar_sdk/share/YDLIDAR_SDK/doc/tutorials
[1.723s] -- Up-to-date: /home/crashlab/robot_ws/install/ydlidar_sdk/share/YDLIDAR_SDK/doc/tutorials/examine_the_simple_lidar_tutorial.md
[1.724s] -- Up-to-date: /home/crashlab/robot_ws/install/ydlidar_sdk/share/YDLIDAR_SDK/doc/tutorials/writing_lidar_tutorial_c++.md
[1.724s] -- Up-to-date: /home/crashlab/robot_ws/install/ydlidar_sdk/share/YDLIDAR_SDK/doc/tutorials/writing_lidar_tutorial_c.md
[1.725s] -- Up-to-date: /home/crashlab/robot_ws/install/ydlidar_sdk/share/YDLIDAR_SDK/doc/tutorials/writing_lidar_tutorial_python.md
[1.726s] -- Up-to-date: /home/crashlab/robot_ws/install/ydlidar_sdk/share/YDLIDAR_SDK/doc/tutorials/writing_lidar_network_adapter_tutorial_c++.md
[1.726s] -- Up-to-date: /home/crashlab/robot_ws/install/ydlidar_sdk/share/YDLIDAR_SDK/doc/SDK.pdf
[1.727s] -- Up-to-date: /home/crashlab/robot_ws/install/ydlidar_sdk/share/YDLIDAR_SDK/doc/FAQs
[1.727s] -- Up-to-date: /home/crashlab/robot_ws/install/ydlidar_sdk/share/YDLIDAR_SDK/doc/FAQs/Hardware_FAQs_cn.md
[1.728s] -- Up-to-date: /home/crashlab/robot_ws/install/ydlidar_sdk/share/YDLIDAR_SDK/doc/FAQs/Software_FAQs_cn.md
[1.728s] -- Up-to-date: /home/crashlab/robot_ws/install/ydlidar_sdk/share/YDLIDAR_SDK/doc/FAQs/Hardware_FAQs.md
[1.732s] -- Up-to-date: /home/crashlab/robot_ws/install/ydlidar_sdk/share/YDLIDAR_SDK/doc/FAQs/README.md
[1.733s] -- Up-to-date: /home/crashlab/robot_ws/install/ydlidar_sdk/share/YDLIDAR_SDK/doc/FAQs/General_FAQs.md
[1.734s] -- Up-to-date: /home/crashlab/robot_ws/install/ydlidar_sdk/share/YDLIDAR_SDK/doc/FAQs/Software_FAQs.md
[1.734s] -- Up-to-date: /home/crashlab/robot_ws/install/ydlidar_sdk/share/YDLIDAR_SDK/doc/FAQs/General_FAQs_cn.md
[1.735s] -- Up-to-date: /home/crashlab/robot_ws/install/ydlidar_sdk/share/YDLIDAR_SDK/doc/howto
[1.735s] -- Up-to-date: /home/crashlab/robot_ws/install/ydlidar_sdk/share/YDLIDAR_SDK/doc/howto/how_to_build_and_debug_using_vscode.md
[1.736s] -- Up-to-date: /home/crashlab/robot_ws/install/ydlidar_sdk/share/YDLIDAR_SDK/doc/howto/how_to_create_a_pull.md
[1.736s] -- Up-to-date: /home/crashlab/robot_ws/install/ydlidar_sdk/share/YDLIDAR_SDK/doc/howto/how_to_create_a_udev_rules.md
[1.737s] -- Up-to-date: /home/crashlab/robot_ws/install/ydlidar_sdk/share/YDLIDAR_SDK/doc/howto/how_to_build_and_install.md
[1.738s] -- Up-to-date: /home/crashlab/robot_ws/install/ydlidar_sdk/share/YDLIDAR_SDK/doc/howto/README.md
[1.739s] -- Up-to-date: /home/crashlab/robot_ws/install/ydlidar_sdk/share/YDLIDAR_SDK/doc/howto/images
[1.740s] -- Up-to-date: /home/crashlab/robot_ws/install/ydlidar_sdk/share/YDLIDAR_SDK/doc/howto/images/vscode
[1.742s] -- Up-to-date: /home/crashlab/robot_ws/install/ydlidar_sdk/share/YDLIDAR_SDK/doc/howto/images/vscode/tasks.png
[1.743s] -- Up-to-date: /home/crashlab/robot_ws/install/ydlidar_sdk/share/YDLIDAR_SDK/doc/howto/images/vscode/run_tasks.jpg
[1.743s] -- Up-to-date: /home/crashlab/robot_ws/install/ydlidar_sdk/share/YDLIDAR_SDK/doc/howto/images/sdk_init.png
[1.744s] -- Up-to-date: /home/crashlab/robot_ws/install/ydlidar_sdk/share/YDLIDAR_SDK/doc/howto/images/csharp_build.png
[1.746s] -- Up-to-date: /home/crashlab/robot_ws/install/ydlidar_sdk/share/YDLIDAR_SDK/doc/howto/images/ydlidar_lidar_monitor.png
[1.747s] -- Up-to-date: /home/crashlab/robot_ws/install/ydlidar_sdk/share/YDLIDAR_SDK/doc/howto/images/sequence.png
[1.748s] -- Up-to-date: /home/crashlab/robot_ws/install/ydlidar_sdk/share/YDLIDAR_SDK/doc/howto/images/csharp_project.png
[1.749s] -- Up-to-date: /home/crashlab/robot_ws/install/ydlidar_sdk/share/YDLIDAR_SDK/doc/howto/images/csharp_exception.png
[1.753s] -- Up-to-date: /home/crashlab/robot_ws/install/ydlidar_sdk/share/YDLIDAR_SDK/doc/howto/images/cpack.png
[1.754s] -- Up-to-date: /home/crashlab/robot_ws/install/ydlidar_sdk/share/YDLIDAR_SDK/doc/howto/images/csharp_running.png
[1.755s] -- Up-to-date: /home/crashlab/robot_ws/install/ydlidar_sdk/share/YDLIDAR_SDK/doc/howto/images/csharp_library.png
[1.757s] -- Up-to-date: /home/crashlab/robot_ws/install/ydlidar_sdk/share/YDLIDAR_SDK/doc/howto/images/ttyUSB1.png
[1.759s] -- Up-to-date: /home/crashlab/robot_ws/install/ydlidar_sdk/share/YDLIDAR_SDK/doc/howto/images/ttyUSB0.png
[1.760s] -- Up-to-date: /home/crashlab/robot_ws/install/ydlidar_sdk/share/YDLIDAR_SDK/doc/howto/images/sdk_scanning.png
[1.760s] -- Up-to-date: /home/crashlab/robot_ws/install/ydlidar_sdk/share/YDLIDAR_SDK/doc/howto/how_to_solve_slow_pull_from_cn.md
[1.762s] -- Up-to-date: /home/crashlab/robot_ws/install/ydlidar_sdk/share/YDLIDAR_SDK/doc/howto/how_to_gerenrate_vs_project_by_cmake.md
[1.764s] -- Up-to-date: /home/crashlab/robot_ws/install/ydlidar_sdk/share/YDLIDAR_SDK/doc/howto/how_to_create_a_csharp_project.md
[1.764s] -- Up-to-date: /home/crashlab/robot_ws/install/ydlidar_sdk/startup/initenv.sh
[1.766s] -- Up-to-date: /home/crashlab/robot_ws/install/ydlidar_sdk/bin/etlidar_test
[1.767s] -- Up-to-date: /home/crashlab/robot_ws/install/ydlidar_sdk/bin/tof_test
[1.769s] -- Up-to-date: /home/crashlab/robot_ws/install/ydlidar_sdk/bin/ydlidar_test
[1.770s] -- Up-to-date: /home/crashlab/robot_ws/install/ydlidar_sdk/bin/lidar_c_api_test
[1.773s] Invoked command in '/home/crashlab/robot_ws/build/ydlidar_sdk' returned '0': /usr/bin/cmake --install /home/crashlab/robot_ws/build/ydlidar_sdk
