[0.734s] DEBUG:colcon:Command line arguments: ['/usr/bin/colcon', 'build', '--symlink-install']
[0.735s] DEBUG:colcon:Parsed command line arguments: Namespace(log_base=None, log_level=None, verb_name='build', build_base='build', install_base='install', merge_install=False, symlink_install=True, test_result_base=None, continue_on_error=False, executor='parallel', parallel_workers=4, event_handlers=None, ignore_user_meta=False, metas=['./colcon.meta'], base_paths=['.'], packages_ignore=None, packages_ignore_regex=None, paths=None, packages_up_to=None, packages_up_to_regex=None, packages_above=None, packages_above_and_dependencies=None, packages_above_depth=None, packages_select_by_dep=None, packages_skip_by_dep=None, packages_skip_up_to=None, packages_select_build_failed=False, packages_skip_build_finished=False, packages_select_test_failures=False, packages_skip_test_passed=False, packages_select=None, packages_skip=None, packages_select_regex=None, packages_skip_regex=None, packages_start=None, packages_end=None, allow_overriding=[], cmake_args=None, cmake_target=None, cmake_target_skip_unavailable=False, cmake_clean_cache=False, cmake_clean_first=False, cmake_force_configure=False, ament_cmake_args=None, catkin_cmake_args=None, catkin_skip_building_tests=False, mixin_files=None, mixin=None, verb_parser=<colcon_mixin.mixin.mixin_argument.MixinArgumentDecorator object at 0xffffa9db63e0>, verb_extension=<colcon_core.verb.build.BuildVerb object at 0xffffa9eab370>, main=<bound method BuildVerb.main of <colcon_core.verb.build.BuildVerb object at 0xffffa9eab370>>, mixin_verb=('build',))
[1.956s] Level 1:colcon.colcon_core.package_discovery:discover_packages(colcon_meta) check parameters
[1.956s] Level 1:colcon.colcon_core.package_discovery:discover_packages(recursive) check parameters
[1.957s] Level 1:colcon.colcon_core.package_discovery:discover_packages(ignore) check parameters
[1.957s] Level 1:colcon.colcon_core.package_discovery:discover_packages(path) check parameters
[1.957s] Level 1:colcon.colcon_core.package_discovery:discover_packages(colcon_meta) discover
[1.957s] Level 1:colcon.colcon_core.package_discovery:discover_packages(recursive) discover
[1.958s] INFO:colcon.colcon_core.package_discovery:Crawling recursively for packages in '/home/crashlab/robot_ws'
[1.959s] Level 1:colcon.colcon_core.package_identification:_identify(.) by extensions ['ignore', 'ignore_ament_install']
[1.960s] Level 1:colcon.colcon_core.package_identification:_identify(.) by extension 'ignore'
[1.960s] Level 1:colcon.colcon_core.package_identification:_identify(.) by extension 'ignore_ament_install'
[1.961s] Level 1:colcon.colcon_core.package_identification:_identify(.) by extensions ['colcon_pkg']
[1.961s] Level 1:colcon.colcon_core.package_identification:_identify(.) by extension 'colcon_pkg'
[1.962s] Level 1:colcon.colcon_core.package_identification:_identify(.) by extensions ['colcon_meta']
[1.962s] Level 1:colcon.colcon_core.package_identification:_identify(.) by extension 'colcon_meta'
[1.962s] Level 1:colcon.colcon_core.package_identification:_identify(.) by extensions ['ros']
[1.962s] Level 1:colcon.colcon_core.package_identification:_identify(.) by extension 'ros'
[2.016s] Level 1:colcon.colcon_core.package_identification:_identify(.) by extensions ['cmake', 'python']
[2.016s] Level 1:colcon.colcon_core.package_identification:_identify(.) by extension 'cmake'
[2.017s] Level 1:colcon.colcon_core.package_identification:_identify(.) by extension 'python'
[2.017s] Level 1:colcon.colcon_core.package_identification:_identify(.) by extensions ['python_setup_py']
[2.017s] Level 1:colcon.colcon_core.package_identification:_identify(.) by extension 'python_setup_py'
[2.018s] Level 1:colcon.colcon_core.package_identification:_identify(build) by extensions ['ignore', 'ignore_ament_install']
[2.019s] Level 1:colcon.colcon_core.package_identification:_identify(build) by extension 'ignore'
[2.020s] Level 1:colcon.colcon_core.package_identification:_identify(build) ignored
[2.021s] Level 1:colcon.colcon_core.package_identification:_identify(install) by extensions ['ignore', 'ignore_ament_install']
[2.021s] Level 1:colcon.colcon_core.package_identification:_identify(install) by extension 'ignore'
[2.022s] Level 1:colcon.colcon_core.package_identification:_identify(install) ignored
[2.023s] Level 1:colcon.colcon_core.package_identification:_identify(log) by extensions ['ignore', 'ignore_ament_install']
[2.023s] Level 1:colcon.colcon_core.package_identification:_identify(log) by extension 'ignore'
[2.024s] Level 1:colcon.colcon_core.package_identification:_identify(log) ignored
[2.025s] Level 1:colcon.colcon_core.package_identification:_identify(src) by extensions ['ignore', 'ignore_ament_install']
[2.025s] Level 1:colcon.colcon_core.package_identification:_identify(src) by extension 'ignore'
[2.026s] Level 1:colcon.colcon_core.package_identification:_identify(src) by extension 'ignore_ament_install'
[2.026s] Level 1:colcon.colcon_core.package_identification:_identify(src) by extensions ['colcon_pkg']
[2.026s] Level 1:colcon.colcon_core.package_identification:_identify(src) by extension 'colcon_pkg'
[2.027s] Level 1:colcon.colcon_core.package_identification:_identify(src) by extensions ['colcon_meta']
[2.027s] Level 1:colcon.colcon_core.package_identification:_identify(src) by extension 'colcon_meta'
[2.027s] Level 1:colcon.colcon_core.package_identification:_identify(src) by extensions ['ros']
[2.028s] Level 1:colcon.colcon_core.package_identification:_identify(src) by extension 'ros'
[2.028s] Level 1:colcon.colcon_core.package_identification:_identify(src) by extensions ['cmake', 'python']
[2.028s] Level 1:colcon.colcon_core.package_identification:_identify(src) by extension 'cmake'
[2.029s] Level 1:colcon.colcon_core.package_identification:_identify(src) by extension 'python'
[2.029s] Level 1:colcon.colcon_core.package_identification:_identify(src) by extensions ['python_setup_py']
[2.029s] Level 1:colcon.colcon_core.package_identification:_identify(src) by extension 'python_setup_py'
[2.030s] Level 1:colcon.colcon_core.package_identification:_identify(src/YDLidar-SDK) by extensions ['ignore', 'ignore_ament_install']
[2.031s] Level 1:colcon.colcon_core.package_identification:_identify(src/YDLidar-SDK) by extension 'ignore'
[2.031s] Level 1:colcon.colcon_core.package_identification:_identify(src/YDLidar-SDK) by extension 'ignore_ament_install'
[2.032s] Level 1:colcon.colcon_core.package_identification:_identify(src/YDLidar-SDK) by extensions ['colcon_pkg']
[2.032s] Level 1:colcon.colcon_core.package_identification:_identify(src/YDLidar-SDK) by extension 'colcon_pkg'
[2.033s] Level 1:colcon.colcon_core.package_identification:_identify(src/YDLidar-SDK) by extensions ['colcon_meta']
[2.033s] Level 1:colcon.colcon_core.package_identification:_identify(src/YDLidar-SDK) by extension 'colcon_meta'
[2.033s] Level 1:colcon.colcon_core.package_identification:_identify(src/YDLidar-SDK) by extensions ['ros']
[2.034s] Level 1:colcon.colcon_core.package_identification:_identify(src/YDLidar-SDK) by extension 'ros'
[2.034s] Level 1:colcon.colcon_core.package_identification:_identify(src/YDLidar-SDK) by extensions ['cmake', 'python']
[2.035s] Level 1:colcon.colcon_core.package_identification:_identify(src/YDLidar-SDK) by extension 'cmake'
[2.130s] Level 1:colcon.colcon_core.package_identification:_identify(src/YDLidar-SDK) by extension 'python'
[2.130s] DEBUG:colcon.colcon_core.package_identification:Package 'src/YDLidar-SDK' with type 'cmake' and name 'ydlidar_sdk'
[2.131s] Level 1:colcon.colcon_core.package_identification:_identify(src/coordination) by extensions ['ignore', 'ignore_ament_install']
[2.132s] Level 1:colcon.colcon_core.package_identification:_identify(src/coordination) by extension 'ignore'
[2.133s] Level 1:colcon.colcon_core.package_identification:_identify(src/coordination) by extension 'ignore_ament_install'
[2.133s] Level 1:colcon.colcon_core.package_identification:_identify(src/coordination) by extensions ['colcon_pkg']
[2.134s] Level 1:colcon.colcon_core.package_identification:_identify(src/coordination) by extension 'colcon_pkg'
[2.134s] Level 1:colcon.colcon_core.package_identification:_identify(src/coordination) by extensions ['colcon_meta']
[2.135s] Level 1:colcon.colcon_core.package_identification:_identify(src/coordination) by extension 'colcon_meta'
[2.135s] Level 1:colcon.colcon_core.package_identification:_identify(src/coordination) by extensions ['ros']
[2.136s] Level 1:colcon.colcon_core.package_identification:_identify(src/coordination) by extension 'ros'
[2.147s] DEBUG:colcon.colcon_core.package_identification:Package 'src/coordination' with type 'ros.ament_python' and name 'coordination'
[2.148s] Level 1:colcon.colcon_core.package_identification:_identify(src/crash_nav2) by extensions ['ignore', 'ignore_ament_install']
[2.149s] Level 1:colcon.colcon_core.package_identification:_identify(src/crash_nav2) by extension 'ignore'
[2.149s] Level 1:colcon.colcon_core.package_identification:_identify(src/crash_nav2) by extension 'ignore_ament_install'
[2.150s] Level 1:colcon.colcon_core.package_identification:_identify(src/crash_nav2) by extensions ['colcon_pkg']
[2.151s] Level 1:colcon.colcon_core.package_identification:_identify(src/crash_nav2) by extension 'colcon_pkg'
[2.151s] Level 1:colcon.colcon_core.package_identification:_identify(src/crash_nav2) by extensions ['colcon_meta']
[2.151s] Level 1:colcon.colcon_core.package_identification:_identify(src/crash_nav2) by extension 'colcon_meta'
[2.152s] Level 1:colcon.colcon_core.package_identification:_identify(src/crash_nav2) by extensions ['ros']
[2.152s] Level 1:colcon.colcon_core.package_identification:_identify(src/crash_nav2) by extension 'ros'
[2.158s] DEBUG:colcon.colcon_core.package_identification:Package 'src/crash_nav2' with type 'ros.ament_cmake' and name 'crash_nav2'
[2.159s] Level 1:colcon.colcon_core.package_identification:_identify(src/json_data) by extensions ['ignore', 'ignore_ament_install']
[2.160s] Level 1:colcon.colcon_core.package_identification:_identify(src/json_data) by extension 'ignore'
[2.160s] Level 1:colcon.colcon_core.package_identification:_identify(src/json_data) by extension 'ignore_ament_install'
[2.161s] Level 1:colcon.colcon_core.package_identification:_identify(src/json_data) by extensions ['colcon_pkg']
[2.161s] Level 1:colcon.colcon_core.package_identification:_identify(src/json_data) by extension 'colcon_pkg'
[2.162s] Level 1:colcon.colcon_core.package_identification:_identify(src/json_data) by extensions ['colcon_meta']
[2.162s] Level 1:colcon.colcon_core.package_identification:_identify(src/json_data) by extension 'colcon_meta'
[2.163s] Level 1:colcon.colcon_core.package_identification:_identify(src/json_data) by extensions ['ros']
[2.163s] Level 1:colcon.colcon_core.package_identification:_identify(src/json_data) by extension 'ros'
[2.166s] DEBUG:colcon.colcon_core.package_identification:Package 'src/json_data' with type 'ros.ament_python' and name 'json_data'
[2.167s] Level 1:colcon.colcon_core.package_identification:_identify(src/nav_motor_pkg) by extensions ['ignore', 'ignore_ament_install']
[2.168s] Level 1:colcon.colcon_core.package_identification:_identify(src/nav_motor_pkg) by extension 'ignore'
[2.168s] Level 1:colcon.colcon_core.package_identification:_identify(src/nav_motor_pkg) by extension 'ignore_ament_install'
[2.169s] Level 1:colcon.colcon_core.package_identification:_identify(src/nav_motor_pkg) by extensions ['colcon_pkg']
[2.169s] Level 1:colcon.colcon_core.package_identification:_identify(src/nav_motor_pkg) by extension 'colcon_pkg'
[2.170s] Level 1:colcon.colcon_core.package_identification:_identify(src/nav_motor_pkg) by extensions ['colcon_meta']
[2.170s] Level 1:colcon.colcon_core.package_identification:_identify(src/nav_motor_pkg) by extension 'colcon_meta'
[2.170s] Level 1:colcon.colcon_core.package_identification:_identify(src/nav_motor_pkg) by extensions ['ros']
[2.171s] Level 1:colcon.colcon_core.package_identification:_identify(src/nav_motor_pkg) by extension 'ros'
[2.177s] DEBUG:colcon.colcon_core.package_identification:Package 'src/nav_motor_pkg' with type 'ros.ament_cmake' and name 'nav_motor_pkg'
[2.178s] Level 1:colcon.colcon_core.package_identification:_identify(src/other_motor_pkg) by extensions ['ignore', 'ignore_ament_install']
[2.179s] Level 1:colcon.colcon_core.package_identification:_identify(src/other_motor_pkg) by extension 'ignore'
[2.179s] Level 1:colcon.colcon_core.package_identification:_identify(src/other_motor_pkg) by extension 'ignore_ament_install'
[2.180s] Level 1:colcon.colcon_core.package_identification:_identify(src/other_motor_pkg) by extensions ['colcon_pkg']
[2.181s] Level 1:colcon.colcon_core.package_identification:_identify(src/other_motor_pkg) by extension 'colcon_pkg'
[2.181s] Level 1:colcon.colcon_core.package_identification:_identify(src/other_motor_pkg) by extensions ['colcon_meta']
[2.181s] Level 1:colcon.colcon_core.package_identification:_identify(src/other_motor_pkg) by extension 'colcon_meta'
[2.182s] Level 1:colcon.colcon_core.package_identification:_identify(src/other_motor_pkg) by extensions ['ros']
[2.182s] Level 1:colcon.colcon_core.package_identification:_identify(src/other_motor_pkg) by extension 'ros'
[2.186s] DEBUG:colcon.colcon_core.package_identification:Package 'src/other_motor_pkg' with type 'ros.ament_cmake' and name 'other_motor_pkg'
[2.187s] Level 1:colcon.colcon_core.package_identification:_identify(src/tutorial_ros2_motor) by extensions ['ignore', 'ignore_ament_install']
[2.187s] Level 1:colcon.colcon_core.package_identification:_identify(src/tutorial_ros2_motor) by extension 'ignore'
[2.188s] Level 1:colcon.colcon_core.package_identification:_identify(src/tutorial_ros2_motor) by extension 'ignore_ament_install'
[2.188s] Level 1:colcon.colcon_core.package_identification:_identify(src/tutorial_ros2_motor) by extensions ['colcon_pkg']
[2.189s] Level 1:colcon.colcon_core.package_identification:_identify(src/tutorial_ros2_motor) by extension 'colcon_pkg'
[2.189s] Level 1:colcon.colcon_core.package_identification:_identify(src/tutorial_ros2_motor) by extensions ['colcon_meta']
[2.190s] Level 1:colcon.colcon_core.package_identification:_identify(src/tutorial_ros2_motor) by extension 'colcon_meta'
[2.190s] Level 1:colcon.colcon_core.package_identification:_identify(src/tutorial_ros2_motor) by extensions ['ros']
[2.190s] Level 1:colcon.colcon_core.package_identification:_identify(src/tutorial_ros2_motor) by extension 'ros'
[2.194s] DEBUG:colcon.colcon_core.package_identification:Package 'src/tutorial_ros2_motor' with type 'ros.ament_cmake' and name 'tutorial_ros2_motor'
[2.196s] Level 1:colcon.colcon_core.package_identification:_identify(src/untitled_description) by extensions ['ignore', 'ignore_ament_install']
[2.196s] Level 1:colcon.colcon_core.package_identification:_identify(src/untitled_description) by extension 'ignore'
[2.197s] Level 1:colcon.colcon_core.package_identification:_identify(src/untitled_description) by extension 'ignore_ament_install'
[2.197s] Level 1:colcon.colcon_core.package_identification:_identify(src/untitled_description) by extensions ['colcon_pkg']
[2.198s] Level 1:colcon.colcon_core.package_identification:_identify(src/untitled_description) by extension 'colcon_pkg'
[2.198s] Level 1:colcon.colcon_core.package_identification:_identify(src/untitled_description) by extensions ['colcon_meta']
[2.199s] Level 1:colcon.colcon_core.package_identification:_identify(src/untitled_description) by extension 'colcon_meta'
[2.199s] Level 1:colcon.colcon_core.package_identification:_identify(src/untitled_description) by extensions ['ros']
[2.199s] Level 1:colcon.colcon_core.package_identification:_identify(src/untitled_description) by extension 'ros'
[2.205s] DEBUG:colcon.colcon_core.package_identification:Package 'src/untitled_description' with type 'ros.ament_cmake' and name 'untitled_description'
[2.206s] Level 1:colcon.colcon_core.package_identification:_identify(src/ydlidar_ros2_driver_bs) by extensions ['ignore', 'ignore_ament_install']
[2.207s] Level 1:colcon.colcon_core.package_identification:_identify(src/ydlidar_ros2_driver_bs) by extension 'ignore'
[2.207s] Level 1:colcon.colcon_core.package_identification:_identify(src/ydlidar_ros2_driver_bs) by extension 'ignore_ament_install'
[2.208s] Level 1:colcon.colcon_core.package_identification:_identify(src/ydlidar_ros2_driver_bs) by extensions ['colcon_pkg']
[2.208s] Level 1:colcon.colcon_core.package_identification:_identify(src/ydlidar_ros2_driver_bs) by extension 'colcon_pkg'
[2.209s] Level 1:colcon.colcon_core.package_identification:_identify(src/ydlidar_ros2_driver_bs) by extensions ['colcon_meta']
[2.209s] Level 1:colcon.colcon_core.package_identification:_identify(src/ydlidar_ros2_driver_bs) by extension 'colcon_meta'
[2.210s] Level 1:colcon.colcon_core.package_identification:_identify(src/ydlidar_ros2_driver_bs) by extensions ['ros']
[2.210s] Level 1:colcon.colcon_core.package_identification:_identify(src/ydlidar_ros2_driver_bs) by extension 'ros'
[2.213s] DEBUG:colcon.colcon_core.package_identification:Package 'src/ydlidar_ros2_driver_bs' with type 'ros.ament_cmake' and name 'ydlidar_ros2_driver'
[2.214s] Level 1:colcon.colcon_core.package_discovery:discover_packages(recursive) using defaults
[2.214s] Level 1:colcon.colcon_core.package_discovery:discover_packages(ignore) discover
[2.215s] Level 1:colcon.colcon_core.package_discovery:discover_packages(ignore) using defaults
[2.215s] Level 1:colcon.colcon_core.package_discovery:discover_packages(path) discover
[2.215s] Level 1:colcon.colcon_core.package_discovery:discover_packages(path) using defaults
[2.387s] Level 1:colcon.colcon_core.package_discovery:discover_packages(prefix_path) check parameters
[2.388s] Level 1:colcon.colcon_core.package_discovery:discover_packages(prefix_path) discover
[2.407s] DEBUG:colcon.colcon_installed_package_information.package_discovery:Found 10 installed packages in /home/crashlab/robot_ws/install
[2.420s] DEBUG:colcon.colcon_installed_package_information.package_discovery:Found 323 installed packages in /opt/ros/humble
[2.430s] Level 1:colcon.colcon_core.package_discovery:discover_packages(prefix_path) using defaults
[2.833s] Level 5:colcon.colcon_core.verb:set package 'coordination' build argument 'cmake_args' from command line to 'None'
[2.833s] Level 5:colcon.colcon_core.verb:set package 'coordination' build argument 'cmake_target' from command line to 'None'
[2.833s] Level 5:colcon.colcon_core.verb:set package 'coordination' build argument 'cmake_target_skip_unavailable' from command line to 'False'
[2.833s] Level 5:colcon.colcon_core.verb:set package 'coordination' build argument 'cmake_clean_cache' from command line to 'False'
[2.834s] Level 5:colcon.colcon_core.verb:set package 'coordination' build argument 'cmake_clean_first' from command line to 'False'
[2.834s] Level 5:colcon.colcon_core.verb:set package 'coordination' build argument 'cmake_force_configure' from command line to 'False'
[2.834s] Level 5:colcon.colcon_core.verb:set package 'coordination' build argument 'ament_cmake_args' from command line to 'None'
[2.834s] Level 5:colcon.colcon_core.verb:set package 'coordination' build argument 'catkin_cmake_args' from command line to 'None'
[2.834s] Level 5:colcon.colcon_core.verb:set package 'coordination' build argument 'catkin_skip_building_tests' from command line to 'False'
[2.835s] DEBUG:colcon.colcon_core.verb:Building package 'coordination' with the following arguments: {'ament_cmake_args': None, 'build_base': '/home/crashlab/robot_ws/build/coordination', 'catkin_cmake_args': None, 'catkin_skip_building_tests': False, 'cmake_args': None, 'cmake_clean_cache': False, 'cmake_clean_first': False, 'cmake_force_configure': False, 'cmake_target': None, 'cmake_target_skip_unavailable': False, 'install_base': '/home/crashlab/robot_ws/install/coordination', 'merge_install': False, 'path': '/home/crashlab/robot_ws/src/coordination', 'symlink_install': True, 'test_result_base': None}
[2.836s] Level 5:colcon.colcon_core.verb:set package 'crash_nav2' build argument 'cmake_args' from command line to 'None'
[2.837s] Level 5:colcon.colcon_core.verb:set package 'crash_nav2' build argument 'cmake_target' from command line to 'None'
[2.837s] Level 5:colcon.colcon_core.verb:set package 'crash_nav2' build argument 'cmake_target_skip_unavailable' from command line to 'False'
[2.837s] Level 5:colcon.colcon_core.verb:set package 'crash_nav2' build argument 'cmake_clean_cache' from command line to 'False'
[2.837s] Level 5:colcon.colcon_core.verb:set package 'crash_nav2' build argument 'cmake_clean_first' from command line to 'False'
[2.838s] Level 5:colcon.colcon_core.verb:set package 'crash_nav2' build argument 'cmake_force_configure' from command line to 'False'
[2.838s] Level 5:colcon.colcon_core.verb:set package 'crash_nav2' build argument 'ament_cmake_args' from command line to 'None'
[2.838s] Level 5:colcon.colcon_core.verb:set package 'crash_nav2' build argument 'catkin_cmake_args' from command line to 'None'
[2.838s] Level 5:colcon.colcon_core.verb:set package 'crash_nav2' build argument 'catkin_skip_building_tests' from command line to 'False'
[2.838s] DEBUG:colcon.colcon_core.verb:Building package 'crash_nav2' with the following arguments: {'ament_cmake_args': None, 'build_base': '/home/crashlab/robot_ws/build/crash_nav2', 'catkin_cmake_args': None, 'catkin_skip_building_tests': False, 'cmake_args': None, 'cmake_clean_cache': False, 'cmake_clean_first': False, 'cmake_force_configure': False, 'cmake_target': None, 'cmake_target_skip_unavailable': False, 'install_base': '/home/crashlab/robot_ws/install/crash_nav2', 'merge_install': False, 'path': '/home/crashlab/robot_ws/src/crash_nav2', 'symlink_install': True, 'test_result_base': None}
[2.840s] Level 5:colcon.colcon_core.verb:set package 'json_data' build argument 'cmake_args' from command line to 'None'
[2.841s] Level 5:colcon.colcon_core.verb:set package 'json_data' build argument 'cmake_target' from command line to 'None'
[2.841s] Level 5:colcon.colcon_core.verb:set package 'json_data' build argument 'cmake_target_skip_unavailable' from command line to 'False'
[2.841s] Level 5:colcon.colcon_core.verb:set package 'json_data' build argument 'cmake_clean_cache' from command line to 'False'
[2.842s] Level 5:colcon.colcon_core.verb:set package 'json_data' build argument 'cmake_clean_first' from command line to 'False'
[2.842s] Level 5:colcon.colcon_core.verb:set package 'json_data' build argument 'cmake_force_configure' from command line to 'False'
[2.842s] Level 5:colcon.colcon_core.verb:set package 'json_data' build argument 'ament_cmake_args' from command line to 'None'
[2.842s] Level 5:colcon.colcon_core.verb:set package 'json_data' build argument 'catkin_cmake_args' from command line to 'None'
[2.843s] Level 5:colcon.colcon_core.verb:set package 'json_data' build argument 'catkin_skip_building_tests' from command line to 'False'
[2.843s] DEBUG:colcon.colcon_core.verb:Building package 'json_data' with the following arguments: {'ament_cmake_args': None, 'build_base': '/home/crashlab/robot_ws/build/json_data', 'catkin_cmake_args': None, 'catkin_skip_building_tests': False, 'cmake_args': None, 'cmake_clean_cache': False, 'cmake_clean_first': False, 'cmake_force_configure': False, 'cmake_target': None, 'cmake_target_skip_unavailable': False, 'install_base': '/home/crashlab/robot_ws/install/json_data', 'merge_install': False, 'path': '/home/crashlab/robot_ws/src/json_data', 'symlink_install': True, 'test_result_base': None}
[2.845s] Level 5:colcon.colcon_core.verb:set package 'nav_motor_pkg' build argument 'cmake_args' from command line to 'None'
[2.845s] Level 5:colcon.colcon_core.verb:set package 'nav_motor_pkg' build argument 'cmake_target' from command line to 'None'
[2.846s] Level 5:colcon.colcon_core.verb:set package 'nav_motor_pkg' build argument 'cmake_target_skip_unavailable' from command line to 'False'
[2.846s] Level 5:colcon.colcon_core.verb:set package 'nav_motor_pkg' build argument 'cmake_clean_cache' from command line to 'False'
[2.846s] Level 5:colcon.colcon_core.verb:set package 'nav_motor_pkg' build argument 'cmake_clean_first' from command line to 'False'
[2.846s] Level 5:colcon.colcon_core.verb:set package 'nav_motor_pkg' build argument 'cmake_force_configure' from command line to 'False'
[2.846s] Level 5:colcon.colcon_core.verb:set package 'nav_motor_pkg' build argument 'ament_cmake_args' from command line to 'None'
[2.846s] Level 5:colcon.colcon_core.verb:set package 'nav_motor_pkg' build argument 'catkin_cmake_args' from command line to 'None'
[2.847s] Level 5:colcon.colcon_core.verb:set package 'nav_motor_pkg' build argument 'catkin_skip_building_tests' from command line to 'False'
[2.847s] DEBUG:colcon.colcon_core.verb:Building package 'nav_motor_pkg' with the following arguments: {'ament_cmake_args': None, 'build_base': '/home/crashlab/robot_ws/build/nav_motor_pkg', 'catkin_cmake_args': None, 'catkin_skip_building_tests': False, 'cmake_args': None, 'cmake_clean_cache': False, 'cmake_clean_first': False, 'cmake_force_configure': False, 'cmake_target': None, 'cmake_target_skip_unavailable': False, 'install_base': '/home/crashlab/robot_ws/install/nav_motor_pkg', 'merge_install': False, 'path': '/home/crashlab/robot_ws/src/nav_motor_pkg', 'symlink_install': True, 'test_result_base': None}
[2.849s] Level 5:colcon.colcon_core.verb:set package 'other_motor_pkg' build argument 'cmake_args' from command line to 'None'
[2.849s] Level 5:colcon.colcon_core.verb:set package 'other_motor_pkg' build argument 'cmake_target' from command line to 'None'
[2.849s] Level 5:colcon.colcon_core.verb:set package 'other_motor_pkg' build argument 'cmake_target_skip_unavailable' from command line to 'False'
[2.849s] Level 5:colcon.colcon_core.verb:set package 'other_motor_pkg' build argument 'cmake_clean_cache' from command line to 'False'
[2.850s] Level 5:colcon.colcon_core.verb:set package 'other_motor_pkg' build argument 'cmake_clean_first' from command line to 'False'
[2.850s] Level 5:colcon.colcon_core.verb:set package 'other_motor_pkg' build argument 'cmake_force_configure' from command line to 'False'
[2.850s] Level 5:colcon.colcon_core.verb:set package 'other_motor_pkg' build argument 'ament_cmake_args' from command line to 'None'
[2.850s] Level 5:colcon.colcon_core.verb:set package 'other_motor_pkg' build argument 'catkin_cmake_args' from command line to 'None'
[2.850s] Level 5:colcon.colcon_core.verb:set package 'other_motor_pkg' build argument 'catkin_skip_building_tests' from command line to 'False'
[2.851s] DEBUG:colcon.colcon_core.verb:Building package 'other_motor_pkg' with the following arguments: {'ament_cmake_args': None, 'build_base': '/home/crashlab/robot_ws/build/other_motor_pkg', 'catkin_cmake_args': None, 'catkin_skip_building_tests': False, 'cmake_args': None, 'cmake_clean_cache': False, 'cmake_clean_first': False, 'cmake_force_configure': False, 'cmake_target': None, 'cmake_target_skip_unavailable': False, 'install_base': '/home/crashlab/robot_ws/install/other_motor_pkg', 'merge_install': False, 'path': '/home/crashlab/robot_ws/src/other_motor_pkg', 'symlink_install': True, 'test_result_base': None}
[2.852s] Level 5:colcon.colcon_core.verb:set package 'tutorial_ros2_motor' build argument 'cmake_args' from command line to 'None'
[2.853s] Level 5:colcon.colcon_core.verb:set package 'tutorial_ros2_motor' build argument 'cmake_target' from command line to 'None'
[2.853s] Level 5:colcon.colcon_core.verb:set package 'tutorial_ros2_motor' build argument 'cmake_target_skip_unavailable' from command line to 'False'
[2.853s] Level 5:colcon.colcon_core.verb:set package 'tutorial_ros2_motor' build argument 'cmake_clean_cache' from command line to 'False'
[2.853s] Level 5:colcon.colcon_core.verb:set package 'tutorial_ros2_motor' build argument 'cmake_clean_first' from command line to 'False'
[2.853s] Level 5:colcon.colcon_core.verb:set package 'tutorial_ros2_motor' build argument 'cmake_force_configure' from command line to 'False'
[2.854s] Level 5:colcon.colcon_core.verb:set package 'tutorial_ros2_motor' build argument 'ament_cmake_args' from command line to 'None'
[2.854s] Level 5:colcon.colcon_core.verb:set package 'tutorial_ros2_motor' build argument 'catkin_cmake_args' from command line to 'None'
[2.854s] Level 5:colcon.colcon_core.verb:set package 'tutorial_ros2_motor' build argument 'catkin_skip_building_tests' from command line to 'False'
[2.854s] DEBUG:colcon.colcon_core.verb:Building package 'tutorial_ros2_motor' with the following arguments: {'ament_cmake_args': None, 'build_base': '/home/crashlab/robot_ws/build/tutorial_ros2_motor', 'catkin_cmake_args': None, 'catkin_skip_building_tests': False, 'cmake_args': None, 'cmake_clean_cache': False, 'cmake_clean_first': False, 'cmake_force_configure': False, 'cmake_target': None, 'cmake_target_skip_unavailable': False, 'install_base': '/home/crashlab/robot_ws/install/tutorial_ros2_motor', 'merge_install': False, 'path': '/home/crashlab/robot_ws/src/tutorial_ros2_motor', 'symlink_install': True, 'test_result_base': None}
[2.856s] Level 5:colcon.colcon_core.verb:set package 'untitled_description' build argument 'cmake_args' from command line to 'None'
[2.856s] Level 5:colcon.colcon_core.verb:set package 'untitled_description' build argument 'cmake_target' from command line to 'None'
[2.857s] Level 5:colcon.colcon_core.verb:set package 'untitled_description' build argument 'cmake_target_skip_unavailable' from command line to 'False'
[2.857s] Level 5:colcon.colcon_core.verb:set package 'untitled_description' build argument 'cmake_clean_cache' from command line to 'False'
[2.857s] Level 5:colcon.colcon_core.verb:set package 'untitled_description' build argument 'cmake_clean_first' from command line to 'False'
[2.857s] Level 5:colcon.colcon_core.verb:set package 'untitled_description' build argument 'cmake_force_configure' from command line to 'False'
[2.857s] Level 5:colcon.colcon_core.verb:set package 'untitled_description' build argument 'ament_cmake_args' from command line to 'None'
[2.857s] Level 5:colcon.colcon_core.verb:set package 'untitled_description' build argument 'catkin_cmake_args' from command line to 'None'
[2.858s] Level 5:colcon.colcon_core.verb:set package 'untitled_description' build argument 'catkin_skip_building_tests' from command line to 'False'
[2.858s] DEBUG:colcon.colcon_core.verb:Building package 'untitled_description' with the following arguments: {'ament_cmake_args': None, 'build_base': '/home/crashlab/robot_ws/build/untitled_description', 'catkin_cmake_args': None, 'catkin_skip_building_tests': False, 'cmake_args': None, 'cmake_clean_cache': False, 'cmake_clean_first': False, 'cmake_force_configure': False, 'cmake_target': None, 'cmake_target_skip_unavailable': False, 'install_base': '/home/crashlab/robot_ws/install/untitled_description', 'merge_install': False, 'path': '/home/crashlab/robot_ws/src/untitled_description', 'symlink_install': True, 'test_result_base': None}
[2.860s] Level 5:colcon.colcon_core.verb:set package 'ydlidar_ros2_driver' build argument 'cmake_args' from command line to 'None'
[2.860s] Level 5:colcon.colcon_core.verb:set package 'ydlidar_ros2_driver' build argument 'cmake_target' from command line to 'None'
[2.860s] Level 5:colcon.colcon_core.verb:set package 'ydlidar_ros2_driver' build argument 'cmake_target_skip_unavailable' from command line to 'False'
[2.860s] Level 5:colcon.colcon_core.verb:set package 'ydlidar_ros2_driver' build argument 'cmake_clean_cache' from command line to 'False'
[2.860s] Level 5:colcon.colcon_core.verb:set package 'ydlidar_ros2_driver' build argument 'cmake_clean_first' from command line to 'False'
[2.861s] Level 5:colcon.colcon_core.verb:set package 'ydlidar_ros2_driver' build argument 'cmake_force_configure' from command line to 'False'
[2.861s] Level 5:colcon.colcon_core.verb:set package 'ydlidar_ros2_driver' build argument 'ament_cmake_args' from command line to 'None'
[2.861s] Level 5:colcon.colcon_core.verb:set package 'ydlidar_ros2_driver' build argument 'catkin_cmake_args' from command line to 'None'
[2.861s] Level 5:colcon.colcon_core.verb:set package 'ydlidar_ros2_driver' build argument 'catkin_skip_building_tests' from command line to 'False'
[2.861s] DEBUG:colcon.colcon_core.verb:Building package 'ydlidar_ros2_driver' with the following arguments: {'ament_cmake_args': None, 'build_base': '/home/crashlab/robot_ws/build/ydlidar_ros2_driver', 'catkin_cmake_args': None, 'catkin_skip_building_tests': False, 'cmake_args': None, 'cmake_clean_cache': False, 'cmake_clean_first': False, 'cmake_force_configure': False, 'cmake_target': None, 'cmake_target_skip_unavailable': False, 'install_base': '/home/crashlab/robot_ws/install/ydlidar_ros2_driver', 'merge_install': False, 'path': '/home/crashlab/robot_ws/src/ydlidar_ros2_driver_bs', 'symlink_install': True, 'test_result_base': None}
[2.863s] Level 5:colcon.colcon_core.verb:set package 'ydlidar_sdk' build argument 'cmake_args' from command line to 'None'
[2.864s] Level 5:colcon.colcon_core.verb:set package 'ydlidar_sdk' build argument 'cmake_target' from command line to 'None'
[2.864s] Level 5:colcon.colcon_core.verb:set package 'ydlidar_sdk' build argument 'cmake_target_skip_unavailable' from command line to 'False'
[2.864s] Level 5:colcon.colcon_core.verb:set package 'ydlidar_sdk' build argument 'cmake_clean_cache' from command line to 'False'
[2.864s] Level 5:colcon.colcon_core.verb:set package 'ydlidar_sdk' build argument 'cmake_clean_first' from command line to 'False'
[2.864s] Level 5:colcon.colcon_core.verb:set package 'ydlidar_sdk' build argument 'cmake_force_configure' from command line to 'False'
[2.864s] Level 5:colcon.colcon_core.verb:set package 'ydlidar_sdk' build argument 'ament_cmake_args' from command line to 'None'
[2.865s] Level 5:colcon.colcon_core.verb:set package 'ydlidar_sdk' build argument 'catkin_cmake_args' from command line to 'None'
[2.865s] Level 5:colcon.colcon_core.verb:set package 'ydlidar_sdk' build argument 'catkin_skip_building_tests' from command line to 'False'
[2.865s] DEBUG:colcon.colcon_core.verb:Building package 'ydlidar_sdk' with the following arguments: {'ament_cmake_args': None, 'build_base': '/home/crashlab/robot_ws/build/ydlidar_sdk', 'catkin_cmake_args': None, 'catkin_skip_building_tests': False, 'cmake_args': None, 'cmake_clean_cache': False, 'cmake_clean_first': False, 'cmake_force_configure': False, 'cmake_target': None, 'cmake_target_skip_unavailable': False, 'install_base': '/home/crashlab/robot_ws/install/ydlidar_sdk', 'merge_install': False, 'path': '/home/crashlab/robot_ws/src/YDLidar-SDK', 'symlink_install': True, 'test_result_base': None}
[2.866s] INFO:colcon.colcon_core.executor:Executing jobs using 'parallel' executor
[2.870s] DEBUG:colcon.colcon_parallel_executor.executor.parallel:run_until_complete
[2.872s] INFO:colcon.colcon_ros.task.ament_python.build:Building ROS package in '/home/crashlab/robot_ws/src/coordination' with build type 'ament_python'
[2.873s] Level 1:colcon.colcon_core.shell:create_environment_hook('coordination', 'ament_prefix_path')
[2.888s] INFO:colcon.colcon_core.plugin_system:Skipping extension 'colcon_core.shell.bat': Not used on non-Windows systems
[2.889s] INFO:colcon.colcon_core.shell:Creating environment hook '/home/crashlab/robot_ws/install/coordination/share/coordination/hook/ament_prefix_path.ps1'
[2.892s] INFO:colcon.colcon_core.shell:Creating environment descriptor '/home/crashlab/robot_ws/install/coordination/share/coordination/hook/ament_prefix_path.dsv'
[2.895s] INFO:colcon.colcon_core.shell:Creating environment hook '/home/crashlab/robot_ws/install/coordination/share/coordination/hook/ament_prefix_path.sh'
[2.900s] INFO:colcon.colcon_core.shell:Skip shell extension 'powershell' for command environment: Not usable outside of PowerShell
[2.900s] DEBUG:colcon.colcon_core.shell:Skip shell extension 'dsv' for command environment
[2.927s] INFO:colcon.colcon_ros.task.ament_cmake.build:Building ROS package in '/home/crashlab/robot_ws/src/crash_nav2' with build type 'ament_cmake'
[2.928s] INFO:colcon.colcon_cmake.task.cmake.build:Building CMake package in '/home/crashlab/robot_ws/src/crash_nav2'
[2.929s] INFO:colcon.colcon_core.shell:Skip shell extension 'powershell' for command environment: Not usable outside of PowerShell
[2.930s] DEBUG:colcon.colcon_core.shell:Skip shell extension 'dsv' for command environment
[2.957s] INFO:colcon.colcon_ros.task.ament_python.build:Building ROS package in '/home/crashlab/robot_ws/src/json_data' with build type 'ament_python'
[2.958s] Level 1:colcon.colcon_core.shell:create_environment_hook('json_data', 'ament_prefix_path')
[2.960s] INFO:colcon.colcon_core.shell:Creating environment hook '/home/crashlab/robot_ws/install/json_data/share/json_data/hook/ament_prefix_path.ps1'
[2.964s] INFO:colcon.colcon_core.shell:Creating environment descriptor '/home/crashlab/robot_ws/install/json_data/share/json_data/hook/ament_prefix_path.dsv'
[2.968s] INFO:colcon.colcon_core.shell:Creating environment hook '/home/crashlab/robot_ws/install/json_data/share/json_data/hook/ament_prefix_path.sh'
[2.973s] INFO:colcon.colcon_core.shell:Skip shell extension 'powershell' for command environment: Not usable outside of PowerShell
[2.973s] DEBUG:colcon.colcon_core.shell:Skip shell extension 'dsv' for command environment
[2.998s] INFO:colcon.colcon_ros.task.ament_cmake.build:Building ROS package in '/home/crashlab/robot_ws/src/nav_motor_pkg' with build type 'ament_cmake'
[2.999s] INFO:colcon.colcon_cmake.task.cmake.build:Building CMake package in '/home/crashlab/robot_ws/src/nav_motor_pkg'
[3.001s] INFO:colcon.colcon_core.shell:Skip shell extension 'powershell' for command environment: Not usable outside of PowerShell
[3.002s] DEBUG:colcon.colcon_core.shell:Skip shell extension 'dsv' for command environment
[4.518s] INFO:colcon.colcon_core.task.python.build:Building Python package in '/home/crashlab/robot_ws/src/coordination'
[4.519s] INFO:colcon.colcon_core.shell:Skip shell extension 'powershell' for command environment: Not usable outside of PowerShell
[4.520s] DEBUG:colcon.colcon_core.shell:Skip shell extension 'dsv' for command environment
[4.570s] DEBUG:colcon.colcon_core.event_handler.log_command:Invoking command in '/home/crashlab/robot_ws/build/crash_nav2': CMAKE_PREFIX_PATH=${CMAKE_PREFIX_PATH}:/home/crashlab/robot_ws/install/nav_bringup:/home/crashlab/robot_ws/install/json_data:/home/crashlab/robot_ws/install/coordination:/opt/ros/humble /usr/bin/cmake --build /home/crashlab/robot_ws/build/crash_nav2 -- -j4 -l4
[6.229s] INFO:colcon.colcon_core.task.python.build:Building Python package in '/home/crashlab/robot_ws/src/json_data'
[6.230s] INFO:colcon.colcon_core.shell:Skip shell extension 'powershell' for command environment: Not usable outside of PowerShell
[6.230s] DEBUG:colcon.colcon_core.shell:Skip shell extension 'dsv' for command environment
[6.275s] DEBUG:colcon.colcon_core.event_handler.log_command:Invoked command in '/home/crashlab/robot_ws/build/crash_nav2' returned '0': CMAKE_PREFIX_PATH=${CMAKE_PREFIX_PATH}:/home/crashlab/robot_ws/install/nav_bringup:/home/crashlab/robot_ws/install/json_data:/home/crashlab/robot_ws/install/coordination:/opt/ros/humble /usr/bin/cmake --build /home/crashlab/robot_ws/build/crash_nav2 -- -j4 -l4
[6.317s] DEBUG:colcon.colcon_core.event_handler.log_command:Invoking command in '/home/crashlab/robot_ws/build/crash_nav2': CMAKE_PREFIX_PATH=${CMAKE_PREFIX_PATH}:/home/crashlab/robot_ws/install/nav_bringup:/home/crashlab/robot_ws/install/json_data:/home/crashlab/robot_ws/install/coordination:/opt/ros/humble /usr/bin/cmake --install /home/crashlab/robot_ws/build/crash_nav2
[6.340s] DEBUG:colcon.colcon_core.event_handler.log_command:Invoking command in '/home/crashlab/robot_ws/build/nav_motor_pkg': CMAKE_PREFIX_PATH=${CMAKE_PREFIX_PATH}:/home/crashlab/robot_ws/install/nav_bringup:/home/crashlab/robot_ws/install/json_data:/home/crashlab/robot_ws/install/coordination:/opt/ros/humble /usr/bin/cmake --build /home/crashlab/robot_ws/build/nav_motor_pkg -- -j4 -l4
[6.517s] Level 1:colcon.colcon_core.environment:create_environment_scripts_only(crash_nav2)
[6.528s] DEBUG:colcon.colcon_core.event_handler.log_command:Invoked command in '/home/crashlab/robot_ws/build/crash_nav2' returned '0': CMAKE_PREFIX_PATH=${CMAKE_PREFIX_PATH}:/home/crashlab/robot_ws/install/nav_bringup:/home/crashlab/robot_ws/install/json_data:/home/crashlab/robot_ws/install/coordination:/opt/ros/humble /usr/bin/cmake --install /home/crashlab/robot_ws/build/crash_nav2
[6.544s] Level 1:colcon.colcon_core.environment:checking '/home/crashlab/robot_ws/install/crash_nav2' for CMake module files
[6.548s] Level 1:colcon.colcon_core.environment:checking '/home/crashlab/robot_ws/install/crash_nav2' for CMake config files
[6.562s] Level 1:colcon.colcon_core.shell:create_environment_hook('crash_nav2', 'cmake_prefix_path')
[6.568s] INFO:colcon.colcon_core.shell:Creating environment hook '/home/crashlab/robot_ws/install/crash_nav2/share/crash_nav2/hook/cmake_prefix_path.ps1'
[6.573s] INFO:colcon.colcon_core.shell:Creating environment descriptor '/home/crashlab/robot_ws/install/crash_nav2/share/crash_nav2/hook/cmake_prefix_path.dsv'
[6.576s] INFO:colcon.colcon_core.shell:Creating environment hook '/home/crashlab/robot_ws/install/crash_nav2/share/crash_nav2/hook/cmake_prefix_path.sh'
[6.581s] Level 1:colcon.colcon_core.environment:checking '/home/crashlab/robot_ws/install/crash_nav2/lib'
[6.582s] Level 1:colcon.colcon_core.environment:checking '/home/crashlab/robot_ws/install/crash_nav2/bin'
[6.583s] Level 1:colcon.colcon_core.environment:checking '/home/crashlab/robot_ws/install/crash_nav2/lib/pkgconfig/crash_nav2.pc'
[6.585s] Level 1:colcon.colcon_core.environment:checking '/home/crashlab/robot_ws/install/crash_nav2/lib/python3.10/site-packages'
[6.586s] Level 1:colcon.colcon_core.environment:checking '/home/crashlab/robot_ws/install/crash_nav2/bin'
[6.588s] INFO:colcon.colcon_core.shell:Creating package script '/home/crashlab/robot_ws/install/crash_nav2/share/crash_nav2/package.ps1'
[6.593s] INFO:colcon.colcon_core.shell:Creating package descriptor '/home/crashlab/robot_ws/install/crash_nav2/share/crash_nav2/package.dsv'
[6.597s] INFO:colcon.colcon_core.shell:Creating package script '/home/crashlab/robot_ws/install/crash_nav2/share/crash_nav2/package.sh'
[6.603s] INFO:colcon.colcon_core.shell:Creating package script '/home/crashlab/robot_ws/install/crash_nav2/share/crash_nav2/package.bash'
[6.608s] INFO:colcon.colcon_core.shell:Creating package script '/home/crashlab/robot_ws/install/crash_nav2/share/crash_nav2/package.zsh'
[6.614s] Level 1:colcon.colcon_core.environment:create_file_with_runtime_dependencies(/home/crashlab/robot_ws/install/crash_nav2/share/colcon-core/packages/crash_nav2)
[6.618s] Level 1:colcon.colcon_core.environment:create_environment_scripts_only(crash_nav2)
[6.620s] Level 1:colcon.colcon_core.environment:checking '/home/crashlab/robot_ws/install/crash_nav2' for CMake module files
[6.624s] Level 1:colcon.colcon_core.environment:checking '/home/crashlab/robot_ws/install/crash_nav2' for CMake config files
[6.632s] Level 1:colcon.colcon_core.shell:create_environment_hook('crash_nav2', 'cmake_prefix_path')
[6.633s] INFO:colcon.colcon_core.shell:Creating environment hook '/home/crashlab/robot_ws/install/crash_nav2/share/crash_nav2/hook/cmake_prefix_path.ps1'
[6.637s] INFO:colcon.colcon_core.shell:Creating environment descriptor '/home/crashlab/robot_ws/install/crash_nav2/share/crash_nav2/hook/cmake_prefix_path.dsv'
[6.641s] INFO:colcon.colcon_core.shell:Creating environment hook '/home/crashlab/robot_ws/install/crash_nav2/share/crash_nav2/hook/cmake_prefix_path.sh'
[6.646s] Level 1:colcon.colcon_core.environment:checking '/home/crashlab/robot_ws/install/crash_nav2/lib'
[6.647s] Level 1:colcon.colcon_core.environment:checking '/home/crashlab/robot_ws/install/crash_nav2/bin'
[6.648s] Level 1:colcon.colcon_core.environment:checking '/home/crashlab/robot_ws/install/crash_nav2/lib/pkgconfig/crash_nav2.pc'
[6.649s] Level 1:colcon.colcon_core.environment:checking '/home/crashlab/robot_ws/install/crash_nav2/lib/python3.10/site-packages'
[6.652s] Level 1:colcon.colcon_core.environment:checking '/home/crashlab/robot_ws/install/crash_nav2/bin'
[6.654s] INFO:colcon.colcon_core.shell:Creating package script '/home/crashlab/robot_ws/install/crash_nav2/share/crash_nav2/package.ps1'
[6.657s] INFO:colcon.colcon_core.shell:Creating package descriptor '/home/crashlab/robot_ws/install/crash_nav2/share/crash_nav2/package.dsv'
[6.661s] INFO:colcon.colcon_core.shell:Creating package script '/home/crashlab/robot_ws/install/crash_nav2/share/crash_nav2/package.sh'
[6.665s] INFO:colcon.colcon_core.shell:Creating package script '/home/crashlab/robot_ws/install/crash_nav2/share/crash_nav2/package.bash'
[6.669s] INFO:colcon.colcon_core.shell:Creating package script '/home/crashlab/robot_ws/install/crash_nav2/share/crash_nav2/package.zsh'
[6.673s] Level 1:colcon.colcon_core.environment:create_file_with_runtime_dependencies(/home/crashlab/robot_ws/install/crash_nav2/share/colcon-core/packages/crash_nav2)
[6.680s] INFO:colcon.colcon_ros.task.ament_cmake.build:Building ROS package in '/home/crashlab/robot_ws/src/other_motor_pkg' with build type 'ament_cmake'
[6.682s] INFO:colcon.colcon_cmake.task.cmake.build:Building CMake package in '/home/crashlab/robot_ws/src/other_motor_pkg'
[6.684s] INFO:colcon.colcon_core.shell:Skip shell extension 'powershell' for command environment: Not usable outside of PowerShell
[6.684s] DEBUG:colcon.colcon_core.shell:Skip shell extension 'dsv' for command environment
[6.738s] DEBUG:colcon.colcon_core.event_handler.log_command:Invoking command in '/home/crashlab/robot_ws/build/other_motor_pkg': CMAKE_PREFIX_PATH=${CMAKE_PREFIX_PATH}:/home/crashlab/robot_ws/install/nav_bringup:/home/crashlab/robot_ws/install/json_data:/home/crashlab/robot_ws/install/coordination:/opt/ros/humble /usr/bin/cmake --build /home/crashlab/robot_ws/build/other_motor_pkg -- -j4 -l4
[7.331s] DEBUG:colcon.colcon_core.event_handler.log_command:Invoked command in '/home/crashlab/robot_ws/build/other_motor_pkg' returned '0': CMAKE_PREFIX_PATH=${CMAKE_PREFIX_PATH}:/home/crashlab/robot_ws/install/nav_bringup:/home/crashlab/robot_ws/install/json_data:/home/crashlab/robot_ws/install/coordination:/opt/ros/humble /usr/bin/cmake --build /home/crashlab/robot_ws/build/other_motor_pkg -- -j4 -l4
[7.348s] DEBUG:colcon.colcon_core.event_handler.log_command:Invoking command in '/home/crashlab/robot_ws/build/other_motor_pkg': CMAKE_PREFIX_PATH=${CMAKE_PREFIX_PATH}:/home/crashlab/robot_ws/install/nav_bringup:/home/crashlab/robot_ws/install/json_data:/home/crashlab/robot_ws/install/coordination:/opt/ros/humble /usr/bin/cmake --install /home/crashlab/robot_ws/build/other_motor_pkg
[7.541s] Level 1:colcon.colcon_core.environment:create_environment_scripts_only(other_motor_pkg)
[7.543s] Level 1:colcon.colcon_core.environment:checking '/home/crashlab/robot_ws/install/other_motor_pkg' for CMake module files
[7.546s] Level 1:colcon.colcon_core.environment:checking '/home/crashlab/robot_ws/install/other_motor_pkg' for CMake config files
[7.550s] DEBUG:colcon.colcon_core.event_handler.log_command:Invoked command in '/home/crashlab/robot_ws/build/other_motor_pkg' returned '0': CMAKE_PREFIX_PATH=${CMAKE_PREFIX_PATH}:/home/crashlab/robot_ws/install/nav_bringup:/home/crashlab/robot_ws/install/json_data:/home/crashlab/robot_ws/install/coordination:/opt/ros/humble /usr/bin/cmake --install /home/crashlab/robot_ws/build/other_motor_pkg
[7.551s] Level 1:colcon.colcon_core.shell:create_environment_hook('other_motor_pkg', 'cmake_prefix_path')
[7.552s] INFO:colcon.colcon_core.shell:Creating environment hook '/home/crashlab/robot_ws/install/other_motor_pkg/share/other_motor_pkg/hook/cmake_prefix_path.ps1'
[7.565s] INFO:colcon.colcon_core.shell:Creating environment descriptor '/home/crashlab/robot_ws/install/other_motor_pkg/share/other_motor_pkg/hook/cmake_prefix_path.dsv'
[7.569s] INFO:colcon.colcon_core.shell:Creating environment hook '/home/crashlab/robot_ws/install/other_motor_pkg/share/other_motor_pkg/hook/cmake_prefix_path.sh'
[7.582s] Level 1:colcon.colcon_core.environment:checking '/home/crashlab/robot_ws/install/other_motor_pkg/bin'
[7.583s] Level 1:colcon.colcon_core.environment:checking '/home/crashlab/robot_ws/install/other_motor_pkg/lib/pkgconfig/other_motor_pkg.pc'
[7.585s] Level 1:colcon.colcon_core.environment:checking '/home/crashlab/robot_ws/install/other_motor_pkg/lib/python3.10/site-packages'
[7.587s] Level 1:colcon.colcon_core.environment:checking '/home/crashlab/robot_ws/install/other_motor_pkg/bin'
[7.589s] INFO:colcon.colcon_core.shell:Creating package script '/home/crashlab/robot_ws/install/other_motor_pkg/share/other_motor_pkg/package.ps1'
[7.601s] INFO:colcon.colcon_core.shell:Creating package descriptor '/home/crashlab/robot_ws/install/other_motor_pkg/share/other_motor_pkg/package.dsv'
[7.618s] INFO:colcon.colcon_core.shell:Creating package script '/home/crashlab/robot_ws/install/other_motor_pkg/share/other_motor_pkg/package.sh'
[7.637s] INFO:colcon.colcon_core.shell:Creating package script '/home/crashlab/robot_ws/install/other_motor_pkg/share/other_motor_pkg/package.bash'
[7.646s] INFO:colcon.colcon_core.shell:Creating package script '/home/crashlab/robot_ws/install/other_motor_pkg/share/other_motor_pkg/package.zsh'
[7.658s] Level 1:colcon.colcon_core.environment:create_file_with_runtime_dependencies(/home/crashlab/robot_ws/install/other_motor_pkg/share/colcon-core/packages/other_motor_pkg)
[7.665s] Level 1:colcon.colcon_core.environment:create_environment_scripts_only(other_motor_pkg)
[7.669s] Level 1:colcon.colcon_core.environment:checking '/home/crashlab/robot_ws/install/other_motor_pkg' for CMake module files
[7.675s] Level 1:colcon.colcon_core.environment:checking '/home/crashlab/robot_ws/install/other_motor_pkg' for CMake config files
[7.686s] Level 1:colcon.colcon_core.shell:create_environment_hook('other_motor_pkg', 'cmake_prefix_path')
[7.688s] INFO:colcon.colcon_core.shell:Creating environment hook '/home/crashlab/robot_ws/install/other_motor_pkg/share/other_motor_pkg/hook/cmake_prefix_path.ps1'
[7.705s] INFO:colcon.colcon_core.shell:Creating environment descriptor '/home/crashlab/robot_ws/install/other_motor_pkg/share/other_motor_pkg/hook/cmake_prefix_path.dsv'
[7.710s] INFO:colcon.colcon_core.shell:Creating environment hook '/home/crashlab/robot_ws/install/other_motor_pkg/share/other_motor_pkg/hook/cmake_prefix_path.sh'
[7.718s] Level 1:colcon.colcon_core.environment:checking '/home/crashlab/robot_ws/install/other_motor_pkg/bin'
[7.728s] Level 1:colcon.colcon_core.environment:checking '/home/crashlab/robot_ws/install/other_motor_pkg/lib/pkgconfig/other_motor_pkg.pc'
[7.730s] Level 1:colcon.colcon_core.environment:checking '/home/crashlab/robot_ws/install/other_motor_pkg/lib/python3.10/site-packages'
[7.732s] Level 1:colcon.colcon_core.environment:checking '/home/crashlab/robot_ws/install/other_motor_pkg/bin'
[7.734s] INFO:colcon.colcon_core.shell:Creating package script '/home/crashlab/robot_ws/install/other_motor_pkg/share/other_motor_pkg/package.ps1'
[7.749s] INFO:colcon.colcon_core.shell:Creating package descriptor '/home/crashlab/robot_ws/install/other_motor_pkg/share/other_motor_pkg/package.dsv'
[7.767s] INFO:colcon.colcon_core.shell:Creating package script '/home/crashlab/robot_ws/install/other_motor_pkg/share/other_motor_pkg/package.sh'
[7.778s] INFO:colcon.colcon_core.shell:Creating package script '/home/crashlab/robot_ws/install/other_motor_pkg/share/other_motor_pkg/package.bash'
[7.787s] INFO:colcon.colcon_core.shell:Creating package script '/home/crashlab/robot_ws/install/other_motor_pkg/share/other_motor_pkg/package.zsh'
[7.814s] Level 1:colcon.colcon_core.environment:create_file_with_runtime_dependencies(/home/crashlab/robot_ws/install/other_motor_pkg/share/colcon-core/packages/other_motor_pkg)
[7.824s] INFO:colcon.colcon_ros.task.ament_cmake.build:Building ROS package in '/home/crashlab/robot_ws/src/tutorial_ros2_motor' with build type 'ament_cmake'
[7.826s] INFO:colcon.colcon_cmake.task.cmake.build:Building CMake package in '/home/crashlab/robot_ws/src/tutorial_ros2_motor'
[7.828s] INFO:colcon.colcon_core.shell:Skip shell extension 'powershell' for command environment: Not usable outside of PowerShell
[7.829s] DEBUG:colcon.colcon_core.shell:Skip shell extension 'dsv' for command environment
[7.945s] DEBUG:colcon.colcon_core.event_handler.log_command:Invoking command in '/home/crashlab/robot_ws/build/tutorial_ros2_motor': CMAKE_PREFIX_PATH=${CMAKE_PREFIX_PATH}:/home/crashlab/robot_ws/install/nav_bringup:/home/crashlab/robot_ws/install/json_data:/home/crashlab/robot_ws/install/coordination:/opt/ros/humble /usr/bin/cmake --build /home/crashlab/robot_ws/build/tutorial_ros2_motor -- -j4 -l4
[8.532s] DEBUG:colcon.colcon_core.event_handler.log_command:Invoked command in '/home/crashlab/robot_ws/build/tutorial_ros2_motor' returned '0': CMAKE_PREFIX_PATH=${CMAKE_PREFIX_PATH}:/home/crashlab/robot_ws/install/nav_bringup:/home/crashlab/robot_ws/install/json_data:/home/crashlab/robot_ws/install/coordination:/opt/ros/humble /usr/bin/cmake --build /home/crashlab/robot_ws/build/tutorial_ros2_motor -- -j4 -l4
[8.534s] DEBUG:colcon.colcon_core.event_handler.log_command:Invoking command in '/home/crashlab/robot_ws/build/tutorial_ros2_motor': CMAKE_PREFIX_PATH=${CMAKE_PREFIX_PATH}:/home/crashlab/robot_ws/install/nav_bringup:/home/crashlab/robot_ws/install/json_data:/home/crashlab/robot_ws/install/coordination:/opt/ros/humble /usr/bin/cmake --install /home/crashlab/robot_ws/build/tutorial_ros2_motor
[8.657s] Level 1:colcon.colcon_core.environment:create_environment_scripts_only(tutorial_ros2_motor)
[8.660s] Level 1:colcon.colcon_core.environment:checking '/home/crashlab/robot_ws/install/tutorial_ros2_motor' for CMake module files
[8.664s] Level 1:colcon.colcon_core.environment:checking '/home/crashlab/robot_ws/install/tutorial_ros2_motor' for CMake config files
[8.666s] Level 1:colcon.colcon_core.shell:create_environment_hook('tutorial_ros2_motor', 'cmake_prefix_path')
[8.659s] DEBUG:colcon.colcon_core.event_handler.log_command:Invoked command in '/home/crashlab/robot_ws/build/tutorial_ros2_motor' returned '0': CMAKE_PREFIX_PATH=${CMAKE_PREFIX_PATH}:/home/crashlab/robot_ws/install/nav_bringup:/home/crashlab/robot_ws/install/json_data:/home/crashlab/robot_ws/install/coordination:/opt/ros/humble /usr/bin/cmake --install /home/crashlab/robot_ws/build/tutorial_ros2_motor
[8.667s] INFO:colcon.colcon_core.shell:Creating environment hook '/home/crashlab/robot_ws/install/tutorial_ros2_motor/share/tutorial_ros2_motor/hook/cmake_prefix_path.ps1'
[8.671s] INFO:colcon.colcon_core.shell:Creating environment descriptor '/home/crashlab/robot_ws/install/tutorial_ros2_motor/share/tutorial_ros2_motor/hook/cmake_prefix_path.dsv'
[8.674s] INFO:colcon.colcon_core.shell:Creating environment hook '/home/crashlab/robot_ws/install/tutorial_ros2_motor/share/tutorial_ros2_motor/hook/cmake_prefix_path.sh'
[8.677s] Level 1:colcon.colcon_core.environment:checking '/home/crashlab/robot_ws/install/tutorial_ros2_motor/lib'
[8.677s] Level 1:colcon.colcon_core.environment:checking '/home/crashlab/robot_ws/install/tutorial_ros2_motor/bin'
[8.678s] Level 1:colcon.colcon_core.environment:checking '/home/crashlab/robot_ws/install/tutorial_ros2_motor/lib/pkgconfig/tutorial_ros2_motor.pc'
[8.679s] Level 1:colcon.colcon_core.environment:checking '/home/crashlab/robot_ws/install/tutorial_ros2_motor/lib/python3.10/site-packages'
[8.680s] Level 1:colcon.colcon_core.environment:checking '/home/crashlab/robot_ws/install/tutorial_ros2_motor/bin'
[8.682s] INFO:colcon.colcon_core.shell:Creating package script '/home/crashlab/robot_ws/install/tutorial_ros2_motor/share/tutorial_ros2_motor/package.ps1'
[8.685s] INFO:colcon.colcon_core.shell:Creating package descriptor '/home/crashlab/robot_ws/install/tutorial_ros2_motor/share/tutorial_ros2_motor/package.dsv'
[8.688s] INFO:colcon.colcon_core.shell:Creating package script '/home/crashlab/robot_ws/install/tutorial_ros2_motor/share/tutorial_ros2_motor/package.sh'
[8.690s] INFO:colcon.colcon_core.shell:Creating package script '/home/crashlab/robot_ws/install/tutorial_ros2_motor/share/tutorial_ros2_motor/package.bash'
[8.693s] INFO:colcon.colcon_core.shell:Creating package script '/home/crashlab/robot_ws/install/tutorial_ros2_motor/share/tutorial_ros2_motor/package.zsh'
[8.695s] Level 1:colcon.colcon_core.environment:create_file_with_runtime_dependencies(/home/crashlab/robot_ws/install/tutorial_ros2_motor/share/colcon-core/packages/tutorial_ros2_motor)
[8.698s] Level 1:colcon.colcon_core.environment:create_environment_scripts_only(tutorial_ros2_motor)
[8.700s] Level 1:colcon.colcon_core.environment:checking '/home/crashlab/robot_ws/install/tutorial_ros2_motor' for CMake module files
[8.703s] Level 1:colcon.colcon_core.environment:checking '/home/crashlab/robot_ws/install/tutorial_ros2_motor' for CMake config files
[8.705s] Level 1:colcon.colcon_core.shell:create_environment_hook('tutorial_ros2_motor', 'cmake_prefix_path')
[8.707s] INFO:colcon.colcon_core.shell:Creating environment hook '/home/crashlab/robot_ws/install/tutorial_ros2_motor/share/tutorial_ros2_motor/hook/cmake_prefix_path.ps1'
[8.709s] INFO:colcon.colcon_core.shell:Creating environment descriptor '/home/crashlab/robot_ws/install/tutorial_ros2_motor/share/tutorial_ros2_motor/hook/cmake_prefix_path.dsv'
[8.711s] INFO:colcon.colcon_core.shell:Creating environment hook '/home/crashlab/robot_ws/install/tutorial_ros2_motor/share/tutorial_ros2_motor/hook/cmake_prefix_path.sh'
[8.715s] Level 1:colcon.colcon_core.environment:checking '/home/crashlab/robot_ws/install/tutorial_ros2_motor/lib'
[8.715s] Level 1:colcon.colcon_core.environment:checking '/home/crashlab/robot_ws/install/tutorial_ros2_motor/bin'
[8.716s] Level 1:colcon.colcon_core.environment:checking '/home/crashlab/robot_ws/install/tutorial_ros2_motor/lib/pkgconfig/tutorial_ros2_motor.pc'
[8.717s] Level 1:colcon.colcon_core.environment:checking '/home/crashlab/robot_ws/install/tutorial_ros2_motor/lib/python3.10/site-packages'
[8.718s] Level 1:colcon.colcon_core.environment:checking '/home/crashlab/robot_ws/install/tutorial_ros2_motor/bin'
[8.719s] INFO:colcon.colcon_core.shell:Creating package script '/home/crashlab/robot_ws/install/tutorial_ros2_motor/share/tutorial_ros2_motor/package.ps1'
[8.722s] INFO:colcon.colcon_core.shell:Creating package descriptor '/home/crashlab/robot_ws/install/tutorial_ros2_motor/share/tutorial_ros2_motor/package.dsv'
[8.725s] INFO:colcon.colcon_core.shell:Creating package script '/home/crashlab/robot_ws/install/tutorial_ros2_motor/share/tutorial_ros2_motor/package.sh'
[8.728s] INFO:colcon.colcon_core.shell:Creating package script '/home/crashlab/robot_ws/install/tutorial_ros2_motor/share/tutorial_ros2_motor/package.bash'
[8.730s] INFO:colcon.colcon_core.shell:Creating package script '/home/crashlab/robot_ws/install/tutorial_ros2_motor/share/tutorial_ros2_motor/package.zsh'
[8.733s] Level 1:colcon.colcon_core.environment:create_file_with_runtime_dependencies(/home/crashlab/robot_ws/install/tutorial_ros2_motor/share/colcon-core/packages/tutorial_ros2_motor)
[8.738s] INFO:colcon.colcon_ros.task.ament_cmake.build:Building ROS package in '/home/crashlab/robot_ws/src/untitled_description' with build type 'ament_cmake'
[8.739s] INFO:colcon.colcon_cmake.task.cmake.build:Building CMake package in '/home/crashlab/robot_ws/src/untitled_description'
[8.740s] INFO:colcon.colcon_core.shell:Skip shell extension 'powershell' for command environment: Not usable outside of PowerShell
[8.740s] DEBUG:colcon.colcon_core.shell:Skip shell extension 'dsv' for command environment
[8.798s] DEBUG:colcon.colcon_core.event_handler.log_command:Invoking command in '/home/crashlab/robot_ws/build/untitled_description': CMAKE_PREFIX_PATH=${CMAKE_PREFIX_PATH}:/home/crashlab/robot_ws/install/nav_bringup:/home/crashlab/robot_ws/install/json_data:/home/crashlab/robot_ws/install/coordination:/opt/ros/humble /usr/bin/cmake --build /home/crashlab/robot_ws/build/untitled_description -- -j4 -l4
[9.124s] DEBUG:colcon.colcon_core.event_handler.log_command:Invoked command in '/home/crashlab/robot_ws/build/untitled_description' returned '0': CMAKE_PREFIX_PATH=${CMAKE_PREFIX_PATH}:/home/crashlab/robot_ws/install/nav_bringup:/home/crashlab/robot_ws/install/json_data:/home/crashlab/robot_ws/install/coordination:/opt/ros/humble /usr/bin/cmake --build /home/crashlab/robot_ws/build/untitled_description -- -j4 -l4
[9.128s] DEBUG:colcon.colcon_core.event_handler.log_command:Invoking command in '/home/crashlab/robot_ws/build/untitled_description': CMAKE_PREFIX_PATH=${CMAKE_PREFIX_PATH}:/home/crashlab/robot_ws/install/nav_bringup:/home/crashlab/robot_ws/install/json_data:/home/crashlab/robot_ws/install/coordination:/opt/ros/humble /usr/bin/cmake --install /home/crashlab/robot_ws/build/untitled_description
[9.295s] Level 1:colcon.colcon_core.environment:create_environment_scripts_only(untitled_description)
[9.296s] DEBUG:colcon.colcon_core.event_handler.log_command:Invoked command in '/home/crashlab/robot_ws/build/untitled_description' returned '0': CMAKE_PREFIX_PATH=${CMAKE_PREFIX_PATH}:/home/crashlab/robot_ws/install/nav_bringup:/home/crashlab/robot_ws/install/json_data:/home/crashlab/robot_ws/install/coordination:/opt/ros/humble /usr/bin/cmake --install /home/crashlab/robot_ws/build/untitled_description
[9.297s] Level 1:colcon.colcon_core.environment:checking '/home/crashlab/robot_ws/install/untitled_description' for CMake module files
[9.303s] Level 1:colcon.colcon_core.environment:checking '/home/crashlab/robot_ws/install/untitled_description' for CMake config files
[9.310s] Level 1:colcon.colcon_core.shell:create_environment_hook('untitled_description', 'cmake_prefix_path')
[9.313s] INFO:colcon.colcon_core.shell:Creating environment hook '/home/crashlab/robot_ws/install/untitled_description/share/untitled_description/hook/cmake_prefix_path.ps1'
[9.320s] INFO:colcon.colcon_core.shell:Creating environment descriptor '/home/crashlab/robot_ws/install/untitled_description/share/untitled_description/hook/cmake_prefix_path.dsv'
[9.325s] INFO:colcon.colcon_core.shell:Creating environment hook '/home/crashlab/robot_ws/install/untitled_description/share/untitled_description/hook/cmake_prefix_path.sh'
[9.334s] Level 1:colcon.colcon_core.environment:checking '/home/crashlab/robot_ws/install/untitled_description/bin'
[9.335s] Level 1:colcon.colcon_core.environment:checking '/home/crashlab/robot_ws/install/untitled_description/lib/pkgconfig/untitled_description.pc'
[9.338s] Level 1:colcon.colcon_core.environment:checking '/home/crashlab/robot_ws/install/untitled_description/lib/python3.10/site-packages'
[9.340s] Level 1:colcon.colcon_core.environment:checking '/home/crashlab/robot_ws/install/untitled_description/bin'
[9.343s] INFO:colcon.colcon_core.shell:Creating package script '/home/crashlab/robot_ws/install/untitled_description/share/untitled_description/package.ps1'
[9.349s] INFO:colcon.colcon_core.shell:Creating package descriptor '/home/crashlab/robot_ws/install/untitled_description/share/untitled_description/package.dsv'
[9.355s] INFO:colcon.colcon_core.shell:Creating package script '/home/crashlab/robot_ws/install/untitled_description/share/untitled_description/package.sh'
[9.361s] INFO:colcon.colcon_core.shell:Creating package script '/home/crashlab/robot_ws/install/untitled_description/share/untitled_description/package.bash'
[9.367s] INFO:colcon.colcon_core.shell:Creating package script '/home/crashlab/robot_ws/install/untitled_description/share/untitled_description/package.zsh'
[9.374s] Level 1:colcon.colcon_core.environment:create_file_with_runtime_dependencies(/home/crashlab/robot_ws/install/untitled_description/share/colcon-core/packages/untitled_description)
[9.381s] Level 1:colcon.colcon_core.environment:create_environment_scripts_only(untitled_description)
[9.384s] Level 1:colcon.colcon_core.environment:checking '/home/crashlab/robot_ws/install/untitled_description' for CMake module files
[9.389s] Level 1:colcon.colcon_core.environment:checking '/home/crashlab/robot_ws/install/untitled_description' for CMake config files
[9.397s] Level 1:colcon.colcon_core.shell:create_environment_hook('untitled_description', 'cmake_prefix_path')
[9.399s] INFO:colcon.colcon_core.shell:Creating environment hook '/home/crashlab/robot_ws/install/untitled_description/share/untitled_description/hook/cmake_prefix_path.ps1'
[9.404s] INFO:colcon.colcon_core.shell:Creating environment descriptor '/home/crashlab/robot_ws/install/untitled_description/share/untitled_description/hook/cmake_prefix_path.dsv'
[9.410s] INFO:colcon.colcon_core.shell:Creating environment hook '/home/crashlab/robot_ws/install/untitled_description/share/untitled_description/hook/cmake_prefix_path.sh'
[9.417s] Level 1:colcon.colcon_core.environment:checking '/home/crashlab/robot_ws/install/untitled_description/bin'
[9.418s] Level 1:colcon.colcon_core.environment:checking '/home/crashlab/robot_ws/install/untitled_description/lib/pkgconfig/untitled_description.pc'
[9.420s] Level 1:colcon.colcon_core.environment:checking '/home/crashlab/robot_ws/install/untitled_description/lib/python3.10/site-packages'
[9.422s] Level 1:colcon.colcon_core.environment:checking '/home/crashlab/robot_ws/install/untitled_description/bin'
[9.424s] INFO:colcon.colcon_core.shell:Creating package script '/home/crashlab/robot_ws/install/untitled_description/share/untitled_description/package.ps1'
[9.429s] INFO:colcon.colcon_core.shell:Creating package descriptor '/home/crashlab/robot_ws/install/untitled_description/share/untitled_description/package.dsv'
[9.434s] INFO:colcon.colcon_core.shell:Creating package script '/home/crashlab/robot_ws/install/untitled_description/share/untitled_description/package.sh'
[9.440s] INFO:colcon.colcon_core.shell:Creating package script '/home/crashlab/robot_ws/install/untitled_description/share/untitled_description/package.bash'
[9.445s] INFO:colcon.colcon_core.shell:Creating package script '/home/crashlab/robot_ws/install/untitled_description/share/untitled_description/package.zsh'
[9.452s] Level 1:colcon.colcon_core.environment:create_file_with_runtime_dependencies(/home/crashlab/robot_ws/install/untitled_description/share/colcon-core/packages/untitled_description)
[9.476s] INFO:colcon.colcon_ros.task.ament_cmake.build:Building ROS package in '/home/crashlab/robot_ws/src/ydlidar_ros2_driver_bs' with build type 'ament_cmake'
[9.496s] INFO:colcon.colcon_cmake.task.cmake.build:Building CMake package in '/home/crashlab/robot_ws/src/ydlidar_ros2_driver_bs'
[9.498s] INFO:colcon.colcon_core.shell:Skip shell extension 'powershell' for command environment: Not usable outside of PowerShell
[9.499s] DEBUG:colcon.colcon_core.shell:Skip shell extension 'dsv' for command environment
[9.558s] DEBUG:colcon.colcon_core.event_handler.log_command:Invoking command in '/home/crashlab/robot_ws/build/json_data': PYTHONPATH=/home/crashlab/robot_ws/build/json_data/prefix_override:/usr/lib/python3/dist-packages/colcon_core/task/python/colcon_distutils_commands:/home/crashlab/robot_ws/install/json_data/lib/python3.10/site-packages:${PYTHONPATH} /usr/bin/python3 -W ignore:setup.py install is deprecated -W ignore:easy_install command is deprecated setup.py develop --editable --build-directory /home/crashlab/robot_ws/build/json_data/build --no-deps symlink_data
[9.584s] DEBUG:colcon.colcon_core.event_handler.log_command:Invoking command in '/home/crashlab/robot_ws/build/ydlidar_ros2_driver': CMAKE_PREFIX_PATH=${CMAKE_PREFIX_PATH}:/home/crashlab/robot_ws/install/nav_bringup:/home/crashlab/robot_ws/install/json_data:/home/crashlab/robot_ws/install/coordination:/opt/ros/humble /usr/bin/cmake --build /home/crashlab/robot_ws/build/ydlidar_ros2_driver -- -j4 -l4
[9.816s] DEBUG:colcon.colcon_core.event_handler.log_command:Invoking command in '/home/crashlab/robot_ws/build/coordination': PYTHONPATH=/home/crashlab/robot_ws/build/coordination/prefix_override:/usr/lib/python3/dist-packages/colcon_core/task/python/colcon_distutils_commands:/home/crashlab/robot_ws/install/coordination/lib/python3.10/site-packages:${PYTHONPATH} /usr/bin/python3 -W ignore:setup.py install is deprecated -W ignore:easy_install command is deprecated setup.py develop --editable --build-directory /home/crashlab/robot_ws/build/coordination/build --no-deps symlink_data
[10.111s] DEBUG:colcon.colcon_core.event_handler.log_command:Invoked command in '/home/crashlab/robot_ws/build/ydlidar_ros2_driver' returned '0': CMAKE_PREFIX_PATH=${CMAKE_PREFIX_PATH}:/home/crashlab/robot_ws/install/nav_bringup:/home/crashlab/robot_ws/install/json_data:/home/crashlab/robot_ws/install/coordination:/opt/ros/humble /usr/bin/cmake --build /home/crashlab/robot_ws/build/ydlidar_ros2_driver -- -j4 -l4
[10.147s] DEBUG:colcon.colcon_core.event_handler.log_command:Invoking command in '/home/crashlab/robot_ws/build/ydlidar_ros2_driver': CMAKE_PREFIX_PATH=${CMAKE_PREFIX_PATH}:/home/crashlab/robot_ws/install/nav_bringup:/home/crashlab/robot_ws/install/json_data:/home/crashlab/robot_ws/install/coordination:/opt/ros/humble /usr/bin/cmake --install /home/crashlab/robot_ws/build/ydlidar_ros2_driver
[10.337s] Level 1:colcon.colcon_core.environment:create_environment_scripts_only(ydlidar_ros2_driver)
[10.342s] Level 1:colcon.colcon_core.environment:checking '/home/crashlab/robot_ws/install/ydlidar_ros2_driver' for CMake module files
[10.346s] Level 1:colcon.colcon_core.environment:checking '/home/crashlab/robot_ws/install/ydlidar_ros2_driver' for CMake config files
[10.341s] DEBUG:colcon.colcon_core.event_handler.log_command:Invoked command in '/home/crashlab/robot_ws/build/ydlidar_ros2_driver' returned '0': CMAKE_PREFIX_PATH=${CMAKE_PREFIX_PATH}:/home/crashlab/robot_ws/install/nav_bringup:/home/crashlab/robot_ws/install/json_data:/home/crashlab/robot_ws/install/coordination:/opt/ros/humble /usr/bin/cmake --install /home/crashlab/robot_ws/build/ydlidar_ros2_driver
[10.352s] Level 1:colcon.colcon_core.shell:create_environment_hook('ydlidar_ros2_driver', 'cmake_prefix_path')
[10.354s] INFO:colcon.colcon_core.shell:Creating environment hook '/home/crashlab/robot_ws/install/ydlidar_ros2_driver/share/ydlidar_ros2_driver/hook/cmake_prefix_path.ps1'
[10.358s] INFO:colcon.colcon_core.shell:Creating environment descriptor '/home/crashlab/robot_ws/install/ydlidar_ros2_driver/share/ydlidar_ros2_driver/hook/cmake_prefix_path.dsv'
[10.363s] INFO:colcon.colcon_core.shell:Creating environment hook '/home/crashlab/robot_ws/install/ydlidar_ros2_driver/share/ydlidar_ros2_driver/hook/cmake_prefix_path.sh'
[10.369s] Level 1:colcon.colcon_core.environment:checking '/home/crashlab/robot_ws/install/ydlidar_ros2_driver/lib'
[10.372s] Level 1:colcon.colcon_core.environment:checking '/home/crashlab/robot_ws/install/ydlidar_ros2_driver/bin'
[10.374s] Level 1:colcon.colcon_core.environment:checking '/home/crashlab/robot_ws/install/ydlidar_ros2_driver/lib/pkgconfig/ydlidar_ros2_driver.pc'
[10.375s] Level 1:colcon.colcon_core.environment:checking '/home/crashlab/robot_ws/install/ydlidar_ros2_driver/lib/python3.10/site-packages'
[10.377s] Level 1:colcon.colcon_core.environment:checking '/home/crashlab/robot_ws/install/ydlidar_ros2_driver/bin'
[10.379s] INFO:colcon.colcon_core.shell:Creating package script '/home/crashlab/robot_ws/install/ydlidar_ros2_driver/share/ydlidar_ros2_driver/package.ps1'
[10.384s] INFO:colcon.colcon_core.shell:Creating package descriptor '/home/crashlab/robot_ws/install/ydlidar_ros2_driver/share/ydlidar_ros2_driver/package.dsv'
[10.389s] INFO:colcon.colcon_core.shell:Creating package script '/home/crashlab/robot_ws/install/ydlidar_ros2_driver/share/ydlidar_ros2_driver/package.sh'
[10.395s] INFO:colcon.colcon_core.shell:Creating package script '/home/crashlab/robot_ws/install/ydlidar_ros2_driver/share/ydlidar_ros2_driver/package.bash'
[10.399s] INFO:colcon.colcon_core.shell:Creating package script '/home/crashlab/robot_ws/install/ydlidar_ros2_driver/share/ydlidar_ros2_driver/package.zsh'
[10.403s] Level 1:colcon.colcon_core.environment:create_file_with_runtime_dependencies(/home/crashlab/robot_ws/install/ydlidar_ros2_driver/share/colcon-core/packages/ydlidar_ros2_driver)
[10.408s] Level 1:colcon.colcon_core.environment:create_environment_scripts_only(ydlidar_ros2_driver)
[10.410s] Level 1:colcon.colcon_core.environment:checking '/home/crashlab/robot_ws/install/ydlidar_ros2_driver' for CMake module files
[10.414s] Level 1:colcon.colcon_core.environment:checking '/home/crashlab/robot_ws/install/ydlidar_ros2_driver' for CMake config files
[10.419s] Level 1:colcon.colcon_core.shell:create_environment_hook('ydlidar_ros2_driver', 'cmake_prefix_path')
[10.420s] INFO:colcon.colcon_core.shell:Creating environment hook '/home/crashlab/robot_ws/install/ydlidar_ros2_driver/share/ydlidar_ros2_driver/hook/cmake_prefix_path.ps1'
[10.425s] INFO:colcon.colcon_core.shell:Creating environment descriptor '/home/crashlab/robot_ws/install/ydlidar_ros2_driver/share/ydlidar_ros2_driver/hook/cmake_prefix_path.dsv'
[10.429s] INFO:colcon.colcon_core.shell:Creating environment hook '/home/crashlab/robot_ws/install/ydlidar_ros2_driver/share/ydlidar_ros2_driver/hook/cmake_prefix_path.sh'
[10.435s] Level 1:colcon.colcon_core.environment:checking '/home/crashlab/robot_ws/install/ydlidar_ros2_driver/lib'
[10.436s] Level 1:colcon.colcon_core.environment:checking '/home/crashlab/robot_ws/install/ydlidar_ros2_driver/bin'
[10.437s] Level 1:colcon.colcon_core.environment:checking '/home/crashlab/robot_ws/install/ydlidar_ros2_driver/lib/pkgconfig/ydlidar_ros2_driver.pc'
[10.438s] Level 1:colcon.colcon_core.environment:checking '/home/crashlab/robot_ws/install/ydlidar_ros2_driver/lib/python3.10/site-packages'
[10.440s] Level 1:colcon.colcon_core.environment:checking '/home/crashlab/robot_ws/install/ydlidar_ros2_driver/bin'
[10.442s] INFO:colcon.colcon_core.shell:Creating package script '/home/crashlab/robot_ws/install/ydlidar_ros2_driver/share/ydlidar_ros2_driver/package.ps1'
[10.447s] INFO:colcon.colcon_core.shell:Creating package descriptor '/home/crashlab/robot_ws/install/ydlidar_ros2_driver/share/ydlidar_ros2_driver/package.dsv'
[10.452s] INFO:colcon.colcon_core.shell:Creating package script '/home/crashlab/robot_ws/install/ydlidar_ros2_driver/share/ydlidar_ros2_driver/package.sh'
[10.458s] INFO:colcon.colcon_core.shell:Creating package script '/home/crashlab/robot_ws/install/ydlidar_ros2_driver/share/ydlidar_ros2_driver/package.bash'
[10.462s] INFO:colcon.colcon_core.shell:Creating package script '/home/crashlab/robot_ws/install/ydlidar_ros2_driver/share/ydlidar_ros2_driver/package.zsh'
[10.467s] Level 1:colcon.colcon_core.environment:create_file_with_runtime_dependencies(/home/crashlab/robot_ws/install/ydlidar_ros2_driver/share/colcon-core/packages/ydlidar_ros2_driver)
[10.475s] INFO:colcon.colcon_cmake.task.cmake.build:Building CMake package in '/home/crashlab/robot_ws/src/YDLidar-SDK'
[10.478s] INFO:colcon.colcon_core.shell:Skip shell extension 'powershell' for command environment: Not usable outside of PowerShell
[10.479s] DEBUG:colcon.colcon_core.shell:Skip shell extension 'dsv' for command environment
[10.543s] DEBUG:colcon.colcon_core.event_handler.log_command:Invoking command in '/home/crashlab/robot_ws/build/ydlidar_sdk': /usr/bin/cmake --build /home/crashlab/robot_ws/build/ydlidar_sdk -- -j4 -l4
[11.269s] DEBUG:colcon.colcon_core.event_handler.log_command:Invoked command in '/home/crashlab/robot_ws/build/ydlidar_sdk' returned '0': /usr/bin/cmake --build /home/crashlab/robot_ws/build/ydlidar_sdk -- -j4 -l4
[11.279s] DEBUG:colcon.colcon_core.event_handler.log_command:Invoking command in '/home/crashlab/robot_ws/build/ydlidar_sdk': /usr/bin/cmake --install /home/crashlab/robot_ws/build/ydlidar_sdk
[11.482s] Level 1:colcon.colcon_core.environment:create_environment_scripts_only(ydlidar_sdk)
[11.483s] Level 1:colcon.colcon_core.environment:checking '/home/crashlab/robot_ws/install/ydlidar_sdk' for CMake module files
[11.486s] Level 1:colcon.colcon_core.environment:checking '/home/crashlab/robot_ws/install/ydlidar_sdk' for CMake config files
[11.488s] Level 1:colcon.colcon_core.shell:create_environment_hook('ydlidar_sdk', 'cmake_prefix_path')
[11.489s] INFO:colcon.colcon_core.shell:Creating environment hook '/home/crashlab/robot_ws/install/ydlidar_sdk/share/ydlidar_sdk/hook/cmake_prefix_path.ps1'
[11.500s] INFO:colcon.colcon_core.shell:Creating environment descriptor '/home/crashlab/robot_ws/install/ydlidar_sdk/share/ydlidar_sdk/hook/cmake_prefix_path.dsv'
[11.503s] INFO:colcon.colcon_core.shell:Creating environment hook '/home/crashlab/robot_ws/install/ydlidar_sdk/share/ydlidar_sdk/hook/cmake_prefix_path.sh'
[11.506s] Level 1:colcon.colcon_core.environment:checking '/home/crashlab/robot_ws/install/ydlidar_sdk/lib'
[11.507s] Level 1:colcon.colcon_core.environment:checking '/home/crashlab/robot_ws/install/ydlidar_sdk/bin'
[11.513s] Level 1:colcon.colcon_core.shell:create_environment_hook('ydlidar_sdk', 'path')
[11.515s] INFO:colcon.colcon_core.shell:Creating environment hook '/home/crashlab/robot_ws/install/ydlidar_sdk/share/ydlidar_sdk/hook/path.ps1'
[11.513s] DEBUG:colcon.colcon_core.event_handler.log_command:Invoked command in '/home/crashlab/robot_ws/build/ydlidar_sdk' returned '0': /usr/bin/cmake --install /home/crashlab/robot_ws/build/ydlidar_sdk
[11.518s] INFO:colcon.colcon_core.shell:Creating environment descriptor '/home/crashlab/robot_ws/install/ydlidar_sdk/share/ydlidar_sdk/hook/path.dsv'
[11.521s] INFO:colcon.colcon_core.shell:Creating environment hook '/home/crashlab/robot_ws/install/ydlidar_sdk/share/ydlidar_sdk/hook/path.sh'
[11.524s] Level 1:colcon.colcon_core.environment:checking '/home/crashlab/robot_ws/install/ydlidar_sdk/lib/pkgconfig/ydlidar_sdk.pc'
[11.526s] Level 1:colcon.colcon_core.environment:checking '/home/crashlab/robot_ws/install/ydlidar_sdk/lib/python3.10/site-packages'
[11.527s] Level 1:colcon.colcon_core.environment:checking '/home/crashlab/robot_ws/install/ydlidar_sdk/bin'
[11.528s] Level 1:colcon.colcon_core.shell:create_environment_hook('ydlidar_sdk', 'pythonscriptspath')
[11.529s] INFO:colcon.colcon_core.shell:Creating environment hook '/home/crashlab/robot_ws/install/ydlidar_sdk/share/ydlidar_sdk/hook/pythonscriptspath.ps1'
[11.532s] INFO:colcon.colcon_core.shell:Creating environment descriptor '/home/crashlab/robot_ws/install/ydlidar_sdk/share/ydlidar_sdk/hook/pythonscriptspath.dsv'
[11.535s] INFO:colcon.colcon_core.shell:Creating environment hook '/home/crashlab/robot_ws/install/ydlidar_sdk/share/ydlidar_sdk/hook/pythonscriptspath.sh'
[11.539s] INFO:colcon.colcon_core.shell:Creating package script '/home/crashlab/robot_ws/install/ydlidar_sdk/share/ydlidar_sdk/package.ps1'
[11.543s] INFO:colcon.colcon_core.shell:Creating package descriptor '/home/crashlab/robot_ws/install/ydlidar_sdk/share/ydlidar_sdk/package.dsv'
[11.547s] INFO:colcon.colcon_core.shell:Creating package script '/home/crashlab/robot_ws/install/ydlidar_sdk/share/ydlidar_sdk/package.sh'
[11.550s] INFO:colcon.colcon_core.shell:Creating package script '/home/crashlab/robot_ws/install/ydlidar_sdk/share/ydlidar_sdk/package.bash'
[11.553s] INFO:colcon.colcon_core.shell:Creating package script '/home/crashlab/robot_ws/install/ydlidar_sdk/share/ydlidar_sdk/package.zsh'
[11.556s] Level 1:colcon.colcon_core.environment:create_file_with_runtime_dependencies(/home/crashlab/robot_ws/install/ydlidar_sdk/share/colcon-core/packages/ydlidar_sdk)
[13.821s] Level 1:colcon.colcon_core.shell:create_environment_hook('json_data', 'pythonpath_develop')
[13.826s] INFO:colcon.colcon_core.shell:Creating environment hook '/home/crashlab/robot_ws/build/json_data/share/json_data/hook/pythonpath_develop.ps1'
[13.825s] DEBUG:colcon.colcon_core.event_handler.log_command:Invoked command in '/home/crashlab/robot_ws/build/json_data' returned '0': PYTHONPATH=/home/crashlab/robot_ws/build/json_data/prefix_override:/usr/lib/python3/dist-packages/colcon_core/task/python/colcon_distutils_commands:/home/crashlab/robot_ws/install/json_data/lib/python3.10/site-packages:${PYTHONPATH} /usr/bin/python3 -W ignore:setup.py install is deprecated -W ignore:easy_install command is deprecated setup.py develop --editable --build-directory /home/crashlab/robot_ws/build/json_data/build --no-deps symlink_data
[13.835s] INFO:colcon.colcon_core.shell:Creating environment descriptor '/home/crashlab/robot_ws/build/json_data/share/json_data/hook/pythonpath_develop.dsv'
[13.842s] INFO:colcon.colcon_core.shell:Creating environment hook '/home/crashlab/robot_ws/build/json_data/share/json_data/hook/pythonpath_develop.sh'
[13.848s] Level 1:colcon.colcon_core.environment:checking '/home/crashlab/robot_ws/install/json_data' for CMake module files
[13.852s] Level 1:colcon.colcon_core.environment:checking '/home/crashlab/robot_ws/install/json_data' for CMake config files
[13.858s] Level 1:colcon.colcon_core.environment:checking '/home/crashlab/robot_ws/install/json_data/lib'
[13.859s] Level 1:colcon.colcon_core.environment:checking '/home/crashlab/robot_ws/install/json_data/bin'
[13.860s] Level 1:colcon.colcon_core.environment:checking '/home/crashlab/robot_ws/install/json_data/lib/pkgconfig/json_data.pc'
[13.862s] Level 1:colcon.colcon_core.environment:checking '/home/crashlab/robot_ws/install/json_data/lib/python3.10/site-packages'
[13.863s] Level 1:colcon.colcon_core.shell:create_environment_hook('json_data', 'pythonpath')
[13.865s] INFO:colcon.colcon_core.shell:Creating environment hook '/home/crashlab/robot_ws/install/json_data/share/json_data/hook/pythonpath.ps1'
[13.867s] INFO:colcon.colcon_core.shell:Creating environment descriptor '/home/crashlab/robot_ws/install/json_data/share/json_data/hook/pythonpath.dsv'
[13.870s] INFO:colcon.colcon_core.shell:Creating environment hook '/home/crashlab/robot_ws/install/json_data/share/json_data/hook/pythonpath.sh'
[13.874s] Level 1:colcon.colcon_core.environment:checking '/home/crashlab/robot_ws/install/json_data/bin'
[13.875s] Level 1:colcon.colcon_core.environment:create_environment_scripts_only(json_data)
[13.877s] INFO:colcon.colcon_core.shell:Creating package script '/home/crashlab/robot_ws/install/json_data/share/json_data/package.ps1'
[13.880s] INFO:colcon.colcon_core.shell:Creating package descriptor '/home/crashlab/robot_ws/install/json_data/share/json_data/package.dsv'
[13.884s] INFO:colcon.colcon_core.shell:Creating package script '/home/crashlab/robot_ws/install/json_data/share/json_data/package.sh'
[13.887s] INFO:colcon.colcon_core.shell:Creating package script '/home/crashlab/robot_ws/install/json_data/share/json_data/package.bash'
[13.890s] INFO:colcon.colcon_core.shell:Creating package script '/home/crashlab/robot_ws/install/json_data/share/json_data/package.zsh'
[13.894s] Level 1:colcon.colcon_core.environment:create_file_with_runtime_dependencies(/home/crashlab/robot_ws/install/json_data/share/colcon-core/packages/json_data)
[13.902s] Level 1:colcon.colcon_core.shell:create_environment_hook('coordination', 'pythonpath_develop')
[13.903s] DEBUG:colcon.colcon_core.event_handler.log_command:Invoked command in '/home/crashlab/robot_ws/build/coordination' returned '0': PYTHONPATH=/home/crashlab/robot_ws/build/coordination/prefix_override:/usr/lib/python3/dist-packages/colcon_core/task/python/colcon_distutils_commands:/home/crashlab/robot_ws/install/coordination/lib/python3.10/site-packages:${PYTHONPATH} /usr/bin/python3 -W ignore:setup.py install is deprecated -W ignore:easy_install command is deprecated setup.py develop --editable --build-directory /home/crashlab/robot_ws/build/coordination/build --no-deps symlink_data
[13.905s] INFO:colcon.colcon_core.shell:Creating environment hook '/home/crashlab/robot_ws/build/coordination/share/coordination/hook/pythonpath_develop.ps1'
[13.908s] INFO:colcon.colcon_core.shell:Creating environment descriptor '/home/crashlab/robot_ws/build/coordination/share/coordination/hook/pythonpath_develop.dsv'
[13.911s] INFO:colcon.colcon_core.shell:Creating environment hook '/home/crashlab/robot_ws/build/coordination/share/coordination/hook/pythonpath_develop.sh'
[13.915s] Level 1:colcon.colcon_core.environment:checking '/home/crashlab/robot_ws/install/coordination' for CMake module files
[13.918s] Level 1:colcon.colcon_core.environment:checking '/home/crashlab/robot_ws/install/coordination' for CMake config files
[13.922s] Level 1:colcon.colcon_core.environment:checking '/home/crashlab/robot_ws/install/coordination/lib'
[13.923s] Level 1:colcon.colcon_core.environment:checking '/home/crashlab/robot_ws/install/coordination/bin'
[13.924s] Level 1:colcon.colcon_core.environment:checking '/home/crashlab/robot_ws/install/coordination/lib/pkgconfig/coordination.pc'
[13.925s] Level 1:colcon.colcon_core.environment:checking '/home/crashlab/robot_ws/install/coordination/lib/python3.10/site-packages'
[13.926s] Level 1:colcon.colcon_core.shell:create_environment_hook('coordination', 'pythonpath')
[13.927s] INFO:colcon.colcon_core.shell:Creating environment hook '/home/crashlab/robot_ws/install/coordination/share/coordination/hook/pythonpath.ps1'
[13.930s] INFO:colcon.colcon_core.shell:Creating environment descriptor '/home/crashlab/robot_ws/install/coordination/share/coordination/hook/pythonpath.dsv'
[13.934s] INFO:colcon.colcon_core.shell:Creating environment hook '/home/crashlab/robot_ws/install/coordination/share/coordination/hook/pythonpath.sh'
[13.939s] Level 1:colcon.colcon_core.environment:checking '/home/crashlab/robot_ws/install/coordination/bin'
[13.940s] Level 1:colcon.colcon_core.environment:create_environment_scripts_only(coordination)
[13.942s] INFO:colcon.colcon_core.shell:Creating package script '/home/crashlab/robot_ws/install/coordination/share/coordination/package.ps1'
[13.946s] INFO:colcon.colcon_core.shell:Creating package descriptor '/home/crashlab/robot_ws/install/coordination/share/coordination/package.dsv'
[13.950s] INFO:colcon.colcon_core.shell:Creating package script '/home/crashlab/robot_ws/install/coordination/share/coordination/package.sh'
[13.954s] INFO:colcon.colcon_core.shell:Creating package script '/home/crashlab/robot_ws/install/coordination/share/coordination/package.bash'
[13.957s] INFO:colcon.colcon_core.shell:Creating package script '/home/crashlab/robot_ws/install/coordination/share/coordination/package.zsh'
[13.960s] Level 1:colcon.colcon_core.environment:create_file_with_runtime_dependencies(/home/crashlab/robot_ws/install/coordination/share/colcon-core/packages/coordination)
[51.406s] Level 1:colcon.colcon_core.environment:create_environment_scripts_only(nav_motor_pkg)
[51.407s] DEBUG:colcon.colcon_core.event_handler.log_command:Invoked command in '/home/crashlab/robot_ws/build/nav_motor_pkg' returned '2': CMAKE_PREFIX_PATH=${CMAKE_PREFIX_PATH}:/home/crashlab/robot_ws/install/nav_bringup:/home/crashlab/robot_ws/install/json_data:/home/crashlab/robot_ws/install/coordination:/opt/ros/humble /usr/bin/cmake --build /home/crashlab/robot_ws/build/nav_motor_pkg -- -j4 -l4
[51.408s] Level 1:colcon.colcon_core.environment:checking '/home/crashlab/robot_ws/install/nav_motor_pkg' for CMake module files
[51.412s] Level 1:colcon.colcon_core.environment:checking '/home/crashlab/robot_ws/install/nav_motor_pkg' for CMake config files
[51.414s] Level 1:colcon.colcon_core.shell:create_environment_hook('nav_motor_pkg', 'cmake_prefix_path')
[51.416s] INFO:colcon.colcon_core.shell:Creating environment hook '/home/crashlab/robot_ws/install/nav_motor_pkg/share/nav_motor_pkg/hook/cmake_prefix_path.ps1'
[51.418s] INFO:colcon.colcon_core.shell:Creating environment descriptor '/home/crashlab/robot_ws/install/nav_motor_pkg/share/nav_motor_pkg/hook/cmake_prefix_path.dsv'
[51.421s] INFO:colcon.colcon_core.shell:Creating environment hook '/home/crashlab/robot_ws/install/nav_motor_pkg/share/nav_motor_pkg/hook/cmake_prefix_path.sh'
[51.425s] Level 1:colcon.colcon_core.environment:checking '/home/crashlab/robot_ws/install/nav_motor_pkg/lib'
[51.425s] Level 1:colcon.colcon_core.environment:checking '/home/crashlab/robot_ws/install/nav_motor_pkg/bin'
[51.426s] Level 1:colcon.colcon_core.environment:checking '/home/crashlab/robot_ws/install/nav_motor_pkg/lib/pkgconfig/nav_motor_pkg.pc'
[51.427s] Level 1:colcon.colcon_core.environment:checking '/home/crashlab/robot_ws/install/nav_motor_pkg/lib/python3.10/site-packages'
[51.428s] Level 1:colcon.colcon_core.environment:checking '/home/crashlab/robot_ws/install/nav_motor_pkg/bin'
[51.430s] INFO:colcon.colcon_core.shell:Creating package script '/home/crashlab/robot_ws/install/nav_motor_pkg/share/nav_motor_pkg/package.ps1'
[51.433s] INFO:colcon.colcon_core.shell:Creating package descriptor '/home/crashlab/robot_ws/install/nav_motor_pkg/share/nav_motor_pkg/package.dsv'
[51.436s] INFO:colcon.colcon_core.shell:Creating package script '/home/crashlab/robot_ws/install/nav_motor_pkg/share/nav_motor_pkg/package.sh'
[51.439s] INFO:colcon.colcon_core.shell:Creating package script '/home/crashlab/robot_ws/install/nav_motor_pkg/share/nav_motor_pkg/package.bash'
[51.442s] INFO:colcon.colcon_core.shell:Creating package script '/home/crashlab/robot_ws/install/nav_motor_pkg/share/nav_motor_pkg/package.zsh'
[51.445s] Level 1:colcon.colcon_core.environment:create_file_with_runtime_dependencies(/home/crashlab/robot_ws/install/nav_motor_pkg/share/colcon-core/packages/nav_motor_pkg)
[51.457s] DEBUG:colcon.colcon_parallel_executor.executor.parallel:closing loop
[51.458s] DEBUG:colcon.colcon_parallel_executor.executor.parallel:loop closed
[51.458s] DEBUG:colcon.colcon_parallel_executor.executor.parallel:run_until_complete finished with '2'
[51.459s] DEBUG:colcon.colcon_core.event_reactor:joining thread
[51.487s] INFO:colcon.colcon_core.plugin_system:Skipping extension 'colcon_notification.desktop_notification.terminal_notifier': Not used on non-Darwin systems
[51.488s] INFO:colcon.colcon_core.plugin_system:Skipping extension 'colcon_notification.desktop_notification.win32': Not used on non-Windows systems
[51.488s] INFO:colcon.colcon_notification.desktop_notification:Sending desktop notification using 'notify2'
[51.532s] DEBUG:colcon.colcon_core.event_reactor:joined thread
[51.534s] INFO:colcon.colcon_core.shell:Creating prefix script '/home/crashlab/robot_ws/install/local_setup.ps1'
[51.539s] INFO:colcon.colcon_core.shell:Creating prefix util module '/home/crashlab/robot_ws/install/_local_setup_util_ps1.py'
[51.546s] INFO:colcon.colcon_core.shell:Creating prefix chain script '/home/crashlab/robot_ws/install/setup.ps1'
[51.554s] INFO:colcon.colcon_core.shell:Creating prefix script '/home/crashlab/robot_ws/install/local_setup.sh'
[51.557s] INFO:colcon.colcon_core.shell:Creating prefix util module '/home/crashlab/robot_ws/install/_local_setup_util_sh.py'
[51.561s] INFO:colcon.colcon_core.shell:Creating prefix chain script '/home/crashlab/robot_ws/install/setup.sh'
[51.569s] INFO:colcon.colcon_core.shell:Creating prefix script '/home/crashlab/robot_ws/install/local_setup.bash'
[51.572s] INFO:colcon.colcon_core.shell:Creating prefix chain script '/home/crashlab/robot_ws/install/setup.bash'
[51.581s] INFO:colcon.colcon_core.shell:Creating prefix script '/home/crashlab/robot_ws/install/local_setup.zsh'
[51.585s] INFO:colcon.colcon_core.shell:Creating prefix chain script '/home/crashlab/robot_ws/install/setup.zsh'
