[1.902s] Invoking command in '/home/crashlab/robot_ws/build/crash_nav2': CMAKE_PREFIX_PATH=${CMAKE_PREFIX_PATH}:/home/crashlab/robot_ws/install/nav_bringup:/home/crashlab/robot_ws/install/json_data:/home/crashlab/robot_ws/install/coordination:/opt/ros/humble /usr/bin/cmake --build /home/crashlab/robot_ws/build/crash_nav2 -- -j4 -l4
[3.804s] [ 33%] Built target pid_check
[3.807s] [ 66%] Built target odom_publisher
[3.816s] [100%] Built target navigate_controller
[3.818s] Invoked command in '/home/crashlab/robot_ws/build/crash_nav2' returned '0': CMAKE_PREFIX_PATH=${CMAKE_PREFIX_PATH}:/home/crashlab/robot_ws/install/nav_bringup:/home/crashlab/robot_ws/install/json_data:/home/crashlab/robot_ws/install/coordination:/opt/ros/humble /usr/bin/cmake --build /home/crashlab/robot_ws/build/crash_nav2 -- -j4 -l4
[3.861s] Invoking command in '/home/crashlab/robot_ws/build/crash_nav2': CMAKE_PREFIX_PATH=${CMAKE_PREFIX_PATH}:/home/crashlab/robot_ws/install/nav_bringup:/home/crashlab/robot_ws/install/json_data:/home/crashlab/robot_ws/install/coordination:/opt/ros/humble /usr/bin/cmake --install /home/crashlab/robot_ws/build/crash_nav2
[3.905s] -- Install configuration: ""
[3.907s] -- Execute custom install script
[3.910s] -- Up-to-date symlink: /home/crashlab/robot_ws/install/crash_nav2/lib/crash_nav2//navigate_controller
[3.911s] -- Up-to-date symlink: /home/crashlab/robot_ws/install/crash_nav2/lib/crash_nav2//pid_check
[3.920s] -- Up-to-date symlink: /home/crashlab/robot_ws/install/crash_nav2/lib/crash_nav2/odom_publisher
[3.945s] -- Up-to-date symlink: /home/crashlab/robot_ws/install/crash_nav2/share/crash_nav2/launch/navigation.launch.py
[3.950s] -- Up-to-date symlink: /home/crashlab/robot_ws/install/crash_nav2/share/crash_nav2/launch/navigation_rviz.launch.py
[3.959s] -- Up-to-date symlink: /home/crashlab/robot_ws/install/crash_nav2/share/crash_nav2/launch/online_async_launch.py
[3.962s] -- Up-to-date symlink: /home/crashlab/robot_ws/install/crash_nav2/share/crash_nav2/map/112_map.pgm
[3.965s] -- Up-to-date symlink: /home/crashlab/robot_ws/install/crash_nav2/share/crash_nav2/map/112_map.yaml
[3.968s] -- Up-to-date symlink: /home/crashlab/robot_ws/install/crash_nav2/share/crash_nav2/map/112_map_serial.data
[3.972s] -- Up-to-date symlink: /home/crashlab/robot_ws/install/crash_nav2/share/crash_nav2/map/112_map_serial.posegraph
[3.981s] -- Up-to-date symlink: /home/crashlab/robot_ws/install/crash_nav2/share/crash_nav2/map/bad_map.pgm
[4.005s] -- Up-to-date symlink: /home/crashlab/robot_ws/install/crash_nav2/share/crash_nav2/map/bad_map.yaml
[4.008s] -- Up-to-date symlink: /home/crashlab/robot_ws/install/crash_nav2/share/crash_nav2/map/bad_map_serial.data
[4.012s] -- Up-to-date symlink: /home/crashlab/robot_ws/install/crash_nav2/share/crash_nav2/map/bad_map_serial.posegraph
[4.014s] -- Up-to-date symlink: /home/crashlab/robot_ws/install/crash_nav2/share/crash_nav2/map/map.pgm
[4.018s] -- Up-to-date symlink: /home/crashlab/robot_ws/install/crash_nav2/share/crash_nav2/map/map.yaml
[4.022s] -- Up-to-date symlink: /home/crashlab/robot_ws/install/crash_nav2/share/crash_nav2/map/map_serial.data
[4.027s] -- Up-to-date symlink: /home/crashlab/robot_ws/install/crash_nav2/share/crash_nav2/map/map_serial.posegraph
[4.033s] -- Up-to-date symlink: /home/crashlab/robot_ws/install/crash_nav2/share/crash_nav2/map/testmap_save.pgm
[4.040s] -- Up-to-date symlink: /home/crashlab/robot_ws/install/crash_nav2/share/crash_nav2/map/testmap_save.yaml
[4.053s] -- Up-to-date symlink: /home/crashlab/robot_ws/install/crash_nav2/share/crash_nav2/map/testmap_serial.data
[4.069s] -- Up-to-date symlink: /home/crashlab/robot_ws/install/crash_nav2/share/crash_nav2/map/testmap_serial.posegraph
[4.069s] -- Up-to-date symlink: /home/crashlab/robot_ws/install/crash_nav2/share/crash_nav2/param/crash_params.yaml
[4.070s] -- Up-to-date symlink: /home/crashlab/robot_ws/install/crash_nav2/share/crash_nav2/rviz/tb3_navigation.rviz
[4.072s] -- Up-to-date symlink: /home/crashlab/robot_ws/install/crash_nav2/share/crash_nav2/config/mapper_params_online_async.yaml
[4.073s] -- Up-to-date symlink: /home/crashlab/robot_ws/install/crash_nav2/share/ament_index/resource_index/package_run_dependencies/crash_nav2
[4.081s] -- Up-to-date symlink: /home/crashlab/robot_ws/install/crash_nav2/share/ament_index/resource_index/parent_prefix_path/crash_nav2
[4.082s] -- Up-to-date symlink: /home/crashlab/robot_ws/install/crash_nav2/share/crash_nav2/environment/ament_prefix_path.sh
[4.082s] -- Up-to-date symlink: /home/crashlab/robot_ws/install/crash_nav2/share/crash_nav2/environment/ament_prefix_path.dsv
[4.083s] -- Up-to-date symlink: /home/crashlab/robot_ws/install/crash_nav2/share/crash_nav2/environment/path.sh
[4.113s] -- Up-to-date symlink: /home/crashlab/robot_ws/install/crash_nav2/share/crash_nav2/environment/path.dsv
[4.113s] -- Up-to-date symlink: /home/crashlab/robot_ws/install/crash_nav2/share/crash_nav2/local_setup.bash
[4.115s] -- Up-to-date symlink: /home/crashlab/robot_ws/install/crash_nav2/share/crash_nav2/local_setup.sh
[4.116s] -- Up-to-date symlink: /home/crashlab/robot_ws/install/crash_nav2/share/crash_nav2/local_setup.zsh
[4.117s] -- Up-to-date symlink: /home/crashlab/robot_ws/install/crash_nav2/share/crash_nav2/local_setup.dsv
[4.117s] -- Symlinking: /home/crashlab/robot_ws/install/crash_nav2/share/crash_nav2/package.dsv
[4.121s] -- Up-to-date symlink: /home/crashlab/robot_ws/install/crash_nav2/share/ament_index/resource_index/packages/crash_nav2
[4.127s] -- Up-to-date symlink: /home/crashlab/robot_ws/install/crash_nav2/share/crash_nav2/cmake/crash_nav2Config.cmake
[4.130s] -- Up-to-date symlink: /home/crashlab/robot_ws/install/crash_nav2/share/crash_nav2/cmake/crash_nav2Config-version.cmake
[4.139s] -- Up-to-date symlink: /home/crashlab/robot_ws/install/crash_nav2/share/crash_nav2/package.xml
[4.159s] Invoked command in '/home/crashlab/robot_ws/build/crash_nav2' returned '0': CMAKE_PREFIX_PATH=${CMAKE_PREFIX_PATH}:/home/crashlab/robot_ws/install/nav_bringup:/home/crashlab/robot_ws/install/json_data:/home/crashlab/robot_ws/install/coordination:/opt/ros/humble /usr/bin/cmake --install /home/crashlab/robot_ws/build/crash_nav2
