[1.327s] Invoking command in '/home/crashlab/robot_ws/build/crash_nav2': CMAKE_PREFIX_PATH=${CMAKE_PREFIX_PATH}:/home/crashlab/robot_ws/install/nav_bringup:/home/crashlab/robot_ws/install/json_data:/home/crashlab/robot_ws/install/coordination:/opt/ros/humble /usr/bin/cmake --build /home/crashlab/robot_ws/build/crash_nav2 -- -j4 -l4
[2.653s] [ 33%] Built target pid_check
[2.656s] [ 66%] Built target odom_publisher
[2.657s] [100%] Built target navigate_controller
[2.681s] Invoked command in '/home/crashlab/robot_ws/build/crash_nav2' returned '0': CMAKE_PREFIX_PATH=${CMAKE_PREFIX_PATH}:/home/crashlab/robot_ws/install/nav_bringup:/home/crashlab/robot_ws/install/json_data:/home/crashlab/robot_ws/install/coordination:/opt/ros/humble /usr/bin/cmake --build /home/crashlab/robot_ws/build/crash_nav2 -- -j4 -l4
[2.717s] Invoking command in '/home/crashlab/robot_ws/build/crash_nav2': CMAKE_PREFIX_PATH=${CMAKE_PREFIX_PATH}:/home/crashlab/robot_ws/install/nav_bringup:/home/crashlab/robot_ws/install/json_data:/home/crashlab/robot_ws/install/coordination:/opt/ros/humble /usr/bin/cmake --install /home/crashlab/robot_ws/build/crash_nav2
[2.750s] -- Install configuration: ""
[2.758s] -- Execute custom install script
[2.758s] -- Up-to-date symlink: /home/crashlab/robot_ws/install/crash_nav2/lib/crash_nav2//navigate_controller
[2.759s] -- Up-to-date symlink: /home/crashlab/robot_ws/install/crash_nav2/lib/crash_nav2//pid_check
[2.759s] -- Up-to-date symlink: /home/crashlab/robot_ws/install/crash_nav2/lib/crash_nav2/odom_publisher
[2.763s] -- Up-to-date symlink: /home/crashlab/robot_ws/install/crash_nav2/share/crash_nav2/launch/navigation.launch.py
[2.765s] -- Up-to-date symlink: /home/crashlab/robot_ws/install/crash_nav2/share/crash_nav2/launch/navigation_rviz.launch.py
[2.767s] -- Up-to-date symlink: /home/crashlab/robot_ws/install/crash_nav2/share/crash_nav2/launch/online_async_launch.py
[2.774s] -- Up-to-date symlink: /home/crashlab/robot_ws/install/crash_nav2/share/crash_nav2/map/112_map.pgm
[2.775s] -- Up-to-date symlink: /home/crashlab/robot_ws/install/crash_nav2/share/crash_nav2/map/112_map.yaml
[2.777s] -- Up-to-date symlink: /home/crashlab/robot_ws/install/crash_nav2/share/crash_nav2/map/112_map_serial.data
[2.778s] -- Up-to-date symlink: /home/crashlab/robot_ws/install/crash_nav2/share/crash_nav2/map/112_map_serial.posegraph
[2.780s] -- Up-to-date symlink: /home/crashlab/robot_ws/install/crash_nav2/share/crash_nav2/map/bad_map.pgm
[2.782s] -- Up-to-date symlink: /home/crashlab/robot_ws/install/crash_nav2/share/crash_nav2/map/bad_map.yaml
[2.784s] -- Up-to-date symlink: /home/crashlab/robot_ws/install/crash_nav2/share/crash_nav2/map/bad_map_serial.data
[2.786s] -- Up-to-date symlink: /home/crashlab/robot_ws/install/crash_nav2/share/crash_nav2/map/bad_map_serial.posegraph
[2.788s] -- Up-to-date symlink: /home/crashlab/robot_ws/install/crash_nav2/share/crash_nav2/map/map.pgm
[2.790s] -- Up-to-date symlink: /home/crashlab/robot_ws/install/crash_nav2/share/crash_nav2/map/map.yaml
[2.792s] -- Up-to-date symlink: /home/crashlab/robot_ws/install/crash_nav2/share/crash_nav2/map/map_serial.data
[2.794s] -- Up-to-date symlink: /home/crashlab/robot_ws/install/crash_nav2/share/crash_nav2/map/map_serial.posegraph
[2.797s] -- Up-to-date symlink: /home/crashlab/robot_ws/install/crash_nav2/share/crash_nav2/map/testmap_save.pgm
[2.799s] -- Up-to-date symlink: /home/crashlab/robot_ws/install/crash_nav2/share/crash_nav2/map/testmap_save.yaml
[2.802s] -- Up-to-date symlink: /home/crashlab/robot_ws/install/crash_nav2/share/crash_nav2/map/testmap_serial.data
[2.804s] -- Up-to-date symlink: /home/crashlab/robot_ws/install/crash_nav2/share/crash_nav2/map/testmap_serial.posegraph
[2.807s] -- Up-to-date symlink: /home/crashlab/robot_ws/install/crash_nav2/share/crash_nav2/param/crash_params.yaml
[2.810s] -- Up-to-date symlink: /home/crashlab/robot_ws/install/crash_nav2/share/crash_nav2/rviz/tb3_navigation.rviz
[2.814s] -- Up-to-date symlink: /home/crashlab/robot_ws/install/crash_nav2/share/crash_nav2/config/mapper_params_online_async.yaml
[2.818s] -- Up-to-date symlink: /home/crashlab/robot_ws/install/crash_nav2/share/ament_index/resource_index/package_run_dependencies/crash_nav2
[2.821s] -- Up-to-date symlink: /home/crashlab/robot_ws/install/crash_nav2/share/ament_index/resource_index/parent_prefix_path/crash_nav2
[2.824s] -- Up-to-date symlink: /home/crashlab/robot_ws/install/crash_nav2/share/crash_nav2/environment/ament_prefix_path.sh
[2.828s] -- Up-to-date symlink: /home/crashlab/robot_ws/install/crash_nav2/share/crash_nav2/environment/ament_prefix_path.dsv
[2.832s] -- Up-to-date symlink: /home/crashlab/robot_ws/install/crash_nav2/share/crash_nav2/environment/path.sh
[2.835s] -- Up-to-date symlink: /home/crashlab/robot_ws/install/crash_nav2/share/crash_nav2/environment/path.dsv
[2.838s] -- Up-to-date symlink: /home/crashlab/robot_ws/install/crash_nav2/share/crash_nav2/local_setup.bash
[2.840s] -- Up-to-date symlink: /home/crashlab/robot_ws/install/crash_nav2/share/crash_nav2/local_setup.sh
[2.843s] -- Up-to-date symlink: /home/crashlab/robot_ws/install/crash_nav2/share/crash_nav2/local_setup.zsh
[2.846s] -- Up-to-date symlink: /home/crashlab/robot_ws/install/crash_nav2/share/crash_nav2/local_setup.dsv
[2.849s] -- Symlinking: /home/crashlab/robot_ws/install/crash_nav2/share/crash_nav2/package.dsv
[2.891s] -- Up-to-date symlink: /home/crashlab/robot_ws/install/crash_nav2/share/ament_index/resource_index/packages/crash_nav2
[2.893s] -- Up-to-date symlink: /home/crashlab/robot_ws/install/crash_nav2/share/crash_nav2/cmake/crash_nav2Config.cmake
[2.896s] -- Up-to-date symlink: /home/crashlab/robot_ws/install/crash_nav2/share/crash_nav2/cmake/crash_nav2Config-version.cmake
[2.898s] -- Up-to-date symlink: /home/crashlab/robot_ws/install/crash_nav2/share/crash_nav2/package.xml
[2.914s] Invoked command in '/home/crashlab/robot_ws/build/crash_nav2' returned '0': CMAKE_PREFIX_PATH=${CMAKE_PREFIX_PATH}:/home/crashlab/robot_ws/install/nav_bringup:/home/crashlab/robot_ws/install/json_data:/home/crashlab/robot_ws/install/coordination:/opt/ros/humble /usr/bin/cmake --install /home/crashlab/robot_ws/build/crash_nav2
