[25.361s] Invoking command in '/home/crashlab/robot_ws/build/ggobuk_bringup': PYTHONPATH=/home/crashlab/robot_ws/build/ggobuk_bringup/prefix_override:/usr/lib/python3/dist-packages/colcon_core/task/python/colcon_distutils_commands:/home/crashlab/robot_ws/install/ggobuk_bringup/lib/python3.10/site-packages:${PYTHONPATH} /usr/bin/python3 -W ignore:setup.py install is deprecated -W ignore:easy_install command is deprecated setup.py develop --editable --build-directory /home/crashlab/robot_ws/build/ggobuk_bringup/build --no-deps symlink_data
[35.426s] Traceback (most recent call last):
[35.444s]   File "/home/crashlab/robot_ws/build/ggobuk_bringup/setup.py", line 3, in <module>
[35.459s]     from setuptools import find_packages
[35.502s]   File "/usr/lib/python3/dist-packages/setuptools/__init__.py", line 16, in <module>
[35.634s]     import setuptools.version
[35.666s]   File "/usr/lib/python3/dist-packages/setuptools/version.py", line 1, in <module>
[35.686s]     import pkg_resources
[35.691s]   File "/usr/lib/python3/dist-packages/pkg_resources/__init__.py", line 3267, in <module>
[35.696s]     def _initialize_master_working_set():
[35.698s]   File "/usr/lib/python3/dist-packages/pkg_resources/__init__.py", line 3241, in _call_aside
[35.710s]     f(*args, **kwargs)
[35.714s]   File "/usr/lib/python3/dist-packages/pkg_resources/__init__.py", line 3302, in _initialize_master_working_set
[35.725s]     list(map(working_set.add_entry, sys.path))
[35.772s]   File "/usr/lib/python3/dist-packages/pkg_resources/__init__.py", line 613, in add_entry
[35.794s]     for dist in find_distributions(entry, True):
[35.811s]   File "/usr/lib/python3/dist-packages/pkg_resources/__init__.py", line 2077, in find_on_path
[35.911s]     for dist in factory(fullpath):
[35.965s]   File "/usr/lib/python3/dist-packages/pkg_resources/__init__.py", line 2142, in distributions_from_metadata
[35.977s]     yield Distribution.from_location(
[36.002s]   File "/usr/lib/python3/dist-packages/pkg_resources/__init__.py", line 2606, in from_location
[36.038s]     )._reload_version()
[36.052s]   File "/usr/lib/python3/dist-packages/pkg_resources/__init__.py", line 3004, in _reload_version
[36.063s]     md_version = self._get_version()
[36.065s]   File "/usr/lib/python3/dist-packages/pkg_resources/__init__.py", line 2785, in _get_version
[36.083s]     version = _version_from_file(lines)
[36.099s]   File "/usr/lib/python3/dist-packages/pkg_resources/__init__.py", line 2569, in _version_from_file
[36.103s]     line = next(iter(version_lines), '')
[36.133s]   File "/usr/lib/python3/dist-packages/pkg_resources/__init__.py", line 2780, in _get_metadata
[36.158s]     for line in self.get_metadata_lines(name):
[36.170s]   File "/usr/lib/python3/dist-packages/pkg_resources/__init__.py", line 2400, in _nonblank
[36.190s]     return str and not str.startswith('#')
[36.191s] KeyboardInterrupt
