[0.063s] Invoking command in '/home/crashlab/robot_ws/build/untitled_description': CMAKE_PREFIX_PATH=${CMAKE_PREFIX_PATH}:/home/crashlab/robot_ws/install/nav_bringup:/home/crashlab/robot_ws/install/json_data:/home/crashlab/robot_ws/install/coordination:/opt/ros/humble /usr/bin/cmake --build /home/crashlab/robot_ws/build/untitled_description -- -j4 -l4
[0.399s] Invoked command in '/home/crashlab/robot_ws/build/untitled_description' returned '0': CMAKE_PREFIX_PATH=${CMAKE_PREFIX_PATH}:/home/crashlab/robot_ws/install/nav_bringup:/home/crashlab/robot_ws/install/json_data:/home/crashlab/robot_ws/install/coordination:/opt/ros/humble /usr/bin/cmake --build /home/crashlab/robot_ws/build/untitled_description -- -j4 -l4
[0.406s] Invoking command in '/home/crashlab/robot_ws/build/untitled_description': CMAKE_PREFIX_PATH=${CMAKE_PREFIX_PATH}:/home/crashlab/robot_ws/install/nav_bringup:/home/crashlab/robot_ws/install/json_data:/home/crashlab/robot_ws/install/coordination:/opt/ros/humble /usr/bin/cmake --install /home/crashlab/robot_ws/build/untitled_description
[0.456s] -- Install configuration: ""
[0.459s] -- Execute custom install script
[0.462s] -- Up-to-date symlink: /home/crashlab/robot_ws/install/untitled_description/share/untitled_description//launch/display.launch.py
[0.463s] -- Up-to-date symlink: /home/crashlab/robot_ws/install/untitled_description/share/untitled_description//launch/dynamic_transform_publisher.py
[0.467s] -- Up-to-date symlink: /home/crashlab/robot_ws/install/untitled_description/share/untitled_description//launch/gazebo.launch.py
[0.470s] -- Up-to-date symlink: /home/crashlab/robot_ws/install/untitled_description/share/untitled_description//launch/navigation.launch.py
[0.475s] -- Up-to-date symlink: /home/crashlab/robot_ws/install/untitled_description/share/untitled_description//launch/rviz.launch.py
[0.478s] -- Up-to-date symlink: /home/crashlab/robot_ws/install/untitled_description/share/untitled_description//launch/sim.launch.py
[0.481s] -- Up-to-date symlink: /home/crashlab/robot_ws/install/untitled_description/share/untitled_description//meshes/Caster_Wheel_1.stl
[0.484s] -- Up-to-date symlink: /home/crashlab/robot_ws/install/untitled_description/share/untitled_description//meshes/Caster_Wheel_out_1.stl
[0.489s] -- Up-to-date symlink: /home/crashlab/robot_ws/install/untitled_description/share/untitled_description//meshes/Left_Wheel_1.stl
[0.495s] -- Up-to-date symlink: /home/crashlab/robot_ws/install/untitled_description/share/untitled_description//meshes/Right_Wheel_1.stl
[0.501s] -- Up-to-date symlink: /home/crashlab/robot_ws/install/untitled_description/share/untitled_description//meshes/base_link.stl
[0.507s] -- Up-to-date symlink: /home/crashlab/robot_ws/install/untitled_description/share/untitled_description//urdf/gazebo.xacro
[0.510s] -- Up-to-date symlink: /home/crashlab/robot_ws/install/untitled_description/share/untitled_description//urdf/lidar.xacro
[0.516s] -- Up-to-date symlink: /home/crashlab/robot_ws/install/untitled_description/share/untitled_description//urdf/materials.xacro
[0.520s] -- Up-to-date symlink: /home/crashlab/robot_ws/install/untitled_description/share/untitled_description//urdf/untitled.gazebo
[0.523s] -- Up-to-date symlink: /home/crashlab/robot_ws/install/untitled_description/share/untitled_description//urdf/untitled.trans
[0.526s] -- Up-to-date symlink: /home/crashlab/robot_ws/install/untitled_description/share/untitled_description//urdf/untitled.xacro
[0.528s] -- Up-to-date symlink: /home/crashlab/robot_ws/install/untitled_description/share/untitled_description//config/display.rviz
[0.531s] -- Up-to-date symlink: /home/crashlab/robot_ws/install/untitled_description/share/untitled_description//config/mapper_params_online_async.yaml
[0.534s] -- Up-to-date symlink: /home/crashlab/robot_ws/install/untitled_description/share/untitled_description//config/nav2_params.yaml
[0.536s] -- Up-to-date symlink: /home/crashlab/robot_ws/install/untitled_description/share/untitled_description//config/rjrj.rviz
[0.539s] -- Up-to-date symlink: /home/crashlab/robot_ws/install/untitled_description/share/untitled_description//config/twist_mux.yaml
[0.543s] -- Up-to-date symlink: /home/crashlab/robot_ws/install/untitled_description/share/ament_index/resource_index/package_run_dependencies/untitled_description
[0.546s] -- Up-to-date symlink: /home/crashlab/robot_ws/install/untitled_description/share/ament_index/resource_index/parent_prefix_path/untitled_description
[0.552s] -- Up-to-date symlink: /home/crashlab/robot_ws/install/untitled_description/share/untitled_description/environment/ament_prefix_path.sh
[0.555s] -- Up-to-date symlink: /home/crashlab/robot_ws/install/untitled_description/share/untitled_description/environment/ament_prefix_path.dsv
[0.557s] -- Up-to-date symlink: /home/crashlab/robot_ws/install/untitled_description/share/untitled_description/environment/path.sh
[0.560s] -- Up-to-date symlink: /home/crashlab/robot_ws/install/untitled_description/share/untitled_description/environment/path.dsv
[0.563s] -- Up-to-date symlink: /home/crashlab/robot_ws/install/untitled_description/share/untitled_description/local_setup.bash
[0.567s] -- Up-to-date symlink: /home/crashlab/robot_ws/install/untitled_description/share/untitled_description/local_setup.sh
[0.570s] -- Up-to-date symlink: /home/crashlab/robot_ws/install/untitled_description/share/untitled_description/local_setup.zsh
[0.574s] -- Up-to-date symlink: /home/crashlab/robot_ws/install/untitled_description/share/untitled_description/local_setup.dsv
[0.577s] -- Symlinking: /home/crashlab/robot_ws/install/untitled_description/share/untitled_description/package.dsv
[0.609s] -- Up-to-date symlink: /home/crashlab/robot_ws/install/untitled_description/share/ament_index/resource_index/packages/untitled_description
[0.610s] -- Up-to-date symlink: /home/crashlab/robot_ws/install/untitled_description/share/untitled_description/cmake/untitled_descriptionConfig.cmake
[0.629s] -- Up-to-date symlink: /home/crashlab/robot_ws/install/untitled_description/share/untitled_description/cmake/untitled_descriptionConfig-version.cmake
[0.630s] -- Up-to-date symlink: /home/crashlab/robot_ws/install/untitled_description/share/untitled_description/package.xml
[0.664s] Invoked command in '/home/crashlab/robot_ws/build/untitled_description' returned '0': CMAKE_PREFIX_PATH=${CMAKE_PREFIX_PATH}:/home/crashlab/robot_ws/install/nav_bringup:/home/crashlab/robot_ws/install/json_data:/home/crashlab/robot_ws/install/coordination:/opt/ros/humble /usr/bin/cmake --install /home/crashlab/robot_ws/build/untitled_description
