[6.254s] Invoking command in '/home/crashlab/robot_ws/build/nav_motor_pkg': CMAKE_PREFIX_PATH=${CMAKE_PREFIX_PATH}:/home/crashlab/robot_ws/install/nav_bringup:/home/crashlab/robot_ws/install/json_data:/home/crashlab/robot_ws/install/ggobuk_bringup:/opt/ros/humble /usr/bin/cmake --build /home/crashlab/robot_ws/build/nav_motor_pkg -- -j4 -l4
[7.337s] [ 25%] Built target motor_util
[7.734s] [ 50%] Built target pid_gain_publisher
[9.566s] [ 75%] Built target test_running_node
[9.902s] [100%] Built target motor_run_node
[10.010s] Invoked command in '/home/crashlab/robot_ws/build/nav_motor_pkg' returned '0': CMAKE_PREFIX_PATH=${CMAKE_PREFIX_PATH}:/home/crashlab/robot_ws/install/nav_bringup:/home/crashlab/robot_ws/install/json_data:/home/crashlab/robot_ws/install/ggobuk_bringup:/opt/ros/humble /usr/bin/cmake --build /home/crashlab/robot_ws/build/nav_motor_pkg -- -j4 -l4
[10.021s] Invoking command in '/home/crashlab/robot_ws/build/nav_motor_pkg': CMAKE_PREFIX_PATH=${CMAKE_PREFIX_PATH}:/home/crashlab/robot_ws/install/nav_bringup:/home/crashlab/robot_ws/install/json_data:/home/crashlab/robot_ws/install/ggobuk_bringup:/opt/ros/humble /usr/bin/cmake --install /home/crashlab/robot_ws/build/nav_motor_pkg
[10.259s] -- Install configuration: ""
[10.264s] -- Execute custom install script
[10.274s] -- Up-to-date symlink: /home/crashlab/robot_ws/install/nav_motor_pkg/share/nav_motor_pkg//config/motor_parameters.txt
[10.289s] -- Up-to-date symlink: /home/crashlab/robot_ws/install/nav_motor_pkg/lib/nav_motor_pkg/libmotor_util.a
[10.297s] -- Up-to-date symlink: /home/crashlab/robot_ws/install/nav_motor_pkg/lib/nav_motor_pkg/motor_run_node
[10.307s] -- Up-to-date symlink: /home/crashlab/robot_ws/install/nav_motor_pkg/lib/nav_motor_pkg/test_running_node
[10.327s] -- Up-to-date symlink: /home/crashlab/robot_ws/install/nav_motor_pkg/lib/nav_motor_pkg/pid_gain_publisher
[10.351s] -- Up-to-date symlink: /home/crashlab/robot_ws/install/nav_motor_pkg/share/ament_index/resource_index/package_run_dependencies/nav_motor_pkg
[10.352s] -- Up-to-date symlink: /home/crashlab/robot_ws/install/nav_motor_pkg/share/ament_index/resource_index/parent_prefix_path/nav_motor_pkg
[10.353s] -- Up-to-date symlink: /home/crashlab/robot_ws/install/nav_motor_pkg/share/nav_motor_pkg/environment/ament_prefix_path.sh
[10.372s] -- Up-to-date symlink: /home/crashlab/robot_ws/install/nav_motor_pkg/share/nav_motor_pkg/environment/ament_prefix_path.dsv
[10.385s] -- Up-to-date symlink: /home/crashlab/robot_ws/install/nav_motor_pkg/share/nav_motor_pkg/environment/path.sh
[10.412s] -- Up-to-date symlink: /home/crashlab/robot_ws/install/nav_motor_pkg/share/nav_motor_pkg/environment/path.dsv
[10.446s] -- Up-to-date symlink: /home/crashlab/robot_ws/install/nav_motor_pkg/share/nav_motor_pkg/local_setup.bash
[10.489s] -- Up-to-date symlink: /home/crashlab/robot_ws/install/nav_motor_pkg/share/nav_motor_pkg/local_setup.sh
[10.537s] -- Up-to-date symlink: /home/crashlab/robot_ws/install/nav_motor_pkg/share/nav_motor_pkg/local_setup.zsh
[10.538s] -- Up-to-date symlink: /home/crashlab/robot_ws/install/nav_motor_pkg/share/nav_motor_pkg/local_setup.dsv
[10.541s] -- Symlinking: /home/crashlab/robot_ws/install/nav_motor_pkg/share/nav_motor_pkg/package.dsv
[10.557s] -- Up-to-date symlink: /home/crashlab/robot_ws/install/nav_motor_pkg/share/ament_index/resource_index/packages/nav_motor_pkg
[10.577s] -- Up-to-date symlink: /home/crashlab/robot_ws/install/nav_motor_pkg/share/nav_motor_pkg/cmake/nav_motor_pkgConfig.cmake
[10.588s] -- Up-to-date symlink: /home/crashlab/robot_ws/install/nav_motor_pkg/share/nav_motor_pkg/cmake/nav_motor_pkgConfig-version.cmake
[10.596s] -- Up-to-date symlink: /home/crashlab/robot_ws/install/nav_motor_pkg/share/nav_motor_pkg/package.xml
[10.620s] Invoked command in '/home/crashlab/robot_ws/build/nav_motor_pkg' returned '0': CMAKE_PREFIX_PATH=${CMAKE_PREFIX_PATH}:/home/crashlab/robot_ws/install/nav_bringup:/home/crashlab/robot_ws/install/json_data:/home/crashlab/robot_ws/install/ggobuk_bringup:/opt/ros/humble /usr/bin/cmake --install /home/crashlab/robot_ws/build/nav_motor_pkg
