[0.147s] Invoking command in '/home/crashlab/robot_ws/build/untitled_description': CMAKE_PREFIX_PATH=${CMAKE_PREFIX_PATH}:/home/crashlab/robot_ws/install/nav_bringup:/home/crashlab/robot_ws/install/json_data:/home/crashlab/robot_ws/install/coordination:/opt/ros/humble /usr/bin/cmake --build /home/crashlab/robot_ws/build/untitled_description -- -j4 -l4
[0.441s] Invoked command in '/home/crashlab/robot_ws/build/untitled_description' returned '0': CMAKE_PREFIX_PATH=${CMAKE_PREFIX_PATH}:/home/crashlab/robot_ws/install/nav_bringup:/home/crashlab/robot_ws/install/json_data:/home/crashlab/robot_ws/install/coordination:/opt/ros/humble /usr/bin/cmake --build /home/crashlab/robot_ws/build/untitled_description -- -j4 -l4
[0.451s] Invoking command in '/home/crashlab/robot_ws/build/untitled_description': CMAKE_PREFIX_PATH=${CMAKE_PREFIX_PATH}:/home/crashlab/robot_ws/install/nav_bringup:/home/crashlab/robot_ws/install/json_data:/home/crashlab/robot_ws/install/coordination:/opt/ros/humble /usr/bin/cmake --install /home/crashlab/robot_ws/build/untitled_description
[0.523s] -- Install configuration: ""
[0.526s] -- Execute custom install script
[0.528s] -- Up-to-date symlink: /home/crashlab/robot_ws/install/untitled_description/share/untitled_description//launch/display.launch.py
[0.531s] -- Up-to-date symlink: /home/crashlab/robot_ws/install/untitled_description/share/untitled_description//launch/dynamic_transform_publisher.py
[0.534s] -- Up-to-date symlink: /home/crashlab/robot_ws/install/untitled_description/share/untitled_description//launch/gazebo.launch.py
[0.538s] -- Up-to-date symlink: /home/crashlab/robot_ws/install/untitled_description/share/untitled_description//launch/navigation.launch.py
[0.540s] -- Up-to-date symlink: /home/crashlab/robot_ws/install/untitled_description/share/untitled_description//launch/rviz.launch.py
[0.543s] -- Up-to-date symlink: /home/crashlab/robot_ws/install/untitled_description/share/untitled_description//launch/sim.launch.py
[0.547s] -- Up-to-date symlink: /home/crashlab/robot_ws/install/untitled_description/share/untitled_description//meshes/Caster_Wheel_1.stl
[0.550s] -- Up-to-date symlink: /home/crashlab/robot_ws/install/untitled_description/share/untitled_description//meshes/Caster_Wheel_out_1.stl
[0.553s] -- Up-to-date symlink: /home/crashlab/robot_ws/install/untitled_description/share/untitled_description//meshes/Left_Wheel_1.stl
[0.556s] -- Up-to-date symlink: /home/crashlab/robot_ws/install/untitled_description/share/untitled_description//meshes/Right_Wheel_1.stl
[0.559s] -- Up-to-date symlink: /home/crashlab/robot_ws/install/untitled_description/share/untitled_description//meshes/base_link.stl
[0.564s] -- Up-to-date symlink: /home/crashlab/robot_ws/install/untitled_description/share/untitled_description//urdf/gazebo.xacro
[0.567s] -- Up-to-date symlink: /home/crashlab/robot_ws/install/untitled_description/share/untitled_description//urdf/lidar.xacro
[0.570s] -- Up-to-date symlink: /home/crashlab/robot_ws/install/untitled_description/share/untitled_description//urdf/materials.xacro
[0.573s] -- Up-to-date symlink: /home/crashlab/robot_ws/install/untitled_description/share/untitled_description//urdf/untitled.gazebo
[0.576s] -- Up-to-date symlink: /home/crashlab/robot_ws/install/untitled_description/share/untitled_description//urdf/untitled.trans
[0.579s] -- Up-to-date symlink: /home/crashlab/robot_ws/install/untitled_description/share/untitled_description//urdf/untitled.xacro
[0.585s] -- Up-to-date symlink: /home/crashlab/robot_ws/install/untitled_description/share/untitled_description//config/display.rviz
[0.588s] -- Up-to-date symlink: /home/crashlab/robot_ws/install/untitled_description/share/untitled_description//config/mapper_params_online_async.yaml
[0.591s] -- Up-to-date symlink: /home/crashlab/robot_ws/install/untitled_description/share/untitled_description//config/nav2_params.yaml
[0.594s] -- Up-to-date symlink: /home/crashlab/robot_ws/install/untitled_description/share/untitled_description//config/rjrj.rviz
[0.598s] -- Up-to-date symlink: /home/crashlab/robot_ws/install/untitled_description/share/untitled_description//config/twist_mux.yaml
[0.602s] -- Up-to-date symlink: /home/crashlab/robot_ws/install/untitled_description/share/ament_index/resource_index/package_run_dependencies/untitled_description
[0.607s] -- Up-to-date symlink: /home/crashlab/robot_ws/install/untitled_description/share/ament_index/resource_index/parent_prefix_path/untitled_description
[0.609s] -- Up-to-date symlink: /home/crashlab/robot_ws/install/untitled_description/share/untitled_description/environment/ament_prefix_path.sh
[0.612s] -- Up-to-date symlink: /home/crashlab/robot_ws/install/untitled_description/share/untitled_description/environment/ament_prefix_path.dsv
[0.615s] -- Up-to-date symlink: /home/crashlab/robot_ws/install/untitled_description/share/untitled_description/environment/path.sh
[0.619s] -- Up-to-date symlink: /home/crashlab/robot_ws/install/untitled_description/share/untitled_description/environment/path.dsv
[0.623s] -- Up-to-date symlink: /home/crashlab/robot_ws/install/untitled_description/share/untitled_description/local_setup.bash
[0.626s] -- Up-to-date symlink: /home/crashlab/robot_ws/install/untitled_description/share/untitled_description/local_setup.sh
[0.630s] -- Up-to-date symlink: /home/crashlab/robot_ws/install/untitled_description/share/untitled_description/local_setup.zsh
[0.633s] -- Up-to-date symlink: /home/crashlab/robot_ws/install/untitled_description/share/untitled_description/local_setup.dsv
[0.636s] -- Symlinking: /home/crashlab/robot_ws/install/untitled_description/share/untitled_description/package.dsv
[0.684s] -- Up-to-date symlink: /home/crashlab/robot_ws/install/untitled_description/share/ament_index/resource_index/packages/untitled_description
[0.689s] -- Up-to-date symlink: /home/crashlab/robot_ws/install/untitled_description/share/untitled_description/cmake/untitled_descriptionConfig.cmake
[0.705s] -- Up-to-date symlink: /home/crashlab/robot_ws/install/untitled_description/share/untitled_description/cmake/untitled_descriptionConfig-version.cmake
[0.714s] -- Up-to-date symlink: /home/crashlab/robot_ws/install/untitled_description/share/untitled_description/package.xml
[0.739s] Invoked command in '/home/crashlab/robot_ws/build/untitled_description' returned '0': CMAKE_PREFIX_PATH=${CMAKE_PREFIX_PATH}:/home/crashlab/robot_ws/install/nav_bringup:/home/crashlab/robot_ws/install/json_data:/home/crashlab/robot_ws/install/coordination:/opt/ros/humble /usr/bin/cmake --install /home/crashlab/robot_ws/build/untitled_description
