[2.874s] Invoking command in '/home/crashlab/robot_ws/build/other_motor_pkg': CMAKE_PREFIX_PATH=${CMAKE_PREFIX_PATH}:/home/crashlab/robot_ws/install/nav_bringup:/home/crashlab/robot_ws/install/json_data:/opt/ros/humble /usr/bin/cmake --build /home/crashlab/robot_ws/build/other_motor_pkg -- -j4 -l4
[3.169s] [35m[1mConsolidate compiler generated dependencies of target cap_motor_node[0m
[3.294s] [ 50%] [32mBuilding CXX object CMakeFiles/cap_motor_node.dir/src/cap_motor_node.cpp.o[0m
[16.079s] [01m[K/home/crashlab/robot_ws/src/other_motor_pkg/src/cap_motor_node.cpp:27:41:[m[K [01;31m[Kerror: [m[K‘[01m[KFloat64[m[K’ is not a member of ‘[01m[Kstd_msgs::msg[m[K’
[16.080s]    27 | lcpp::Subscription<std_msgs::msg::[01;31m[KFloat64[m[K>::SharedPtr go_sub_;
[16.080s]       |                                   [01;31m[K^~~~~~~[m[K
[16.081s] 
[16.081s] [01m[K/home/crashlab/robot_ws/src/other_motor_pkg/src/cap_motor_node.cpp:27:48:[m[K [01;31m[Kerror: [m[Ktemplate argument 1 is invalid
[16.082s]    27 | ubscription<std_msgs::msg::Float64[01;31m[K>[m[K::SharedPtr go_sub_;
[16.082s]       |                                   [01;31m[K^[m[K
[16.083s] 
[16.083s] [01m[K/home/crashlab/robot_ws/src/other_motor_pkg/src/cap_motor_node.cpp:27:48:[m[K [01;31m[Kerror: [m[Ktemplate argument 3 is invalid
[16.084s] [01m[K/home/crashlab/robot_ws/src/other_motor_pkg/src/cap_motor_node.cpp:27:48:[m[K [01;31m[Kerror: [m[Ktemplate argument 4 is invalid
[16.084s] [01m[K/home/crashlab/robot_ws/src/other_motor_pkg/src/cap_motor_node.cpp:27:48:[m[K [01;31m[Kerror: [m[Ktemplate argument 5 is invalid
[16.084s] [01m[K/home/crashlab/robot_ws/src/other_motor_pkg/src/cap_motor_node.cpp:27:51:[m[K [01;31m[Kerror: [m[Kexpected ‘[01m[K;[m[K’ at end of member declaration
[16.085s]    27 | cription<std_msgs::msg::Float64>::[01;31m[KSharedPtr[m[K go_sub_;
[16.085s]       |                                   [01;31m[K^~~~~~~~~[m[K
[16.086s]       |                                            [32m[K;[m[K
[16.087s] [01m[K/home/crashlab/robot_ws/src/other_motor_pkg/src/cap_motor_node.cpp:27:61:[m[K [01;31m[Kerror: [m[K‘[01m[Kgo_sub_[m[K’ does not name a type
[16.087s]    27 | n<std_msgs::msg::Float64>::SharedPtr [01;31m[Kgo_sub_[m[K;
[16.088s]       |                                      [01;31m[K^~~~~~~[m[K
[16.088s] 
[16.089s] [01m[K/home/crashlab/robot_ws/src/other_motor_pkg/src/cap_motor_node.cpp:34:42:[m[K [01;31m[Kerror: [m[K‘[01m[KFloat64[m[K’ in namespace ‘[01m[Kstd_msgs::msg[m[K’ does not name a type
[16.089s]    34 | d GoCallback(const std_msgs::msg::[01;31m[KFloat64[m[K::SharedPtr)
[16.090s]       |                                   [01;31m[K^~~~~~~[m[K
[16.090s] 
[16.090s] [01m[K/home/crashlab/robot_ws/src/other_motor_pkg/src/cap_motor_node.cpp:34:60:[m[K [01;31m[Kerror: [m[Kexpected unqualified-id before ‘[01m[K)[m[K’ token
[16.091s]    34 | back(const std_msgs::msg::Float64::SharedPtr[01;31m[K)[m[K
[16.091s]       |                                             [01;31m[K^[m[K
[16.092s] 
[16.114s] [01m[K/home/crashlab/robot_ws/src/other_motor_pkg/src/cap_motor_node.cpp:[m[K In constructor ‘[01m[KCapMotorNode::CapMotorNode()[m[K’:
[16.114s] [01m[K/home/crashlab/robot_ws/src/other_motor_pkg/src/cap_motor_node.cpp:20:9:[m[K [01;31m[Kerror: [m[K‘[01m[Kgo_sub_[m[K’ was not declared in this scope
[16.115s]    20 |         [01;31m[Kgo_sub_[m[K = this->create_subscription<std_msgs::msg::Int64>("/go", 10, std::bind(&CapMotorNode::GoCallback, this, std::placeholders::_1));
[16.115s]       |         [01;31m[K^~~~~~~[m[K
[16.354s] [01m[K/home/crashlab/robot_ws/src/other_motor_pkg/src/cap_motor_node.cpp:[m[K In member function ‘[01m[Kvoid CapMotorNode::TimerCallback()[m[K’:
[16.354s] [01m[K/home/crashlab/robot_ws/src/other_motor_pkg/src/cap_motor_node.cpp:57:5:[m[K [01;31m[Kerror: [m[Kexpected ‘[01m[K;[m[K’ before ‘[01m[K}[m[K’ token
[16.355s]    57 |     [01;31m[K}[m[K
[16.355s]       |     [01;31m[K^[m[K
[17.961s] In file included from [01m[K/opt/ros/humble/include/rclcpp/rclcpp/client.hpp:39[m[K,
[17.962s]                  from [01m[K/opt/ros/humble/include/rclcpp/rclcpp/callback_group.hpp:24[m[K,
[17.962s]                  from [01m[K/opt/ros/humble/include/rclcpp/rclcpp/any_executable.hpp:20[m[K,
[17.963s]                  from [01m[K/opt/ros/humble/include/rclcpp/rclcpp/memory_strategy.hpp:25[m[K,
[17.963s]                  from [01m[K/opt/ros/humble/include/rclcpp/rclcpp/memory_strategies.hpp:18[m[K,
[17.964s]                  from [01m[K/opt/ros/humble/include/rclcpp/rclcpp/executor_options.hpp:20[m[K,
[17.964s]                  from [01m[K/opt/ros/humble/include/rclcpp/rclcpp/executor.hpp:37[m[K,
[17.965s]                  from [01m[K/opt/ros/humble/include/rclcpp/rclcpp/executors/multi_threaded_executor.hpp:25[m[K,
[17.965s]                  from [01m[K/opt/ros/humble/include/rclcpp/rclcpp/executors.hpp:21[m[K,
[17.966s]                  from [01m[K/opt/ros/humble/include/rclcpp/rclcpp/rclcpp.hpp:155[m[K,
[17.966s]                  from [01m[K/home/crashlab/robot_ws/src/other_motor_pkg/src/cap_motor_node.cpp:1[m[K:
[17.966s] /opt/ros/humble/include/rclcpp/rclcpp/function_traits.hpp: In instantiation of ‘[01m[Kstruct rclcpp::function_traits::function_traits<std::_Bind<void (CapMotorNode::*(CapMotorNode*, std::_Placeholder<1>))(...)> >[m[K’:
[17.967s] [01m[K/opt/ros/humble/include/rclcpp/rclcpp/any_subscription_callback.hpp:380:10:[m[K   recursively required by substitution of ‘[01m[Ktemplate<class MessageT, class CallbackT> struct rclcpp::detail::SubscriptionCallbackTypeHelper<MessageT, CallbackT, typename std::enable_if<rclcpp::function_traits::same_arguments<CallbackT, std::function<void(std::shared_ptr<_Tp>, const rclcpp::MessageInfo&)> >::value, void>::type> [with MessageT = std_msgs::msg::Int64_<std::allocator<void> >; CallbackT = std::_Bind<void (CapMotorNode::*(CapMotorNode*, std::_Placeholder<1>))(...)>][m[K’
[17.967s] [01m[K/opt/ros/humble/include/rclcpp/rclcpp/any_subscription_callback.hpp:380:10:[m[K   required from ‘[01m[Krclcpp::AnySubscriptionCallback<MessageT, AllocatorT> rclcpp::AnySubscriptionCallback<MessageT, AllocatorT>::set(CallbackT) [with CallbackT = std::_Bind<void (CapMotorNode::*(CapMotorNode*, std::_Placeholder<1>))(...)>; MessageT = std_msgs::msg::Int64_<std::allocator<void> >; AllocatorT = std::allocator<void>][m[K’
[17.968s] [01m[K/opt/ros/humble/include/rclcpp/rclcpp/subscription_factory.hpp:94:32:[m[K   required from ‘[01m[Krclcpp::SubscriptionFactory rclcpp::create_subscription_factory(CallbackT&&, const rclcpp::SubscriptionOptionsWithAllocator<AllocatorT>&, typename MessageMemoryStrategyT::SharedPtr, std::shared_ptr<rclcpp::topic_statistics::SubscriptionTopicStatistics<ROSMessageType> >) [with MessageT = std_msgs::msg::Int64_<std::allocator<void> >; CallbackT = std::_Bind<void (CapMotorNode::*(CapMotorNode*, std::_Placeholder<1>))(...)>; AllocatorT = std::allocator<void>; SubscriptionT = rclcpp::Subscription<std_msgs::msg::Int64_<std::allocator<void> >, std::allocator<void>, std_msgs::msg::Int64_<std::allocator<void> >, std_msgs::msg::Int64_<std::allocator<void> >, rclcpp::message_memory_strategy::MessageMemoryStrategy<std_msgs::msg::Int64_<std::allocator<void> >, std::allocator<void> > >; MessageMemoryStrategyT = rclcpp::message_memory_strategy::MessageMemoryStrategy<std_msgs::msg::Int64_<std::allocator<void> >, std::allocator<void> >; ROSMessageType = std_msgs::msg::Int64_<std::allocator<void> >; typename MessageMemoryStrategyT::SharedPtr = std::shared_ptr<rclcpp::message_memory_strategy::MessageMemoryStrategy<std_msgs::msg::Int64_<std::allocator<void> >, std::allocator<void> > >][m[K’
[17.968s] [01m[K/opt/ros/humble/include/rclcpp/rclcpp/create_subscription.hpp:122:63:[m[K   required from ‘[01m[Kstd::shared_ptr<ROSMessageT> rclcpp::detail::create_subscription(NodeParametersT&, NodeTopicsT&, const string&, const rclcpp::QoS&, CallbackT&&, const rclcpp::SubscriptionOptionsWithAllocator<AllocatorT>&, typename MessageMemoryStrategyT::SharedPtr) [with MessageT = std_msgs::msg::Int64_<std::allocator<void> >; CallbackT = std::_Bind<void (CapMotorNode::*(CapMotorNode*, std::_Placeholder<1>))(...)>; AllocatorT = std::allocator<void>; SubscriptionT = rclcpp::Subscription<std_msgs::msg::Int64_<std::allocator<void> >, std::allocator<void>, std_msgs::msg::Int64_<std::allocator<void> >, std_msgs::msg::Int64_<std::allocator<void> >, rclcpp::message_memory_strategy::MessageMemoryStrategy<std_msgs::msg::Int64_<std::allocator<void> >, std::allocator<void> > >; MessageMemoryStrategyT = rclcpp::message_memory_strategy::MessageMemoryStrategy<std_msgs::msg::Int64_<std::allocator<void> >, std::allocator<void> >; NodeParametersT = rclcpp::Node; NodeTopicsT = rclcpp::Node; ROSMessageType = std_msgs::msg::Int64_<std::allocator<void> >; std::string = std::__cxx11::basic_string<char>; typename MessageMemoryStrategyT::SharedPtr = std::shared_ptr<rclcpp::message_memory_strategy::MessageMemoryStrategy<std_msgs::msg::Int64_<std::allocator<void> >, std::allocator<void> > >][m[K’
[17.969s] [01m[K/opt/ros/humble/include/rclcpp/rclcpp/create_subscription.hpp:191:76:[m[K   required from ‘[01m[Kstd::shared_ptr<ROSMessageT> rclcpp::create_subscription(NodeT&, const string&, const rclcpp::QoS&, CallbackT&&, const rclcpp::SubscriptionOptionsWithAllocator<AllocatorT>&, typename MessageMemoryStrategyT::SharedPtr) [with MessageT = std_msgs::msg::Int64_<std::allocator<void> >; CallbackT = std::_Bind<void (CapMotorNode::*(CapMotorNode*, std::_Placeholder<1>))(...)>; AllocatorT = std::allocator<void>; SubscriptionT = rclcpp::Subscription<std_msgs::msg::Int64_<std::allocator<void> >, std::allocator<void>, std_msgs::msg::Int64_<std::allocator<void> >, std_msgs::msg::Int64_<std::allocator<void> >, rclcpp::message_memory_strategy::MessageMemoryStrategy<std_msgs::msg::Int64_<std::allocator<void> >, std::allocator<void> > >; MessageMemoryStrategyT = rclcpp::message_memory_strategy::MessageMemoryStrategy<std_msgs::msg::Int64_<std::allocator<void> >, std::allocator<void> >; NodeT = rclcpp::Node; std::string = std::__cxx11::basic_string<char>; typename MessageMemoryStrategyT::SharedPtr = std::shared_ptr<rclcpp::message_memory_strategy::MessageMemoryStrategy<std_msgs::msg::Int64_<std::allocator<void> >, std::allocator<void> > >][m[K’
[17.969s] [01m[K/opt/ros/humble/include/rclcpp/rclcpp/node_impl.hpp:99:47:[m[K   required from ‘[01m[Kstd::shared_ptr<ROSMessageT> rclcpp::Node::create_subscription(const string&, const rclcpp::QoS&, CallbackT&&, const rclcpp::SubscriptionOptionsWithAllocator<AllocatorT>&, typename MessageMemoryStrategyT::SharedPtr) [with MessageT = std_msgs::msg::Int64_<std::allocator<void> >; CallbackT = std::_Bind<void (CapMotorNode::*(CapMotorNode*, std::_Placeholder<1>))(...)>; AllocatorT = std::allocator<void>; SubscriptionT = rclcpp::Subscription<std_msgs::msg::Int64_<std::allocator<void> >, std::allocator<void>, std_msgs::msg::Int64_<std::allocator<void> >, std_msgs::msg::Int64_<std::allocator<void> >, rclcpp::message_memory_strategy::MessageMemoryStrategy<std_msgs::msg::Int64_<std::allocator<void> >, std::allocator<void> > >; MessageMemoryStrategyT = rclcpp::message_memory_strategy::MessageMemoryStrategy<std_msgs::msg::Int64_<std::allocator<void> >, std::allocator<void> >; std::string = std::__cxx11::basic_string<char>; typename MessageMemoryStrategyT::SharedPtr = std::shared_ptr<rclcpp::message_memory_strategy::MessageMemoryStrategy<std_msgs::msg::Int64_<std::allocator<void> >, std::allocator<void> > >][m[K’
[17.970s] [01m[K/home/crashlab/robot_ws/src/other_motor_pkg/src/cap_motor_node.cpp:20:66:[m[K   required from here
[17.970s] [01m[K/opt/ros/humble/include/rclcpp/rclcpp/function_traits.hpp:51:9:[m[K [01;31m[Kerror: [m[K‘[01m[Kdecltype[m[K’ cannot resolve address of overloaded function
[17.971s]    51 |   using [01;31m[Karguments[m[K = typename tuple_tail<
[17.971s]       |         [01;31m[K^~~~~~~~~[m[K
[17.971s] [01m[K/opt/ros/humble/include/rclcpp/rclcpp/function_traits.hpp:57:9:[m[K [01;31m[Kerror: [m[K‘[01m[Kdecltype[m[K’ cannot resolve address of overloaded function
[17.972s]    57 |   using [01;31m[Kargument_type[m[K = typename std::tuple_element<N, arguments>::type;
[17.972s]       |         [01;31m[K^~~~~~~~~~~~~[m[K
[17.973s] [01m[K/opt/ros/humble/include/rclcpp/rclcpp/function_traits.hpp:59:9:[m[K [01;31m[Kerror: [m[K‘[01m[Kdecltype[m[K’ cannot resolve address of overloaded function
[17.973s]    59 |   using [01;31m[Kreturn_type[m[K = typename function_traits<decltype( &FunctionT::operator())>::return_type;
[17.973s]       |         [01;31m[K^~~~~~~~~~~[m[K
[24.924s] gmake[2]: *** [CMakeFiles/cap_motor_node.dir/build.make:76: CMakeFiles/cap_motor_node.dir/src/cap_motor_node.cpp.o] Error 1
[24.925s] gmake[1]: *** [CMakeFiles/Makefile2:137: CMakeFiles/cap_motor_node.dir/all] Error 2
[24.926s] gmake: *** [Makefile:146: all] Error 2
[24.934s] Invoked command in '/home/crashlab/robot_ws/build/other_motor_pkg' returned '2': CMAKE_PREFIX_PATH=${CMAKE_PREFIX_PATH}:/home/crashlab/robot_ws/install/nav_bringup:/home/crashlab/robot_ws/install/json_data:/opt/ros/humble /usr/bin/cmake --build /home/crashlab/robot_ws/build/other_motor_pkg -- -j4 -l4
