[7.660s] Invoking command in '/home/crashlab/robot_ws/build/nav_motor_pkg': CMAKE_PREFIX_PATH=${CMAKE_PREFIX_PATH}:/home/crashlab/robot_ws/install/nav_bringup:/home/crashlab/robot_ws/install/json_data:/opt/ros/humble /usr/bin/cmake --build /home/crashlab/robot_ws/build/nav_motor_pkg -- -j4 -l4
[10.640s] [ 25%] Built target motor_util
[11.909s] [ 50%] Built target pid_gain_publisher
[13.232s] [ 75%] Built target test_running_node
[14.261s] [100%] Built target motor_run_node
[16.026s] Invoked command in '/home/crashlab/robot_ws/build/nav_motor_pkg' returned '0': CMAKE_PREFIX_PATH=${CMAKE_PREFIX_PATH}:/home/crashlab/robot_ws/install/nav_bringup:/home/crashlab/robot_ws/install/json_data:/opt/ros/humble /usr/bin/cmake --build /home/crashlab/robot_ws/build/nav_motor_pkg -- -j4 -l4
[16.117s] Invoking command in '/home/crashlab/robot_ws/build/nav_motor_pkg': CMAKE_PREFIX_PATH=${CMAKE_PREFIX_PATH}:/home/crashlab/robot_ws/install/nav_bringup:/home/crashlab/robot_ws/install/json_data:/opt/ros/humble /usr/bin/cmake --install /home/crashlab/robot_ws/build/nav_motor_pkg
[16.535s] -- Install configuration: ""
[16.582s] -- Execute custom install script
[16.594s] -- Up-to-date symlink: /home/crashlab/robot_ws/install/nav_motor_pkg/share/nav_motor_pkg//config/motor_parameters.txt
[16.605s] -- Up-to-date symlink: /home/crashlab/robot_ws/install/nav_motor_pkg/lib/nav_motor_pkg/libmotor_util.a
[16.606s] -- Up-to-date symlink: /home/crashlab/robot_ws/install/nav_motor_pkg/lib/nav_motor_pkg/motor_run_node
[16.616s] -- Up-to-date symlink: /home/crashlab/robot_ws/install/nav_motor_pkg/lib/nav_motor_pkg/test_running_node
[16.617s] -- Up-to-date symlink: /home/crashlab/robot_ws/install/nav_motor_pkg/lib/nav_motor_pkg/pid_gain_publisher
[16.619s] -- Up-to-date symlink: /home/crashlab/robot_ws/install/nav_motor_pkg/share/ament_index/resource_index/package_run_dependencies/nav_motor_pkg
[16.636s] -- Up-to-date symlink: /home/crashlab/robot_ws/install/nav_motor_pkg/share/ament_index/resource_index/parent_prefix_path/nav_motor_pkg
[16.638s] -- Up-to-date symlink: /home/crashlab/robot_ws/install/nav_motor_pkg/share/nav_motor_pkg/environment/ament_prefix_path.sh
[16.675s] -- Up-to-date symlink: /home/crashlab/robot_ws/install/nav_motor_pkg/share/nav_motor_pkg/environment/ament_prefix_path.dsv
[16.777s] -- Up-to-date symlink: /home/crashlab/robot_ws/install/nav_motor_pkg/share/nav_motor_pkg/environment/path.sh
[16.794s] -- Up-to-date symlink: /home/crashlab/robot_ws/install/nav_motor_pkg/share/nav_motor_pkg/environment/path.dsv
[16.827s] -- Up-to-date symlink: /home/crashlab/robot_ws/install/nav_motor_pkg/share/nav_motor_pkg/local_setup.bash
[16.856s] -- Up-to-date symlink: /home/crashlab/robot_ws/install/nav_motor_pkg/share/nav_motor_pkg/local_setup.sh
[16.908s] -- Up-to-date symlink: /home/crashlab/robot_ws/install/nav_motor_pkg/share/nav_motor_pkg/local_setup.zsh
[16.926s] -- Up-to-date symlink: /home/crashlab/robot_ws/install/nav_motor_pkg/share/nav_motor_pkg/local_setup.dsv
[16.948s] -- Symlinking: /home/crashlab/robot_ws/install/nav_motor_pkg/share/nav_motor_pkg/package.dsv
[17.106s] -- Up-to-date symlink: /home/crashlab/robot_ws/install/nav_motor_pkg/share/ament_index/resource_index/packages/nav_motor_pkg
[17.132s] -- Up-to-date symlink: /home/crashlab/robot_ws/install/nav_motor_pkg/share/nav_motor_pkg/cmake/nav_motor_pkgConfig.cmake
[17.159s] -- Up-to-date symlink: /home/crashlab/robot_ws/install/nav_motor_pkg/share/nav_motor_pkg/cmake/nav_motor_pkgConfig-version.cmake
[17.204s] -- Up-to-date symlink: /home/crashlab/robot_ws/install/nav_motor_pkg/share/nav_motor_pkg/package.xml
[17.395s] Invoked command in '/home/crashlab/robot_ws/build/nav_motor_pkg' returned '0': CMAKE_PREFIX_PATH=${CMAKE_PREFIX_PATH}:/home/crashlab/robot_ws/install/nav_bringup:/home/crashlab/robot_ws/install/json_data:/opt/ros/humble /usr/bin/cmake --install /home/crashlab/robot_ws/build/nav_motor_pkg
