[3.018s] Invoking command in '/home/crashlab/robot_ws/build/other_motor_pkg': CMAKE_PREFIX_PATH=${CMAKE_PREFIX_PATH}:/home/crashlab/robot_ws/install/nav_bringup:/home/crashlab/robot_ws/install/json_data:/opt/ros/humble /usr/bin/cmake --build /home/crashlab/robot_ws/build/other_motor_pkg -- -j4 -l4
[3.493s] [100%] Built target cap_motor_node
[3.569s] Invoked command in '/home/crashlab/robot_ws/build/other_motor_pkg' returned '0': CMAKE_PREFIX_PATH=${CMAKE_PREFIX_PATH}:/home/crashlab/robot_ws/install/nav_bringup:/home/crashlab/robot_ws/install/json_data:/opt/ros/humble /usr/bin/cmake --build /home/crashlab/robot_ws/build/other_motor_pkg -- -j4 -l4
[3.645s] Invoking command in '/home/crashlab/robot_ws/build/other_motor_pkg': CMAKE_PREFIX_PATH=${CMAKE_PREFIX_PATH}:/home/crashlab/robot_ws/install/nav_bringup:/home/crashlab/robot_ws/install/json_data:/opt/ros/humble /usr/bin/cmake --install /home/crashlab/robot_ws/build/other_motor_pkg
[3.690s] -- Install configuration: ""
[3.697s] -- Execute custom install script
[3.700s] -- Up-to-date symlink: /home/crashlab/robot_ws/install/other_motor_pkg//cap_motor_node
[3.704s] -- Up-to-date symlink: /home/crashlab/robot_ws/install/other_motor_pkg/share/ament_index/resource_index/package_run_dependencies/other_motor_pkg
[3.708s] -- Up-to-date symlink: /home/crashlab/robot_ws/install/other_motor_pkg/share/ament_index/resource_index/parent_prefix_path/other_motor_pkg
[3.710s] -- Up-to-date symlink: /home/crashlab/robot_ws/install/other_motor_pkg/share/other_motor_pkg/environment/ament_prefix_path.sh
[3.711s] -- Up-to-date symlink: /home/crashlab/robot_ws/install/other_motor_pkg/share/other_motor_pkg/environment/ament_prefix_path.dsv
[3.713s] -- Up-to-date symlink: /home/crashlab/robot_ws/install/other_motor_pkg/share/other_motor_pkg/environment/path.sh
[3.714s] -- Up-to-date symlink: /home/crashlab/robot_ws/install/other_motor_pkg/share/other_motor_pkg/environment/path.dsv
[3.716s] -- Up-to-date symlink: /home/crashlab/robot_ws/install/other_motor_pkg/share/other_motor_pkg/local_setup.bash
[3.717s] -- Up-to-date symlink: /home/crashlab/robot_ws/install/other_motor_pkg/share/other_motor_pkg/local_setup.sh
[3.718s] -- Up-to-date symlink: /home/crashlab/robot_ws/install/other_motor_pkg/share/other_motor_pkg/local_setup.zsh
[3.720s] -- Up-to-date symlink: /home/crashlab/robot_ws/install/other_motor_pkg/share/other_motor_pkg/local_setup.dsv
[3.721s] -- Symlinking: /home/crashlab/robot_ws/install/other_motor_pkg/share/other_motor_pkg/package.dsv
[3.778s] -- Up-to-date symlink: /home/crashlab/robot_ws/install/other_motor_pkg/share/ament_index/resource_index/packages/other_motor_pkg
[3.784s] -- Up-to-date symlink: /home/crashlab/robot_ws/install/other_motor_pkg/share/other_motor_pkg/cmake/other_motor_pkgConfig.cmake
[3.787s] -- Up-to-date symlink: /home/crashlab/robot_ws/install/other_motor_pkg/share/other_motor_pkg/cmake/other_motor_pkgConfig-version.cmake
[3.790s] -- Up-to-date symlink: /home/crashlab/robot_ws/install/other_motor_pkg/share/other_motor_pkg/package.xml
[3.810s] Invoked command in '/home/crashlab/robot_ws/build/other_motor_pkg' returned '0': CMAKE_PREFIX_PATH=${CMAKE_PREFIX_PATH}:/home/crashlab/robot_ws/install/nav_bringup:/home/crashlab/robot_ws/install/json_data:/opt/ros/humble /usr/bin/cmake --install /home/crashlab/robot_ws/build/other_motor_pkg
