[1.173s] Invoking command in '/home/crashlab/robot_ws/build/ydlidar_ros2_driver': CMAKE_PREFIX_PATH=${CMAKE_PREFIX_PATH}:/home/crashlab/robot_ws/install/nav_bringup:/home/crashlab/robot_ws/install/json_data:/opt/ros/humble /usr/bin/cmake --build /home/crashlab/robot_ws/build/ydlidar_ros2_driver -- -j4 -l4
[2.866s] [ 50%] Built target ydlidar_ros2_driver_node
[3.722s] [100%] Built target ydlidar_ros2_driver_client
[4.082s] Invoked command in '/home/crashlab/robot_ws/build/ydlidar_ros2_driver' returned '0': CMAKE_PREFIX_PATH=${CMAKE_PREFIX_PATH}:/home/crashlab/robot_ws/install/nav_bringup:/home/crashlab/robot_ws/install/json_data:/opt/ros/humble /usr/bin/cmake --build /home/crashlab/robot_ws/build/ydlidar_ros2_driver -- -j4 -l4
[4.120s] Invoking command in '/home/crashlab/robot_ws/build/ydlidar_ros2_driver': CMAKE_PREFIX_PATH=${CMAKE_PREFIX_PATH}:/home/crashlab/robot_ws/install/nav_bringup:/home/crashlab/robot_ws/install/json_data:/opt/ros/humble /usr/bin/cmake --install /home/crashlab/robot_ws/build/ydlidar_ros2_driver
[4.453s] -- Install configuration: ""
[4.465s] -- Execute custom install script
[4.476s] -- Up-to-date symlink: /home/crashlab/robot_ws/install/ydlidar_ros2_driver/lib/ydlidar_ros2_driver/ydlidar_ros2_driver_node
[4.516s] -- Up-to-date symlink: /home/crashlab/robot_ws/install/ydlidar_ros2_driver/lib/ydlidar_ros2_driver/ydlidar_ros2_driver_client
[4.537s] -- Up-to-date symlink: /home/crashlab/robot_ws/install/ydlidar_ros2_driver/share/ydlidar_ros2_driver/launch/ydlidar.py
[4.568s] -- Up-to-date symlink: /home/crashlab/robot_ws/install/ydlidar_ros2_driver/share/ydlidar_ros2_driver/launch/ydlidar_launch.py
[4.583s] -- Up-to-date symlink: /home/crashlab/robot_ws/install/ydlidar_ros2_driver/share/ydlidar_ros2_driver/launch/ydlidar_launch_view.py
[4.597s] -- Up-to-date symlink: /home/crashlab/robot_ws/install/ydlidar_ros2_driver/share/ydlidar_ros2_driver/params/ydlidar.yaml
[4.626s] -- Up-to-date symlink: /home/crashlab/robot_ws/install/ydlidar_ros2_driver/share/ydlidar_ros2_driver/startup/initenv.sh
[4.653s] -- Up-to-date symlink: /home/crashlab/robot_ws/install/ydlidar_ros2_driver/share/ydlidar_ros2_driver/config/ydlidar.rviz
[4.669s] -- Up-to-date symlink: /home/crashlab/robot_ws/install/ydlidar_ros2_driver/share/ament_index/resource_index/package_run_dependencies/ydlidar_ros2_driver
[4.696s] -- Up-to-date symlink: /home/crashlab/robot_ws/install/ydlidar_ros2_driver/share/ament_index/resource_index/parent_prefix_path/ydlidar_ros2_driver
[4.707s] -- Up-to-date symlink: /home/crashlab/robot_ws/install/ydlidar_ros2_driver/share/ydlidar_ros2_driver/environment/ament_prefix_path.sh
[4.724s] -- Up-to-date symlink: /home/crashlab/robot_ws/install/ydlidar_ros2_driver/share/ydlidar_ros2_driver/environment/ament_prefix_path.dsv
[4.741s] -- Up-to-date symlink: /home/crashlab/robot_ws/install/ydlidar_ros2_driver/share/ydlidar_ros2_driver/environment/path.sh
[4.750s] -- Up-to-date symlink: /home/crashlab/robot_ws/install/ydlidar_ros2_driver/share/ydlidar_ros2_driver/environment/path.dsv
[4.787s] -- Up-to-date symlink: /home/crashlab/robot_ws/install/ydlidar_ros2_driver/share/ydlidar_ros2_driver/local_setup.bash
[4.833s] -- Up-to-date symlink: /home/crashlab/robot_ws/install/ydlidar_ros2_driver/share/ydlidar_ros2_driver/local_setup.sh
[4.863s] -- Up-to-date symlink: /home/crashlab/robot_ws/install/ydlidar_ros2_driver/share/ydlidar_ros2_driver/local_setup.zsh
[4.880s] -- Up-to-date symlink: /home/crashlab/robot_ws/install/ydlidar_ros2_driver/share/ydlidar_ros2_driver/local_setup.dsv
[4.897s] -- Symlinking: /home/crashlab/robot_ws/install/ydlidar_ros2_driver/share/ydlidar_ros2_driver/package.dsv
[5.087s] -- Up-to-date symlink: /home/crashlab/robot_ws/install/ydlidar_ros2_driver/share/ament_index/resource_index/packages/ydlidar_ros2_driver
[5.088s] -- Up-to-date symlink: /home/crashlab/robot_ws/install/ydlidar_ros2_driver/share/ydlidar_ros2_driver/cmake/ydlidar_ros2_driverConfig.cmake
[5.092s] -- Up-to-date symlink: /home/crashlab/robot_ws/install/ydlidar_ros2_driver/share/ydlidar_ros2_driver/cmake/ydlidar_ros2_driverConfig-version.cmake
[5.097s] -- Up-to-date symlink: /home/crashlab/robot_ws/install/ydlidar_ros2_driver/share/ydlidar_ros2_driver/package.xml
[5.177s] Invoked command in '/home/crashlab/robot_ws/build/ydlidar_ros2_driver' returned '0': CMAKE_PREFIX_PATH=${CMAKE_PREFIX_PATH}:/home/crashlab/robot_ws/install/nav_bringup:/home/crashlab/robot_ws/install/json_data:/opt/ros/humble /usr/bin/cmake --install /home/crashlab/robot_ws/build/ydlidar_ros2_driver
