[0.060s] Invoking command in '/home/crashlab/robot_ws/build/tutorial_ros2_motor': CMAKE_PREFIX_PATH=${CMAKE_PREFIX_PATH}:/home/crashlab/robot_ws/install/nav_bringup:/home/crashlab/robot_ws/install/json_data:/home/crashlab/robot_ws/install/coordination:/opt/ros/humble /usr/bin/cmake --build /home/crashlab/robot_ws/build/tutorial_ros2_motor -- -j4 -l4
[0.820s] [ 50%] Built target motor_node
[0.855s] [100%] Built target teleop_node
[0.931s] Invoked command in '/home/crashlab/robot_ws/build/tutorial_ros2_motor' returned '0': CMAKE_PREFIX_PATH=${CMAKE_PREFIX_PATH}:/home/crashlab/robot_ws/install/nav_bringup:/home/crashlab/robot_ws/install/json_data:/home/crashlab/robot_ws/install/coordination:/opt/ros/humble /usr/bin/cmake --build /home/crashlab/robot_ws/build/tutorial_ros2_motor -- -j4 -l4
[0.960s] Invoking command in '/home/crashlab/robot_ws/build/tutorial_ros2_motor': CMAKE_PREFIX_PATH=${CMAKE_PREFIX_PATH}:/home/crashlab/robot_ws/install/nav_bringup:/home/crashlab/robot_ws/install/json_data:/home/crashlab/robot_ws/install/coordination:/opt/ros/humble /usr/bin/cmake --install /home/crashlab/robot_ws/build/tutorial_ros2_motor
[1.063s] -- Install configuration: ""
[1.064s] -- Execute custom install script
[1.068s] -- Up-to-date symlink: /home/crashlab/robot_ws/install/tutorial_ros2_motor/lib/tutorial_ros2_motor/motor_node
[1.073s] -- Up-to-date symlink: /home/crashlab/robot_ws/install/tutorial_ros2_motor/lib/tutorial_ros2_motor/teleop_node
[1.074s] -- Up-to-date symlink: /home/crashlab/robot_ws/install/tutorial_ros2_motor/share/tutorial_ros2_motor//config/motor_parameters.txt
[1.078s] -- Up-to-date symlink: /home/crashlab/robot_ws/install/tutorial_ros2_motor/share/ament_index/resource_index/package_run_dependencies/tutorial_ros2_motor
[1.080s] -- Up-to-date symlink: /home/crashlab/robot_ws/install/tutorial_ros2_motor/share/ament_index/resource_index/parent_prefix_path/tutorial_ros2_motor
[1.085s] -- Up-to-date symlink: /home/crashlab/robot_ws/install/tutorial_ros2_motor/share/tutorial_ros2_motor/environment/ament_prefix_path.sh
[1.088s] -- Up-to-date symlink: /home/crashlab/robot_ws/install/tutorial_ros2_motor/share/tutorial_ros2_motor/environment/ament_prefix_path.dsv
[1.092s] -- Up-to-date symlink: /home/crashlab/robot_ws/install/tutorial_ros2_motor/share/tutorial_ros2_motor/environment/path.sh
[1.099s] -- Up-to-date symlink: /home/crashlab/robot_ws/install/tutorial_ros2_motor/share/tutorial_ros2_motor/environment/path.dsv
[1.103s] -- Up-to-date symlink: /home/crashlab/robot_ws/install/tutorial_ros2_motor/share/tutorial_ros2_motor/local_setup.bash
[1.111s] -- Up-to-date symlink: /home/crashlab/robot_ws/install/tutorial_ros2_motor/share/tutorial_ros2_motor/local_setup.sh
[1.115s] -- Up-to-date symlink: /home/crashlab/robot_ws/install/tutorial_ros2_motor/share/tutorial_ros2_motor/local_setup.zsh
[1.119s] -- Up-to-date symlink: /home/crashlab/robot_ws/install/tutorial_ros2_motor/share/tutorial_ros2_motor/local_setup.dsv
[1.130s] -- Symlinking: /home/crashlab/robot_ws/install/tutorial_ros2_motor/share/tutorial_ros2_motor/package.dsv
[1.191s] -- Up-to-date symlink: /home/crashlab/robot_ws/install/tutorial_ros2_motor/share/ament_index/resource_index/packages/tutorial_ros2_motor
[1.194s] -- Up-to-date symlink: /home/crashlab/robot_ws/install/tutorial_ros2_motor/share/tutorial_ros2_motor/cmake/tutorial_ros2_motorConfig.cmake
[1.199s] -- Up-to-date symlink: /home/crashlab/robot_ws/install/tutorial_ros2_motor/share/tutorial_ros2_motor/cmake/tutorial_ros2_motorConfig-version.cmake
[1.203s] -- Up-to-date symlink: /home/crashlab/robot_ws/install/tutorial_ros2_motor/share/tutorial_ros2_motor/package.xml
[1.219s] Invoked command in '/home/crashlab/robot_ws/build/tutorial_ros2_motor' returned '0': CMAKE_PREFIX_PATH=${CMAKE_PREFIX_PATH}:/home/crashlab/robot_ws/install/nav_bringup:/home/crashlab/robot_ws/install/json_data:/home/crashlab/robot_ws/install/coordination:/opt/ros/humble /usr/bin/cmake --install /home/crashlab/robot_ws/build/tutorial_ros2_motor
