[0.737s] Invoking command in '/home/crashlab/robot_ws/build/ydlidar_sdk': /usr/bin/cmake --build /home/crashlab/robot_ws/build/ydlidar_sdk -- -j4 -l4
[2.708s] [ 58%] Built target ydlidar_sdk
[3.576s] [ 66%] Built target etlidar_test
[4.163s] [ 75%] Built target lidar_c_api_test
[5.795s] [ 83%] Built target lidar_test
[6.538s] [ 91%] Built target ydlidar_test
[7.056s] [100%] Built target tof_test
[7.720s] Invoked command in '/home/crashlab/robot_ws/build/ydlidar_sdk' returned '0': /usr/bin/cmake --build /home/crashlab/robot_ws/build/ydlidar_sdk -- -j4 -l4
[7.840s] Invoking command in '/home/crashlab/robot_ws/build/ydlidar_sdk': /usr/bin/cmake --install /home/crashlab/robot_ws/build/ydlidar_sdk
[7.918s] -- Install configuration: ""
[7.925s] -- Up-to-date: /home/crashlab/robot_ws/install/ydlidar_sdk/include/core/base/datatype.h
[7.938s] -- Up-to-date: /home/crashlab/robot_ws/install/ydlidar_sdk/include/core/base/locker.h
[7.983s] -- Up-to-date: /home/crashlab/robot_ws/install/ydlidar_sdk/include/core/base/thread.h
[7.985s] -- Up-to-date: /home/crashlab/robot_ws/install/ydlidar_sdk/include/core/base/timer.h
[8.048s] -- Up-to-date: /home/crashlab/robot_ws/install/ydlidar_sdk/include/core/base/typedef.h
[8.074s] -- Up-to-date: /home/crashlab/robot_ws/install/ydlidar_sdk/include/core/base/utils.h
[8.094s] -- Up-to-date: /home/crashlab/robot_ws/install/ydlidar_sdk/include/core/base/v8stdint.h
[8.116s] -- Up-to-date: /home/crashlab/robot_ws/install/ydlidar_sdk/include/core/base/ydlidar.h
[8.117s] -- Up-to-date: /home/crashlab/robot_ws/install/ydlidar_sdk/include/core/common/ChannelDevice.h
[8.118s] -- Up-to-date: /home/crashlab/robot_ws/install/ydlidar_sdk/include/core/common/DriverInterface.h
[8.118s] -- Up-to-date: /home/crashlab/robot_ws/install/ydlidar_sdk/include/core/common/ydlidar_datatype.h
[8.146s] -- Up-to-date: /home/crashlab/robot_ws/install/ydlidar_sdk/include/core/common/ydlidar_def.h
[8.146s] -- Up-to-date: /home/crashlab/robot_ws/install/ydlidar_sdk/include/core/common/ydlidar_help.h
[8.147s] -- Up-to-date: /home/crashlab/robot_ws/install/ydlidar_sdk/include/core/common/ydlidar_protocol.h
[8.148s] -- Up-to-date: /home/crashlab/robot_ws/install/ydlidar_sdk/include/core/math/angles.h
[8.149s] -- Up-to-date: /home/crashlab/robot_ws/install/ydlidar_sdk/include/core/network/ActiveSocket.h
[8.150s] -- Up-to-date: /home/crashlab/robot_ws/install/ydlidar_sdk/include/core/network/PassiveSocket.h
[8.188s] -- Up-to-date: /home/crashlab/robot_ws/install/ydlidar_sdk/include/core/network/SimpleSocket.h
[8.212s] -- Up-to-date: /home/crashlab/robot_ws/install/ydlidar_sdk/include/core/network/StatTimer.h
[8.339s] -- Up-to-date: /home/crashlab/robot_ws/install/ydlidar_sdk/include/core/serial/common.h
[8.382s] -- Up-to-date: /home/crashlab/robot_ws/install/ydlidar_sdk/include/core/serial/serial.h
[8.387s] -- Up-to-date: /home/crashlab/robot_ws/install/ydlidar_sdk/include/core/serial/impl/unix/lock.h
[8.388s] -- Up-to-date: /home/crashlab/robot_ws/install/ydlidar_sdk/include/core/serial/impl/unix/unix.h
[8.389s] -- Up-to-date: /home/crashlab/robot_ws/install/ydlidar_sdk/include/core/serial/impl/unix/unix_serial.h
[8.403s] -- Up-to-date: /home/crashlab/robot_ws/install/ydlidar_sdk/include/src/CYdLidar.h
[8.404s] -- Up-to-date: /home/crashlab/robot_ws/install/ydlidar_sdk/include/src/ETLidarDriver.h
[8.434s] -- Up-to-date: /home/crashlab/robot_ws/install/ydlidar_sdk/include/src/ydlidar_driver.h
[8.435s] -- Up-to-date: /home/crashlab/robot_ws/install/ydlidar_sdk/include/src/ydlidar_sdk.h
[8.457s] -- Up-to-date: /home/crashlab/robot_ws/install/ydlidar_sdk/include/ydlidar_config.h
[8.510s] -- Up-to-date: /home/crashlab/robot_ws/install/ydlidar_sdk/lib/libydlidar_sdk.a
[8.545s] -- Up-to-date: /home/crashlab/robot_ws/install/ydlidar_sdk/lib/pkgconfig/YDLIDAR_SDK.pc
[8.547s] -- Up-to-date: /home/crashlab/robot_ws/install/ydlidar_sdk/lib/cmake/ydlidar_sdk/ydlidar_sdkConfig.cmake
[8.555s] -- Up-to-date: /home/crashlab/robot_ws/install/ydlidar_sdk/lib/cmake/ydlidar_sdk/ydlidar_sdkTargets.cmake
[8.556s] -- Up-to-date: /home/crashlab/robot_ws/install/ydlidar_sdk/lib/cmake/ydlidar_sdk/ydlidar_sdkConfigVersion.cmake
[8.622s] -- Up-to-date: /home/crashlab/robot_ws/install/ydlidar_sdk/share/YDLIDAR_SDK/FindYDLIDAR_SDK.cmake
[8.623s] -- Up-to-date: /home/crashlab/robot_ws/install/ydlidar_sdk/share/YDLIDAR_SDK
[8.657s] -- Up-to-date: /home/crashlab/robot_ws/install/ydlidar_sdk/share/YDLIDAR_SDK/cmake_uninstall.cmake.in
[8.658s] -- Up-to-date: /home/crashlab/robot_ws/install/ydlidar_sdk/share/YDLIDAR_SDK/FindPackage.cmake.in
[8.658s] -- Up-to-date: /home/crashlab/robot_ws/install/ydlidar_sdk/share/YDLIDAR_SDK/PackageConfigVersion.cmake.in
[8.659s] -- Up-to-date: /home/crashlab/robot_ws/install/ydlidar_sdk/share/YDLIDAR_SDK/script_show_final_summary.cmake
[8.665s] -- Up-to-date: /home/crashlab/robot_ws/install/ydlidar_sdk/share/YDLIDAR_SDK/PackageConfig.cmake.in
[8.666s] -- Up-to-date: /home/crashlab/robot_ws/install/ydlidar_sdk/share/YDLIDAR_SDK/common
[8.666s] -- Up-to-date: /home/crashlab/robot_ws/install/ydlidar_sdk/share/YDLIDAR_SDK/common/ydlidar_parse.cmake
[8.668s] -- Up-to-date: /home/crashlab/robot_ws/install/ydlidar_sdk/share/YDLIDAR_SDK/common/ydlidar_base.cmake
[8.669s] -- Up-to-date: /home/crashlab/robot_ws/install/ydlidar_sdk/share/YDLIDAR_SDK/install_package.cmake
[8.671s] -- Up-to-date: /home/crashlab/robot_ws/install/ydlidar_sdk/share/YDLIDAR_SDK/PkgConfig.pc.in
[8.673s] -- Up-to-date: /home/crashlab/robot_ws/install/ydlidar_sdk/share/YDLIDAR_SDK/LICENSE.txt
[8.676s] -- Up-to-date: /home/crashlab/robot_ws/install/ydlidar_sdk/share/YDLIDAR_SDK/README.md
[8.679s] -- Up-to-date: /home/crashlab/robot_ws/install/ydlidar_sdk/share/YDLIDAR_SDK/doc
[8.682s] -- Up-to-date: /home/crashlab/robot_ws/install/ydlidar_sdk/share/YDLIDAR_SDK/doc/quickstart
[8.684s] -- Up-to-date: /home/crashlab/robot_ws/install/ydlidar_sdk/share/YDLIDAR_SDK/doc/quickstart/ydlidar_sdk_software_installation_guide.md
[8.699s] -- Up-to-date: /home/crashlab/robot_ws/install/ydlidar_sdk/share/YDLIDAR_SDK/doc/quickstart/README.md
[8.732s] -- Up-to-date: /home/crashlab/robot_ws/install/ydlidar_sdk/share/YDLIDAR_SDK/doc/Dataset.md
[8.775s] -- Up-to-date: /home/crashlab/robot_ws/install/ydlidar_sdk/share/YDLIDAR_SDK/doc/README.md
[8.788s] -- Up-to-date: /home/crashlab/robot_ws/install/ydlidar_sdk/share/YDLIDAR_SDK/doc/YDLIDAR_SDK_API_for_Developers.md
[8.833s] -- Up-to-date: /home/crashlab/robot_ws/install/ydlidar_sdk/share/YDLIDAR_SDK/doc/images
[8.841s] -- Up-to-date: /home/crashlab/robot_ws/install/ydlidar_sdk/share/YDLIDAR_SDK/doc/images/FlowChart.png
[8.874s] -- Up-to-date: /home/crashlab/robot_ws/install/ydlidar_sdk/share/YDLIDAR_SDK/doc/images/sdk_init.png
[8.875s] -- Up-to-date: /home/crashlab/robot_ws/install/ydlidar_sdk/share/YDLIDAR_SDK/doc/images/sdk_architecture.png
[8.876s] -- Up-to-date: /home/crashlab/robot_ws/install/ydlidar_sdk/share/YDLIDAR_SDK/doc/images/sequence.png
[8.877s] -- Up-to-date: /home/crashlab/robot_ws/install/ydlidar_sdk/share/YDLIDAR_SDK/doc/images/frame.png
[8.877s] -- Up-to-date: /home/crashlab/robot_ws/install/ydlidar_sdk/share/YDLIDAR_SDK/doc/images/angle_q2.png
[8.878s] -- Up-to-date: /home/crashlab/robot_ws/install/ydlidar_sdk/share/YDLIDAR_SDK/doc/images/YDLidar.png
[8.931s] -- Up-to-date: /home/crashlab/robot_ws/install/ydlidar_sdk/share/YDLIDAR_SDK/doc/images/communication_mechanism.png
[8.949s] -- Up-to-date: /home/crashlab/robot_ws/install/ydlidar_sdk/share/YDLIDAR_SDK/doc/images/EAI.png
[9.016s] -- Up-to-date: /home/crashlab/robot_ws/install/ydlidar_sdk/share/YDLIDAR_SDK/doc/images/frame_intensity.png
[9.020s] -- Up-to-date: /home/crashlab/robot_ws/install/ydlidar_sdk/share/YDLIDAR_SDK/doc/images/system_workflow.png
[9.114s] -- Up-to-date: /home/crashlab/robot_ws/install/ydlidar_sdk/share/YDLIDAR_SDK/doc/images/sdk_scanning.png
[9.139s] -- Up-to-date: /home/crashlab/robot_ws/install/ydlidar_sdk/share/YDLIDAR_SDK/doc/images/YDLidar.jpg
[9.157s] -- Up-to-date: /home/crashlab/robot_ws/install/ydlidar_sdk/share/YDLIDAR_SDK/doc/Diagram.md
[9.173s] -- Up-to-date: /home/crashlab/robot_ws/install/ydlidar_sdk/share/YDLIDAR_SDK/doc/YDLidar-SDK-Communication-Protocol.pdf
[9.176s] -- Up-to-date: /home/crashlab/robot_ws/install/ydlidar_sdk/share/YDLIDAR_SDK/doc/Tutorials.md
[9.181s] -- Up-to-date: /home/crashlab/robot_ws/install/ydlidar_sdk/share/YDLIDAR_SDK/doc/YDLidar-SDK-Communication-Protocol.html
[9.185s] -- Up-to-date: /home/crashlab/robot_ws/install/ydlidar_sdk/share/YDLIDAR_SDK/doc/YDLidar_SDK_Communication_Protocol.pdf
[9.206s] -- Up-to-date: /home/crashlab/robot_ws/install/ydlidar_sdk/share/YDLIDAR_SDK/doc/YDLidar-SDK-Communication-Protocol.md
[9.239s] -- Up-to-date: /home/crashlab/robot_ws/install/ydlidar_sdk/share/YDLIDAR_SDK/doc/tutorials
[9.242s] -- Up-to-date: /home/crashlab/robot_ws/install/ydlidar_sdk/share/YDLIDAR_SDK/doc/tutorials/examine_the_simple_lidar_tutorial.md
[9.243s] -- Up-to-date: /home/crashlab/robot_ws/install/ydlidar_sdk/share/YDLIDAR_SDK/doc/tutorials/writing_lidar_tutorial_c++.md
[9.245s] -- Up-to-date: /home/crashlab/robot_ws/install/ydlidar_sdk/share/YDLIDAR_SDK/doc/tutorials/writing_lidar_tutorial_c.md
[9.253s] -- Up-to-date: /home/crashlab/robot_ws/install/ydlidar_sdk/share/YDLIDAR_SDK/doc/tutorials/writing_lidar_tutorial_python.md
[9.291s] -- Up-to-date: /home/crashlab/robot_ws/install/ydlidar_sdk/share/YDLIDAR_SDK/doc/tutorials/writing_lidar_network_adapter_tutorial_c++.md
[9.307s] -- Up-to-date: /home/crashlab/robot_ws/install/ydlidar_sdk/share/YDLIDAR_SDK/doc/SDK.pdf
[9.310s] -- Up-to-date: /home/crashlab/robot_ws/install/ydlidar_sdk/share/YDLIDAR_SDK/doc/FAQs
[9.345s] -- Up-to-date: /home/crashlab/robot_ws/install/ydlidar_sdk/share/YDLIDAR_SDK/doc/FAQs/Hardware_FAQs_cn.md
[9.358s] -- Up-to-date: /home/crashlab/robot_ws/install/ydlidar_sdk/share/YDLIDAR_SDK/doc/FAQs/Software_FAQs_cn.md
[9.360s] -- Up-to-date: /home/crashlab/robot_ws/install/ydlidar_sdk/share/YDLIDAR_SDK/doc/FAQs/Hardware_FAQs.md
[9.365s] -- Up-to-date: /home/crashlab/robot_ws/install/ydlidar_sdk/share/YDLIDAR_SDK/doc/FAQs/README.md
[9.393s] -- Up-to-date: /home/crashlab/robot_ws/install/ydlidar_sdk/share/YDLIDAR_SDK/doc/FAQs/General_FAQs.md
[9.470s] -- Up-to-date: /home/crashlab/robot_ws/install/ydlidar_sdk/share/YDLIDAR_SDK/doc/FAQs/Software_FAQs.md
[9.489s] -- Up-to-date: /home/crashlab/robot_ws/install/ydlidar_sdk/share/YDLIDAR_SDK/doc/FAQs/General_FAQs_cn.md
[9.501s] -- Up-to-date: /home/crashlab/robot_ws/install/ydlidar_sdk/share/YDLIDAR_SDK/doc/howto
[9.524s] -- Up-to-date: /home/crashlab/robot_ws/install/ydlidar_sdk/share/YDLIDAR_SDK/doc/howto/how_to_build_and_debug_using_vscode.md
[9.564s] -- Up-to-date: /home/crashlab/robot_ws/install/ydlidar_sdk/share/YDLIDAR_SDK/doc/howto/how_to_create_a_pull.md
[9.612s] -- Up-to-date: /home/crashlab/robot_ws/install/ydlidar_sdk/share/YDLIDAR_SDK/doc/howto/how_to_create_a_udev_rules.md
[9.637s] -- Up-to-date: /home/crashlab/robot_ws/install/ydlidar_sdk/share/YDLIDAR_SDK/doc/howto/how_to_build_and_install.md
[9.671s] -- Up-to-date: /home/crashlab/robot_ws/install/ydlidar_sdk/share/YDLIDAR_SDK/doc/howto/README.md
[9.679s] -- Up-to-date: /home/crashlab/robot_ws/install/ydlidar_sdk/share/YDLIDAR_SDK/doc/howto/images
[9.729s] -- Up-to-date: /home/crashlab/robot_ws/install/ydlidar_sdk/share/YDLIDAR_SDK/doc/howto/images/vscode
[9.749s] -- Up-to-date: /home/crashlab/robot_ws/install/ydlidar_sdk/share/YDLIDAR_SDK/doc/howto/images/vscode/tasks.png
[9.777s] -- Up-to-date: /home/crashlab/robot_ws/install/ydlidar_sdk/share/YDLIDAR_SDK/doc/howto/images/vscode/run_tasks.jpg
[9.792s] -- Up-to-date: /home/crashlab/robot_ws/install/ydlidar_sdk/share/YDLIDAR_SDK/doc/howto/images/sdk_init.png
[9.794s] -- Up-to-date: /home/crashlab/robot_ws/install/ydlidar_sdk/share/YDLIDAR_SDK/doc/howto/images/csharp_build.png
[9.796s] -- Up-to-date: /home/crashlab/robot_ws/install/ydlidar_sdk/share/YDLIDAR_SDK/doc/howto/images/ydlidar_lidar_monitor.png
[9.797s] -- Up-to-date: /home/crashlab/robot_ws/install/ydlidar_sdk/share/YDLIDAR_SDK/doc/howto/images/sequence.png
[9.799s] -- Up-to-date: /home/crashlab/robot_ws/install/ydlidar_sdk/share/YDLIDAR_SDK/doc/howto/images/csharp_project.png
[9.801s] -- Up-to-date: /home/crashlab/robot_ws/install/ydlidar_sdk/share/YDLIDAR_SDK/doc/howto/images/csharp_exception.png
[9.821s] -- Up-to-date: /home/crashlab/robot_ws/install/ydlidar_sdk/share/YDLIDAR_SDK/doc/howto/images/cpack.png
[9.822s] -- Up-to-date: /home/crashlab/robot_ws/install/ydlidar_sdk/share/YDLIDAR_SDK/doc/howto/images/csharp_running.png
[9.825s] -- Up-to-date: /home/crashlab/robot_ws/install/ydlidar_sdk/share/YDLIDAR_SDK/doc/howto/images/csharp_library.png
[9.874s] -- Up-to-date: /home/crashlab/robot_ws/install/ydlidar_sdk/share/YDLIDAR_SDK/doc/howto/images/ttyUSB1.png
[9.915s] -- Up-to-date: /home/crashlab/robot_ws/install/ydlidar_sdk/share/YDLIDAR_SDK/doc/howto/images/ttyUSB0.png
[9.921s] -- Up-to-date: /home/crashlab/robot_ws/install/ydlidar_sdk/share/YDLIDAR_SDK/doc/howto/images/sdk_scanning.png
[9.928s] -- Up-to-date: /home/crashlab/robot_ws/install/ydlidar_sdk/share/YDLIDAR_SDK/doc/howto/how_to_solve_slow_pull_from_cn.md
[9.939s] -- Up-to-date: /home/crashlab/robot_ws/install/ydlidar_sdk/share/YDLIDAR_SDK/doc/howto/how_to_gerenrate_vs_project_by_cmake.md
[9.944s] -- Up-to-date: /home/crashlab/robot_ws/install/ydlidar_sdk/share/YDLIDAR_SDK/doc/howto/how_to_create_a_csharp_project.md
[9.952s] -- Up-to-date: /home/crashlab/robot_ws/install/ydlidar_sdk/startup/initenv.sh
[9.958s] -- Up-to-date: /home/crashlab/robot_ws/install/ydlidar_sdk/bin/etlidar_test
[9.963s] -- Up-to-date: /home/crashlab/robot_ws/install/ydlidar_sdk/bin/tof_test
[9.969s] -- Up-to-date: /home/crashlab/robot_ws/install/ydlidar_sdk/bin/ydlidar_test
[9.973s] -- Up-to-date: /home/crashlab/robot_ws/install/ydlidar_sdk/bin/lidar_c_api_test
[9.974s] Invoked command in '/home/crashlab/robot_ws/build/ydlidar_sdk' returned '0': /usr/bin/cmake --install /home/crashlab/robot_ws/build/ydlidar_sdk
