[0.103s] Invoking command in '/home/crashlab/robot_ws/build/untitled_description': CMAKE_PREFIX_PATH=${CMAKE_PREFIX_PATH}:/home/crashlab/robot_ws/install/nav_bringup:/home/crashlab/robot_ws/install/json_data:/opt/ros/humble /usr/bin/cmake --build /home/crashlab/robot_ws/build/untitled_description -- -j4 -l4
[0.301s] -- Found ament_cmake: 1.3.11 (/opt/ros/humble/share/ament_cmake/cmake)
[1.280s] -- Override CMake install command with custom implementation using symlinks instead of copying resources
[1.437s] -- Found rclcpp: 16.0.11 (/opt/ros/humble/share/rclcpp/cmake)
[1.853s] -- Found rosidl_generator_c: 3.1.6 (/opt/ros/humble/share/rosidl_generator_c/cmake)
[1.880s] -- Found rosidl_adapter: 3.1.6 (/opt/ros/humble/share/rosidl_adapter/cmake)
[1.960s] -- Found rosidl_generator_cpp: 3.1.6 (/opt/ros/humble/share/rosidl_generator_cpp/cmake)
[2.115s] -- Using all available rosidl_typesupport_c: rosidl_typesupport_fastrtps_c;rosidl_typesupport_introspection_c
[2.255s] -- Using all available rosidl_typesupport_cpp: rosidl_typesupport_fastrtps_cpp;rosidl_typesupport_introspection_cpp
[2.559s] -- Found rmw_implementation_cmake: 6.1.2 (/opt/ros/humble/share/rmw_implementation_cmake/cmake)
[2.575s] -- Found rmw_fastrtps_cpp: 6.2.7 (/opt/ros/humble/share/rmw_fastrtps_cpp/cmake)
[4.006s] -- Using RMW implementation 'rmw_fastrtps_cpp' as default
[4.383s] -- Found xacro: 2.0.8 (/opt/ros/humble/share/xacro/cmake)
[4.388s] -- Found rviz2: 11.2.14 (/opt/ros/humble/share/rviz2/cmake)
[4.392s] -- Found robot_state_publisher: 3.0.3 (/opt/ros/humble/share/robot_state_publisher/cmake)
[4.521s] -- Found eigen3_cmake_module: 0.1.1 (/opt/ros/humble/share/eigen3_cmake_module/cmake)
[4.531s] -- Ensuring Eigen3 include directory is part of orocos-kdl CMake target
[5.873s] -- joint_state_publisher not found
[6.102s] -- joint_state_publisher_gui not found
[6.105s] -- Found ament_lint_auto: 0.12.11 (/opt/ros/humble/share/ament_lint_auto/cmake)
[6.515s] -- Added test 'copyright' to check source files copyright and LICENSE
[6.583s] -- Added test 'flake8' to check Python code syntax and style conventions
[6.592s] -- Added test 'lint_cmake' to check CMake code style
[6.598s] -- Added test 'pep257' to check Python code against some of the docstring style conventions in PEP 257
[6.633s] -- Added test 'xmllint' to check XML markup files
[6.645s] -- Configuring done
[6.721s] -- Generating done
[6.745s] -- Build files have been written to: /home/crashlab/robot_ws/build/untitled_description
[6.859s] Invoked command in '/home/crashlab/robot_ws/build/untitled_description' returned '0': CMAKE_PREFIX_PATH=${CMAKE_PREFIX_PATH}:/home/crashlab/robot_ws/install/nav_bringup:/home/crashlab/robot_ws/install/json_data:/opt/ros/humble /usr/bin/cmake --build /home/crashlab/robot_ws/build/untitled_description -- -j4 -l4
[6.871s] Invoking command in '/home/crashlab/robot_ws/build/untitled_description': CMAKE_PREFIX_PATH=${CMAKE_PREFIX_PATH}:/home/crashlab/robot_ws/install/nav_bringup:/home/crashlab/robot_ws/install/json_data:/opt/ros/humble /usr/bin/cmake --install /home/crashlab/robot_ws/build/untitled_description
[6.900s] -- Install configuration: ""
[6.902s] -- Execute custom install script
[6.903s] [31mCMake Error at ament_cmake_symlink_install/ament_cmake_symlink_install.cmake:20 (message):
[6.904s]   ament_cmake_symlink_install_directory() called with unused/unsupported
[6.904s]   arguments: RUNTIME
[6.904s] Call Stack (most recent call first):
[6.905s]   ament_cmake_symlink_install/ament_cmake_symlink_install.cmake:314 (ament_cmake_symlink_install_directory)
[6.905s]   cmake_install.cmake:46 (include)
[6.906s] 
[6.906s] [0m
[6.909s] Invoked command in '/home/crashlab/robot_ws/build/untitled_description' returned '1': CMAKE_PREFIX_PATH=${CMAKE_PREFIX_PATH}:/home/crashlab/robot_ws/install/nav_bringup:/home/crashlab/robot_ws/install/json_data:/opt/ros/humble /usr/bin/cmake --install /home/crashlab/robot_ws/build/untitled_description
