[1.632s] Invoking command in '/home/crashlab/robot_ws/build/crash_nav2': CMAKE_PREFIX_PATH=${CMAKE_PREFIX_PATH}:/home/crashlab/robot_ws/install/nav_bringup:/home/crashlab/robot_ws/install/json_data:/home/crashlab/robot_ws/install/coordination:/opt/ros/humble /usr/bin/cmake --build /home/crashlab/robot_ws/build/crash_nav2 -- -j4 -l4
[3.333s] [ 33%] Built target pid_check
[3.339s] [ 66%] Built target navigate_controller
[3.339s] [100%] Built target odom_publisher
[3.340s] Invoked command in '/home/crashlab/robot_ws/build/crash_nav2' returned '0': CMAKE_PREFIX_PATH=${CMAKE_PREFIX_PATH}:/home/crashlab/robot_ws/install/nav_bringup:/home/crashlab/robot_ws/install/json_data:/home/crashlab/robot_ws/install/coordination:/opt/ros/humble /usr/bin/cmake --build /home/crashlab/robot_ws/build/crash_nav2 -- -j4 -l4
[3.383s] Invoking command in '/home/crashlab/robot_ws/build/crash_nav2': CMAKE_PREFIX_PATH=${CMAKE_PREFIX_PATH}:/home/crashlab/robot_ws/install/nav_bringup:/home/crashlab/robot_ws/install/json_data:/home/crashlab/robot_ws/install/coordination:/opt/ros/humble /usr/bin/cmake --install /home/crashlab/robot_ws/build/crash_nav2
[3.422s] -- Install configuration: ""
[3.423s] -- Execute custom install script
[3.423s] -- Up-to-date symlink: /home/crashlab/robot_ws/install/crash_nav2/lib/crash_nav2//navigate_controller
[3.424s] -- Up-to-date symlink: /home/crashlab/robot_ws/install/crash_nav2/lib/crash_nav2//pid_check
[3.425s] -- Up-to-date symlink: /home/crashlab/robot_ws/install/crash_nav2/lib/crash_nav2/odom_publisher
[3.428s] -- Up-to-date symlink: /home/crashlab/robot_ws/install/crash_nav2/share/crash_nav2/launch/navigation.launch.py
[3.431s] -- Up-to-date symlink: /home/crashlab/robot_ws/install/crash_nav2/share/crash_nav2/launch/navigation_rviz.launch.py
[3.436s] -- Up-to-date symlink: /home/crashlab/robot_ws/install/crash_nav2/share/crash_nav2/launch/online_async_launch.py
[3.442s] -- Up-to-date symlink: /home/crashlab/robot_ws/install/crash_nav2/share/crash_nav2/map/112_map.pgm
[3.447s] -- Up-to-date symlink: /home/crashlab/robot_ws/install/crash_nav2/share/crash_nav2/map/112_map.yaml
[3.453s] -- Up-to-date symlink: /home/crashlab/robot_ws/install/crash_nav2/share/crash_nav2/map/112_map_serial.data
[3.458s] -- Up-to-date symlink: /home/crashlab/robot_ws/install/crash_nav2/share/crash_nav2/map/112_map_serial.posegraph
[3.465s] -- Up-to-date symlink: /home/crashlab/robot_ws/install/crash_nav2/share/crash_nav2/map/bad_map.pgm
[3.470s] -- Up-to-date symlink: /home/crashlab/robot_ws/install/crash_nav2/share/crash_nav2/map/bad_map.yaml
[3.478s] -- Up-to-date symlink: /home/crashlab/robot_ws/install/crash_nav2/share/crash_nav2/map/bad_map_serial.data
[3.482s] -- Up-to-date symlink: /home/crashlab/robot_ws/install/crash_nav2/share/crash_nav2/map/bad_map_serial.posegraph
[3.485s] -- Up-to-date symlink: /home/crashlab/robot_ws/install/crash_nav2/share/crash_nav2/map/map.pgm
[3.488s] -- Up-to-date symlink: /home/crashlab/robot_ws/install/crash_nav2/share/crash_nav2/map/map.yaml
[3.492s] -- Up-to-date symlink: /home/crashlab/robot_ws/install/crash_nav2/share/crash_nav2/map/map_serial.data
[3.495s] -- Up-to-date symlink: /home/crashlab/robot_ws/install/crash_nav2/share/crash_nav2/map/map_serial.posegraph
[3.510s] -- Up-to-date symlink: /home/crashlab/robot_ws/install/crash_nav2/share/crash_nav2/map/testmap_save.pgm
[3.513s] -- Up-to-date symlink: /home/crashlab/robot_ws/install/crash_nav2/share/crash_nav2/map/testmap_save.yaml
[3.515s] -- Up-to-date symlink: /home/crashlab/robot_ws/install/crash_nav2/share/crash_nav2/map/testmap_serial.data
[3.521s] -- Up-to-date symlink: /home/crashlab/robot_ws/install/crash_nav2/share/crash_nav2/map/testmap_serial.posegraph
[3.528s] -- Up-to-date symlink: /home/crashlab/robot_ws/install/crash_nav2/share/crash_nav2/param/crash_params.yaml
[3.537s] -- Up-to-date symlink: /home/crashlab/robot_ws/install/crash_nav2/share/crash_nav2/rviz/tb3_navigation.rviz
[3.540s] -- Up-to-date symlink: /home/crashlab/robot_ws/install/crash_nav2/share/crash_nav2/config/mapper_params_online_async.yaml
[3.543s] -- Up-to-date symlink: /home/crashlab/robot_ws/install/crash_nav2/share/ament_index/resource_index/package_run_dependencies/crash_nav2
[3.546s] -- Up-to-date symlink: /home/crashlab/robot_ws/install/crash_nav2/share/ament_index/resource_index/parent_prefix_path/crash_nav2
[3.560s] -- Up-to-date symlink: /home/crashlab/robot_ws/install/crash_nav2/share/crash_nav2/environment/ament_prefix_path.sh
[3.563s] -- Up-to-date symlink: /home/crashlab/robot_ws/install/crash_nav2/share/crash_nav2/environment/ament_prefix_path.dsv
[3.570s] -- Up-to-date symlink: /home/crashlab/robot_ws/install/crash_nav2/share/crash_nav2/environment/path.sh
[3.572s] -- Up-to-date symlink: /home/crashlab/robot_ws/install/crash_nav2/share/crash_nav2/environment/path.dsv
[3.573s] -- Up-to-date symlink: /home/crashlab/robot_ws/install/crash_nav2/share/crash_nav2/local_setup.bash
[3.573s] -- Up-to-date symlink: /home/crashlab/robot_ws/install/crash_nav2/share/crash_nav2/local_setup.sh
[3.574s] -- Up-to-date symlink: /home/crashlab/robot_ws/install/crash_nav2/share/crash_nav2/local_setup.zsh
[3.575s] -- Up-to-date symlink: /home/crashlab/robot_ws/install/crash_nav2/share/crash_nav2/local_setup.dsv
[3.576s] -- Symlinking: /home/crashlab/robot_ws/install/crash_nav2/share/crash_nav2/package.dsv
[3.577s] -- Up-to-date symlink: /home/crashlab/robot_ws/install/crash_nav2/share/ament_index/resource_index/packages/crash_nav2
[3.578s] -- Up-to-date symlink: /home/crashlab/robot_ws/install/crash_nav2/share/crash_nav2/cmake/crash_nav2Config.cmake
[3.592s] -- Up-to-date symlink: /home/crashlab/robot_ws/install/crash_nav2/share/crash_nav2/cmake/crash_nav2Config-version.cmake
[3.593s] -- Up-to-date symlink: /home/crashlab/robot_ws/install/crash_nav2/share/crash_nav2/package.xml
[3.594s] Invoked command in '/home/crashlab/robot_ws/build/crash_nav2' returned '0': CMAKE_PREFIX_PATH=${CMAKE_PREFIX_PATH}:/home/crashlab/robot_ws/install/nav_bringup:/home/crashlab/robot_ws/install/json_data:/home/crashlab/robot_ws/install/coordination:/opt/ros/humble /usr/bin/cmake --install /home/crashlab/robot_ws/build/crash_nav2
