[0.089s] Invoking command in '/home/crashlab/robot_ws/build/other_motor_pkg': CMAKE_PREFIX_PATH=${CMAKE_PREFIX_PATH}:/home/crashlab/robot_ws/install/nav_bringup:/home/crashlab/robot_ws/install/json_data:/home/crashlab/robot_ws/install/coordination:/opt/ros/humble /usr/bin/cmake --build /home/crashlab/robot_ws/build/other_motor_pkg -- -j4 -l4
[0.477s] [100%] Built target cap_motor_node
[0.546s] Invoked command in '/home/crashlab/robot_ws/build/other_motor_pkg' returned '0': CMAKE_PREFIX_PATH=${CMAKE_PREFIX_PATH}:/home/crashlab/robot_ws/install/nav_bringup:/home/crashlab/robot_ws/install/json_data:/home/crashlab/robot_ws/install/coordination:/opt/ros/humble /usr/bin/cmake --build /home/crashlab/robot_ws/build/other_motor_pkg -- -j4 -l4
[0.555s] Invoking command in '/home/crashlab/robot_ws/build/other_motor_pkg': CMAKE_PREFIX_PATH=${CMAKE_PREFIX_PATH}:/home/crashlab/robot_ws/install/nav_bringup:/home/crashlab/robot_ws/install/json_data:/home/crashlab/robot_ws/install/coordination:/opt/ros/humble /usr/bin/cmake --install /home/crashlab/robot_ws/build/other_motor_pkg
[0.605s] -- Install configuration: ""
[0.610s] -- Execute custom install script
[0.611s] -- Up-to-date symlink: /home/crashlab/robot_ws/install/other_motor_pkg//cap_motor_node
[0.613s] -- Up-to-date symlink: /home/crashlab/robot_ws/install/other_motor_pkg/share/ament_index/resource_index/package_run_dependencies/other_motor_pkg
[0.613s] -- Up-to-date symlink: /home/crashlab/robot_ws/install/other_motor_pkg/share/ament_index/resource_index/parent_prefix_path/other_motor_pkg
[0.616s] -- Up-to-date symlink: /home/crashlab/robot_ws/install/other_motor_pkg/share/other_motor_pkg/environment/ament_prefix_path.sh
[0.617s] -- Up-to-date symlink: /home/crashlab/robot_ws/install/other_motor_pkg/share/other_motor_pkg/environment/ament_prefix_path.dsv
[0.618s] -- Up-to-date symlink: /home/crashlab/robot_ws/install/other_motor_pkg/share/other_motor_pkg/environment/path.sh
[0.621s] -- Up-to-date symlink: /home/crashlab/robot_ws/install/other_motor_pkg/share/other_motor_pkg/environment/path.dsv
[0.622s] -- Up-to-date symlink: /home/crashlab/robot_ws/install/other_motor_pkg/share/other_motor_pkg/local_setup.bash
[0.622s] -- Up-to-date symlink: /home/crashlab/robot_ws/install/other_motor_pkg/share/other_motor_pkg/local_setup.sh
[0.623s] -- Up-to-date symlink: /home/crashlab/robot_ws/install/other_motor_pkg/share/other_motor_pkg/local_setup.zsh
[0.627s] -- Up-to-date symlink: /home/crashlab/robot_ws/install/other_motor_pkg/share/other_motor_pkg/local_setup.dsv
[0.628s] -- Symlinking: /home/crashlab/robot_ws/install/other_motor_pkg/share/other_motor_pkg/package.dsv
[0.681s] -- Up-to-date symlink: /home/crashlab/robot_ws/install/other_motor_pkg/share/ament_index/resource_index/packages/other_motor_pkg
[0.683s] -- Up-to-date symlink: /home/crashlab/robot_ws/install/other_motor_pkg/share/other_motor_pkg/cmake/other_motor_pkgConfig.cmake
[0.684s] -- Up-to-date symlink: /home/crashlab/robot_ws/install/other_motor_pkg/share/other_motor_pkg/cmake/other_motor_pkgConfig-version.cmake
[0.685s] -- Up-to-date symlink: /home/crashlab/robot_ws/install/other_motor_pkg/share/other_motor_pkg/package.xml
[0.694s] Invoked command in '/home/crashlab/robot_ws/build/other_motor_pkg' returned '0': CMAKE_PREFIX_PATH=${CMAKE_PREFIX_PATH}:/home/crashlab/robot_ws/install/nav_bringup:/home/crashlab/robot_ws/install/json_data:/home/crashlab/robot_ws/install/coordination:/opt/ros/humble /usr/bin/cmake --install /home/crashlab/robot_ws/build/other_motor_pkg
