[1.452s] Invoking command in '/home/crashlab/robot_ws/build/crash_nav2': CMAKE_PREFIX_PATH=${CMAKE_PREFIX_PATH}:/home/crashlab/robot_ws/install/nav_bringup:/home/crashlab/robot_ws/install/json_data:/home/crashlab/robot_ws/install/coordination:/opt/ros/humble /usr/bin/cmake --build /home/crashlab/robot_ws/build/crash_nav2 -- -j4 -l4
[3.002s] [ 33%] Built target pid_check
[3.002s] [ 66%] Built target navigate_controller
[3.002s] [100%] Built target odom_publisher
[3.027s] Invoked command in '/home/crashlab/robot_ws/build/crash_nav2' returned '0': CMAKE_PREFIX_PATH=${CMAKE_PREFIX_PATH}:/home/crashlab/robot_ws/install/nav_bringup:/home/crashlab/robot_ws/install/json_data:/home/crashlab/robot_ws/install/coordination:/opt/ros/humble /usr/bin/cmake --build /home/crashlab/robot_ws/build/crash_nav2 -- -j4 -l4
[3.074s] Invoking command in '/home/crashlab/robot_ws/build/crash_nav2': CMAKE_PREFIX_PATH=${CMAKE_PREFIX_PATH}:/home/crashlab/robot_ws/install/nav_bringup:/home/crashlab/robot_ws/install/json_data:/home/crashlab/robot_ws/install/coordination:/opt/ros/humble /usr/bin/cmake --install /home/crashlab/robot_ws/build/crash_nav2
[3.107s] -- Install configuration: ""
[3.108s] -- Execute custom install script
[3.121s] -- Up-to-date symlink: /home/crashlab/robot_ws/install/crash_nav2/lib/crash_nav2//navigate_controller
[3.122s] -- Up-to-date symlink: /home/crashlab/robot_ws/install/crash_nav2/lib/crash_nav2//pid_check
[3.122s] -- Up-to-date symlink: /home/crashlab/robot_ws/install/crash_nav2/lib/crash_nav2/odom_publisher
[3.123s] -- Up-to-date symlink: /home/crashlab/robot_ws/install/crash_nav2/share/crash_nav2/launch/navigation.launch.py
[3.124s] -- Up-to-date symlink: /home/crashlab/robot_ws/install/crash_nav2/share/crash_nav2/launch/navigation_rviz.launch.py
[3.127s] -- Up-to-date symlink: /home/crashlab/robot_ws/install/crash_nav2/share/crash_nav2/launch/online_async_launch.py
[3.131s] -- Up-to-date symlink: /home/crashlab/robot_ws/install/crash_nav2/share/crash_nav2/map/bad_map.pgm
[3.134s] -- Up-to-date symlink: /home/crashlab/robot_ws/install/crash_nav2/share/crash_nav2/map/bad_map.yaml
[3.135s] -- Up-to-date symlink: /home/crashlab/robot_ws/install/crash_nav2/share/crash_nav2/map/bad_map_serial.data
[3.139s] -- Up-to-date symlink: /home/crashlab/robot_ws/install/crash_nav2/share/crash_nav2/map/bad_map_serial.posegraph
[3.141s] -- Up-to-date symlink: /home/crashlab/robot_ws/install/crash_nav2/share/crash_nav2/map/map.pgm
[3.143s] -- Up-to-date symlink: /home/crashlab/robot_ws/install/crash_nav2/share/crash_nav2/map/map.yaml
[3.145s] -- Up-to-date symlink: /home/crashlab/robot_ws/install/crash_nav2/share/crash_nav2/map/map_serial.data
[3.147s] -- Up-to-date symlink: /home/crashlab/robot_ws/install/crash_nav2/share/crash_nav2/map/map_serial.posegraph
[3.149s] -- Up-to-date symlink: /home/crashlab/robot_ws/install/crash_nav2/share/crash_nav2/map/testmap_save.pgm
[3.151s] -- Up-to-date symlink: /home/crashlab/robot_ws/install/crash_nav2/share/crash_nav2/map/testmap_save.yaml
[3.153s] -- Up-to-date symlink: /home/crashlab/robot_ws/install/crash_nav2/share/crash_nav2/map/testmap_serial.data
[3.156s] -- Up-to-date symlink: /home/crashlab/robot_ws/install/crash_nav2/share/crash_nav2/map/testmap_serial.posegraph
[3.159s] -- Up-to-date symlink: /home/crashlab/robot_ws/install/crash_nav2/share/crash_nav2/param/crash_params.yaml
[3.163s] -- Up-to-date symlink: /home/crashlab/robot_ws/install/crash_nav2/share/crash_nav2/rviz/tb3_navigation.rviz
[3.167s] -- Up-to-date symlink: /home/crashlab/robot_ws/install/crash_nav2/share/crash_nav2/config/mapper_params_online_async.yaml
[3.170s] -- Up-to-date symlink: /home/crashlab/robot_ws/install/crash_nav2/share/ament_index/resource_index/package_run_dependencies/crash_nav2
[3.173s] -- Up-to-date symlink: /home/crashlab/robot_ws/install/crash_nav2/share/ament_index/resource_index/parent_prefix_path/crash_nav2
[3.177s] -- Up-to-date symlink: /home/crashlab/robot_ws/install/crash_nav2/share/crash_nav2/environment/ament_prefix_path.sh
[3.178s] -- Up-to-date symlink: /home/crashlab/robot_ws/install/crash_nav2/share/crash_nav2/environment/ament_prefix_path.dsv
[3.183s] -- Up-to-date symlink: /home/crashlab/robot_ws/install/crash_nav2/share/crash_nav2/environment/path.sh
[3.185s] -- Up-to-date symlink: /home/crashlab/robot_ws/install/crash_nav2/share/crash_nav2/environment/path.dsv
[3.189s] -- Up-to-date symlink: /home/crashlab/robot_ws/install/crash_nav2/share/crash_nav2/local_setup.bash
[3.191s] -- Up-to-date symlink: /home/crashlab/robot_ws/install/crash_nav2/share/crash_nav2/local_setup.sh
[3.194s] -- Up-to-date symlink: /home/crashlab/robot_ws/install/crash_nav2/share/crash_nav2/local_setup.zsh
[3.197s] -- Up-to-date symlink: /home/crashlab/robot_ws/install/crash_nav2/share/crash_nav2/local_setup.dsv
[3.199s] -- Symlinking: /home/crashlab/robot_ws/install/crash_nav2/share/crash_nav2/package.dsv
[3.245s] -- Up-to-date symlink: /home/crashlab/robot_ws/install/crash_nav2/share/ament_index/resource_index/packages/crash_nav2
[3.248s] -- Up-to-date symlink: /home/crashlab/robot_ws/install/crash_nav2/share/crash_nav2/cmake/crash_nav2Config.cmake
[3.251s] -- Up-to-date symlink: /home/crashlab/robot_ws/install/crash_nav2/share/crash_nav2/cmake/crash_nav2Config-version.cmake
[3.254s] -- Up-to-date symlink: /home/crashlab/robot_ws/install/crash_nav2/share/crash_nav2/package.xml
[3.273s] Invoked command in '/home/crashlab/robot_ws/build/crash_nav2' returned '0': CMAKE_PREFIX_PATH=${CMAKE_PREFIX_PATH}:/home/crashlab/robot_ws/install/nav_bringup:/home/crashlab/robot_ws/install/json_data:/home/crashlab/robot_ws/install/coordination:/opt/ros/humble /usr/bin/cmake --install /home/crashlab/robot_ws/build/crash_nav2
