[5.219s] Invoking command in '/home/crashlab/robot_ws/build/other_motor_pkg': CMAKE_PREFIX_PATH=${CMAKE_PREFIX_PATH}:/home/crashlab/robot_ws/install/nav_bringup:/home/crashlab/robot_ws/install/json_data:/opt/ros/humble /usr/bin/cmake /home/crashlab/robot_ws/src/other_motor_pkg -DAMENT_CMAKE_SYMLINK_INSTALL=1 -DCMAKE_INSTALL_PREFIX=/home/crashlab/robot_ws/install/other_motor_pkg
[5.889s] -- The C compiler identification is GNU 11.4.0
[6.424s] -- The CXX compiler identification is GNU 11.4.0
[6.518s] -- Detecting C compiler ABI info
[7.390s] -- Detecting C compiler ABI info - done
[7.472s] -- Check for working C compiler: /usr/bin/cc - skipped
[7.486s] -- Detecting C compile features
[7.489s] -- Detecting C compile features - done
[7.558s] -- Detecting CXX compiler ABI info
[8.630s] -- Detecting CXX compiler ABI info - done
[8.718s] -- Check for working CXX compiler: /usr/bin/c++ - skipped
[8.729s] -- Detecting CXX compile features
[8.741s] -- Detecting CXX compile features - done
[8.870s] -- Found ament_cmake: 1.3.11 (/opt/ros/humble/share/ament_cmake/cmake)
[12.898s] -- Found Python3: /usr/bin/python3 (found version "3.10.12") found components: Interpreter 
[13.679s] -- Override CMake install command with custom implementation using symlinks instead of copying resources
[14.647s] -- Found rclcpp: 16.0.11 (/opt/ros/humble/share/rclcpp/cmake)
[15.581s] -- Found rosidl_generator_c: 3.1.6 (/opt/ros/humble/share/rosidl_generator_c/cmake)
[15.663s] -- Found rosidl_adapter: 3.1.6 (/opt/ros/humble/share/rosidl_adapter/cmake)
[15.781s] -- Found rosidl_generator_cpp: 3.1.6 (/opt/ros/humble/share/rosidl_generator_cpp/cmake)
[15.955s] -- Using all available rosidl_typesupport_c: rosidl_typesupport_fastrtps_c;rosidl_typesupport_introspection_c
[16.153s] -- Using all available rosidl_typesupport_cpp: rosidl_typesupport_fastrtps_cpp;rosidl_typesupport_introspection_cpp
[16.932s] -- Found rmw_implementation_cmake: 6.1.2 (/opt/ros/humble/share/rmw_implementation_cmake/cmake)
[16.978s] -- Found rmw_fastrtps_cpp: 6.2.7 (/opt/ros/humble/share/rmw_fastrtps_cpp/cmake)
[17.978s] -- Found OpenSSL: /usr/lib/aarch64-linux-gnu/libcrypto.so (found version "3.0.2")  
[18.398s] -- Found FastRTPS: /opt/ros/humble/include  
[18.959s] -- Using RMW implementation 'rmw_fastrtps_cpp' as default
[19.085s] -- Looking for pthread.h
[19.822s] -- Looking for pthread.h - found
[19.829s] -- Performing Test CMAKE_HAVE_LIBC_PTHREAD
[20.418s] -- Performing Test CMAKE_HAVE_LIBC_PTHREAD - Success
[20.427s] -- Found Threads: TRUE  
[21.110s] -- Found ament_lint_auto: 0.12.11 (/opt/ros/humble/share/ament_lint_auto/cmake)
[22.369s] -- Added test 'copyright' to check source files copyright and LICENSE
[22.390s] -- Added test 'cppcheck' to perform static code analysis on C / C++ code
[22.393s] -- Configured cppcheck include dirs: 
[22.393s] -- Configured cppcheck exclude dirs and/or files: 
[22.427s] -- Added test 'cpplint' to check C / C++ code against the Google style
[22.427s] -- Configured cpplint exclude dirs and/or files: 
[22.459s] -- Added test 'lint_cmake' to check CMake code style
[22.482s] -- Added test 'uncrustify' to check C / C++ code style
[22.483s] -- Configured uncrustify additional arguments: 
[22.502s] -- Added test 'xmllint' to check XML markup files
[22.540s] -- Configuring done
[22.669s] -- Generating done
[22.704s] -- Build files have been written to: /home/crashlab/robot_ws/build/other_motor_pkg
[22.760s] Invoked command in '/home/crashlab/robot_ws/build/other_motor_pkg' returned '0': CMAKE_PREFIX_PATH=${CMAKE_PREFIX_PATH}:/home/crashlab/robot_ws/install/nav_bringup:/home/crashlab/robot_ws/install/json_data:/opt/ros/humble /usr/bin/cmake /home/crashlab/robot_ws/src/other_motor_pkg -DAMENT_CMAKE_SYMLINK_INSTALL=1 -DCMAKE_INSTALL_PREFIX=/home/crashlab/robot_ws/install/other_motor_pkg
[22.783s] Invoking command in '/home/crashlab/robot_ws/build/other_motor_pkg': CMAKE_PREFIX_PATH=${CMAKE_PREFIX_PATH}:/home/crashlab/robot_ws/install/nav_bringup:/home/crashlab/robot_ws/install/json_data:/opt/ros/humble /usr/bin/cmake --build /home/crashlab/robot_ws/build/other_motor_pkg -- -j4 -l4
[23.121s] [ 50%] [32mBuilding CXX object CMakeFiles/cap_motor_node.dir/src/cap_motor_node.cpp.o[0m
[380.161s] [100%] [32m[1mLinking CXX executable cap_motor_node[0m
[385.408s] [100%] Built target cap_motor_node
[385.587s] Invoked command in '/home/crashlab/robot_ws/build/other_motor_pkg' returned '0': CMAKE_PREFIX_PATH=${CMAKE_PREFIX_PATH}:/home/crashlab/robot_ws/install/nav_bringup:/home/crashlab/robot_ws/install/json_data:/opt/ros/humble /usr/bin/cmake --build /home/crashlab/robot_ws/build/other_motor_pkg -- -j4 -l4
[385.636s] Invoking command in '/home/crashlab/robot_ws/build/other_motor_pkg': CMAKE_PREFIX_PATH=${CMAKE_PREFIX_PATH}:/home/crashlab/robot_ws/install/nav_bringup:/home/crashlab/robot_ws/install/json_data:/opt/ros/humble /usr/bin/cmake --install /home/crashlab/robot_ws/build/other_motor_pkg
[385.719s] -- Install configuration: ""
[385.731s] -- Execute custom install script
[385.735s] -- Symlinking: /home/crashlab/robot_ws/install/other_motor_pkg//cap_motor_node
[385.818s] -- Symlinking: /home/crashlab/robot_ws/install/other_motor_pkg/share/ament_index/resource_index/package_run_dependencies/other_motor_pkg
[386.050s] -- Symlinking: /home/crashlab/robot_ws/install/other_motor_pkg/share/ament_index/resource_index/parent_prefix_path/other_motor_pkg
[386.147s] -- Symlinking: /home/crashlab/robot_ws/install/other_motor_pkg/share/other_motor_pkg/environment/ament_prefix_path.sh
[386.272s] -- Symlinking: /home/crashlab/robot_ws/install/other_motor_pkg/share/other_motor_pkg/environment/ament_prefix_path.dsv
[386.394s] -- Symlinking: /home/crashlab/robot_ws/install/other_motor_pkg/share/other_motor_pkg/environment/path.sh
[386.509s] -- Symlinking: /home/crashlab/robot_ws/install/other_motor_pkg/share/other_motor_pkg/environment/path.dsv
[386.587s] -- Symlinking: /home/crashlab/robot_ws/install/other_motor_pkg/share/other_motor_pkg/local_setup.bash
[386.643s] -- Symlinking: /home/crashlab/robot_ws/install/other_motor_pkg/share/other_motor_pkg/local_setup.sh
[386.707s] -- Symlinking: /home/crashlab/robot_ws/install/other_motor_pkg/share/other_motor_pkg/local_setup.zsh
[386.761s] -- Symlinking: /home/crashlab/robot_ws/install/other_motor_pkg/share/other_motor_pkg/local_setup.dsv
[386.812s] -- Symlinking: /home/crashlab/robot_ws/install/other_motor_pkg/share/other_motor_pkg/package.dsv
[386.867s] -- Symlinking: /home/crashlab/robot_ws/install/other_motor_pkg/share/ament_index/resource_index/packages/other_motor_pkg
[386.927s] -- Symlinking: /home/crashlab/robot_ws/install/other_motor_pkg/share/other_motor_pkg/cmake/other_motor_pkgConfig.cmake
[387.040s] -- Symlinking: /home/crashlab/robot_ws/install/other_motor_pkg/share/other_motor_pkg/cmake/other_motor_pkgConfig-version.cmake
[387.137s] -- Symlinking: /home/crashlab/robot_ws/install/other_motor_pkg/share/other_motor_pkg/package.xml
[387.275s] Invoked command in '/home/crashlab/robot_ws/build/other_motor_pkg' returned '0': CMAKE_PREFIX_PATH=${CMAKE_PREFIX_PATH}:/home/crashlab/robot_ws/install/nav_bringup:/home/crashlab/robot_ws/install/json_data:/opt/ros/humble /usr/bin/cmake --install /home/crashlab/robot_ws/build/other_motor_pkg
