[0.471s] DEBUG:colcon:Command line arguments: ['/usr/bin/colcon', 'build', '--symlink-install']
[0.472s] DEBUG:colcon:Parsed command line arguments: Namespace(log_base=None, log_level=None, verb_name='build', build_base='build', install_base='install', merge_install=False, symlink_install=True, test_result_base=None, continue_on_error=False, executor='parallel', parallel_workers=4, event_handlers=None, ignore_user_meta=False, metas=['./colcon.meta'], base_paths=['.'], packages_ignore=None, packages_ignore_regex=None, paths=None, packages_up_to=None, packages_up_to_regex=None, packages_above=None, packages_above_and_dependencies=None, packages_above_depth=None, packages_select_by_dep=None, packages_skip_by_dep=None, packages_skip_up_to=None, packages_select_build_failed=False, packages_skip_build_finished=False, packages_select_test_failures=False, packages_skip_test_passed=False, packages_select=None, packages_skip=None, packages_select_regex=None, packages_skip_regex=None, packages_start=None, packages_end=None, allow_overriding=[], cmake_args=None, cmake_target=None, cmake_target_skip_unavailable=False, cmake_clean_cache=False, cmake_clean_first=False, cmake_force_configure=False, ament_cmake_args=None, catkin_cmake_args=None, catkin_skip_building_tests=False, mixin_files=None, mixin=None, verb_parser=<colcon_mixin.mixin.mixin_argument.MixinArgumentDecorator object at 0xffff979363e0>, verb_extension=<colcon_core.verb.build.BuildVerb object at 0xffff97a2b370>, main=<bound method BuildVerb.main of <colcon_core.verb.build.BuildVerb object at 0xffff97a2b370>>, mixin_verb=('build',))
[1.295s] Level 1:colcon.colcon_core.package_discovery:discover_packages(colcon_meta) check parameters
[1.296s] Level 1:colcon.colcon_core.package_discovery:discover_packages(recursive) check parameters
[1.296s] Level 1:colcon.colcon_core.package_discovery:discover_packages(ignore) check parameters
[1.296s] Level 1:colcon.colcon_core.package_discovery:discover_packages(path) check parameters
[1.296s] Level 1:colcon.colcon_core.package_discovery:discover_packages(colcon_meta) discover
[1.296s] Level 1:colcon.colcon_core.package_discovery:discover_packages(recursive) discover
[1.297s] INFO:colcon.colcon_core.package_discovery:Crawling recursively for packages in '/home/crashlab/robot_ws'
[1.297s] Level 1:colcon.colcon_core.package_identification:_identify(.) by extensions ['ignore', 'ignore_ament_install']
[1.298s] Level 1:colcon.colcon_core.package_identification:_identify(.) by extension 'ignore'
[1.298s] Level 1:colcon.colcon_core.package_identification:_identify(.) by extension 'ignore_ament_install'
[1.298s] Level 1:colcon.colcon_core.package_identification:_identify(.) by extensions ['colcon_pkg']
[1.298s] Level 1:colcon.colcon_core.package_identification:_identify(.) by extension 'colcon_pkg'
[1.299s] Level 1:colcon.colcon_core.package_identification:_identify(.) by extensions ['colcon_meta']
[1.299s] Level 1:colcon.colcon_core.package_identification:_identify(.) by extension 'colcon_meta'
[1.299s] Level 1:colcon.colcon_core.package_identification:_identify(.) by extensions ['ros']
[1.299s] Level 1:colcon.colcon_core.package_identification:_identify(.) by extension 'ros'
[1.343s] Level 1:colcon.colcon_core.package_identification:_identify(.) by extensions ['cmake', 'python']
[1.343s] Level 1:colcon.colcon_core.package_identification:_identify(.) by extension 'cmake'
[1.343s] Level 1:colcon.colcon_core.package_identification:_identify(.) by extension 'python'
[1.344s] Level 1:colcon.colcon_core.package_identification:_identify(.) by extensions ['python_setup_py']
[1.344s] Level 1:colcon.colcon_core.package_identification:_identify(.) by extension 'python_setup_py'
[1.344s] Level 1:colcon.colcon_core.package_identification:_identify(build) by extensions ['ignore', 'ignore_ament_install']
[1.345s] Level 1:colcon.colcon_core.package_identification:_identify(build) by extension 'ignore'
[1.345s] Level 1:colcon.colcon_core.package_identification:_identify(build) ignored
[1.346s] Level 1:colcon.colcon_core.package_identification:_identify(install) by extensions ['ignore', 'ignore_ament_install']
[1.346s] Level 1:colcon.colcon_core.package_identification:_identify(install) by extension 'ignore'
[1.346s] Level 1:colcon.colcon_core.package_identification:_identify(install) ignored
[1.347s] Level 1:colcon.colcon_core.package_identification:_identify(log) by extensions ['ignore', 'ignore_ament_install']
[1.348s] Level 1:colcon.colcon_core.package_identification:_identify(log) by extension 'ignore'
[1.348s] Level 1:colcon.colcon_core.package_identification:_identify(log) ignored
[1.348s] Level 1:colcon.colcon_core.package_identification:_identify(src) by extensions ['ignore', 'ignore_ament_install']
[1.349s] Level 1:colcon.colcon_core.package_identification:_identify(src) by extension 'ignore'
[1.349s] Level 1:colcon.colcon_core.package_identification:_identify(src) by extension 'ignore_ament_install'
[1.349s] Level 1:colcon.colcon_core.package_identification:_identify(src) by extensions ['colcon_pkg']
[1.349s] Level 1:colcon.colcon_core.package_identification:_identify(src) by extension 'colcon_pkg'
[1.349s] Level 1:colcon.colcon_core.package_identification:_identify(src) by extensions ['colcon_meta']
[1.350s] Level 1:colcon.colcon_core.package_identification:_identify(src) by extension 'colcon_meta'
[1.350s] Level 1:colcon.colcon_core.package_identification:_identify(src) by extensions ['ros']
[1.350s] Level 1:colcon.colcon_core.package_identification:_identify(src) by extension 'ros'
[1.350s] Level 1:colcon.colcon_core.package_identification:_identify(src) by extensions ['cmake', 'python']
[1.351s] Level 1:colcon.colcon_core.package_identification:_identify(src) by extension 'cmake'
[1.351s] Level 1:colcon.colcon_core.package_identification:_identify(src) by extension 'python'
[1.351s] Level 1:colcon.colcon_core.package_identification:_identify(src) by extensions ['python_setup_py']
[1.351s] Level 1:colcon.colcon_core.package_identification:_identify(src) by extension 'python_setup_py'
[1.352s] Level 1:colcon.colcon_core.package_identification:_identify(src/YDLidar-SDK) by extensions ['ignore', 'ignore_ament_install']
[1.352s] Level 1:colcon.colcon_core.package_identification:_identify(src/YDLidar-SDK) by extension 'ignore'
[1.352s] Level 1:colcon.colcon_core.package_identification:_identify(src/YDLidar-SDK) by extension 'ignore_ament_install'
[1.353s] Level 1:colcon.colcon_core.package_identification:_identify(src/YDLidar-SDK) by extensions ['colcon_pkg']
[1.353s] Level 1:colcon.colcon_core.package_identification:_identify(src/YDLidar-SDK) by extension 'colcon_pkg'
[1.353s] Level 1:colcon.colcon_core.package_identification:_identify(src/YDLidar-SDK) by extensions ['colcon_meta']
[1.353s] Level 1:colcon.colcon_core.package_identification:_identify(src/YDLidar-SDK) by extension 'colcon_meta'
[1.353s] Level 1:colcon.colcon_core.package_identification:_identify(src/YDLidar-SDK) by extensions ['ros']
[1.353s] Level 1:colcon.colcon_core.package_identification:_identify(src/YDLidar-SDK) by extension 'ros'
[1.354s] Level 1:colcon.colcon_core.package_identification:_identify(src/YDLidar-SDK) by extensions ['cmake', 'python']
[1.354s] Level 1:colcon.colcon_core.package_identification:_identify(src/YDLidar-SDK) by extension 'cmake'
[1.424s] Level 1:colcon.colcon_core.package_identification:_identify(src/YDLidar-SDK) by extension 'python'
[1.425s] DEBUG:colcon.colcon_core.package_identification:Package 'src/YDLidar-SDK' with type 'cmake' and name 'ydlidar_sdk'
[1.425s] Level 1:colcon.colcon_core.package_identification:_identify(src/coordination) by extensions ['ignore', 'ignore_ament_install']
[1.425s] Level 1:colcon.colcon_core.package_identification:_identify(src/coordination) by extension 'ignore'
[1.426s] Level 1:colcon.colcon_core.package_identification:_identify(src/coordination) by extension 'ignore_ament_install'
[1.426s] Level 1:colcon.colcon_core.package_identification:_identify(src/coordination) by extensions ['colcon_pkg']
[1.426s] Level 1:colcon.colcon_core.package_identification:_identify(src/coordination) by extension 'colcon_pkg'
[1.426s] Level 1:colcon.colcon_core.package_identification:_identify(src/coordination) by extensions ['colcon_meta']
[1.427s] Level 1:colcon.colcon_core.package_identification:_identify(src/coordination) by extension 'colcon_meta'
[1.427s] Level 1:colcon.colcon_core.package_identification:_identify(src/coordination) by extensions ['ros']
[1.427s] Level 1:colcon.colcon_core.package_identification:_identify(src/coordination) by extension 'ros'
[1.435s] DEBUG:colcon.colcon_core.package_identification:Package 'src/coordination' with type 'ros.ament_python' and name 'coordination'
[1.436s] Level 1:colcon.colcon_core.package_identification:_identify(src/crash_nav2) by extensions ['ignore', 'ignore_ament_install']
[1.436s] Level 1:colcon.colcon_core.package_identification:_identify(src/crash_nav2) by extension 'ignore'
[1.437s] Level 1:colcon.colcon_core.package_identification:_identify(src/crash_nav2) by extension 'ignore_ament_install'
[1.437s] Level 1:colcon.colcon_core.package_identification:_identify(src/crash_nav2) by extensions ['colcon_pkg']
[1.437s] Level 1:colcon.colcon_core.package_identification:_identify(src/crash_nav2) by extension 'colcon_pkg'
[1.437s] Level 1:colcon.colcon_core.package_identification:_identify(src/crash_nav2) by extensions ['colcon_meta']
[1.437s] Level 1:colcon.colcon_core.package_identification:_identify(src/crash_nav2) by extension 'colcon_meta'
[1.438s] Level 1:colcon.colcon_core.package_identification:_identify(src/crash_nav2) by extensions ['ros']
[1.438s] Level 1:colcon.colcon_core.package_identification:_identify(src/crash_nav2) by extension 'ros'
[1.442s] DEBUG:colcon.colcon_core.package_identification:Package 'src/crash_nav2' with type 'ros.ament_cmake' and name 'crash_nav2'
[1.443s] Level 1:colcon.colcon_core.package_identification:_identify(src/json_data) by extensions ['ignore', 'ignore_ament_install']
[1.443s] Level 1:colcon.colcon_core.package_identification:_identify(src/json_data) by extension 'ignore'
[1.444s] Level 1:colcon.colcon_core.package_identification:_identify(src/json_data) by extension 'ignore_ament_install'
[1.444s] Level 1:colcon.colcon_core.package_identification:_identify(src/json_data) by extensions ['colcon_pkg']
[1.444s] Level 1:colcon.colcon_core.package_identification:_identify(src/json_data) by extension 'colcon_pkg'
[1.444s] Level 1:colcon.colcon_core.package_identification:_identify(src/json_data) by extensions ['colcon_meta']
[1.444s] Level 1:colcon.colcon_core.package_identification:_identify(src/json_data) by extension 'colcon_meta'
[1.445s] Level 1:colcon.colcon_core.package_identification:_identify(src/json_data) by extensions ['ros']
[1.445s] Level 1:colcon.colcon_core.package_identification:_identify(src/json_data) by extension 'ros'
[1.447s] DEBUG:colcon.colcon_core.package_identification:Package 'src/json_data' with type 'ros.ament_python' and name 'json_data'
[1.448s] Level 1:colcon.colcon_core.package_identification:_identify(src/nav_motor_pkg) by extensions ['ignore', 'ignore_ament_install']
[1.448s] Level 1:colcon.colcon_core.package_identification:_identify(src/nav_motor_pkg) by extension 'ignore'
[1.448s] Level 1:colcon.colcon_core.package_identification:_identify(src/nav_motor_pkg) by extension 'ignore_ament_install'
[1.449s] Level 1:colcon.colcon_core.package_identification:_identify(src/nav_motor_pkg) by extensions ['colcon_pkg']
[1.449s] Level 1:colcon.colcon_core.package_identification:_identify(src/nav_motor_pkg) by extension 'colcon_pkg'
[1.449s] Level 1:colcon.colcon_core.package_identification:_identify(src/nav_motor_pkg) by extensions ['colcon_meta']
[1.449s] Level 1:colcon.colcon_core.package_identification:_identify(src/nav_motor_pkg) by extension 'colcon_meta'
[1.449s] Level 1:colcon.colcon_core.package_identification:_identify(src/nav_motor_pkg) by extensions ['ros']
[1.449s] Level 1:colcon.colcon_core.package_identification:_identify(src/nav_motor_pkg) by extension 'ros'
[1.455s] DEBUG:colcon.colcon_core.package_identification:Package 'src/nav_motor_pkg' with type 'ros.ament_cmake' and name 'nav_motor_pkg'
[1.455s] Level 1:colcon.colcon_core.package_identification:_identify(src/other_motor_pkg) by extensions ['ignore', 'ignore_ament_install']
[1.456s] Level 1:colcon.colcon_core.package_identification:_identify(src/other_motor_pkg) by extension 'ignore'
[1.456s] Level 1:colcon.colcon_core.package_identification:_identify(src/other_motor_pkg) by extension 'ignore_ament_install'
[1.456s] Level 1:colcon.colcon_core.package_identification:_identify(src/other_motor_pkg) by extensions ['colcon_pkg']
[1.456s] Level 1:colcon.colcon_core.package_identification:_identify(src/other_motor_pkg) by extension 'colcon_pkg'
[1.457s] Level 1:colcon.colcon_core.package_identification:_identify(src/other_motor_pkg) by extensions ['colcon_meta']
[1.457s] Level 1:colcon.colcon_core.package_identification:_identify(src/other_motor_pkg) by extension 'colcon_meta'
[1.457s] Level 1:colcon.colcon_core.package_identification:_identify(src/other_motor_pkg) by extensions ['ros']
[1.457s] Level 1:colcon.colcon_core.package_identification:_identify(src/other_motor_pkg) by extension 'ros'
[1.460s] DEBUG:colcon.colcon_core.package_identification:Package 'src/other_motor_pkg' with type 'ros.ament_cmake' and name 'other_motor_pkg'
[1.460s] Level 1:colcon.colcon_core.package_identification:_identify(src/tutorial_ros2_motor) by extensions ['ignore', 'ignore_ament_install']
[1.461s] Level 1:colcon.colcon_core.package_identification:_identify(src/tutorial_ros2_motor) by extension 'ignore'
[1.461s] Level 1:colcon.colcon_core.package_identification:_identify(src/tutorial_ros2_motor) by extension 'ignore_ament_install'
[1.461s] Level 1:colcon.colcon_core.package_identification:_identify(src/tutorial_ros2_motor) by extensions ['colcon_pkg']
[1.461s] Level 1:colcon.colcon_core.package_identification:_identify(src/tutorial_ros2_motor) by extension 'colcon_pkg'
[1.462s] Level 1:colcon.colcon_core.package_identification:_identify(src/tutorial_ros2_motor) by extensions ['colcon_meta']
[1.462s] Level 1:colcon.colcon_core.package_identification:_identify(src/tutorial_ros2_motor) by extension 'colcon_meta'
[1.462s] Level 1:colcon.colcon_core.package_identification:_identify(src/tutorial_ros2_motor) by extensions ['ros']
[1.462s] Level 1:colcon.colcon_core.package_identification:_identify(src/tutorial_ros2_motor) by extension 'ros'
[1.465s] DEBUG:colcon.colcon_core.package_identification:Package 'src/tutorial_ros2_motor' with type 'ros.ament_cmake' and name 'tutorial_ros2_motor'
[1.466s] Level 1:colcon.colcon_core.package_identification:_identify(src/untitled_description) by extensions ['ignore', 'ignore_ament_install']
[1.466s] Level 1:colcon.colcon_core.package_identification:_identify(src/untitled_description) by extension 'ignore'
[1.466s] Level 1:colcon.colcon_core.package_identification:_identify(src/untitled_description) by extension 'ignore_ament_install'
[1.467s] Level 1:colcon.colcon_core.package_identification:_identify(src/untitled_description) by extensions ['colcon_pkg']
[1.467s] Level 1:colcon.colcon_core.package_identification:_identify(src/untitled_description) by extension 'colcon_pkg'
[1.467s] Level 1:colcon.colcon_core.package_identification:_identify(src/untitled_description) by extensions ['colcon_meta']
[1.467s] Level 1:colcon.colcon_core.package_identification:_identify(src/untitled_description) by extension 'colcon_meta'
[1.467s] Level 1:colcon.colcon_core.package_identification:_identify(src/untitled_description) by extensions ['ros']
[1.467s] Level 1:colcon.colcon_core.package_identification:_identify(src/untitled_description) by extension 'ros'
[1.471s] DEBUG:colcon.colcon_core.package_identification:Package 'src/untitled_description' with type 'ros.ament_cmake' and name 'untitled_description'
[1.472s] Level 1:colcon.colcon_core.package_identification:_identify(src/ydlidar_ros2_driver_bs) by extensions ['ignore', 'ignore_ament_install']
[1.473s] Level 1:colcon.colcon_core.package_identification:_identify(src/ydlidar_ros2_driver_bs) by extension 'ignore'
[1.473s] Level 1:colcon.colcon_core.package_identification:_identify(src/ydlidar_ros2_driver_bs) by extension 'ignore_ament_install'
[1.473s] Level 1:colcon.colcon_core.package_identification:_identify(src/ydlidar_ros2_driver_bs) by extensions ['colcon_pkg']
[1.473s] Level 1:colcon.colcon_core.package_identification:_identify(src/ydlidar_ros2_driver_bs) by extension 'colcon_pkg'
[1.474s] Level 1:colcon.colcon_core.package_identification:_identify(src/ydlidar_ros2_driver_bs) by extensions ['colcon_meta']
[1.474s] Level 1:colcon.colcon_core.package_identification:_identify(src/ydlidar_ros2_driver_bs) by extension 'colcon_meta'
[1.474s] Level 1:colcon.colcon_core.package_identification:_identify(src/ydlidar_ros2_driver_bs) by extensions ['ros']
[1.474s] Level 1:colcon.colcon_core.package_identification:_identify(src/ydlidar_ros2_driver_bs) by extension 'ros'
[1.477s] DEBUG:colcon.colcon_core.package_identification:Package 'src/ydlidar_ros2_driver_bs' with type 'ros.ament_cmake' and name 'ydlidar_ros2_driver'
[1.477s] Level 1:colcon.colcon_core.package_discovery:discover_packages(recursive) using defaults
[1.477s] Level 1:colcon.colcon_core.package_discovery:discover_packages(ignore) discover
[1.477s] Level 1:colcon.colcon_core.package_discovery:discover_packages(ignore) using defaults
[1.477s] Level 1:colcon.colcon_core.package_discovery:discover_packages(path) discover
[1.477s] Level 1:colcon.colcon_core.package_discovery:discover_packages(path) using defaults
[1.600s] Level 1:colcon.colcon_core.package_discovery:discover_packages(prefix_path) check parameters
[1.601s] Level 1:colcon.colcon_core.package_discovery:discover_packages(prefix_path) discover
[1.615s] DEBUG:colcon.colcon_installed_package_information.package_discovery:Found 10 installed packages in /home/crashlab/robot_ws/install
[1.625s] DEBUG:colcon.colcon_installed_package_information.package_discovery:Found 323 installed packages in /opt/ros/humble
[1.633s] Level 1:colcon.colcon_core.package_discovery:discover_packages(prefix_path) using defaults
[1.823s] Level 5:colcon.colcon_core.verb:set package 'coordination' build argument 'cmake_args' from command line to 'None'
[1.823s] Level 5:colcon.colcon_core.verb:set package 'coordination' build argument 'cmake_target' from command line to 'None'
[1.823s] Level 5:colcon.colcon_core.verb:set package 'coordination' build argument 'cmake_target_skip_unavailable' from command line to 'False'
[1.824s] Level 5:colcon.colcon_core.verb:set package 'coordination' build argument 'cmake_clean_cache' from command line to 'False'
[1.824s] Level 5:colcon.colcon_core.verb:set package 'coordination' build argument 'cmake_clean_first' from command line to 'False'
[1.824s] Level 5:colcon.colcon_core.verb:set package 'coordination' build argument 'cmake_force_configure' from command line to 'False'
[1.824s] Level 5:colcon.colcon_core.verb:set package 'coordination' build argument 'ament_cmake_args' from command line to 'None'
[1.824s] Level 5:colcon.colcon_core.verb:set package 'coordination' build argument 'catkin_cmake_args' from command line to 'None'
[1.824s] Level 5:colcon.colcon_core.verb:set package 'coordination' build argument 'catkin_skip_building_tests' from command line to 'False'
[1.824s] DEBUG:colcon.colcon_core.verb:Building package 'coordination' with the following arguments: {'ament_cmake_args': None, 'build_base': '/home/crashlab/robot_ws/build/coordination', 'catkin_cmake_args': None, 'catkin_skip_building_tests': False, 'cmake_args': None, 'cmake_clean_cache': False, 'cmake_clean_first': False, 'cmake_force_configure': False, 'cmake_target': None, 'cmake_target_skip_unavailable': False, 'install_base': '/home/crashlab/robot_ws/install/coordination', 'merge_install': False, 'path': '/home/crashlab/robot_ws/src/coordination', 'symlink_install': True, 'test_result_base': None}
[1.826s] Level 5:colcon.colcon_core.verb:set package 'crash_nav2' build argument 'cmake_args' from command line to 'None'
[1.826s] Level 5:colcon.colcon_core.verb:set package 'crash_nav2' build argument 'cmake_target' from command line to 'None'
[1.826s] Level 5:colcon.colcon_core.verb:set package 'crash_nav2' build argument 'cmake_target_skip_unavailable' from command line to 'False'
[1.826s] Level 5:colcon.colcon_core.verb:set package 'crash_nav2' build argument 'cmake_clean_cache' from command line to 'False'
[1.826s] Level 5:colcon.colcon_core.verb:set package 'crash_nav2' build argument 'cmake_clean_first' from command line to 'False'
[1.827s] Level 5:colcon.colcon_core.verb:set package 'crash_nav2' build argument 'cmake_force_configure' from command line to 'False'
[1.827s] Level 5:colcon.colcon_core.verb:set package 'crash_nav2' build argument 'ament_cmake_args' from command line to 'None'
[1.827s] Level 5:colcon.colcon_core.verb:set package 'crash_nav2' build argument 'catkin_cmake_args' from command line to 'None'
[1.827s] Level 5:colcon.colcon_core.verb:set package 'crash_nav2' build argument 'catkin_skip_building_tests' from command line to 'False'
[1.827s] DEBUG:colcon.colcon_core.verb:Building package 'crash_nav2' with the following arguments: {'ament_cmake_args': None, 'build_base': '/home/crashlab/robot_ws/build/crash_nav2', 'catkin_cmake_args': None, 'catkin_skip_building_tests': False, 'cmake_args': None, 'cmake_clean_cache': False, 'cmake_clean_first': False, 'cmake_force_configure': False, 'cmake_target': None, 'cmake_target_skip_unavailable': False, 'install_base': '/home/crashlab/robot_ws/install/crash_nav2', 'merge_install': False, 'path': '/home/crashlab/robot_ws/src/crash_nav2', 'symlink_install': True, 'test_result_base': None}
[1.828s] Level 5:colcon.colcon_core.verb:set package 'json_data' build argument 'cmake_args' from command line to 'None'
[1.829s] Level 5:colcon.colcon_core.verb:set package 'json_data' build argument 'cmake_target' from command line to 'None'
[1.829s] Level 5:colcon.colcon_core.verb:set package 'json_data' build argument 'cmake_target_skip_unavailable' from command line to 'False'
[1.829s] Level 5:colcon.colcon_core.verb:set package 'json_data' build argument 'cmake_clean_cache' from command line to 'False'
[1.829s] Level 5:colcon.colcon_core.verb:set package 'json_data' build argument 'cmake_clean_first' from command line to 'False'
[1.829s] Level 5:colcon.colcon_core.verb:set package 'json_data' build argument 'cmake_force_configure' from command line to 'False'
[1.829s] Level 5:colcon.colcon_core.verb:set package 'json_data' build argument 'ament_cmake_args' from command line to 'None'
[1.829s] Level 5:colcon.colcon_core.verb:set package 'json_data' build argument 'catkin_cmake_args' from command line to 'None'
[1.829s] Level 5:colcon.colcon_core.verb:set package 'json_data' build argument 'catkin_skip_building_tests' from command line to 'False'
[1.829s] DEBUG:colcon.colcon_core.verb:Building package 'json_data' with the following arguments: {'ament_cmake_args': None, 'build_base': '/home/crashlab/robot_ws/build/json_data', 'catkin_cmake_args': None, 'catkin_skip_building_tests': False, 'cmake_args': None, 'cmake_clean_cache': False, 'cmake_clean_first': False, 'cmake_force_configure': False, 'cmake_target': None, 'cmake_target_skip_unavailable': False, 'install_base': '/home/crashlab/robot_ws/install/json_data', 'merge_install': False, 'path': '/home/crashlab/robot_ws/src/json_data', 'symlink_install': True, 'test_result_base': None}
[1.831s] Level 5:colcon.colcon_core.verb:set package 'nav_motor_pkg' build argument 'cmake_args' from command line to 'None'
[1.831s] Level 5:colcon.colcon_core.verb:set package 'nav_motor_pkg' build argument 'cmake_target' from command line to 'None'
[1.831s] Level 5:colcon.colcon_core.verb:set package 'nav_motor_pkg' build argument 'cmake_target_skip_unavailable' from command line to 'False'
[1.831s] Level 5:colcon.colcon_core.verb:set package 'nav_motor_pkg' build argument 'cmake_clean_cache' from command line to 'False'
[1.831s] Level 5:colcon.colcon_core.verb:set package 'nav_motor_pkg' build argument 'cmake_clean_first' from command line to 'False'
[1.832s] Level 5:colcon.colcon_core.verb:set package 'nav_motor_pkg' build argument 'cmake_force_configure' from command line to 'False'
[1.832s] Level 5:colcon.colcon_core.verb:set package 'nav_motor_pkg' build argument 'ament_cmake_args' from command line to 'None'
[1.832s] Level 5:colcon.colcon_core.verb:set package 'nav_motor_pkg' build argument 'catkin_cmake_args' from command line to 'None'
[1.832s] Level 5:colcon.colcon_core.verb:set package 'nav_motor_pkg' build argument 'catkin_skip_building_tests' from command line to 'False'
[1.832s] DEBUG:colcon.colcon_core.verb:Building package 'nav_motor_pkg' with the following arguments: {'ament_cmake_args': None, 'build_base': '/home/crashlab/robot_ws/build/nav_motor_pkg', 'catkin_cmake_args': None, 'catkin_skip_building_tests': False, 'cmake_args': None, 'cmake_clean_cache': False, 'cmake_clean_first': False, 'cmake_force_configure': False, 'cmake_target': None, 'cmake_target_skip_unavailable': False, 'install_base': '/home/crashlab/robot_ws/install/nav_motor_pkg', 'merge_install': False, 'path': '/home/crashlab/robot_ws/src/nav_motor_pkg', 'symlink_install': True, 'test_result_base': None}
[1.833s] Level 5:colcon.colcon_core.verb:set package 'other_motor_pkg' build argument 'cmake_args' from command line to 'None'
[1.834s] Level 5:colcon.colcon_core.verb:set package 'other_motor_pkg' build argument 'cmake_target' from command line to 'None'
[1.834s] Level 5:colcon.colcon_core.verb:set package 'other_motor_pkg' build argument 'cmake_target_skip_unavailable' from command line to 'False'
[1.834s] Level 5:colcon.colcon_core.verb:set package 'other_motor_pkg' build argument 'cmake_clean_cache' from command line to 'False'
[1.834s] Level 5:colcon.colcon_core.verb:set package 'other_motor_pkg' build argument 'cmake_clean_first' from command line to 'False'
[1.834s] Level 5:colcon.colcon_core.verb:set package 'other_motor_pkg' build argument 'cmake_force_configure' from command line to 'False'
[1.834s] Level 5:colcon.colcon_core.verb:set package 'other_motor_pkg' build argument 'ament_cmake_args' from command line to 'None'
[1.834s] Level 5:colcon.colcon_core.verb:set package 'other_motor_pkg' build argument 'catkin_cmake_args' from command line to 'None'
[1.834s] Level 5:colcon.colcon_core.verb:set package 'other_motor_pkg' build argument 'catkin_skip_building_tests' from command line to 'False'
[1.835s] DEBUG:colcon.colcon_core.verb:Building package 'other_motor_pkg' with the following arguments: {'ament_cmake_args': None, 'build_base': '/home/crashlab/robot_ws/build/other_motor_pkg', 'catkin_cmake_args': None, 'catkin_skip_building_tests': False, 'cmake_args': None, 'cmake_clean_cache': False, 'cmake_clean_first': False, 'cmake_force_configure': False, 'cmake_target': None, 'cmake_target_skip_unavailable': False, 'install_base': '/home/crashlab/robot_ws/install/other_motor_pkg', 'merge_install': False, 'path': '/home/crashlab/robot_ws/src/other_motor_pkg', 'symlink_install': True, 'test_result_base': None}
[1.836s] Level 5:colcon.colcon_core.verb:set package 'tutorial_ros2_motor' build argument 'cmake_args' from command line to 'None'
[1.836s] Level 5:colcon.colcon_core.verb:set package 'tutorial_ros2_motor' build argument 'cmake_target' from command line to 'None'
[1.836s] Level 5:colcon.colcon_core.verb:set package 'tutorial_ros2_motor' build argument 'cmake_target_skip_unavailable' from command line to 'False'
[1.836s] Level 5:colcon.colcon_core.verb:set package 'tutorial_ros2_motor' build argument 'cmake_clean_cache' from command line to 'False'
[1.836s] Level 5:colcon.colcon_core.verb:set package 'tutorial_ros2_motor' build argument 'cmake_clean_first' from command line to 'False'
[1.837s] Level 5:colcon.colcon_core.verb:set package 'tutorial_ros2_motor' build argument 'cmake_force_configure' from command line to 'False'
[1.837s] Level 5:colcon.colcon_core.verb:set package 'tutorial_ros2_motor' build argument 'ament_cmake_args' from command line to 'None'
[1.837s] Level 5:colcon.colcon_core.verb:set package 'tutorial_ros2_motor' build argument 'catkin_cmake_args' from command line to 'None'
[1.837s] Level 5:colcon.colcon_core.verb:set package 'tutorial_ros2_motor' build argument 'catkin_skip_building_tests' from command line to 'False'
[1.837s] DEBUG:colcon.colcon_core.verb:Building package 'tutorial_ros2_motor' with the following arguments: {'ament_cmake_args': None, 'build_base': '/home/crashlab/robot_ws/build/tutorial_ros2_motor', 'catkin_cmake_args': None, 'catkin_skip_building_tests': False, 'cmake_args': None, 'cmake_clean_cache': False, 'cmake_clean_first': False, 'cmake_force_configure': False, 'cmake_target': None, 'cmake_target_skip_unavailable': False, 'install_base': '/home/crashlab/robot_ws/install/tutorial_ros2_motor', 'merge_install': False, 'path': '/home/crashlab/robot_ws/src/tutorial_ros2_motor', 'symlink_install': True, 'test_result_base': None}
[1.839s] Level 5:colcon.colcon_core.verb:set package 'untitled_description' build argument 'cmake_args' from command line to 'None'
[1.839s] Level 5:colcon.colcon_core.verb:set package 'untitled_description' build argument 'cmake_target' from command line to 'None'
[1.839s] Level 5:colcon.colcon_core.verb:set package 'untitled_description' build argument 'cmake_target_skip_unavailable' from command line to 'False'
[1.839s] Level 5:colcon.colcon_core.verb:set package 'untitled_description' build argument 'cmake_clean_cache' from command line to 'False'
[1.839s] Level 5:colcon.colcon_core.verb:set package 'untitled_description' build argument 'cmake_clean_first' from command line to 'False'
[1.839s] Level 5:colcon.colcon_core.verb:set package 'untitled_description' build argument 'cmake_force_configure' from command line to 'False'
[1.839s] Level 5:colcon.colcon_core.verb:set package 'untitled_description' build argument 'ament_cmake_args' from command line to 'None'
[1.839s] Level 5:colcon.colcon_core.verb:set package 'untitled_description' build argument 'catkin_cmake_args' from command line to 'None'
[1.839s] Level 5:colcon.colcon_core.verb:set package 'untitled_description' build argument 'catkin_skip_building_tests' from command line to 'False'
[1.840s] DEBUG:colcon.colcon_core.verb:Building package 'untitled_description' with the following arguments: {'ament_cmake_args': None, 'build_base': '/home/crashlab/robot_ws/build/untitled_description', 'catkin_cmake_args': None, 'catkin_skip_building_tests': False, 'cmake_args': None, 'cmake_clean_cache': False, 'cmake_clean_first': False, 'cmake_force_configure': False, 'cmake_target': None, 'cmake_target_skip_unavailable': False, 'install_base': '/home/crashlab/robot_ws/install/untitled_description', 'merge_install': False, 'path': '/home/crashlab/robot_ws/src/untitled_description', 'symlink_install': True, 'test_result_base': None}
[1.841s] Level 5:colcon.colcon_core.verb:set package 'ydlidar_ros2_driver' build argument 'cmake_args' from command line to 'None'
[1.841s] Level 5:colcon.colcon_core.verb:set package 'ydlidar_ros2_driver' build argument 'cmake_target' from command line to 'None'
[1.841s] Level 5:colcon.colcon_core.verb:set package 'ydlidar_ros2_driver' build argument 'cmake_target_skip_unavailable' from command line to 'False'
[1.841s] Level 5:colcon.colcon_core.verb:set package 'ydlidar_ros2_driver' build argument 'cmake_clean_cache' from command line to 'False'
[1.842s] Level 5:colcon.colcon_core.verb:set package 'ydlidar_ros2_driver' build argument 'cmake_clean_first' from command line to 'False'
[1.842s] Level 5:colcon.colcon_core.verb:set package 'ydlidar_ros2_driver' build argument 'cmake_force_configure' from command line to 'False'
[1.842s] Level 5:colcon.colcon_core.verb:set package 'ydlidar_ros2_driver' build argument 'ament_cmake_args' from command line to 'None'
[1.842s] Level 5:colcon.colcon_core.verb:set package 'ydlidar_ros2_driver' build argument 'catkin_cmake_args' from command line to 'None'
[1.842s] Level 5:colcon.colcon_core.verb:set package 'ydlidar_ros2_driver' build argument 'catkin_skip_building_tests' from command line to 'False'
[1.842s] DEBUG:colcon.colcon_core.verb:Building package 'ydlidar_ros2_driver' with the following arguments: {'ament_cmake_args': None, 'build_base': '/home/crashlab/robot_ws/build/ydlidar_ros2_driver', 'catkin_cmake_args': None, 'catkin_skip_building_tests': False, 'cmake_args': None, 'cmake_clean_cache': False, 'cmake_clean_first': False, 'cmake_force_configure': False, 'cmake_target': None, 'cmake_target_skip_unavailable': False, 'install_base': '/home/crashlab/robot_ws/install/ydlidar_ros2_driver', 'merge_install': False, 'path': '/home/crashlab/robot_ws/src/ydlidar_ros2_driver_bs', 'symlink_install': True, 'test_result_base': None}
[1.844s] Level 5:colcon.colcon_core.verb:set package 'ydlidar_sdk' build argument 'cmake_args' from command line to 'None'
[1.844s] Level 5:colcon.colcon_core.verb:set package 'ydlidar_sdk' build argument 'cmake_target' from command line to 'None'
[1.844s] Level 5:colcon.colcon_core.verb:set package 'ydlidar_sdk' build argument 'cmake_target_skip_unavailable' from command line to 'False'
[1.844s] Level 5:colcon.colcon_core.verb:set package 'ydlidar_sdk' build argument 'cmake_clean_cache' from command line to 'False'
[1.844s] Level 5:colcon.colcon_core.verb:set package 'ydlidar_sdk' build argument 'cmake_clean_first' from command line to 'False'
[1.844s] Level 5:colcon.colcon_core.verb:set package 'ydlidar_sdk' build argument 'cmake_force_configure' from command line to 'False'
[1.844s] Level 5:colcon.colcon_core.verb:set package 'ydlidar_sdk' build argument 'ament_cmake_args' from command line to 'None'
[1.844s] Level 5:colcon.colcon_core.verb:set package 'ydlidar_sdk' build argument 'catkin_cmake_args' from command line to 'None'
[1.845s] Level 5:colcon.colcon_core.verb:set package 'ydlidar_sdk' build argument 'catkin_skip_building_tests' from command line to 'False'
[1.845s] DEBUG:colcon.colcon_core.verb:Building package 'ydlidar_sdk' with the following arguments: {'ament_cmake_args': None, 'build_base': '/home/crashlab/robot_ws/build/ydlidar_sdk', 'catkin_cmake_args': None, 'catkin_skip_building_tests': False, 'cmake_args': None, 'cmake_clean_cache': False, 'cmake_clean_first': False, 'cmake_force_configure': False, 'cmake_target': None, 'cmake_target_skip_unavailable': False, 'install_base': '/home/crashlab/robot_ws/install/ydlidar_sdk', 'merge_install': False, 'path': '/home/crashlab/robot_ws/src/YDLidar-SDK', 'symlink_install': True, 'test_result_base': None}
[1.845s] INFO:colcon.colcon_core.executor:Executing jobs using 'parallel' executor
[1.849s] DEBUG:colcon.colcon_parallel_executor.executor.parallel:run_until_complete
[1.850s] INFO:colcon.colcon_ros.task.ament_python.build:Building ROS package in '/home/crashlab/robot_ws/src/coordination' with build type 'ament_python'
[1.851s] Level 1:colcon.colcon_core.shell:create_environment_hook('coordination', 'ament_prefix_path')
[1.862s] INFO:colcon.colcon_core.plugin_system:Skipping extension 'colcon_core.shell.bat': Not used on non-Windows systems
[1.863s] INFO:colcon.colcon_core.shell:Creating environment hook '/home/crashlab/robot_ws/install/coordination/share/coordination/hook/ament_prefix_path.ps1'
[1.865s] INFO:colcon.colcon_core.shell:Creating environment descriptor '/home/crashlab/robot_ws/install/coordination/share/coordination/hook/ament_prefix_path.dsv'
[1.868s] INFO:colcon.colcon_core.shell:Creating environment hook '/home/crashlab/robot_ws/install/coordination/share/coordination/hook/ament_prefix_path.sh'
[1.872s] INFO:colcon.colcon_core.shell:Skip shell extension 'powershell' for command environment: Not usable outside of PowerShell
[1.872s] DEBUG:colcon.colcon_core.shell:Skip shell extension 'dsv' for command environment
[1.894s] INFO:colcon.colcon_ros.task.ament_cmake.build:Building ROS package in '/home/crashlab/robot_ws/src/crash_nav2' with build type 'ament_cmake'
[1.895s] INFO:colcon.colcon_cmake.task.cmake.build:Building CMake package in '/home/crashlab/robot_ws/src/crash_nav2'
[1.896s] INFO:colcon.colcon_core.shell:Skip shell extension 'powershell' for command environment: Not usable outside of PowerShell
[1.897s] DEBUG:colcon.colcon_core.shell:Skip shell extension 'dsv' for command environment
[1.919s] INFO:colcon.colcon_ros.task.ament_python.build:Building ROS package in '/home/crashlab/robot_ws/src/json_data' with build type 'ament_python'
[1.920s] Level 1:colcon.colcon_core.shell:create_environment_hook('json_data', 'ament_prefix_path')
[1.921s] INFO:colcon.colcon_core.shell:Creating environment hook '/home/crashlab/robot_ws/install/json_data/share/json_data/hook/ament_prefix_path.ps1'
[1.924s] INFO:colcon.colcon_core.shell:Creating environment descriptor '/home/crashlab/robot_ws/install/json_data/share/json_data/hook/ament_prefix_path.dsv'
[1.926s] INFO:colcon.colcon_core.shell:Creating environment hook '/home/crashlab/robot_ws/install/json_data/share/json_data/hook/ament_prefix_path.sh'
[1.930s] INFO:colcon.colcon_core.shell:Skip shell extension 'powershell' for command environment: Not usable outside of PowerShell
[1.930s] DEBUG:colcon.colcon_core.shell:Skip shell extension 'dsv' for command environment
[1.953s] INFO:colcon.colcon_ros.task.ament_cmake.build:Building ROS package in '/home/crashlab/robot_ws/src/nav_motor_pkg' with build type 'ament_cmake'
[1.954s] INFO:colcon.colcon_cmake.task.cmake.build:Building CMake package in '/home/crashlab/robot_ws/src/nav_motor_pkg'
[1.955s] INFO:colcon.colcon_core.shell:Skip shell extension 'powershell' for command environment: Not usable outside of PowerShell
[1.955s] DEBUG:colcon.colcon_core.shell:Skip shell extension 'dsv' for command environment
[3.190s] INFO:colcon.colcon_core.task.python.build:Building Python package in '/home/crashlab/robot_ws/src/coordination'
[3.192s] INFO:colcon.colcon_core.shell:Skip shell extension 'powershell' for command environment: Not usable outside of PowerShell
[3.192s] DEBUG:colcon.colcon_core.shell:Skip shell extension 'dsv' for command environment
[3.228s] DEBUG:colcon.colcon_core.event_handler.log_command:Invoking command in '/home/crashlab/robot_ws/build/crash_nav2': CMAKE_PREFIX_PATH=${CMAKE_PREFIX_PATH}:/home/crashlab/robot_ws/install/nav_bringup:/home/crashlab/robot_ws/install/json_data:/home/crashlab/robot_ws/install/coordination:/opt/ros/humble /usr/bin/cmake --build /home/crashlab/robot_ws/build/crash_nav2 -- -j4 -l4
[4.534s] INFO:colcon.colcon_core.task.python.build:Building Python package in '/home/crashlab/robot_ws/src/json_data'
[4.535s] INFO:colcon.colcon_core.shell:Skip shell extension 'powershell' for command environment: Not usable outside of PowerShell
[4.535s] DEBUG:colcon.colcon_core.shell:Skip shell extension 'dsv' for command environment
[4.586s] DEBUG:colcon.colcon_core.event_handler.log_command:Invoking command in '/home/crashlab/robot_ws/build/nav_motor_pkg': CMAKE_PREFIX_PATH=${CMAKE_PREFIX_PATH}:/home/crashlab/robot_ws/install/nav_bringup:/home/crashlab/robot_ws/install/json_data:/home/crashlab/robot_ws/install/coordination:/opt/ros/humble /usr/bin/cmake --build /home/crashlab/robot_ws/build/nav_motor_pkg -- -j4 -l4
[4.589s] DEBUG:colcon.colcon_core.event_handler.log_command:Invoked command in '/home/crashlab/robot_ws/build/crash_nav2' returned '0': CMAKE_PREFIX_PATH=${CMAKE_PREFIX_PATH}:/home/crashlab/robot_ws/install/nav_bringup:/home/crashlab/robot_ws/install/json_data:/home/crashlab/robot_ws/install/coordination:/opt/ros/humble /usr/bin/cmake --build /home/crashlab/robot_ws/build/crash_nav2 -- -j4 -l4
[4.635s] DEBUG:colcon.colcon_core.event_handler.log_command:Invoking command in '/home/crashlab/robot_ws/build/crash_nav2': CMAKE_PREFIX_PATH=${CMAKE_PREFIX_PATH}:/home/crashlab/robot_ws/install/nav_bringup:/home/crashlab/robot_ws/install/json_data:/home/crashlab/robot_ws/install/coordination:/opt/ros/humble /usr/bin/cmake --install /home/crashlab/robot_ws/build/crash_nav2
[4.795s] Level 1:colcon.colcon_core.environment:create_environment_scripts_only(crash_nav2)
[4.803s] DEBUG:colcon.colcon_core.event_handler.log_command:Invoked command in '/home/crashlab/robot_ws/build/crash_nav2' returned '0': CMAKE_PREFIX_PATH=${CMAKE_PREFIX_PATH}:/home/crashlab/robot_ws/install/nav_bringup:/home/crashlab/robot_ws/install/json_data:/home/crashlab/robot_ws/install/coordination:/opt/ros/humble /usr/bin/cmake --install /home/crashlab/robot_ws/build/crash_nav2
[4.811s] Level 1:colcon.colcon_core.environment:checking '/home/crashlab/robot_ws/install/crash_nav2' for CMake module files
[4.815s] Level 1:colcon.colcon_core.environment:checking '/home/crashlab/robot_ws/install/crash_nav2' for CMake config files
[4.821s] Level 1:colcon.colcon_core.shell:create_environment_hook('crash_nav2', 'cmake_prefix_path')
[4.822s] INFO:colcon.colcon_core.shell:Creating environment hook '/home/crashlab/robot_ws/install/crash_nav2/share/crash_nav2/hook/cmake_prefix_path.ps1'
[4.830s] INFO:colcon.colcon_core.shell:Creating environment descriptor '/home/crashlab/robot_ws/install/crash_nav2/share/crash_nav2/hook/cmake_prefix_path.dsv'
[4.833s] INFO:colcon.colcon_core.shell:Creating environment hook '/home/crashlab/robot_ws/install/crash_nav2/share/crash_nav2/hook/cmake_prefix_path.sh'
[4.838s] Level 1:colcon.colcon_core.environment:checking '/home/crashlab/robot_ws/install/crash_nav2/lib'
[4.839s] Level 1:colcon.colcon_core.environment:checking '/home/crashlab/robot_ws/install/crash_nav2/bin'
[4.840s] Level 1:colcon.colcon_core.environment:checking '/home/crashlab/robot_ws/install/crash_nav2/lib/pkgconfig/crash_nav2.pc'
[4.841s] Level 1:colcon.colcon_core.environment:checking '/home/crashlab/robot_ws/install/crash_nav2/lib/python3.10/site-packages'
[4.842s] Level 1:colcon.colcon_core.environment:checking '/home/crashlab/robot_ws/install/crash_nav2/bin'
[4.844s] INFO:colcon.colcon_core.shell:Creating package script '/home/crashlab/robot_ws/install/crash_nav2/share/crash_nav2/package.ps1'
[4.850s] INFO:colcon.colcon_core.shell:Creating package descriptor '/home/crashlab/robot_ws/install/crash_nav2/share/crash_nav2/package.dsv'
[4.853s] INFO:colcon.colcon_core.shell:Creating package script '/home/crashlab/robot_ws/install/crash_nav2/share/crash_nav2/package.sh'
[4.858s] INFO:colcon.colcon_core.shell:Creating package script '/home/crashlab/robot_ws/install/crash_nav2/share/crash_nav2/package.bash'
[4.863s] INFO:colcon.colcon_core.shell:Creating package script '/home/crashlab/robot_ws/install/crash_nav2/share/crash_nav2/package.zsh'
[4.867s] Level 1:colcon.colcon_core.environment:create_file_with_runtime_dependencies(/home/crashlab/robot_ws/install/crash_nav2/share/colcon-core/packages/crash_nav2)
[4.872s] Level 1:colcon.colcon_core.environment:create_environment_scripts_only(crash_nav2)
[4.873s] Level 1:colcon.colcon_core.environment:checking '/home/crashlab/robot_ws/install/crash_nav2' for CMake module files
[4.877s] Level 1:colcon.colcon_core.environment:checking '/home/crashlab/robot_ws/install/crash_nav2' for CMake config files
[4.883s] Level 1:colcon.colcon_core.shell:create_environment_hook('crash_nav2', 'cmake_prefix_path')
[4.884s] INFO:colcon.colcon_core.shell:Creating environment hook '/home/crashlab/robot_ws/install/crash_nav2/share/crash_nav2/hook/cmake_prefix_path.ps1'
[4.887s] INFO:colcon.colcon_core.shell:Creating environment descriptor '/home/crashlab/robot_ws/install/crash_nav2/share/crash_nav2/hook/cmake_prefix_path.dsv'
[4.890s] INFO:colcon.colcon_core.shell:Creating environment hook '/home/crashlab/robot_ws/install/crash_nav2/share/crash_nav2/hook/cmake_prefix_path.sh'
[4.894s] Level 1:colcon.colcon_core.environment:checking '/home/crashlab/robot_ws/install/crash_nav2/lib'
[4.895s] Level 1:colcon.colcon_core.environment:checking '/home/crashlab/robot_ws/install/crash_nav2/bin'
[4.895s] Level 1:colcon.colcon_core.environment:checking '/home/crashlab/robot_ws/install/crash_nav2/lib/pkgconfig/crash_nav2.pc'
[4.896s] Level 1:colcon.colcon_core.environment:checking '/home/crashlab/robot_ws/install/crash_nav2/lib/python3.10/site-packages'
[4.898s] Level 1:colcon.colcon_core.environment:checking '/home/crashlab/robot_ws/install/crash_nav2/bin'
[4.900s] INFO:colcon.colcon_core.shell:Creating package script '/home/crashlab/robot_ws/install/crash_nav2/share/crash_nav2/package.ps1'
[4.903s] INFO:colcon.colcon_core.shell:Creating package descriptor '/home/crashlab/robot_ws/install/crash_nav2/share/crash_nav2/package.dsv'
[4.906s] INFO:colcon.colcon_core.shell:Creating package script '/home/crashlab/robot_ws/install/crash_nav2/share/crash_nav2/package.sh'
[4.910s] INFO:colcon.colcon_core.shell:Creating package script '/home/crashlab/robot_ws/install/crash_nav2/share/crash_nav2/package.bash'
[4.913s] INFO:colcon.colcon_core.shell:Creating package script '/home/crashlab/robot_ws/install/crash_nav2/share/crash_nav2/package.zsh'
[4.917s] Level 1:colcon.colcon_core.environment:create_file_with_runtime_dependencies(/home/crashlab/robot_ws/install/crash_nav2/share/colcon-core/packages/crash_nav2)
[4.921s] INFO:colcon.colcon_ros.task.ament_cmake.build:Building ROS package in '/home/crashlab/robot_ws/src/other_motor_pkg' with build type 'ament_cmake'
[4.923s] INFO:colcon.colcon_cmake.task.cmake.build:Building CMake package in '/home/crashlab/robot_ws/src/other_motor_pkg'
[4.924s] INFO:colcon.colcon_core.shell:Skip shell extension 'powershell' for command environment: Not usable outside of PowerShell
[4.925s] DEBUG:colcon.colcon_core.shell:Skip shell extension 'dsv' for command environment
[4.984s] DEBUG:colcon.colcon_core.event_handler.log_command:Invoking command in '/home/crashlab/robot_ws/build/other_motor_pkg': CMAKE_PREFIX_PATH=${CMAKE_PREFIX_PATH}:/home/crashlab/robot_ws/install/nav_bringup:/home/crashlab/robot_ws/install/json_data:/home/crashlab/robot_ws/install/coordination:/opt/ros/humble /usr/bin/cmake --build /home/crashlab/robot_ws/build/other_motor_pkg -- -j4 -l4
[5.328s] DEBUG:colcon.colcon_core.event_handler.log_command:Invoked command in '/home/crashlab/robot_ws/build/nav_motor_pkg' returned '0': CMAKE_PREFIX_PATH=${CMAKE_PREFIX_PATH}:/home/crashlab/robot_ws/install/nav_bringup:/home/crashlab/robot_ws/install/json_data:/home/crashlab/robot_ws/install/coordination:/opt/ros/humble /usr/bin/cmake --build /home/crashlab/robot_ws/build/nav_motor_pkg -- -j4 -l4
[5.340s] DEBUG:colcon.colcon_core.event_handler.log_command:Invoking command in '/home/crashlab/robot_ws/build/nav_motor_pkg': CMAKE_PREFIX_PATH=${CMAKE_PREFIX_PATH}:/home/crashlab/robot_ws/install/nav_bringup:/home/crashlab/robot_ws/install/json_data:/home/crashlab/robot_ws/install/coordination:/opt/ros/humble /usr/bin/cmake --install /home/crashlab/robot_ws/build/nav_motor_pkg
[5.430s] DEBUG:colcon.colcon_core.event_handler.log_command:Invoked command in '/home/crashlab/robot_ws/build/other_motor_pkg' returned '0': CMAKE_PREFIX_PATH=${CMAKE_PREFIX_PATH}:/home/crashlab/robot_ws/install/nav_bringup:/home/crashlab/robot_ws/install/json_data:/home/crashlab/robot_ws/install/coordination:/opt/ros/humble /usr/bin/cmake --build /home/crashlab/robot_ws/build/other_motor_pkg -- -j4 -l4
[5.439s] DEBUG:colcon.colcon_core.event_handler.log_command:Invoking command in '/home/crashlab/robot_ws/build/other_motor_pkg': CMAKE_PREFIX_PATH=${CMAKE_PREFIX_PATH}:/home/crashlab/robot_ws/install/nav_bringup:/home/crashlab/robot_ws/install/json_data:/home/crashlab/robot_ws/install/coordination:/opt/ros/humble /usr/bin/cmake --install /home/crashlab/robot_ws/build/other_motor_pkg
[5.501s] Level 1:colcon.colcon_core.environment:create_environment_scripts_only(nav_motor_pkg)
[5.503s] Level 1:colcon.colcon_core.environment:checking '/home/crashlab/robot_ws/install/nav_motor_pkg' for CMake module files
[5.507s] Level 1:colcon.colcon_core.environment:checking '/home/crashlab/robot_ws/install/nav_motor_pkg' for CMake config files
[5.510s] Level 1:colcon.colcon_core.shell:create_environment_hook('nav_motor_pkg', 'cmake_prefix_path')
[5.513s] DEBUG:colcon.colcon_core.event_handler.log_command:Invoked command in '/home/crashlab/robot_ws/build/nav_motor_pkg' returned '0': CMAKE_PREFIX_PATH=${CMAKE_PREFIX_PATH}:/home/crashlab/robot_ws/install/nav_bringup:/home/crashlab/robot_ws/install/json_data:/home/crashlab/robot_ws/install/coordination:/opt/ros/humble /usr/bin/cmake --install /home/crashlab/robot_ws/build/nav_motor_pkg
[5.514s] INFO:colcon.colcon_core.shell:Creating environment hook '/home/crashlab/robot_ws/install/nav_motor_pkg/share/nav_motor_pkg/hook/cmake_prefix_path.ps1'
[5.517s] INFO:colcon.colcon_core.shell:Creating environment descriptor '/home/crashlab/robot_ws/install/nav_motor_pkg/share/nav_motor_pkg/hook/cmake_prefix_path.dsv'
[5.520s] INFO:colcon.colcon_core.shell:Creating environment hook '/home/crashlab/robot_ws/install/nav_motor_pkg/share/nav_motor_pkg/hook/cmake_prefix_path.sh'
[5.525s] Level 1:colcon.colcon_core.environment:checking '/home/crashlab/robot_ws/install/nav_motor_pkg/lib'
[5.525s] Level 1:colcon.colcon_core.environment:checking '/home/crashlab/robot_ws/install/nav_motor_pkg/bin'
[5.527s] Level 1:colcon.colcon_core.environment:checking '/home/crashlab/robot_ws/install/nav_motor_pkg/lib/pkgconfig/nav_motor_pkg.pc'
[5.531s] Level 1:colcon.colcon_core.environment:checking '/home/crashlab/robot_ws/install/nav_motor_pkg/lib/python3.10/site-packages'
[5.535s] Level 1:colcon.colcon_core.environment:checking '/home/crashlab/robot_ws/install/nav_motor_pkg/bin'
[5.538s] INFO:colcon.colcon_core.shell:Creating package script '/home/crashlab/robot_ws/install/nav_motor_pkg/share/nav_motor_pkg/package.ps1'
[5.545s] INFO:colcon.colcon_core.shell:Creating package descriptor '/home/crashlab/robot_ws/install/nav_motor_pkg/share/nav_motor_pkg/package.dsv'
[5.556s] INFO:colcon.colcon_core.shell:Creating package script '/home/crashlab/robot_ws/install/nav_motor_pkg/share/nav_motor_pkg/package.sh'
[5.581s] INFO:colcon.colcon_core.shell:Creating package script '/home/crashlab/robot_ws/install/nav_motor_pkg/share/nav_motor_pkg/package.bash'
[5.588s] INFO:colcon.colcon_core.shell:Creating package script '/home/crashlab/robot_ws/install/nav_motor_pkg/share/nav_motor_pkg/package.zsh'
[5.592s] Level 1:colcon.colcon_core.environment:create_file_with_runtime_dependencies(/home/crashlab/robot_ws/install/nav_motor_pkg/share/colcon-core/packages/nav_motor_pkg)
[5.597s] Level 1:colcon.colcon_core.environment:create_environment_scripts_only(nav_motor_pkg)
[5.599s] Level 1:colcon.colcon_core.environment:checking '/home/crashlab/robot_ws/install/nav_motor_pkg' for CMake module files
[5.603s] Level 1:colcon.colcon_core.environment:checking '/home/crashlab/robot_ws/install/nav_motor_pkg' for CMake config files
[5.607s] Level 1:colcon.colcon_core.shell:create_environment_hook('nav_motor_pkg', 'cmake_prefix_path')
[5.609s] INFO:colcon.colcon_core.shell:Creating environment hook '/home/crashlab/robot_ws/install/nav_motor_pkg/share/nav_motor_pkg/hook/cmake_prefix_path.ps1'
[5.614s] INFO:colcon.colcon_core.shell:Creating environment descriptor '/home/crashlab/robot_ws/install/nav_motor_pkg/share/nav_motor_pkg/hook/cmake_prefix_path.dsv'
[5.618s] INFO:colcon.colcon_core.shell:Creating environment hook '/home/crashlab/robot_ws/install/nav_motor_pkg/share/nav_motor_pkg/hook/cmake_prefix_path.sh'
[5.624s] Level 1:colcon.colcon_core.environment:checking '/home/crashlab/robot_ws/install/nav_motor_pkg/lib'
[5.626s] Level 1:colcon.colcon_core.environment:checking '/home/crashlab/robot_ws/install/nav_motor_pkg/bin'
[5.630s] Level 1:colcon.colcon_core.environment:checking '/home/crashlab/robot_ws/install/nav_motor_pkg/lib/pkgconfig/nav_motor_pkg.pc'
[5.631s] Level 1:colcon.colcon_core.environment:checking '/home/crashlab/robot_ws/install/nav_motor_pkg/lib/python3.10/site-packages'
[5.633s] Level 1:colcon.colcon_core.environment:checking '/home/crashlab/robot_ws/install/nav_motor_pkg/bin'
[5.635s] INFO:colcon.colcon_core.shell:Creating package script '/home/crashlab/robot_ws/install/nav_motor_pkg/share/nav_motor_pkg/package.ps1'
[5.641s] INFO:colcon.colcon_core.shell:Creating package descriptor '/home/crashlab/robot_ws/install/nav_motor_pkg/share/nav_motor_pkg/package.dsv'
[5.647s] INFO:colcon.colcon_core.shell:Creating package script '/home/crashlab/robot_ws/install/nav_motor_pkg/share/nav_motor_pkg/package.sh'
[5.650s] INFO:colcon.colcon_core.shell:Creating package script '/home/crashlab/robot_ws/install/nav_motor_pkg/share/nav_motor_pkg/package.bash'
[5.653s] INFO:colcon.colcon_core.shell:Creating package script '/home/crashlab/robot_ws/install/nav_motor_pkg/share/nav_motor_pkg/package.zsh'
[5.656s] Level 1:colcon.colcon_core.environment:create_file_with_runtime_dependencies(/home/crashlab/robot_ws/install/nav_motor_pkg/share/colcon-core/packages/nav_motor_pkg)
[5.658s] INFO:colcon.colcon_ros.task.ament_cmake.build:Building ROS package in '/home/crashlab/robot_ws/src/tutorial_ros2_motor' with build type 'ament_cmake'
[5.659s] INFO:colcon.colcon_cmake.task.cmake.build:Building CMake package in '/home/crashlab/robot_ws/src/tutorial_ros2_motor'
[5.661s] INFO:colcon.colcon_core.shell:Skip shell extension 'powershell' for command environment: Not usable outside of PowerShell
[5.661s] DEBUG:colcon.colcon_core.shell:Skip shell extension 'dsv' for command environment
[5.692s] Level 1:colcon.colcon_core.environment:create_environment_scripts_only(other_motor_pkg)
[5.693s] Level 1:colcon.colcon_core.environment:checking '/home/crashlab/robot_ws/install/other_motor_pkg' for CMake module files
[5.696s] DEBUG:colcon.colcon_core.event_handler.log_command:Invoked command in '/home/crashlab/robot_ws/build/other_motor_pkg' returned '0': CMAKE_PREFIX_PATH=${CMAKE_PREFIX_PATH}:/home/crashlab/robot_ws/install/nav_bringup:/home/crashlab/robot_ws/install/json_data:/home/crashlab/robot_ws/install/coordination:/opt/ros/humble /usr/bin/cmake --install /home/crashlab/robot_ws/build/other_motor_pkg
[5.699s] Level 1:colcon.colcon_core.environment:checking '/home/crashlab/robot_ws/install/other_motor_pkg' for CMake config files
[5.701s] Level 1:colcon.colcon_core.shell:create_environment_hook('other_motor_pkg', 'cmake_prefix_path')
[5.702s] INFO:colcon.colcon_core.shell:Creating environment hook '/home/crashlab/robot_ws/install/other_motor_pkg/share/other_motor_pkg/hook/cmake_prefix_path.ps1'
[5.705s] INFO:colcon.colcon_core.shell:Creating environment descriptor '/home/crashlab/robot_ws/install/other_motor_pkg/share/other_motor_pkg/hook/cmake_prefix_path.dsv'
[5.708s] INFO:colcon.colcon_core.shell:Creating environment hook '/home/crashlab/robot_ws/install/other_motor_pkg/share/other_motor_pkg/hook/cmake_prefix_path.sh'
[5.712s] Level 1:colcon.colcon_core.environment:checking '/home/crashlab/robot_ws/install/other_motor_pkg/bin'
[5.712s] Level 1:colcon.colcon_core.environment:checking '/home/crashlab/robot_ws/install/other_motor_pkg/lib/pkgconfig/other_motor_pkg.pc'
[5.713s] Level 1:colcon.colcon_core.environment:checking '/home/crashlab/robot_ws/install/other_motor_pkg/lib/python3.10/site-packages'
[5.715s] Level 1:colcon.colcon_core.environment:checking '/home/crashlab/robot_ws/install/other_motor_pkg/bin'
[5.716s] INFO:colcon.colcon_core.shell:Creating package script '/home/crashlab/robot_ws/install/other_motor_pkg/share/other_motor_pkg/package.ps1'
[5.720s] INFO:colcon.colcon_core.shell:Creating package descriptor '/home/crashlab/robot_ws/install/other_motor_pkg/share/other_motor_pkg/package.dsv'
[5.723s] INFO:colcon.colcon_core.shell:Creating package script '/home/crashlab/robot_ws/install/other_motor_pkg/share/other_motor_pkg/package.sh'
[5.726s] INFO:colcon.colcon_core.shell:Creating package script '/home/crashlab/robot_ws/install/other_motor_pkg/share/other_motor_pkg/package.bash'
[5.728s] INFO:colcon.colcon_core.shell:Creating package script '/home/crashlab/robot_ws/install/other_motor_pkg/share/other_motor_pkg/package.zsh'
[5.731s] Level 1:colcon.colcon_core.environment:create_file_with_runtime_dependencies(/home/crashlab/robot_ws/install/other_motor_pkg/share/colcon-core/packages/other_motor_pkg)
[5.735s] Level 1:colcon.colcon_core.environment:create_environment_scripts_only(other_motor_pkg)
[5.736s] Level 1:colcon.colcon_core.environment:checking '/home/crashlab/robot_ws/install/other_motor_pkg' for CMake module files
[5.739s] Level 1:colcon.colcon_core.environment:checking '/home/crashlab/robot_ws/install/other_motor_pkg' for CMake config files
[5.741s] Level 1:colcon.colcon_core.shell:create_environment_hook('other_motor_pkg', 'cmake_prefix_path')
[5.742s] INFO:colcon.colcon_core.shell:Creating environment hook '/home/crashlab/robot_ws/install/other_motor_pkg/share/other_motor_pkg/hook/cmake_prefix_path.ps1'
[5.745s] INFO:colcon.colcon_core.shell:Creating environment descriptor '/home/crashlab/robot_ws/install/other_motor_pkg/share/other_motor_pkg/hook/cmake_prefix_path.dsv'
[5.748s] INFO:colcon.colcon_core.shell:Creating environment hook '/home/crashlab/robot_ws/install/other_motor_pkg/share/other_motor_pkg/hook/cmake_prefix_path.sh'
[5.751s] Level 1:colcon.colcon_core.environment:checking '/home/crashlab/robot_ws/install/other_motor_pkg/bin'
[5.752s] Level 1:colcon.colcon_core.environment:checking '/home/crashlab/robot_ws/install/other_motor_pkg/lib/pkgconfig/other_motor_pkg.pc'
[5.753s] Level 1:colcon.colcon_core.environment:checking '/home/crashlab/robot_ws/install/other_motor_pkg/lib/python3.10/site-packages'
[5.754s] Level 1:colcon.colcon_core.environment:checking '/home/crashlab/robot_ws/install/other_motor_pkg/bin'
[5.756s] INFO:colcon.colcon_core.shell:Creating package script '/home/crashlab/robot_ws/install/other_motor_pkg/share/other_motor_pkg/package.ps1'
[5.759s] INFO:colcon.colcon_core.shell:Creating package descriptor '/home/crashlab/robot_ws/install/other_motor_pkg/share/other_motor_pkg/package.dsv'
[5.763s] INFO:colcon.colcon_core.shell:Creating package script '/home/crashlab/robot_ws/install/other_motor_pkg/share/other_motor_pkg/package.sh'
[5.765s] INFO:colcon.colcon_core.shell:Creating package script '/home/crashlab/robot_ws/install/other_motor_pkg/share/other_motor_pkg/package.bash'
[5.768s] INFO:colcon.colcon_core.shell:Creating package script '/home/crashlab/robot_ws/install/other_motor_pkg/share/other_motor_pkg/package.zsh'
[5.771s] Level 1:colcon.colcon_core.environment:create_file_with_runtime_dependencies(/home/crashlab/robot_ws/install/other_motor_pkg/share/colcon-core/packages/other_motor_pkg)
[5.775s] INFO:colcon.colcon_ros.task.ament_cmake.build:Building ROS package in '/home/crashlab/robot_ws/src/untitled_description' with build type 'ament_cmake'
[5.776s] INFO:colcon.colcon_cmake.task.cmake.build:Building CMake package in '/home/crashlab/robot_ws/src/untitled_description'
[5.777s] INFO:colcon.colcon_core.shell:Skip shell extension 'powershell' for command environment: Not usable outside of PowerShell
[5.778s] DEBUG:colcon.colcon_core.shell:Skip shell extension 'dsv' for command environment
[5.838s] DEBUG:colcon.colcon_core.event_handler.log_command:Invoking command in '/home/crashlab/robot_ws/build/tutorial_ros2_motor': CMAKE_PREFIX_PATH=${CMAKE_PREFIX_PATH}:/home/crashlab/robot_ws/install/nav_bringup:/home/crashlab/robot_ws/install/json_data:/home/crashlab/robot_ws/install/coordination:/opt/ros/humble /usr/bin/cmake --build /home/crashlab/robot_ws/build/tutorial_ros2_motor -- -j4 -l4
[5.857s] DEBUG:colcon.colcon_core.event_handler.log_command:Invoking command in '/home/crashlab/robot_ws/build/untitled_description': CMAKE_PREFIX_PATH=${CMAKE_PREFIX_PATH}:/home/crashlab/robot_ws/install/nav_bringup:/home/crashlab/robot_ws/install/json_data:/home/crashlab/robot_ws/install/coordination:/opt/ros/humble /usr/bin/cmake --build /home/crashlab/robot_ws/build/untitled_description -- -j4 -l4
[6.108s] DEBUG:colcon.colcon_core.event_handler.log_command:Invoked command in '/home/crashlab/robot_ws/build/untitled_description' returned '0': CMAKE_PREFIX_PATH=${CMAKE_PREFIX_PATH}:/home/crashlab/robot_ws/install/nav_bringup:/home/crashlab/robot_ws/install/json_data:/home/crashlab/robot_ws/install/coordination:/opt/ros/humble /usr/bin/cmake --build /home/crashlab/robot_ws/build/untitled_description -- -j4 -l4
[6.119s] DEBUG:colcon.colcon_core.event_handler.log_command:Invoking command in '/home/crashlab/robot_ws/build/untitled_description': CMAKE_PREFIX_PATH=${CMAKE_PREFIX_PATH}:/home/crashlab/robot_ws/install/nav_bringup:/home/crashlab/robot_ws/install/json_data:/home/crashlab/robot_ws/install/coordination:/opt/ros/humble /usr/bin/cmake --install /home/crashlab/robot_ws/build/untitled_description
[6.303s] DEBUG:colcon.colcon_core.event_handler.log_command:Invoked command in '/home/crashlab/robot_ws/build/tutorial_ros2_motor' returned '0': CMAKE_PREFIX_PATH=${CMAKE_PREFIX_PATH}:/home/crashlab/robot_ws/install/nav_bringup:/home/crashlab/robot_ws/install/json_data:/home/crashlab/robot_ws/install/coordination:/opt/ros/humble /usr/bin/cmake --build /home/crashlab/robot_ws/build/tutorial_ros2_motor -- -j4 -l4
[6.310s] DEBUG:colcon.colcon_core.event_handler.log_command:Invoking command in '/home/crashlab/robot_ws/build/tutorial_ros2_motor': CMAKE_PREFIX_PATH=${CMAKE_PREFIX_PATH}:/home/crashlab/robot_ws/install/nav_bringup:/home/crashlab/robot_ws/install/json_data:/home/crashlab/robot_ws/install/coordination:/opt/ros/humble /usr/bin/cmake --install /home/crashlab/robot_ws/build/tutorial_ros2_motor
[6.447s] Level 1:colcon.colcon_core.environment:create_environment_scripts_only(untitled_description)
[6.449s] Level 1:colcon.colcon_core.environment:checking '/home/crashlab/robot_ws/install/untitled_description' for CMake module files
[6.456s] Level 1:colcon.colcon_core.environment:checking '/home/crashlab/robot_ws/install/untitled_description' for CMake config files
[6.451s] DEBUG:colcon.colcon_core.event_handler.log_command:Invoked command in '/home/crashlab/robot_ws/build/untitled_description' returned '0': CMAKE_PREFIX_PATH=${CMAKE_PREFIX_PATH}:/home/crashlab/robot_ws/install/nav_bringup:/home/crashlab/robot_ws/install/json_data:/home/crashlab/robot_ws/install/coordination:/opt/ros/humble /usr/bin/cmake --install /home/crashlab/robot_ws/build/untitled_description
[6.464s] Level 1:colcon.colcon_core.shell:create_environment_hook('untitled_description', 'cmake_prefix_path')
[6.468s] INFO:colcon.colcon_core.shell:Creating environment hook '/home/crashlab/robot_ws/install/untitled_description/share/untitled_description/hook/cmake_prefix_path.ps1'
[6.478s] INFO:colcon.colcon_core.shell:Creating environment descriptor '/home/crashlab/robot_ws/install/untitled_description/share/untitled_description/hook/cmake_prefix_path.dsv'
[6.481s] INFO:colcon.colcon_core.shell:Creating environment hook '/home/crashlab/robot_ws/install/untitled_description/share/untitled_description/hook/cmake_prefix_path.sh'
[6.485s] Level 1:colcon.colcon_core.environment:checking '/home/crashlab/robot_ws/install/untitled_description/bin'
[6.486s] Level 1:colcon.colcon_core.environment:checking '/home/crashlab/robot_ws/install/untitled_description/lib/pkgconfig/untitled_description.pc'
[6.487s] Level 1:colcon.colcon_core.environment:checking '/home/crashlab/robot_ws/install/untitled_description/lib/python3.10/site-packages'
[6.489s] Level 1:colcon.colcon_core.environment:checking '/home/crashlab/robot_ws/install/untitled_description/bin'
[6.490s] INFO:colcon.colcon_core.shell:Creating package script '/home/crashlab/robot_ws/install/untitled_description/share/untitled_description/package.ps1'
[6.494s] INFO:colcon.colcon_core.shell:Creating package descriptor '/home/crashlab/robot_ws/install/untitled_description/share/untitled_description/package.dsv'
[6.498s] INFO:colcon.colcon_core.shell:Creating package script '/home/crashlab/robot_ws/install/untitled_description/share/untitled_description/package.sh'
[6.501s] INFO:colcon.colcon_core.shell:Creating package script '/home/crashlab/robot_ws/install/untitled_description/share/untitled_description/package.bash'
[6.505s] INFO:colcon.colcon_core.shell:Creating package script '/home/crashlab/robot_ws/install/untitled_description/share/untitled_description/package.zsh'
[6.508s] Level 1:colcon.colcon_core.environment:create_file_with_runtime_dependencies(/home/crashlab/robot_ws/install/untitled_description/share/colcon-core/packages/untitled_description)
[6.512s] Level 1:colcon.colcon_core.environment:create_environment_scripts_only(untitled_description)
[6.514s] Level 1:colcon.colcon_core.environment:checking '/home/crashlab/robot_ws/install/untitled_description' for CMake module files
[6.518s] Level 1:colcon.colcon_core.environment:checking '/home/crashlab/robot_ws/install/untitled_description' for CMake config files
[6.525s] Level 1:colcon.colcon_core.shell:create_environment_hook('untitled_description', 'cmake_prefix_path')
[6.527s] INFO:colcon.colcon_core.shell:Creating environment hook '/home/crashlab/robot_ws/install/untitled_description/share/untitled_description/hook/cmake_prefix_path.ps1'
[6.531s] INFO:colcon.colcon_core.shell:Creating environment descriptor '/home/crashlab/robot_ws/install/untitled_description/share/untitled_description/hook/cmake_prefix_path.dsv'
[6.534s] INFO:colcon.colcon_core.shell:Creating environment hook '/home/crashlab/robot_ws/install/untitled_description/share/untitled_description/hook/cmake_prefix_path.sh'
[6.540s] Level 1:colcon.colcon_core.environment:checking '/home/crashlab/robot_ws/install/untitled_description/bin'
[6.541s] Level 1:colcon.colcon_core.environment:checking '/home/crashlab/robot_ws/install/untitled_description/lib/pkgconfig/untitled_description.pc'
[6.542s] Level 1:colcon.colcon_core.environment:checking '/home/crashlab/robot_ws/install/untitled_description/lib/python3.10/site-packages'
[6.544s] Level 1:colcon.colcon_core.environment:checking '/home/crashlab/robot_ws/install/untitled_description/bin'
[6.547s] INFO:colcon.colcon_core.shell:Creating package script '/home/crashlab/robot_ws/install/untitled_description/share/untitled_description/package.ps1'
[6.553s] INFO:colcon.colcon_core.shell:Creating package descriptor '/home/crashlab/robot_ws/install/untitled_description/share/untitled_description/package.dsv'
[6.557s] INFO:colcon.colcon_core.shell:Creating package script '/home/crashlab/robot_ws/install/untitled_description/share/untitled_description/package.sh'
[6.560s] INFO:colcon.colcon_core.shell:Creating package script '/home/crashlab/robot_ws/install/untitled_description/share/untitled_description/package.bash'
[6.564s] INFO:colcon.colcon_core.shell:Creating package script '/home/crashlab/robot_ws/install/untitled_description/share/untitled_description/package.zsh'
[6.567s] Level 1:colcon.colcon_core.environment:create_file_with_runtime_dependencies(/home/crashlab/robot_ws/install/untitled_description/share/colcon-core/packages/untitled_description)
[6.570s] INFO:colcon.colcon_ros.task.ament_cmake.build:Building ROS package in '/home/crashlab/robot_ws/src/ydlidar_ros2_driver_bs' with build type 'ament_cmake'
[6.571s] INFO:colcon.colcon_cmake.task.cmake.build:Building CMake package in '/home/crashlab/robot_ws/src/ydlidar_ros2_driver_bs'
[6.573s] INFO:colcon.colcon_core.shell:Skip shell extension 'powershell' for command environment: Not usable outside of PowerShell
[6.573s] DEBUG:colcon.colcon_core.shell:Skip shell extension 'dsv' for command environment
[6.607s] Level 1:colcon.colcon_core.environment:create_environment_scripts_only(tutorial_ros2_motor)
[6.611s] Level 1:colcon.colcon_core.environment:checking '/home/crashlab/robot_ws/install/tutorial_ros2_motor' for CMake module files
[6.610s] DEBUG:colcon.colcon_core.event_handler.log_command:Invoked command in '/home/crashlab/robot_ws/build/tutorial_ros2_motor' returned '0': CMAKE_PREFIX_PATH=${CMAKE_PREFIX_PATH}:/home/crashlab/robot_ws/install/nav_bringup:/home/crashlab/robot_ws/install/json_data:/home/crashlab/robot_ws/install/coordination:/opt/ros/humble /usr/bin/cmake --install /home/crashlab/robot_ws/build/tutorial_ros2_motor
[6.618s] Level 1:colcon.colcon_core.environment:checking '/home/crashlab/robot_ws/install/tutorial_ros2_motor' for CMake config files
[6.621s] Level 1:colcon.colcon_core.shell:create_environment_hook('tutorial_ros2_motor', 'cmake_prefix_path')
[6.622s] INFO:colcon.colcon_core.shell:Creating environment hook '/home/crashlab/robot_ws/install/tutorial_ros2_motor/share/tutorial_ros2_motor/hook/cmake_prefix_path.ps1'
[6.626s] INFO:colcon.colcon_core.shell:Creating environment descriptor '/home/crashlab/robot_ws/install/tutorial_ros2_motor/share/tutorial_ros2_motor/hook/cmake_prefix_path.dsv'
[6.629s] INFO:colcon.colcon_core.shell:Creating environment hook '/home/crashlab/robot_ws/install/tutorial_ros2_motor/share/tutorial_ros2_motor/hook/cmake_prefix_path.sh'
[6.634s] Level 1:colcon.colcon_core.environment:checking '/home/crashlab/robot_ws/install/tutorial_ros2_motor/lib'
[6.635s] Level 1:colcon.colcon_core.environment:checking '/home/crashlab/robot_ws/install/tutorial_ros2_motor/bin'
[6.636s] Level 1:colcon.colcon_core.environment:checking '/home/crashlab/robot_ws/install/tutorial_ros2_motor/lib/pkgconfig/tutorial_ros2_motor.pc'
[6.637s] Level 1:colcon.colcon_core.environment:checking '/home/crashlab/robot_ws/install/tutorial_ros2_motor/lib/python3.10/site-packages'
[6.638s] Level 1:colcon.colcon_core.environment:checking '/home/crashlab/robot_ws/install/tutorial_ros2_motor/bin'
[6.640s] INFO:colcon.colcon_core.shell:Creating package script '/home/crashlab/robot_ws/install/tutorial_ros2_motor/share/tutorial_ros2_motor/package.ps1'
[6.644s] INFO:colcon.colcon_core.shell:Creating package descriptor '/home/crashlab/robot_ws/install/tutorial_ros2_motor/share/tutorial_ros2_motor/package.dsv'
[6.647s] INFO:colcon.colcon_core.shell:Creating package script '/home/crashlab/robot_ws/install/tutorial_ros2_motor/share/tutorial_ros2_motor/package.sh'
[6.650s] INFO:colcon.colcon_core.shell:Creating package script '/home/crashlab/robot_ws/install/tutorial_ros2_motor/share/tutorial_ros2_motor/package.bash'
[6.653s] INFO:colcon.colcon_core.shell:Creating package script '/home/crashlab/robot_ws/install/tutorial_ros2_motor/share/tutorial_ros2_motor/package.zsh'
[6.656s] Level 1:colcon.colcon_core.environment:create_file_with_runtime_dependencies(/home/crashlab/robot_ws/install/tutorial_ros2_motor/share/colcon-core/packages/tutorial_ros2_motor)
[6.660s] Level 1:colcon.colcon_core.environment:create_environment_scripts_only(tutorial_ros2_motor)
[6.662s] Level 1:colcon.colcon_core.environment:checking '/home/crashlab/robot_ws/install/tutorial_ros2_motor' for CMake module files
[6.666s] Level 1:colcon.colcon_core.environment:checking '/home/crashlab/robot_ws/install/tutorial_ros2_motor' for CMake config files
[6.669s] Level 1:colcon.colcon_core.shell:create_environment_hook('tutorial_ros2_motor', 'cmake_prefix_path')
[6.670s] INFO:colcon.colcon_core.shell:Creating environment hook '/home/crashlab/robot_ws/install/tutorial_ros2_motor/share/tutorial_ros2_motor/hook/cmake_prefix_path.ps1'
[6.674s] INFO:colcon.colcon_core.shell:Creating environment descriptor '/home/crashlab/robot_ws/install/tutorial_ros2_motor/share/tutorial_ros2_motor/hook/cmake_prefix_path.dsv'
[6.678s] INFO:colcon.colcon_core.shell:Creating environment hook '/home/crashlab/robot_ws/install/tutorial_ros2_motor/share/tutorial_ros2_motor/hook/cmake_prefix_path.sh'
[6.683s] Level 1:colcon.colcon_core.environment:checking '/home/crashlab/robot_ws/install/tutorial_ros2_motor/lib'
[6.684s] Level 1:colcon.colcon_core.environment:checking '/home/crashlab/robot_ws/install/tutorial_ros2_motor/bin'
[6.684s] Level 1:colcon.colcon_core.environment:checking '/home/crashlab/robot_ws/install/tutorial_ros2_motor/lib/pkgconfig/tutorial_ros2_motor.pc'
[6.686s] Level 1:colcon.colcon_core.environment:checking '/home/crashlab/robot_ws/install/tutorial_ros2_motor/lib/python3.10/site-packages'
[6.687s] Level 1:colcon.colcon_core.environment:checking '/home/crashlab/robot_ws/install/tutorial_ros2_motor/bin'
[6.689s] INFO:colcon.colcon_core.shell:Creating package script '/home/crashlab/robot_ws/install/tutorial_ros2_motor/share/tutorial_ros2_motor/package.ps1'
[6.692s] INFO:colcon.colcon_core.shell:Creating package descriptor '/home/crashlab/robot_ws/install/tutorial_ros2_motor/share/tutorial_ros2_motor/package.dsv'
[6.696s] INFO:colcon.colcon_core.shell:Creating package script '/home/crashlab/robot_ws/install/tutorial_ros2_motor/share/tutorial_ros2_motor/package.sh'
[6.699s] INFO:colcon.colcon_core.shell:Creating package script '/home/crashlab/robot_ws/install/tutorial_ros2_motor/share/tutorial_ros2_motor/package.bash'
[6.703s] INFO:colcon.colcon_core.shell:Creating package script '/home/crashlab/robot_ws/install/tutorial_ros2_motor/share/tutorial_ros2_motor/package.zsh'
[6.706s] Level 1:colcon.colcon_core.environment:create_file_with_runtime_dependencies(/home/crashlab/robot_ws/install/tutorial_ros2_motor/share/colcon-core/packages/tutorial_ros2_motor)
[6.712s] INFO:colcon.colcon_cmake.task.cmake.build:Building CMake package in '/home/crashlab/robot_ws/src/YDLidar-SDK'
[6.714s] INFO:colcon.colcon_core.shell:Skip shell extension 'powershell' for command environment: Not usable outside of PowerShell
[6.714s] DEBUG:colcon.colcon_core.shell:Skip shell extension 'dsv' for command environment
[6.782s] DEBUG:colcon.colcon_core.event_handler.log_command:Invoking command in '/home/crashlab/robot_ws/build/ydlidar_ros2_driver': CMAKE_PREFIX_PATH=${CMAKE_PREFIX_PATH}:/home/crashlab/robot_ws/install/nav_bringup:/home/crashlab/robot_ws/install/json_data:/home/crashlab/robot_ws/install/coordination:/opt/ros/humble /usr/bin/cmake --build /home/crashlab/robot_ws/build/ydlidar_ros2_driver -- -j4 -l4
[6.815s] DEBUG:colcon.colcon_core.event_handler.log_command:Invoking command in '/home/crashlab/robot_ws/build/ydlidar_sdk': /usr/bin/cmake --build /home/crashlab/robot_ws/build/ydlidar_sdk -- -j4 -l4
[7.206s] DEBUG:colcon.colcon_core.event_handler.log_command:Invoking command in '/home/crashlab/robot_ws/build/json_data': PYTHONPATH=/home/crashlab/robot_ws/build/json_data/prefix_override:/usr/lib/python3/dist-packages/colcon_core/task/python/colcon_distutils_commands:/home/crashlab/robot_ws/install/json_data/lib/python3.10/site-packages:${PYTHONPATH} /usr/bin/python3 -W ignore:setup.py install is deprecated -W ignore:easy_install command is deprecated setup.py develop --editable --build-directory /home/crashlab/robot_ws/build/json_data/build --no-deps symlink_data
[7.282s] DEBUG:colcon.colcon_core.event_handler.log_command:Invoked command in '/home/crashlab/robot_ws/build/ydlidar_ros2_driver' returned '0': CMAKE_PREFIX_PATH=${CMAKE_PREFIX_PATH}:/home/crashlab/robot_ws/install/nav_bringup:/home/crashlab/robot_ws/install/json_data:/home/crashlab/robot_ws/install/coordination:/opt/ros/humble /usr/bin/cmake --build /home/crashlab/robot_ws/build/ydlidar_ros2_driver -- -j4 -l4
[7.288s] DEBUG:colcon.colcon_core.event_handler.log_command:Invoking command in '/home/crashlab/robot_ws/build/ydlidar_ros2_driver': CMAKE_PREFIX_PATH=${CMAKE_PREFIX_PATH}:/home/crashlab/robot_ws/install/nav_bringup:/home/crashlab/robot_ws/install/json_data:/home/crashlab/robot_ws/install/coordination:/opt/ros/humble /usr/bin/cmake --install /home/crashlab/robot_ws/build/ydlidar_ros2_driver
[7.376s] DEBUG:colcon.colcon_core.event_handler.log_command:Invoking command in '/home/crashlab/robot_ws/build/coordination': PYTHONPATH=/home/crashlab/robot_ws/build/coordination/prefix_override:/usr/lib/python3/dist-packages/colcon_core/task/python/colcon_distutils_commands:/home/crashlab/robot_ws/install/coordination/lib/python3.10/site-packages:${PYTHONPATH} /usr/bin/python3 -W ignore:setup.py install is deprecated -W ignore:easy_install command is deprecated setup.py develop --editable --build-directory /home/crashlab/robot_ws/build/coordination/build --no-deps symlink_data
[7.499s] Level 1:colcon.colcon_core.environment:create_environment_scripts_only(ydlidar_ros2_driver)
[7.501s] Level 1:colcon.colcon_core.environment:checking '/home/crashlab/robot_ws/install/ydlidar_ros2_driver' for CMake module files
[7.508s] Level 1:colcon.colcon_core.environment:checking '/home/crashlab/robot_ws/install/ydlidar_ros2_driver' for CMake config files
[7.514s] Level 1:colcon.colcon_core.shell:create_environment_hook('ydlidar_ros2_driver', 'cmake_prefix_path')
[7.510s] DEBUG:colcon.colcon_core.event_handler.log_command:Invoked command in '/home/crashlab/robot_ws/build/ydlidar_ros2_driver' returned '0': CMAKE_PREFIX_PATH=${CMAKE_PREFIX_PATH}:/home/crashlab/robot_ws/install/nav_bringup:/home/crashlab/robot_ws/install/json_data:/home/crashlab/robot_ws/install/coordination:/opt/ros/humble /usr/bin/cmake --install /home/crashlab/robot_ws/build/ydlidar_ros2_driver
[7.523s] INFO:colcon.colcon_core.shell:Creating environment hook '/home/crashlab/robot_ws/install/ydlidar_ros2_driver/share/ydlidar_ros2_driver/hook/cmake_prefix_path.ps1'
[7.538s] INFO:colcon.colcon_core.shell:Creating environment descriptor '/home/crashlab/robot_ws/install/ydlidar_ros2_driver/share/ydlidar_ros2_driver/hook/cmake_prefix_path.dsv'
[7.543s] INFO:colcon.colcon_core.shell:Creating environment hook '/home/crashlab/robot_ws/install/ydlidar_ros2_driver/share/ydlidar_ros2_driver/hook/cmake_prefix_path.sh'
[7.549s] Level 1:colcon.colcon_core.environment:checking '/home/crashlab/robot_ws/install/ydlidar_ros2_driver/lib'
[7.550s] Level 1:colcon.colcon_core.environment:checking '/home/crashlab/robot_ws/install/ydlidar_ros2_driver/bin'
[7.551s] Level 1:colcon.colcon_core.environment:checking '/home/crashlab/robot_ws/install/ydlidar_ros2_driver/lib/pkgconfig/ydlidar_ros2_driver.pc'
[7.553s] Level 1:colcon.colcon_core.environment:checking '/home/crashlab/robot_ws/install/ydlidar_ros2_driver/lib/python3.10/site-packages'
[7.555s] Level 1:colcon.colcon_core.environment:checking '/home/crashlab/robot_ws/install/ydlidar_ros2_driver/bin'
[7.557s] INFO:colcon.colcon_core.shell:Creating package script '/home/crashlab/robot_ws/install/ydlidar_ros2_driver/share/ydlidar_ros2_driver/package.ps1'
[7.562s] INFO:colcon.colcon_core.shell:Creating package descriptor '/home/crashlab/robot_ws/install/ydlidar_ros2_driver/share/ydlidar_ros2_driver/package.dsv'
[7.567s] INFO:colcon.colcon_core.shell:Creating package script '/home/crashlab/robot_ws/install/ydlidar_ros2_driver/share/ydlidar_ros2_driver/package.sh'
[7.572s] INFO:colcon.colcon_core.shell:Creating package script '/home/crashlab/robot_ws/install/ydlidar_ros2_driver/share/ydlidar_ros2_driver/package.bash'
[7.581s] INFO:colcon.colcon_core.shell:Creating package script '/home/crashlab/robot_ws/install/ydlidar_ros2_driver/share/ydlidar_ros2_driver/package.zsh'
[7.586s] Level 1:colcon.colcon_core.environment:create_file_with_runtime_dependencies(/home/crashlab/robot_ws/install/ydlidar_ros2_driver/share/colcon-core/packages/ydlidar_ros2_driver)
[7.593s] Level 1:colcon.colcon_core.environment:create_environment_scripts_only(ydlidar_ros2_driver)
[7.595s] Level 1:colcon.colcon_core.environment:checking '/home/crashlab/robot_ws/install/ydlidar_ros2_driver' for CMake module files
[7.599s] Level 1:colcon.colcon_core.environment:checking '/home/crashlab/robot_ws/install/ydlidar_ros2_driver' for CMake config files
[7.605s] Level 1:colcon.colcon_core.shell:create_environment_hook('ydlidar_ros2_driver', 'cmake_prefix_path')
[7.606s] INFO:colcon.colcon_core.shell:Creating environment hook '/home/crashlab/robot_ws/install/ydlidar_ros2_driver/share/ydlidar_ros2_driver/hook/cmake_prefix_path.ps1'
[7.610s] INFO:colcon.colcon_core.shell:Creating environment descriptor '/home/crashlab/robot_ws/install/ydlidar_ros2_driver/share/ydlidar_ros2_driver/hook/cmake_prefix_path.dsv'
[7.612s] INFO:colcon.colcon_core.shell:Creating environment hook '/home/crashlab/robot_ws/install/ydlidar_ros2_driver/share/ydlidar_ros2_driver/hook/cmake_prefix_path.sh'
[7.616s] Level 1:colcon.colcon_core.environment:checking '/home/crashlab/robot_ws/install/ydlidar_ros2_driver/lib'
[7.617s] Level 1:colcon.colcon_core.environment:checking '/home/crashlab/robot_ws/install/ydlidar_ros2_driver/bin'
[7.617s] Level 1:colcon.colcon_core.environment:checking '/home/crashlab/robot_ws/install/ydlidar_ros2_driver/lib/pkgconfig/ydlidar_ros2_driver.pc'
[7.619s] Level 1:colcon.colcon_core.environment:checking '/home/crashlab/robot_ws/install/ydlidar_ros2_driver/lib/python3.10/site-packages'
[7.620s] Level 1:colcon.colcon_core.environment:checking '/home/crashlab/robot_ws/install/ydlidar_ros2_driver/bin'
[7.622s] INFO:colcon.colcon_core.shell:Creating package script '/home/crashlab/robot_ws/install/ydlidar_ros2_driver/share/ydlidar_ros2_driver/package.ps1'
[7.627s] INFO:colcon.colcon_core.shell:Creating package descriptor '/home/crashlab/robot_ws/install/ydlidar_ros2_driver/share/ydlidar_ros2_driver/package.dsv'
[7.631s] INFO:colcon.colcon_core.shell:Creating package script '/home/crashlab/robot_ws/install/ydlidar_ros2_driver/share/ydlidar_ros2_driver/package.sh'
[7.636s] INFO:colcon.colcon_core.shell:Creating package script '/home/crashlab/robot_ws/install/ydlidar_ros2_driver/share/ydlidar_ros2_driver/package.bash'
[7.641s] INFO:colcon.colcon_core.shell:Creating package script '/home/crashlab/robot_ws/install/ydlidar_ros2_driver/share/ydlidar_ros2_driver/package.zsh'
[7.645s] Level 1:colcon.colcon_core.environment:create_file_with_runtime_dependencies(/home/crashlab/robot_ws/install/ydlidar_ros2_driver/share/colcon-core/packages/ydlidar_ros2_driver)
[7.790s] DEBUG:colcon.colcon_core.event_handler.log_command:Invoked command in '/home/crashlab/robot_ws/build/ydlidar_sdk' returned '0': /usr/bin/cmake --build /home/crashlab/robot_ws/build/ydlidar_sdk -- -j4 -l4
[7.795s] DEBUG:colcon.colcon_core.event_handler.log_command:Invoking command in '/home/crashlab/robot_ws/build/ydlidar_sdk': /usr/bin/cmake --install /home/crashlab/robot_ws/build/ydlidar_sdk
[7.906s] Level 1:colcon.colcon_core.environment:create_environment_scripts_only(ydlidar_sdk)
[7.923s] Level 1:colcon.colcon_core.environment:checking '/home/crashlab/robot_ws/install/ydlidar_sdk' for CMake module files
[7.953s] Level 1:colcon.colcon_core.environment:checking '/home/crashlab/robot_ws/install/ydlidar_sdk' for CMake config files
[7.958s] Level 1:colcon.colcon_core.shell:create_environment_hook('ydlidar_sdk', 'cmake_prefix_path')
[7.963s] INFO:colcon.colcon_core.shell:Creating environment hook '/home/crashlab/robot_ws/install/ydlidar_sdk/share/ydlidar_sdk/hook/cmake_prefix_path.ps1'
[7.968s] INFO:colcon.colcon_core.shell:Creating environment descriptor '/home/crashlab/robot_ws/install/ydlidar_sdk/share/ydlidar_sdk/hook/cmake_prefix_path.dsv'
[7.975s] INFO:colcon.colcon_core.shell:Creating environment hook '/home/crashlab/robot_ws/install/ydlidar_sdk/share/ydlidar_sdk/hook/cmake_prefix_path.sh'
[7.982s] Level 1:colcon.colcon_core.environment:checking '/home/crashlab/robot_ws/install/ydlidar_sdk/lib'
[7.983s] Level 1:colcon.colcon_core.environment:checking '/home/crashlab/robot_ws/install/ydlidar_sdk/bin'
[7.994s] Level 1:colcon.colcon_core.shell:create_environment_hook('ydlidar_sdk', 'path')
[7.996s] INFO:colcon.colcon_core.shell:Creating environment hook '/home/crashlab/robot_ws/install/ydlidar_sdk/share/ydlidar_sdk/hook/path.ps1'
[7.999s] INFO:colcon.colcon_core.shell:Creating environment descriptor '/home/crashlab/robot_ws/install/ydlidar_sdk/share/ydlidar_sdk/hook/path.dsv'
[8.002s] INFO:colcon.colcon_core.shell:Creating environment hook '/home/crashlab/robot_ws/install/ydlidar_sdk/share/ydlidar_sdk/hook/path.sh'
[8.006s] DEBUG:colcon.colcon_core.event_handler.log_command:Invoked command in '/home/crashlab/robot_ws/build/ydlidar_sdk' returned '0': /usr/bin/cmake --install /home/crashlab/robot_ws/build/ydlidar_sdk
[8.011s] Level 1:colcon.colcon_core.environment:checking '/home/crashlab/robot_ws/install/ydlidar_sdk/lib/pkgconfig/ydlidar_sdk.pc'
[8.012s] Level 1:colcon.colcon_core.environment:checking '/home/crashlab/robot_ws/install/ydlidar_sdk/lib/python3.10/site-packages'
[8.014s] Level 1:colcon.colcon_core.environment:checking '/home/crashlab/robot_ws/install/ydlidar_sdk/bin'
[8.014s] Level 1:colcon.colcon_core.shell:create_environment_hook('ydlidar_sdk', 'pythonscriptspath')
[8.016s] INFO:colcon.colcon_core.shell:Creating environment hook '/home/crashlab/robot_ws/install/ydlidar_sdk/share/ydlidar_sdk/hook/pythonscriptspath.ps1'
[8.019s] INFO:colcon.colcon_core.shell:Creating environment descriptor '/home/crashlab/robot_ws/install/ydlidar_sdk/share/ydlidar_sdk/hook/pythonscriptspath.dsv'
[8.021s] INFO:colcon.colcon_core.shell:Creating environment hook '/home/crashlab/robot_ws/install/ydlidar_sdk/share/ydlidar_sdk/hook/pythonscriptspath.sh'
[8.025s] INFO:colcon.colcon_core.shell:Creating package script '/home/crashlab/robot_ws/install/ydlidar_sdk/share/ydlidar_sdk/package.ps1'
[8.031s] INFO:colcon.colcon_core.shell:Creating package descriptor '/home/crashlab/robot_ws/install/ydlidar_sdk/share/ydlidar_sdk/package.dsv'
[8.036s] INFO:colcon.colcon_core.shell:Creating package script '/home/crashlab/robot_ws/install/ydlidar_sdk/share/ydlidar_sdk/package.sh'
[8.041s] INFO:colcon.colcon_core.shell:Creating package script '/home/crashlab/robot_ws/install/ydlidar_sdk/share/ydlidar_sdk/package.bash'
[8.046s] INFO:colcon.colcon_core.shell:Creating package script '/home/crashlab/robot_ws/install/ydlidar_sdk/share/ydlidar_sdk/package.zsh'
[8.050s] Level 1:colcon.colcon_core.environment:create_file_with_runtime_dependencies(/home/crashlab/robot_ws/install/ydlidar_sdk/share/colcon-core/packages/ydlidar_sdk)
[10.183s] Level 1:colcon.colcon_core.shell:create_environment_hook('json_data', 'pythonpath_develop')
[10.185s] INFO:colcon.colcon_core.shell:Creating environment hook '/home/crashlab/robot_ws/build/json_data/share/json_data/hook/pythonpath_develop.ps1'
[10.188s] DEBUG:colcon.colcon_core.event_handler.log_command:Invoked command in '/home/crashlab/robot_ws/build/json_data' returned '0': PYTHONPATH=/home/crashlab/robot_ws/build/json_data/prefix_override:/usr/lib/python3/dist-packages/colcon_core/task/python/colcon_distutils_commands:/home/crashlab/robot_ws/install/json_data/lib/python3.10/site-packages:${PYTHONPATH} /usr/bin/python3 -W ignore:setup.py install is deprecated -W ignore:easy_install command is deprecated setup.py develop --editable --build-directory /home/crashlab/robot_ws/build/json_data/build --no-deps symlink_data
[10.191s] INFO:colcon.colcon_core.shell:Creating environment descriptor '/home/crashlab/robot_ws/build/json_data/share/json_data/hook/pythonpath_develop.dsv'
[10.195s] INFO:colcon.colcon_core.shell:Creating environment hook '/home/crashlab/robot_ws/build/json_data/share/json_data/hook/pythonpath_develop.sh'
[10.199s] Level 1:colcon.colcon_core.environment:checking '/home/crashlab/robot_ws/install/json_data' for CMake module files
[10.203s] Level 1:colcon.colcon_core.environment:checking '/home/crashlab/robot_ws/install/json_data' for CMake config files
[10.207s] Level 1:colcon.colcon_core.environment:checking '/home/crashlab/robot_ws/install/json_data/lib'
[10.208s] Level 1:colcon.colcon_core.environment:checking '/home/crashlab/robot_ws/install/json_data/bin'
[10.208s] Level 1:colcon.colcon_core.environment:checking '/home/crashlab/robot_ws/install/json_data/lib/pkgconfig/json_data.pc'
[10.210s] Level 1:colcon.colcon_core.environment:checking '/home/crashlab/robot_ws/install/json_data/lib/python3.10/site-packages'
[10.211s] Level 1:colcon.colcon_core.shell:create_environment_hook('json_data', 'pythonpath')
[10.212s] INFO:colcon.colcon_core.shell:Creating environment hook '/home/crashlab/robot_ws/install/json_data/share/json_data/hook/pythonpath.ps1'
[10.217s] INFO:colcon.colcon_core.shell:Creating environment descriptor '/home/crashlab/robot_ws/install/json_data/share/json_data/hook/pythonpath.dsv'
[10.221s] INFO:colcon.colcon_core.shell:Creating environment hook '/home/crashlab/robot_ws/install/json_data/share/json_data/hook/pythonpath.sh'
[10.227s] Level 1:colcon.colcon_core.environment:checking '/home/crashlab/robot_ws/install/json_data/bin'
[10.228s] Level 1:colcon.colcon_core.environment:create_environment_scripts_only(json_data)
[10.231s] INFO:colcon.colcon_core.shell:Creating package script '/home/crashlab/robot_ws/install/json_data/share/json_data/package.ps1'
[10.237s] INFO:colcon.colcon_core.shell:Creating package descriptor '/home/crashlab/robot_ws/install/json_data/share/json_data/package.dsv'
[10.241s] INFO:colcon.colcon_core.shell:Creating package script '/home/crashlab/robot_ws/install/json_data/share/json_data/package.sh'
[10.248s] INFO:colcon.colcon_core.shell:Creating package script '/home/crashlab/robot_ws/install/json_data/share/json_data/package.bash'
[10.255s] INFO:colcon.colcon_core.shell:Creating package script '/home/crashlab/robot_ws/install/json_data/share/json_data/package.zsh'
[10.260s] Level 1:colcon.colcon_core.environment:create_file_with_runtime_dependencies(/home/crashlab/robot_ws/install/json_data/share/colcon-core/packages/json_data)
[10.270s] Level 1:colcon.colcon_core.shell:create_environment_hook('coordination', 'pythonpath_develop')
[10.272s] INFO:colcon.colcon_core.shell:Creating environment hook '/home/crashlab/robot_ws/build/coordination/share/coordination/hook/pythonpath_develop.ps1'
[10.273s] DEBUG:colcon.colcon_core.event_handler.log_command:Invoked command in '/home/crashlab/robot_ws/build/coordination' returned '0': PYTHONPATH=/home/crashlab/robot_ws/build/coordination/prefix_override:/usr/lib/python3/dist-packages/colcon_core/task/python/colcon_distutils_commands:/home/crashlab/robot_ws/install/coordination/lib/python3.10/site-packages:${PYTHONPATH} /usr/bin/python3 -W ignore:setup.py install is deprecated -W ignore:easy_install command is deprecated setup.py develop --editable --build-directory /home/crashlab/robot_ws/build/coordination/build --no-deps symlink_data
[10.276s] INFO:colcon.colcon_core.shell:Creating environment descriptor '/home/crashlab/robot_ws/build/coordination/share/coordination/hook/pythonpath_develop.dsv'
[10.278s] INFO:colcon.colcon_core.shell:Creating environment hook '/home/crashlab/robot_ws/build/coordination/share/coordination/hook/pythonpath_develop.sh'
[10.282s] Level 1:colcon.colcon_core.environment:checking '/home/crashlab/robot_ws/install/coordination' for CMake module files
[10.285s] Level 1:colcon.colcon_core.environment:checking '/home/crashlab/robot_ws/install/coordination' for CMake config files
[10.288s] Level 1:colcon.colcon_core.environment:checking '/home/crashlab/robot_ws/install/coordination/lib'
[10.289s] Level 1:colcon.colcon_core.environment:checking '/home/crashlab/robot_ws/install/coordination/bin'
[10.290s] Level 1:colcon.colcon_core.environment:checking '/home/crashlab/robot_ws/install/coordination/lib/pkgconfig/coordination.pc'
[10.291s] Level 1:colcon.colcon_core.environment:checking '/home/crashlab/robot_ws/install/coordination/lib/python3.10/site-packages'
[10.291s] Level 1:colcon.colcon_core.shell:create_environment_hook('coordination', 'pythonpath')
[10.292s] INFO:colcon.colcon_core.shell:Creating environment hook '/home/crashlab/robot_ws/install/coordination/share/coordination/hook/pythonpath.ps1'
[10.296s] INFO:colcon.colcon_core.shell:Creating environment descriptor '/home/crashlab/robot_ws/install/coordination/share/coordination/hook/pythonpath.dsv'
[10.298s] INFO:colcon.colcon_core.shell:Creating environment hook '/home/crashlab/robot_ws/install/coordination/share/coordination/hook/pythonpath.sh'
[10.302s] Level 1:colcon.colcon_core.environment:checking '/home/crashlab/robot_ws/install/coordination/bin'
[10.302s] Level 1:colcon.colcon_core.environment:create_environment_scripts_only(coordination)
[10.304s] INFO:colcon.colcon_core.shell:Creating package script '/home/crashlab/robot_ws/install/coordination/share/coordination/package.ps1'
[10.307s] INFO:colcon.colcon_core.shell:Creating package descriptor '/home/crashlab/robot_ws/install/coordination/share/coordination/package.dsv'
[10.310s] INFO:colcon.colcon_core.shell:Creating package script '/home/crashlab/robot_ws/install/coordination/share/coordination/package.sh'
[10.312s] INFO:colcon.colcon_core.shell:Creating package script '/home/crashlab/robot_ws/install/coordination/share/coordination/package.bash'
[10.315s] INFO:colcon.colcon_core.shell:Creating package script '/home/crashlab/robot_ws/install/coordination/share/coordination/package.zsh'
[10.317s] Level 1:colcon.colcon_core.environment:create_file_with_runtime_dependencies(/home/crashlab/robot_ws/install/coordination/share/colcon-core/packages/coordination)
[10.319s] DEBUG:colcon.colcon_parallel_executor.executor.parallel:closing loop
[10.320s] DEBUG:colcon.colcon_parallel_executor.executor.parallel:loop closed
[10.321s] DEBUG:colcon.colcon_parallel_executor.executor.parallel:run_until_complete finished with '0'
[10.322s] DEBUG:colcon.colcon_core.event_reactor:joining thread
[10.352s] INFO:colcon.colcon_core.plugin_system:Skipping extension 'colcon_notification.desktop_notification.terminal_notifier': Not used on non-Darwin systems
[10.353s] INFO:colcon.colcon_core.plugin_system:Skipping extension 'colcon_notification.desktop_notification.win32': Not used on non-Windows systems
[10.353s] INFO:colcon.colcon_notification.desktop_notification:Sending desktop notification using 'notify2'
[10.402s] DEBUG:colcon.colcon_core.event_reactor:joined thread
[10.403s] INFO:colcon.colcon_core.shell:Creating prefix script '/home/crashlab/robot_ws/install/local_setup.ps1'
[10.407s] INFO:colcon.colcon_core.shell:Creating prefix util module '/home/crashlab/robot_ws/install/_local_setup_util_ps1.py'
[10.413s] INFO:colcon.colcon_core.shell:Creating prefix chain script '/home/crashlab/robot_ws/install/setup.ps1'
[10.420s] INFO:colcon.colcon_core.shell:Creating prefix script '/home/crashlab/robot_ws/install/local_setup.sh'
[10.423s] INFO:colcon.colcon_core.shell:Creating prefix util module '/home/crashlab/robot_ws/install/_local_setup_util_sh.py'
[10.426s] INFO:colcon.colcon_core.shell:Creating prefix chain script '/home/crashlab/robot_ws/install/setup.sh'
[10.433s] INFO:colcon.colcon_core.shell:Creating prefix script '/home/crashlab/robot_ws/install/local_setup.bash'
[10.436s] INFO:colcon.colcon_core.shell:Creating prefix chain script '/home/crashlab/robot_ws/install/setup.bash'
[10.443s] INFO:colcon.colcon_core.shell:Creating prefix script '/home/crashlab/robot_ws/install/local_setup.zsh'
[10.445s] INFO:colcon.colcon_core.shell:Creating prefix chain script '/home/crashlab/robot_ws/install/setup.zsh'
