[3.312s] DEBUG:colcon:Command line arguments: ['/usr/bin/colcon', 'build', '--symlink-install']
[3.315s] DEBUG:colcon:Parsed command line arguments: Namespace(log_base=None, log_level=None, verb_name='build', build_base='build', install_base='install', merge_install=False, symlink_install=True, test_result_base=None, continue_on_error=False, executor='parallel', parallel_workers=4, event_handlers=None, ignore_user_meta=False, metas=['./colcon.meta'], base_paths=['.'], packages_ignore=None, packages_ignore_regex=None, paths=None, packages_up_to=None, packages_up_to_regex=None, packages_above=None, packages_above_and_dependencies=None, packages_above_depth=None, packages_select_by_dep=None, packages_skip_by_dep=None, packages_skip_up_to=None, packages_select_build_failed=False, packages_skip_build_finished=False, packages_select_test_failures=False, packages_skip_test_passed=False, packages_select=None, packages_skip=None, packages_select_regex=None, packages_skip_regex=None, packages_start=None, packages_end=None, allow_overriding=[], cmake_args=None, cmake_target=None, cmake_target_skip_unavailable=False, cmake_clean_cache=False, cmake_clean_first=False, cmake_force_configure=False, ament_cmake_args=None, catkin_cmake_args=None, catkin_skip_building_tests=False, mixin_files=None, mixin=None, verb_parser=<colcon_mixin.mixin.mixin_argument.MixinArgumentDecorator object at 0xffffb1705e40>, verb_extension=<colcon_core.verb.build.BuildVerb object at 0xffffb17fedd0>, main=<bound method BuildVerb.main of <colcon_core.verb.build.BuildVerb object at 0xffffb17fedd0>>, mixin_verb=('build',))
[8.481s] Level 1:colcon.colcon_core.package_discovery:discover_packages(colcon_meta) check parameters
[8.483s] Level 1:colcon.colcon_core.package_discovery:discover_packages(recursive) check parameters
[8.484s] Level 1:colcon.colcon_core.package_discovery:discover_packages(ignore) check parameters
[8.485s] Level 1:colcon.colcon_core.package_discovery:discover_packages(path) check parameters
[8.486s] Level 1:colcon.colcon_core.package_discovery:discover_packages(colcon_meta) discover
[8.487s] Level 1:colcon.colcon_core.package_discovery:discover_packages(recursive) discover
[8.488s] INFO:colcon.colcon_core.package_discovery:Crawling recursively for packages in '/home/crashlab/robot_ws'
[8.491s] Level 1:colcon.colcon_core.package_identification:_identify(.) by extensions ['ignore', 'ignore_ament_install']
[8.493s] Level 1:colcon.colcon_core.package_identification:_identify(.) by extension 'ignore'
[8.494s] Level 1:colcon.colcon_core.package_identification:_identify(.) by extension 'ignore_ament_install'
[8.495s] Level 1:colcon.colcon_core.package_identification:_identify(.) by extensions ['colcon_pkg']
[8.496s] Level 1:colcon.colcon_core.package_identification:_identify(.) by extension 'colcon_pkg'
[8.497s] Level 1:colcon.colcon_core.package_identification:_identify(.) by extensions ['colcon_meta']
[8.498s] Level 1:colcon.colcon_core.package_identification:_identify(.) by extension 'colcon_meta'
[8.499s] Level 1:colcon.colcon_core.package_identification:_identify(.) by extensions ['ros']
[8.508s] Level 1:colcon.colcon_core.package_identification:_identify(.) by extension 'ros'
[8.772s] Level 1:colcon.colcon_core.package_identification:_identify(.) by extensions ['cmake', 'python']
[8.774s] Level 1:colcon.colcon_core.package_identification:_identify(.) by extension 'cmake'
[8.776s] Level 1:colcon.colcon_core.package_identification:_identify(.) by extension 'python'
[8.777s] Level 1:colcon.colcon_core.package_identification:_identify(.) by extensions ['python_setup_py']
[8.780s] Level 1:colcon.colcon_core.package_identification:_identify(.) by extension 'python_setup_py'
[8.783s] Level 1:colcon.colcon_core.package_identification:_identify(build) by extensions ['ignore', 'ignore_ament_install']
[8.785s] Level 1:colcon.colcon_core.package_identification:_identify(build) by extension 'ignore'
[8.786s] Level 1:colcon.colcon_core.package_identification:_identify(build) ignored
[8.791s] Level 1:colcon.colcon_core.package_identification:_identify(install) by extensions ['ignore', 'ignore_ament_install']
[8.794s] Level 1:colcon.colcon_core.package_identification:_identify(install) by extension 'ignore'
[8.796s] Level 1:colcon.colcon_core.package_identification:_identify(install) ignored
[8.800s] Level 1:colcon.colcon_core.package_identification:_identify(log) by extensions ['ignore', 'ignore_ament_install']
[8.805s] Level 1:colcon.colcon_core.package_identification:_identify(log) by extension 'ignore'
[8.806s] Level 1:colcon.colcon_core.package_identification:_identify(log) ignored
[8.808s] Level 1:colcon.colcon_core.package_identification:_identify(src) by extensions ['ignore', 'ignore_ament_install']
[8.811s] Level 1:colcon.colcon_core.package_identification:_identify(src) by extension 'ignore'
[8.815s] Level 1:colcon.colcon_core.package_identification:_identify(src) by extension 'ignore_ament_install'
[8.820s] Level 1:colcon.colcon_core.package_identification:_identify(src) by extensions ['colcon_pkg']
[8.820s] Level 1:colcon.colcon_core.package_identification:_identify(src) by extension 'colcon_pkg'
[8.821s] Level 1:colcon.colcon_core.package_identification:_identify(src) by extensions ['colcon_meta']
[8.822s] Level 1:colcon.colcon_core.package_identification:_identify(src) by extension 'colcon_meta'
[8.823s] Level 1:colcon.colcon_core.package_identification:_identify(src) by extensions ['ros']
[8.825s] Level 1:colcon.colcon_core.package_identification:_identify(src) by extension 'ros'
[8.827s] Level 1:colcon.colcon_core.package_identification:_identify(src) by extensions ['cmake', 'python']
[8.830s] Level 1:colcon.colcon_core.package_identification:_identify(src) by extension 'cmake'
[8.831s] Level 1:colcon.colcon_core.package_identification:_identify(src) by extension 'python'
[8.832s] Level 1:colcon.colcon_core.package_identification:_identify(src) by extensions ['python_setup_py']
[8.834s] Level 1:colcon.colcon_core.package_identification:_identify(src) by extension 'python_setup_py'
[8.839s] Level 1:colcon.colcon_core.package_identification:_identify(src/YDLidar-SDK) by extensions ['ignore', 'ignore_ament_install']
[8.841s] Level 1:colcon.colcon_core.package_identification:_identify(src/YDLidar-SDK) by extension 'ignore'
[8.843s] Level 1:colcon.colcon_core.package_identification:_identify(src/YDLidar-SDK) by extension 'ignore_ament_install'
[8.844s] Level 1:colcon.colcon_core.package_identification:_identify(src/YDLidar-SDK) by extensions ['colcon_pkg']
[8.846s] Level 1:colcon.colcon_core.package_identification:_identify(src/YDLidar-SDK) by extension 'colcon_pkg'
[8.847s] Level 1:colcon.colcon_core.package_identification:_identify(src/YDLidar-SDK) by extensions ['colcon_meta']
[8.849s] Level 1:colcon.colcon_core.package_identification:_identify(src/YDLidar-SDK) by extension 'colcon_meta'
[8.850s] Level 1:colcon.colcon_core.package_identification:_identify(src/YDLidar-SDK) by extensions ['ros']
[8.852s] Level 1:colcon.colcon_core.package_identification:_identify(src/YDLidar-SDK) by extension 'ros'
[8.854s] Level 1:colcon.colcon_core.package_identification:_identify(src/YDLidar-SDK) by extensions ['cmake', 'python']
[8.855s] Level 1:colcon.colcon_core.package_identification:_identify(src/YDLidar-SDK) by extension 'cmake'
[9.170s] Level 1:colcon.colcon_core.package_identification:_identify(src/YDLidar-SDK) by extension 'python'
[9.171s] DEBUG:colcon.colcon_core.package_identification:Package 'src/YDLidar-SDK' with type 'cmake' and name 'ydlidar_sdk'
[9.174s] Level 1:colcon.colcon_core.package_identification:_identify(src/json_data) by extensions ['ignore', 'ignore_ament_install']
[9.177s] Level 1:colcon.colcon_core.package_identification:_identify(src/json_data) by extension 'ignore'
[9.179s] Level 1:colcon.colcon_core.package_identification:_identify(src/json_data) by extension 'ignore_ament_install'
[9.180s] Level 1:colcon.colcon_core.package_identification:_identify(src/json_data) by extensions ['colcon_pkg']
[9.181s] Level 1:colcon.colcon_core.package_identification:_identify(src/json_data) by extension 'colcon_pkg'
[9.182s] Level 1:colcon.colcon_core.package_identification:_identify(src/json_data) by extensions ['colcon_meta']
[9.183s] Level 1:colcon.colcon_core.package_identification:_identify(src/json_data) by extension 'colcon_meta'
[9.184s] Level 1:colcon.colcon_core.package_identification:_identify(src/json_data) by extensions ['ros']
[9.185s] Level 1:colcon.colcon_core.package_identification:_identify(src/json_data) by extension 'ros'
[9.218s] DEBUG:colcon.colcon_core.package_identification:Package 'src/json_data' with type 'ros.ament_python' and name 'json_data'
[9.220s] Level 1:colcon.colcon_core.package_identification:_identify(src/nav_motor_pkg) by extensions ['ignore', 'ignore_ament_install']
[9.222s] Level 1:colcon.colcon_core.package_identification:_identify(src/nav_motor_pkg) by extension 'ignore'
[9.223s] Level 1:colcon.colcon_core.package_identification:_identify(src/nav_motor_pkg) by extension 'ignore_ament_install'
[9.225s] Level 1:colcon.colcon_core.package_identification:_identify(src/nav_motor_pkg) by extensions ['colcon_pkg']
[9.227s] Level 1:colcon.colcon_core.package_identification:_identify(src/nav_motor_pkg) by extension 'colcon_pkg'
[9.228s] Level 1:colcon.colcon_core.package_identification:_identify(src/nav_motor_pkg) by extensions ['colcon_meta']
[9.229s] Level 1:colcon.colcon_core.package_identification:_identify(src/nav_motor_pkg) by extension 'colcon_meta'
[9.231s] Level 1:colcon.colcon_core.package_identification:_identify(src/nav_motor_pkg) by extensions ['ros']
[9.232s] Level 1:colcon.colcon_core.package_identification:_identify(src/nav_motor_pkg) by extension 'ros'
[9.247s] DEBUG:colcon.colcon_core.package_identification:Package 'src/nav_motor_pkg' with type 'ros.ament_cmake' and name 'nav_motor_pkg'
[9.249s] Level 1:colcon.colcon_core.package_identification:_identify(src/other_motor_pkg) by extensions ['ignore', 'ignore_ament_install']
[9.251s] Level 1:colcon.colcon_core.package_identification:_identify(src/other_motor_pkg) by extension 'ignore'
[9.252s] Level 1:colcon.colcon_core.package_identification:_identify(src/other_motor_pkg) by extension 'ignore_ament_install'
[9.266s] Level 1:colcon.colcon_core.package_identification:_identify(src/other_motor_pkg) by extensions ['colcon_pkg']
[9.268s] Level 1:colcon.colcon_core.package_identification:_identify(src/other_motor_pkg) by extension 'colcon_pkg'
[9.270s] Level 1:colcon.colcon_core.package_identification:_identify(src/other_motor_pkg) by extensions ['colcon_meta']
[9.271s] Level 1:colcon.colcon_core.package_identification:_identify(src/other_motor_pkg) by extension 'colcon_meta'
[9.272s] Level 1:colcon.colcon_core.package_identification:_identify(src/other_motor_pkg) by extensions ['ros']
[9.274s] Level 1:colcon.colcon_core.package_identification:_identify(src/other_motor_pkg) by extension 'ros'
[9.284s] DEBUG:colcon.colcon_core.package_identification:Package 'src/other_motor_pkg' with type 'ros.ament_cmake' and name 'other_motor_pkg'
[9.288s] Level 1:colcon.colcon_core.package_identification:_identify(src/tutorial_ros2_motor) by extensions ['ignore', 'ignore_ament_install']
[9.290s] Level 1:colcon.colcon_core.package_identification:_identify(src/tutorial_ros2_motor) by extension 'ignore'
[9.293s] Level 1:colcon.colcon_core.package_identification:_identify(src/tutorial_ros2_motor) by extension 'ignore_ament_install'
[9.296s] Level 1:colcon.colcon_core.package_identification:_identify(src/tutorial_ros2_motor) by extensions ['colcon_pkg']
[9.297s] Level 1:colcon.colcon_core.package_identification:_identify(src/tutorial_ros2_motor) by extension 'colcon_pkg'
[9.299s] Level 1:colcon.colcon_core.package_identification:_identify(src/tutorial_ros2_motor) by extensions ['colcon_meta']
[9.300s] Level 1:colcon.colcon_core.package_identification:_identify(src/tutorial_ros2_motor) by extension 'colcon_meta'
[9.301s] Level 1:colcon.colcon_core.package_identification:_identify(src/tutorial_ros2_motor) by extensions ['ros']
[9.304s] Level 1:colcon.colcon_core.package_identification:_identify(src/tutorial_ros2_motor) by extension 'ros'
[9.314s] DEBUG:colcon.colcon_core.package_identification:Package 'src/tutorial_ros2_motor' with type 'ros.ament_cmake' and name 'tutorial_ros2_motor'
[9.316s] Level 1:colcon.colcon_core.package_identification:_identify(src/untitled_description) by extensions ['ignore', 'ignore_ament_install']
[9.322s] Level 1:colcon.colcon_core.package_identification:_identify(src/untitled_description) by extension 'ignore'
[9.324s] Level 1:colcon.colcon_core.package_identification:_identify(src/untitled_description) by extension 'ignore_ament_install'
[9.325s] Level 1:colcon.colcon_core.package_identification:_identify(src/untitled_description) by extensions ['colcon_pkg']
[9.326s] Level 1:colcon.colcon_core.package_identification:_identify(src/untitled_description) by extension 'colcon_pkg'
[9.329s] Level 1:colcon.colcon_core.package_identification:_identify(src/untitled_description) by extensions ['colcon_meta']
[9.330s] Level 1:colcon.colcon_core.package_identification:_identify(src/untitled_description) by extension 'colcon_meta'
[9.330s] Level 1:colcon.colcon_core.package_identification:_identify(src/untitled_description) by extensions ['ros']
[9.331s] Level 1:colcon.colcon_core.package_identification:_identify(src/untitled_description) by extension 'ros'
[9.340s] DEBUG:colcon.colcon_core.package_identification:Package 'src/untitled_description' with type 'ros.ament_cmake' and name 'untitled_description'
[9.343s] Level 1:colcon.colcon_core.package_identification:_identify(src/ydlidar_ros2_driver_bs) by extensions ['ignore', 'ignore_ament_install']
[9.345s] Level 1:colcon.colcon_core.package_identification:_identify(src/ydlidar_ros2_driver_bs) by extension 'ignore'
[9.346s] Level 1:colcon.colcon_core.package_identification:_identify(src/ydlidar_ros2_driver_bs) by extension 'ignore_ament_install'
[9.348s] Level 1:colcon.colcon_core.package_identification:_identify(src/ydlidar_ros2_driver_bs) by extensions ['colcon_pkg']
[9.348s] Level 1:colcon.colcon_core.package_identification:_identify(src/ydlidar_ros2_driver_bs) by extension 'colcon_pkg'
[9.350s] Level 1:colcon.colcon_core.package_identification:_identify(src/ydlidar_ros2_driver_bs) by extensions ['colcon_meta']
[9.351s] Level 1:colcon.colcon_core.package_identification:_identify(src/ydlidar_ros2_driver_bs) by extension 'colcon_meta'
[9.352s] Level 1:colcon.colcon_core.package_identification:_identify(src/ydlidar_ros2_driver_bs) by extensions ['ros']
[9.353s] Level 1:colcon.colcon_core.package_identification:_identify(src/ydlidar_ros2_driver_bs) by extension 'ros'
[9.369s] DEBUG:colcon.colcon_core.package_identification:Package 'src/ydlidar_ros2_driver_bs' with type 'ros.ament_cmake' and name 'ydlidar_ros2_driver'
[9.370s] Level 1:colcon.colcon_core.package_discovery:discover_packages(recursive) using defaults
[9.371s] Level 1:colcon.colcon_core.package_discovery:discover_packages(ignore) discover
[9.377s] Level 1:colcon.colcon_core.package_discovery:discover_packages(ignore) using defaults
[9.377s] Level 1:colcon.colcon_core.package_discovery:discover_packages(path) discover
[9.378s] Level 1:colcon.colcon_core.package_discovery:discover_packages(path) using defaults
[10.007s] Level 1:colcon.colcon_core.package_discovery:discover_packages(prefix_path) check parameters
[10.008s] Level 1:colcon.colcon_core.package_discovery:discover_packages(prefix_path) discover
[10.051s] DEBUG:colcon.colcon_installed_package_information.package_discovery:Found 8 installed packages in /home/crashlab/robot_ws/install
[10.070s] DEBUG:colcon.colcon_installed_package_information.package_discovery:Found 320 installed packages in /opt/ros/humble
[10.085s] Level 1:colcon.colcon_core.package_discovery:discover_packages(prefix_path) using defaults
[11.272s] Level 5:colcon.colcon_core.verb:set package 'json_data' build argument 'cmake_args' from command line to 'None'
[11.275s] Level 5:colcon.colcon_core.verb:set package 'json_data' build argument 'cmake_target' from command line to 'None'
[11.276s] Level 5:colcon.colcon_core.verb:set package 'json_data' build argument 'cmake_target_skip_unavailable' from command line to 'False'
[11.278s] Level 5:colcon.colcon_core.verb:set package 'json_data' build argument 'cmake_clean_cache' from command line to 'False'
[11.281s] Level 5:colcon.colcon_core.verb:set package 'json_data' build argument 'cmake_clean_first' from command line to 'False'
[11.282s] Level 5:colcon.colcon_core.verb:set package 'json_data' build argument 'cmake_force_configure' from command line to 'False'
[11.283s] Level 5:colcon.colcon_core.verb:set package 'json_data' build argument 'ament_cmake_args' from command line to 'None'
[11.285s] Level 5:colcon.colcon_core.verb:set package 'json_data' build argument 'catkin_cmake_args' from command line to 'None'
[11.286s] Level 5:colcon.colcon_core.verb:set package 'json_data' build argument 'catkin_skip_building_tests' from command line to 'False'
[11.288s] DEBUG:colcon.colcon_core.verb:Building package 'json_data' with the following arguments: {'ament_cmake_args': None, 'build_base': '/home/crashlab/robot_ws/build/json_data', 'catkin_cmake_args': None, 'catkin_skip_building_tests': False, 'cmake_args': None, 'cmake_clean_cache': False, 'cmake_clean_first': False, 'cmake_force_configure': False, 'cmake_target': None, 'cmake_target_skip_unavailable': False, 'install_base': '/home/crashlab/robot_ws/install/json_data', 'merge_install': False, 'path': '/home/crashlab/robot_ws/src/json_data', 'symlink_install': True, 'test_result_base': None}
[11.296s] Level 5:colcon.colcon_core.verb:set package 'nav_motor_pkg' build argument 'cmake_args' from command line to 'None'
[11.298s] Level 5:colcon.colcon_core.verb:set package 'nav_motor_pkg' build argument 'cmake_target' from command line to 'None'
[11.299s] Level 5:colcon.colcon_core.verb:set package 'nav_motor_pkg' build argument 'cmake_target_skip_unavailable' from command line to 'False'
[11.300s] Level 5:colcon.colcon_core.verb:set package 'nav_motor_pkg' build argument 'cmake_clean_cache' from command line to 'False'
[11.302s] Level 5:colcon.colcon_core.verb:set package 'nav_motor_pkg' build argument 'cmake_clean_first' from command line to 'False'
[11.302s] Level 5:colcon.colcon_core.verb:set package 'nav_motor_pkg' build argument 'cmake_force_configure' from command line to 'False'
[11.302s] Level 5:colcon.colcon_core.verb:set package 'nav_motor_pkg' build argument 'ament_cmake_args' from command line to 'None'
[11.304s] Level 5:colcon.colcon_core.verb:set package 'nav_motor_pkg' build argument 'catkin_cmake_args' from command line to 'None'
[11.305s] Level 5:colcon.colcon_core.verb:set package 'nav_motor_pkg' build argument 'catkin_skip_building_tests' from command line to 'False'
[11.306s] DEBUG:colcon.colcon_core.verb:Building package 'nav_motor_pkg' with the following arguments: {'ament_cmake_args': None, 'build_base': '/home/crashlab/robot_ws/build/nav_motor_pkg', 'catkin_cmake_args': None, 'catkin_skip_building_tests': False, 'cmake_args': None, 'cmake_clean_cache': False, 'cmake_clean_first': False, 'cmake_force_configure': False, 'cmake_target': None, 'cmake_target_skip_unavailable': False, 'install_base': '/home/crashlab/robot_ws/install/nav_motor_pkg', 'merge_install': False, 'path': '/home/crashlab/robot_ws/src/nav_motor_pkg', 'symlink_install': True, 'test_result_base': None}
[11.311s] Level 5:colcon.colcon_core.verb:set package 'other_motor_pkg' build argument 'cmake_args' from command line to 'None'
[11.311s] Level 5:colcon.colcon_core.verb:set package 'other_motor_pkg' build argument 'cmake_target' from command line to 'None'
[11.312s] Level 5:colcon.colcon_core.verb:set package 'other_motor_pkg' build argument 'cmake_target_skip_unavailable' from command line to 'False'
[11.313s] Level 5:colcon.colcon_core.verb:set package 'other_motor_pkg' build argument 'cmake_clean_cache' from command line to 'False'
[11.313s] Level 5:colcon.colcon_core.verb:set package 'other_motor_pkg' build argument 'cmake_clean_first' from command line to 'False'
[11.314s] Level 5:colcon.colcon_core.verb:set package 'other_motor_pkg' build argument 'cmake_force_configure' from command line to 'False'
[11.316s] Level 5:colcon.colcon_core.verb:set package 'other_motor_pkg' build argument 'ament_cmake_args' from command line to 'None'
[11.317s] Level 5:colcon.colcon_core.verb:set package 'other_motor_pkg' build argument 'catkin_cmake_args' from command line to 'None'
[11.318s] Level 5:colcon.colcon_core.verb:set package 'other_motor_pkg' build argument 'catkin_skip_building_tests' from command line to 'False'
[11.318s] DEBUG:colcon.colcon_core.verb:Building package 'other_motor_pkg' with the following arguments: {'ament_cmake_args': None, 'build_base': '/home/crashlab/robot_ws/build/other_motor_pkg', 'catkin_cmake_args': None, 'catkin_skip_building_tests': False, 'cmake_args': None, 'cmake_clean_cache': False, 'cmake_clean_first': False, 'cmake_force_configure': False, 'cmake_target': None, 'cmake_target_skip_unavailable': False, 'install_base': '/home/crashlab/robot_ws/install/other_motor_pkg', 'merge_install': False, 'path': '/home/crashlab/robot_ws/src/other_motor_pkg', 'symlink_install': True, 'test_result_base': None}
[11.326s] Level 5:colcon.colcon_core.verb:set package 'tutorial_ros2_motor' build argument 'cmake_args' from command line to 'None'
[11.327s] Level 5:colcon.colcon_core.verb:set package 'tutorial_ros2_motor' build argument 'cmake_target' from command line to 'None'
[11.328s] Level 5:colcon.colcon_core.verb:set package 'tutorial_ros2_motor' build argument 'cmake_target_skip_unavailable' from command line to 'False'
[11.329s] Level 5:colcon.colcon_core.verb:set package 'tutorial_ros2_motor' build argument 'cmake_clean_cache' from command line to 'False'
[11.329s] Level 5:colcon.colcon_core.verb:set package 'tutorial_ros2_motor' build argument 'cmake_clean_first' from command line to 'False'
[11.330s] Level 5:colcon.colcon_core.verb:set package 'tutorial_ros2_motor' build argument 'cmake_force_configure' from command line to 'False'
[11.331s] Level 5:colcon.colcon_core.verb:set package 'tutorial_ros2_motor' build argument 'ament_cmake_args' from command line to 'None'
[11.332s] Level 5:colcon.colcon_core.verb:set package 'tutorial_ros2_motor' build argument 'catkin_cmake_args' from command line to 'None'
[11.332s] Level 5:colcon.colcon_core.verb:set package 'tutorial_ros2_motor' build argument 'catkin_skip_building_tests' from command line to 'False'
[11.333s] DEBUG:colcon.colcon_core.verb:Building package 'tutorial_ros2_motor' with the following arguments: {'ament_cmake_args': None, 'build_base': '/home/crashlab/robot_ws/build/tutorial_ros2_motor', 'catkin_cmake_args': None, 'catkin_skip_building_tests': False, 'cmake_args': None, 'cmake_clean_cache': False, 'cmake_clean_first': False, 'cmake_force_configure': False, 'cmake_target': None, 'cmake_target_skip_unavailable': False, 'install_base': '/home/crashlab/robot_ws/install/tutorial_ros2_motor', 'merge_install': False, 'path': '/home/crashlab/robot_ws/src/tutorial_ros2_motor', 'symlink_install': True, 'test_result_base': None}
[11.338s] Level 5:colcon.colcon_core.verb:set package 'untitled_description' build argument 'cmake_args' from command line to 'None'
[11.339s] Level 5:colcon.colcon_core.verb:set package 'untitled_description' build argument 'cmake_target' from command line to 'None'
[11.340s] Level 5:colcon.colcon_core.verb:set package 'untitled_description' build argument 'cmake_target_skip_unavailable' from command line to 'False'
[11.341s] Level 5:colcon.colcon_core.verb:set package 'untitled_description' build argument 'cmake_clean_cache' from command line to 'False'
[11.342s] Level 5:colcon.colcon_core.verb:set package 'untitled_description' build argument 'cmake_clean_first' from command line to 'False'
[11.343s] Level 5:colcon.colcon_core.verb:set package 'untitled_description' build argument 'cmake_force_configure' from command line to 'False'
[11.344s] Level 5:colcon.colcon_core.verb:set package 'untitled_description' build argument 'ament_cmake_args' from command line to 'None'
[11.345s] Level 5:colcon.colcon_core.verb:set package 'untitled_description' build argument 'catkin_cmake_args' from command line to 'None'
[11.346s] Level 5:colcon.colcon_core.verb:set package 'untitled_description' build argument 'catkin_skip_building_tests' from command line to 'False'
[11.347s] DEBUG:colcon.colcon_core.verb:Building package 'untitled_description' with the following arguments: {'ament_cmake_args': None, 'build_base': '/home/crashlab/robot_ws/build/untitled_description', 'catkin_cmake_args': None, 'catkin_skip_building_tests': False, 'cmake_args': None, 'cmake_clean_cache': False, 'cmake_clean_first': False, 'cmake_force_configure': False, 'cmake_target': None, 'cmake_target_skip_unavailable': False, 'install_base': '/home/crashlab/robot_ws/install/untitled_description', 'merge_install': False, 'path': '/home/crashlab/robot_ws/src/untitled_description', 'symlink_install': True, 'test_result_base': None}
[11.352s] Level 5:colcon.colcon_core.verb:set package 'ydlidar_ros2_driver' build argument 'cmake_args' from command line to 'None'
[11.353s] Level 5:colcon.colcon_core.verb:set package 'ydlidar_ros2_driver' build argument 'cmake_target' from command line to 'None'
[11.354s] Level 5:colcon.colcon_core.verb:set package 'ydlidar_ros2_driver' build argument 'cmake_target_skip_unavailable' from command line to 'False'
[11.354s] Level 5:colcon.colcon_core.verb:set package 'ydlidar_ros2_driver' build argument 'cmake_clean_cache' from command line to 'False'
[11.355s] Level 5:colcon.colcon_core.verb:set package 'ydlidar_ros2_driver' build argument 'cmake_clean_first' from command line to 'False'
[11.356s] Level 5:colcon.colcon_core.verb:set package 'ydlidar_ros2_driver' build argument 'cmake_force_configure' from command line to 'False'
[11.357s] Level 5:colcon.colcon_core.verb:set package 'ydlidar_ros2_driver' build argument 'ament_cmake_args' from command line to 'None'
[11.358s] Level 5:colcon.colcon_core.verb:set package 'ydlidar_ros2_driver' build argument 'catkin_cmake_args' from command line to 'None'
[11.360s] Level 5:colcon.colcon_core.verb:set package 'ydlidar_ros2_driver' build argument 'catkin_skip_building_tests' from command line to 'False'
[11.361s] DEBUG:colcon.colcon_core.verb:Building package 'ydlidar_ros2_driver' with the following arguments: {'ament_cmake_args': None, 'build_base': '/home/crashlab/robot_ws/build/ydlidar_ros2_driver', 'catkin_cmake_args': None, 'catkin_skip_building_tests': False, 'cmake_args': None, 'cmake_clean_cache': False, 'cmake_clean_first': False, 'cmake_force_configure': False, 'cmake_target': None, 'cmake_target_skip_unavailable': False, 'install_base': '/home/crashlab/robot_ws/install/ydlidar_ros2_driver', 'merge_install': False, 'path': '/home/crashlab/robot_ws/src/ydlidar_ros2_driver_bs', 'symlink_install': True, 'test_result_base': None}
[11.370s] Level 5:colcon.colcon_core.verb:set package 'ydlidar_sdk' build argument 'cmake_args' from command line to 'None'
[11.373s] Level 5:colcon.colcon_core.verb:set package 'ydlidar_sdk' build argument 'cmake_target' from command line to 'None'
[11.373s] Level 5:colcon.colcon_core.verb:set package 'ydlidar_sdk' build argument 'cmake_target_skip_unavailable' from command line to 'False'
[11.378s] Level 5:colcon.colcon_core.verb:set package 'ydlidar_sdk' build argument 'cmake_clean_cache' from command line to 'False'
[11.379s] Level 5:colcon.colcon_core.verb:set package 'ydlidar_sdk' build argument 'cmake_clean_first' from command line to 'False'
[11.380s] Level 5:colcon.colcon_core.verb:set package 'ydlidar_sdk' build argument 'cmake_force_configure' from command line to 'False'
[11.384s] Level 5:colcon.colcon_core.verb:set package 'ydlidar_sdk' build argument 'ament_cmake_args' from command line to 'None'
[11.389s] Level 5:colcon.colcon_core.verb:set package 'ydlidar_sdk' build argument 'catkin_cmake_args' from command line to 'None'
[11.390s] Level 5:colcon.colcon_core.verb:set package 'ydlidar_sdk' build argument 'catkin_skip_building_tests' from command line to 'False'
[11.391s] DEBUG:colcon.colcon_core.verb:Building package 'ydlidar_sdk' with the following arguments: {'ament_cmake_args': None, 'build_base': '/home/crashlab/robot_ws/build/ydlidar_sdk', 'catkin_cmake_args': None, 'catkin_skip_building_tests': False, 'cmake_args': None, 'cmake_clean_cache': False, 'cmake_clean_first': False, 'cmake_force_configure': False, 'cmake_target': None, 'cmake_target_skip_unavailable': False, 'install_base': '/home/crashlab/robot_ws/install/ydlidar_sdk', 'merge_install': False, 'path': '/home/crashlab/robot_ws/src/YDLidar-SDK', 'symlink_install': True, 'test_result_base': None}
[11.399s] INFO:colcon.colcon_core.executor:Executing jobs using 'parallel' executor
[11.420s] DEBUG:colcon.colcon_parallel_executor.executor.parallel:run_until_complete
[11.428s] INFO:colcon.colcon_ros.task.ament_python.build:Building ROS package in '/home/crashlab/robot_ws/src/json_data' with build type 'ament_python'
[11.431s] Level 1:colcon.colcon_core.shell:create_environment_hook('json_data', 'ament_prefix_path')
[11.501s] INFO:colcon.colcon_core.plugin_system:Skipping extension 'colcon_core.shell.bat': Not used on non-Windows systems
[11.510s] INFO:colcon.colcon_core.shell:Creating environment hook '/home/crashlab/robot_ws/install/json_data/share/json_data/hook/ament_prefix_path.ps1'
[11.530s] INFO:colcon.colcon_core.shell:Creating environment descriptor '/home/crashlab/robot_ws/install/json_data/share/json_data/hook/ament_prefix_path.dsv'
[11.541s] INFO:colcon.colcon_core.shell:Creating environment hook '/home/crashlab/robot_ws/install/json_data/share/json_data/hook/ament_prefix_path.sh'
[11.564s] INFO:colcon.colcon_core.shell:Skip shell extension 'powershell' for command environment: Not usable outside of PowerShell
[11.565s] DEBUG:colcon.colcon_core.shell:Skip shell extension 'dsv' for command environment
[11.643s] INFO:colcon.colcon_ros.task.ament_cmake.build:Building ROS package in '/home/crashlab/robot_ws/src/nav_motor_pkg' with build type 'ament_cmake'
[11.646s] INFO:colcon.colcon_cmake.task.cmake.build:Building CMake package in '/home/crashlab/robot_ws/src/nav_motor_pkg'
[11.673s] INFO:colcon.colcon_core.shell:Skip shell extension 'powershell' for command environment: Not usable outside of PowerShell
[11.680s] DEBUG:colcon.colcon_core.shell:Skip shell extension 'dsv' for command environment
[11.804s] INFO:colcon.colcon_ros.task.ament_cmake.build:Building ROS package in '/home/crashlab/robot_ws/src/other_motor_pkg' with build type 'ament_cmake'
[11.811s] INFO:colcon.colcon_cmake.task.cmake.build:Building CMake package in '/home/crashlab/robot_ws/src/other_motor_pkg'
[11.815s] INFO:colcon.colcon_core.shell:Skip shell extension 'powershell' for command environment: Not usable outside of PowerShell
[11.817s] DEBUG:colcon.colcon_core.shell:Skip shell extension 'dsv' for command environment
[11.909s] INFO:colcon.colcon_ros.task.ament_cmake.build:Building ROS package in '/home/crashlab/robot_ws/src/tutorial_ros2_motor' with build type 'ament_cmake'
[11.910s] INFO:colcon.colcon_cmake.task.cmake.build:Building CMake package in '/home/crashlab/robot_ws/src/tutorial_ros2_motor'
[11.917s] INFO:colcon.colcon_core.shell:Skip shell extension 'powershell' for command environment: Not usable outside of PowerShell
[11.918s] DEBUG:colcon.colcon_core.shell:Skip shell extension 'dsv' for command environment
[18.970s] INFO:colcon.colcon_core.task.python.build:Building Python package in '/home/crashlab/robot_ws/src/json_data'
[18.978s] INFO:colcon.colcon_core.shell:Skip shell extension 'powershell' for command environment: Not usable outside of PowerShell
[18.983s] DEBUG:colcon.colcon_core.shell:Skip shell extension 'dsv' for command environment
[19.230s] DEBUG:colcon.colcon_core.event_handler.log_command:Invoking command in '/home/crashlab/robot_ws/build/nav_motor_pkg': CMAKE_PREFIX_PATH=${CMAKE_PREFIX_PATH}:/home/crashlab/robot_ws/install/nav_bringup:/home/crashlab/robot_ws/install/json_data:/opt/ros/humble /usr/bin/cmake --build /home/crashlab/robot_ws/build/nav_motor_pkg -- -j4 -l4
[19.331s] DEBUG:colcon.colcon_core.event_handler.log_command:Invoking command in '/home/crashlab/robot_ws/build/other_motor_pkg': CMAKE_PREFIX_PATH=${CMAKE_PREFIX_PATH}:/home/crashlab/robot_ws/install/nav_bringup:/home/crashlab/robot_ws/install/json_data:/opt/ros/humble /usr/bin/cmake --build /home/crashlab/robot_ws/build/other_motor_pkg -- -j4 -l4
[19.487s] DEBUG:colcon.colcon_core.event_handler.log_command:Invoking command in '/home/crashlab/robot_ws/build/tutorial_ros2_motor': CMAKE_PREFIX_PATH=${CMAKE_PREFIX_PATH}:/home/crashlab/robot_ws/install/nav_bringup:/home/crashlab/robot_ws/install/json_data:/opt/ros/humble /usr/bin/cmake --build /home/crashlab/robot_ws/build/tutorial_ros2_motor -- -j4 -l4
[22.395s] DEBUG:colcon.colcon_core.event_handler.log_command:Invoked command in '/home/crashlab/robot_ws/build/other_motor_pkg' returned '0': CMAKE_PREFIX_PATH=${CMAKE_PREFIX_PATH}:/home/crashlab/robot_ws/install/nav_bringup:/home/crashlab/robot_ws/install/json_data:/opt/ros/humble /usr/bin/cmake --build /home/crashlab/robot_ws/build/other_motor_pkg -- -j4 -l4
[23.298s] DEBUG:colcon.colcon_core.event_handler.log_command:Invoking command in '/home/crashlab/robot_ws/build/other_motor_pkg': CMAKE_PREFIX_PATH=${CMAKE_PREFIX_PATH}:/home/crashlab/robot_ws/install/nav_bringup:/home/crashlab/robot_ws/install/json_data:/opt/ros/humble /usr/bin/cmake --install /home/crashlab/robot_ws/build/other_motor_pkg
[23.417s] DEBUG:colcon.colcon_core.event_handler.log_command:Invoked command in '/home/crashlab/robot_ws/build/tutorial_ros2_motor' returned '0': CMAKE_PREFIX_PATH=${CMAKE_PREFIX_PATH}:/home/crashlab/robot_ws/install/nav_bringup:/home/crashlab/robot_ws/install/json_data:/opt/ros/humble /usr/bin/cmake --build /home/crashlab/robot_ws/build/tutorial_ros2_motor -- -j4 -l4
[23.425s] DEBUG:colcon.colcon_core.event_handler.log_command:Invoking command in '/home/crashlab/robot_ws/build/tutorial_ros2_motor': CMAKE_PREFIX_PATH=${CMAKE_PREFIX_PATH}:/home/crashlab/robot_ws/install/nav_bringup:/home/crashlab/robot_ws/install/json_data:/opt/ros/humble /usr/bin/cmake --install /home/crashlab/robot_ws/build/tutorial_ros2_motor
[24.255s] Level 1:colcon.colcon_core.environment:create_environment_scripts_only(tutorial_ros2_motor)
[24.378s] DEBUG:colcon.colcon_core.event_handler.log_command:Invoked command in '/home/crashlab/robot_ws/build/tutorial_ros2_motor' returned '0': CMAKE_PREFIX_PATH=${CMAKE_PREFIX_PATH}:/home/crashlab/robot_ws/install/nav_bringup:/home/crashlab/robot_ws/install/json_data:/opt/ros/humble /usr/bin/cmake --install /home/crashlab/robot_ws/build/tutorial_ros2_motor
[24.423s] Level 1:colcon.colcon_core.environment:checking '/home/crashlab/robot_ws/install/tutorial_ros2_motor' for CMake module files
[24.476s] Level 1:colcon.colcon_core.environment:checking '/home/crashlab/robot_ws/install/tutorial_ros2_motor' for CMake config files
[24.525s] Level 1:colcon.colcon_core.shell:create_environment_hook('tutorial_ros2_motor', 'cmake_prefix_path')
[24.529s] INFO:colcon.colcon_core.shell:Creating environment hook '/home/crashlab/robot_ws/install/tutorial_ros2_motor/share/tutorial_ros2_motor/hook/cmake_prefix_path.ps1'
[24.541s] INFO:colcon.colcon_core.shell:Creating environment descriptor '/home/crashlab/robot_ws/install/tutorial_ros2_motor/share/tutorial_ros2_motor/hook/cmake_prefix_path.dsv'
[24.552s] INFO:colcon.colcon_core.shell:Creating environment hook '/home/crashlab/robot_ws/install/tutorial_ros2_motor/share/tutorial_ros2_motor/hook/cmake_prefix_path.sh'
[24.568s] Level 1:colcon.colcon_core.environment:checking '/home/crashlab/robot_ws/install/tutorial_ros2_motor/lib'
[24.573s] Level 1:colcon.colcon_core.environment:checking '/home/crashlab/robot_ws/install/tutorial_ros2_motor/bin'
[24.575s] Level 1:colcon.colcon_core.environment:checking '/home/crashlab/robot_ws/install/tutorial_ros2_motor/lib/pkgconfig/tutorial_ros2_motor.pc'
[24.580s] Level 1:colcon.colcon_core.environment:checking '/home/crashlab/robot_ws/install/tutorial_ros2_motor/lib/python3.10/site-packages'
[24.583s] Level 1:colcon.colcon_core.environment:checking '/home/crashlab/robot_ws/install/tutorial_ros2_motor/bin'
[24.588s] INFO:colcon.colcon_core.shell:Creating package script '/home/crashlab/robot_ws/install/tutorial_ros2_motor/share/tutorial_ros2_motor/package.ps1'
[24.608s] INFO:colcon.colcon_core.shell:Creating package descriptor '/home/crashlab/robot_ws/install/tutorial_ros2_motor/share/tutorial_ros2_motor/package.dsv'
[24.620s] INFO:colcon.colcon_core.shell:Creating package script '/home/crashlab/robot_ws/install/tutorial_ros2_motor/share/tutorial_ros2_motor/package.sh'
[24.631s] INFO:colcon.colcon_core.shell:Creating package script '/home/crashlab/robot_ws/install/tutorial_ros2_motor/share/tutorial_ros2_motor/package.bash'
[24.640s] INFO:colcon.colcon_core.shell:Creating package script '/home/crashlab/robot_ws/install/tutorial_ros2_motor/share/tutorial_ros2_motor/package.zsh'
[24.646s] Level 1:colcon.colcon_core.environment:create_file_with_runtime_dependencies(/home/crashlab/robot_ws/install/tutorial_ros2_motor/share/colcon-core/packages/tutorial_ros2_motor)
[24.651s] Level 1:colcon.colcon_core.environment:create_environment_scripts_only(tutorial_ros2_motor)
[24.653s] Level 1:colcon.colcon_core.environment:checking '/home/crashlab/robot_ws/install/tutorial_ros2_motor' for CMake module files
[24.658s] Level 1:colcon.colcon_core.environment:checking '/home/crashlab/robot_ws/install/tutorial_ros2_motor' for CMake config files
[24.662s] Level 1:colcon.colcon_core.shell:create_environment_hook('tutorial_ros2_motor', 'cmake_prefix_path')
[24.664s] INFO:colcon.colcon_core.shell:Creating environment hook '/home/crashlab/robot_ws/install/tutorial_ros2_motor/share/tutorial_ros2_motor/hook/cmake_prefix_path.ps1'
[24.668s] INFO:colcon.colcon_core.shell:Creating environment descriptor '/home/crashlab/robot_ws/install/tutorial_ros2_motor/share/tutorial_ros2_motor/hook/cmake_prefix_path.dsv'
[24.672s] INFO:colcon.colcon_core.shell:Creating environment hook '/home/crashlab/robot_ws/install/tutorial_ros2_motor/share/tutorial_ros2_motor/hook/cmake_prefix_path.sh'
[24.677s] Level 1:colcon.colcon_core.environment:checking '/home/crashlab/robot_ws/install/tutorial_ros2_motor/lib'
[24.678s] Level 1:colcon.colcon_core.environment:checking '/home/crashlab/robot_ws/install/tutorial_ros2_motor/bin'
[24.679s] Level 1:colcon.colcon_core.environment:checking '/home/crashlab/robot_ws/install/tutorial_ros2_motor/lib/pkgconfig/tutorial_ros2_motor.pc'
[24.684s] Level 1:colcon.colcon_core.environment:checking '/home/crashlab/robot_ws/install/tutorial_ros2_motor/lib/python3.10/site-packages'
[24.688s] Level 1:colcon.colcon_core.environment:checking '/home/crashlab/robot_ws/install/tutorial_ros2_motor/bin'
[24.691s] INFO:colcon.colcon_core.shell:Creating package script '/home/crashlab/robot_ws/install/tutorial_ros2_motor/share/tutorial_ros2_motor/package.ps1'
[24.700s] INFO:colcon.colcon_core.shell:Creating package descriptor '/home/crashlab/robot_ws/install/tutorial_ros2_motor/share/tutorial_ros2_motor/package.dsv'
[24.710s] INFO:colcon.colcon_core.shell:Creating package script '/home/crashlab/robot_ws/install/tutorial_ros2_motor/share/tutorial_ros2_motor/package.sh'
[24.717s] INFO:colcon.colcon_core.shell:Creating package script '/home/crashlab/robot_ws/install/tutorial_ros2_motor/share/tutorial_ros2_motor/package.bash'
[24.724s] INFO:colcon.colcon_core.shell:Creating package script '/home/crashlab/robot_ws/install/tutorial_ros2_motor/share/tutorial_ros2_motor/package.zsh'
[24.730s] Level 1:colcon.colcon_core.environment:create_file_with_runtime_dependencies(/home/crashlab/robot_ws/install/tutorial_ros2_motor/share/colcon-core/packages/tutorial_ros2_motor)
[24.744s] INFO:colcon.colcon_ros.task.ament_cmake.build:Building ROS package in '/home/crashlab/robot_ws/src/untitled_description' with build type 'ament_cmake'
[24.748s] INFO:colcon.colcon_cmake.task.cmake.build:Building CMake package in '/home/crashlab/robot_ws/src/untitled_description'
[24.752s] INFO:colcon.colcon_core.shell:Skip shell extension 'powershell' for command environment: Not usable outside of PowerShell
[24.753s] DEBUG:colcon.colcon_core.shell:Skip shell extension 'dsv' for command environment
[24.920s] Level 1:colcon.colcon_core.environment:create_environment_scripts_only(other_motor_pkg)
[24.922s] DEBUG:colcon.colcon_core.event_handler.log_command:Invoked command in '/home/crashlab/robot_ws/build/other_motor_pkg' returned '0': CMAKE_PREFIX_PATH=${CMAKE_PREFIX_PATH}:/home/crashlab/robot_ws/install/nav_bringup:/home/crashlab/robot_ws/install/json_data:/opt/ros/humble /usr/bin/cmake --install /home/crashlab/robot_ws/build/other_motor_pkg
[24.933s] Level 1:colcon.colcon_core.environment:checking '/home/crashlab/robot_ws/install/other_motor_pkg' for CMake module files
[24.954s] Level 1:colcon.colcon_core.environment:checking '/home/crashlab/robot_ws/install/other_motor_pkg' for CMake config files
[24.981s] Level 1:colcon.colcon_core.shell:create_environment_hook('other_motor_pkg', 'cmake_prefix_path')
[25.010s] INFO:colcon.colcon_core.shell:Creating environment hook '/home/crashlab/robot_ws/install/other_motor_pkg/share/other_motor_pkg/hook/cmake_prefix_path.ps1'
[25.082s] INFO:colcon.colcon_core.shell:Creating environment descriptor '/home/crashlab/robot_ws/install/other_motor_pkg/share/other_motor_pkg/hook/cmake_prefix_path.dsv'
[25.122s] INFO:colcon.colcon_core.shell:Creating environment hook '/home/crashlab/robot_ws/install/other_motor_pkg/share/other_motor_pkg/hook/cmake_prefix_path.sh'
[25.142s] Level 1:colcon.colcon_core.environment:checking '/home/crashlab/robot_ws/install/other_motor_pkg/bin'
[25.176s] Level 1:colcon.colcon_core.environment:checking '/home/crashlab/robot_ws/install/other_motor_pkg/lib/pkgconfig/other_motor_pkg.pc'
[25.186s] Level 1:colcon.colcon_core.environment:checking '/home/crashlab/robot_ws/install/other_motor_pkg/lib/python3.10/site-packages'
[25.205s] Level 1:colcon.colcon_core.environment:checking '/home/crashlab/robot_ws/install/other_motor_pkg/bin'
[25.269s] INFO:colcon.colcon_core.shell:Creating package script '/home/crashlab/robot_ws/install/other_motor_pkg/share/other_motor_pkg/package.ps1'
[25.336s] INFO:colcon.colcon_core.shell:Creating package descriptor '/home/crashlab/robot_ws/install/other_motor_pkg/share/other_motor_pkg/package.dsv'
[25.371s] INFO:colcon.colcon_core.shell:Creating package script '/home/crashlab/robot_ws/install/other_motor_pkg/share/other_motor_pkg/package.sh'
[25.393s] INFO:colcon.colcon_core.shell:Creating package script '/home/crashlab/robot_ws/install/other_motor_pkg/share/other_motor_pkg/package.bash'
[25.401s] INFO:colcon.colcon_core.shell:Creating package script '/home/crashlab/robot_ws/install/other_motor_pkg/share/other_motor_pkg/package.zsh'
[25.411s] Level 1:colcon.colcon_core.environment:create_file_with_runtime_dependencies(/home/crashlab/robot_ws/install/other_motor_pkg/share/colcon-core/packages/other_motor_pkg)
[25.426s] Level 1:colcon.colcon_core.environment:create_environment_scripts_only(other_motor_pkg)
[25.430s] Level 1:colcon.colcon_core.environment:checking '/home/crashlab/robot_ws/install/other_motor_pkg' for CMake module files
[25.445s] Level 1:colcon.colcon_core.environment:checking '/home/crashlab/robot_ws/install/other_motor_pkg' for CMake config files
[25.460s] Level 1:colcon.colcon_core.shell:create_environment_hook('other_motor_pkg', 'cmake_prefix_path')
[25.462s] INFO:colcon.colcon_core.shell:Creating environment hook '/home/crashlab/robot_ws/install/other_motor_pkg/share/other_motor_pkg/hook/cmake_prefix_path.ps1'
[25.473s] INFO:colcon.colcon_core.shell:Creating environment descriptor '/home/crashlab/robot_ws/install/other_motor_pkg/share/other_motor_pkg/hook/cmake_prefix_path.dsv'
[25.502s] INFO:colcon.colcon_core.shell:Creating environment hook '/home/crashlab/robot_ws/install/other_motor_pkg/share/other_motor_pkg/hook/cmake_prefix_path.sh'
[25.532s] Level 1:colcon.colcon_core.environment:checking '/home/crashlab/robot_ws/install/other_motor_pkg/bin'
[25.533s] Level 1:colcon.colcon_core.environment:checking '/home/crashlab/robot_ws/install/other_motor_pkg/lib/pkgconfig/other_motor_pkg.pc'
[25.538s] Level 1:colcon.colcon_core.environment:checking '/home/crashlab/robot_ws/install/other_motor_pkg/lib/python3.10/site-packages'
[25.542s] Level 1:colcon.colcon_core.environment:checking '/home/crashlab/robot_ws/install/other_motor_pkg/bin'
[25.555s] INFO:colcon.colcon_core.shell:Creating package script '/home/crashlab/robot_ws/install/other_motor_pkg/share/other_motor_pkg/package.ps1'
[25.625s] INFO:colcon.colcon_core.shell:Creating package descriptor '/home/crashlab/robot_ws/install/other_motor_pkg/share/other_motor_pkg/package.dsv'
[25.653s] INFO:colcon.colcon_core.shell:Creating package script '/home/crashlab/robot_ws/install/other_motor_pkg/share/other_motor_pkg/package.sh'
[25.692s] INFO:colcon.colcon_core.shell:Creating package script '/home/crashlab/robot_ws/install/other_motor_pkg/share/other_motor_pkg/package.bash'
[25.711s] INFO:colcon.colcon_core.shell:Creating package script '/home/crashlab/robot_ws/install/other_motor_pkg/share/other_motor_pkg/package.zsh'
[25.732s] Level 1:colcon.colcon_core.environment:create_file_with_runtime_dependencies(/home/crashlab/robot_ws/install/other_motor_pkg/share/colcon-core/packages/other_motor_pkg)
[25.802s] INFO:colcon.colcon_ros.task.ament_cmake.build:Building ROS package in '/home/crashlab/robot_ws/src/ydlidar_ros2_driver_bs' with build type 'ament_cmake'
[25.828s] INFO:colcon.colcon_cmake.task.cmake.build:Building CMake package in '/home/crashlab/robot_ws/src/ydlidar_ros2_driver_bs'
[25.848s] INFO:colcon.colcon_core.shell:Skip shell extension 'powershell' for command environment: Not usable outside of PowerShell
[25.854s] DEBUG:colcon.colcon_core.shell:Skip shell extension 'dsv' for command environment
[26.249s] DEBUG:colcon.colcon_core.event_handler.log_command:Invoking command in '/home/crashlab/robot_ws/build/untitled_description': CMAKE_PREFIX_PATH=${CMAKE_PREFIX_PATH}:/home/crashlab/robot_ws/install/nav_bringup:/home/crashlab/robot_ws/install/json_data:/opt/ros/humble /usr/bin/cmake --build /home/crashlab/robot_ws/build/untitled_description -- -j4 -l4
[26.431s] DEBUG:colcon.colcon_core.event_handler.log_command:Invoked command in '/home/crashlab/robot_ws/build/nav_motor_pkg' returned '0': CMAKE_PREFIX_PATH=${CMAKE_PREFIX_PATH}:/home/crashlab/robot_ws/install/nav_bringup:/home/crashlab/robot_ws/install/json_data:/opt/ros/humble /usr/bin/cmake --build /home/crashlab/robot_ws/build/nav_motor_pkg -- -j4 -l4
[26.478s] DEBUG:colcon.colcon_core.event_handler.log_command:Invoking command in '/home/crashlab/robot_ws/build/nav_motor_pkg': CMAKE_PREFIX_PATH=${CMAKE_PREFIX_PATH}:/home/crashlab/robot_ws/install/nav_bringup:/home/crashlab/robot_ws/install/json_data:/opt/ros/humble /usr/bin/cmake --install /home/crashlab/robot_ws/build/nav_motor_pkg
[26.741s] DEBUG:colcon.colcon_core.event_handler.log_command:Invoking command in '/home/crashlab/robot_ws/build/ydlidar_ros2_driver': CMAKE_PREFIX_PATH=${CMAKE_PREFIX_PATH}:/home/crashlab/robot_ws/install/nav_bringup:/home/crashlab/robot_ws/install/json_data:/opt/ros/humble /usr/bin/cmake --build /home/crashlab/robot_ws/build/ydlidar_ros2_driver -- -j4 -l4
[28.045s] Level 1:colcon.colcon_core.environment:create_environment_scripts_only(nav_motor_pkg)
[28.047s] Level 1:colcon.colcon_core.environment:checking '/home/crashlab/robot_ws/install/nav_motor_pkg' for CMake module files
[28.061s] DEBUG:colcon.colcon_core.event_handler.log_command:Invoked command in '/home/crashlab/robot_ws/build/nav_motor_pkg' returned '0': CMAKE_PREFIX_PATH=${CMAKE_PREFIX_PATH}:/home/crashlab/robot_ws/install/nav_bringup:/home/crashlab/robot_ws/install/json_data:/opt/ros/humble /usr/bin/cmake --install /home/crashlab/robot_ws/build/nav_motor_pkg
[28.099s] Level 1:colcon.colcon_core.environment:checking '/home/crashlab/robot_ws/install/nav_motor_pkg' for CMake config files
[28.117s] Level 1:colcon.colcon_core.shell:create_environment_hook('nav_motor_pkg', 'cmake_prefix_path')
[28.137s] INFO:colcon.colcon_core.shell:Creating environment hook '/home/crashlab/robot_ws/install/nav_motor_pkg/share/nav_motor_pkg/hook/cmake_prefix_path.ps1'
[28.141s] INFO:colcon.colcon_core.shell:Creating environment descriptor '/home/crashlab/robot_ws/install/nav_motor_pkg/share/nav_motor_pkg/hook/cmake_prefix_path.dsv'
[28.147s] INFO:colcon.colcon_core.shell:Creating environment hook '/home/crashlab/robot_ws/install/nav_motor_pkg/share/nav_motor_pkg/hook/cmake_prefix_path.sh'
[28.190s] Level 1:colcon.colcon_core.environment:checking '/home/crashlab/robot_ws/install/nav_motor_pkg/lib'
[28.190s] Level 1:colcon.colcon_core.environment:checking '/home/crashlab/robot_ws/install/nav_motor_pkg/bin'
[28.191s] Level 1:colcon.colcon_core.environment:checking '/home/crashlab/robot_ws/install/nav_motor_pkg/lib/pkgconfig/nav_motor_pkg.pc'
[28.221s] Level 1:colcon.colcon_core.environment:checking '/home/crashlab/robot_ws/install/nav_motor_pkg/lib/python3.10/site-packages'
[28.240s] Level 1:colcon.colcon_core.environment:checking '/home/crashlab/robot_ws/install/nav_motor_pkg/bin'
[28.253s] INFO:colcon.colcon_core.shell:Creating package script '/home/crashlab/robot_ws/install/nav_motor_pkg/share/nav_motor_pkg/package.ps1'
[28.313s] INFO:colcon.colcon_core.shell:Creating package descriptor '/home/crashlab/robot_ws/install/nav_motor_pkg/share/nav_motor_pkg/package.dsv'
[28.366s] INFO:colcon.colcon_core.shell:Creating package script '/home/crashlab/robot_ws/install/nav_motor_pkg/share/nav_motor_pkg/package.sh'
[28.376s] INFO:colcon.colcon_core.shell:Creating package script '/home/crashlab/robot_ws/install/nav_motor_pkg/share/nav_motor_pkg/package.bash'
[28.389s] INFO:colcon.colcon_core.shell:Creating package script '/home/crashlab/robot_ws/install/nav_motor_pkg/share/nav_motor_pkg/package.zsh'
[28.408s] Level 1:colcon.colcon_core.environment:create_file_with_runtime_dependencies(/home/crashlab/robot_ws/install/nav_motor_pkg/share/colcon-core/packages/nav_motor_pkg)
[28.436s] Level 1:colcon.colcon_core.environment:create_environment_scripts_only(nav_motor_pkg)
[28.459s] Level 1:colcon.colcon_core.environment:checking '/home/crashlab/robot_ws/install/nav_motor_pkg' for CMake module files
[28.579s] Level 1:colcon.colcon_core.environment:checking '/home/crashlab/robot_ws/install/nav_motor_pkg' for CMake config files
[28.606s] Level 1:colcon.colcon_core.shell:create_environment_hook('nav_motor_pkg', 'cmake_prefix_path')
[28.646s] INFO:colcon.colcon_core.shell:Creating environment hook '/home/crashlab/robot_ws/install/nav_motor_pkg/share/nav_motor_pkg/hook/cmake_prefix_path.ps1'
[28.699s] INFO:colcon.colcon_core.shell:Creating environment descriptor '/home/crashlab/robot_ws/install/nav_motor_pkg/share/nav_motor_pkg/hook/cmake_prefix_path.dsv'
[28.720s] INFO:colcon.colcon_core.shell:Creating environment hook '/home/crashlab/robot_ws/install/nav_motor_pkg/share/nav_motor_pkg/hook/cmake_prefix_path.sh'
[28.737s] Level 1:colcon.colcon_core.environment:checking '/home/crashlab/robot_ws/install/nav_motor_pkg/lib'
[28.739s] Level 1:colcon.colcon_core.environment:checking '/home/crashlab/robot_ws/install/nav_motor_pkg/bin'
[28.739s] Level 1:colcon.colcon_core.environment:checking '/home/crashlab/robot_ws/install/nav_motor_pkg/lib/pkgconfig/nav_motor_pkg.pc'
[28.741s] Level 1:colcon.colcon_core.environment:checking '/home/crashlab/robot_ws/install/nav_motor_pkg/lib/python3.10/site-packages'
[28.751s] Level 1:colcon.colcon_core.environment:checking '/home/crashlab/robot_ws/install/nav_motor_pkg/bin'
[28.813s] INFO:colcon.colcon_core.shell:Creating package script '/home/crashlab/robot_ws/install/nav_motor_pkg/share/nav_motor_pkg/package.ps1'
[28.965s] INFO:colcon.colcon_core.shell:Creating package descriptor '/home/crashlab/robot_ws/install/nav_motor_pkg/share/nav_motor_pkg/package.dsv'
[29.001s] INFO:colcon.colcon_core.shell:Creating package script '/home/crashlab/robot_ws/install/nav_motor_pkg/share/nav_motor_pkg/package.sh'
[29.074s] INFO:colcon.colcon_core.shell:Creating package script '/home/crashlab/robot_ws/install/nav_motor_pkg/share/nav_motor_pkg/package.bash'
[29.094s] INFO:colcon.colcon_core.shell:Creating package script '/home/crashlab/robot_ws/install/nav_motor_pkg/share/nav_motor_pkg/package.zsh'
[29.180s] Level 1:colcon.colcon_core.environment:create_file_with_runtime_dependencies(/home/crashlab/robot_ws/install/nav_motor_pkg/share/colcon-core/packages/nav_motor_pkg)
[29.192s] INFO:colcon.colcon_cmake.task.cmake.build:Building CMake package in '/home/crashlab/robot_ws/src/YDLidar-SDK'
[29.216s] INFO:colcon.colcon_core.shell:Skip shell extension 'powershell' for command environment: Not usable outside of PowerShell
[29.217s] DEBUG:colcon.colcon_core.shell:Skip shell extension 'dsv' for command environment
[29.643s] DEBUG:colcon.colcon_core.event_handler.log_command:Invoking command in '/home/crashlab/robot_ws/build/ydlidar_sdk': /usr/bin/cmake --build /home/crashlab/robot_ws/build/ydlidar_sdk -- -j4 -l4
[29.756s] DEBUG:colcon.colcon_core.event_handler.log_command:Invoked command in '/home/crashlab/robot_ws/build/untitled_description' returned '0': CMAKE_PREFIX_PATH=${CMAKE_PREFIX_PATH}:/home/crashlab/robot_ws/install/nav_bringup:/home/crashlab/robot_ws/install/json_data:/opt/ros/humble /usr/bin/cmake --build /home/crashlab/robot_ws/build/untitled_description -- -j4 -l4
[29.864s] DEBUG:colcon.colcon_core.event_handler.log_command:Invoking command in '/home/crashlab/robot_ws/build/untitled_description': CMAKE_PREFIX_PATH=${CMAKE_PREFIX_PATH}:/home/crashlab/robot_ws/install/nav_bringup:/home/crashlab/robot_ws/install/json_data:/opt/ros/humble /usr/bin/cmake --install /home/crashlab/robot_ws/build/untitled_description
[30.937s] Level 1:colcon.colcon_core.environment:create_environment_scripts_only(untitled_description)
[30.947s] Level 1:colcon.colcon_core.environment:checking '/home/crashlab/robot_ws/install/untitled_description' for CMake module files
[31.112s] Level 1:colcon.colcon_core.environment:checking '/home/crashlab/robot_ws/install/untitled_description' for CMake config files
[31.305s] DEBUG:colcon.colcon_core.event_handler.log_command:Invoked command in '/home/crashlab/robot_ws/build/untitled_description' returned '0': CMAKE_PREFIX_PATH=${CMAKE_PREFIX_PATH}:/home/crashlab/robot_ws/install/nav_bringup:/home/crashlab/robot_ws/install/json_data:/opt/ros/humble /usr/bin/cmake --install /home/crashlab/robot_ws/build/untitled_description
[31.436s] Level 1:colcon.colcon_core.shell:create_environment_hook('untitled_description', 'cmake_prefix_path')
[31.445s] INFO:colcon.colcon_core.shell:Creating environment hook '/home/crashlab/robot_ws/install/untitled_description/share/untitled_description/hook/cmake_prefix_path.ps1'
[31.508s] INFO:colcon.colcon_core.shell:Creating environment descriptor '/home/crashlab/robot_ws/install/untitled_description/share/untitled_description/hook/cmake_prefix_path.dsv'
[31.528s] INFO:colcon.colcon_core.shell:Creating environment hook '/home/crashlab/robot_ws/install/untitled_description/share/untitled_description/hook/cmake_prefix_path.sh'
[31.546s] Level 1:colcon.colcon_core.environment:checking '/home/crashlab/robot_ws/install/untitled_description/bin'
[31.546s] Level 1:colcon.colcon_core.environment:checking '/home/crashlab/robot_ws/install/untitled_description/lib/pkgconfig/untitled_description.pc'
[31.548s] Level 1:colcon.colcon_core.environment:checking '/home/crashlab/robot_ws/install/untitled_description/lib/python3.10/site-packages'
[31.550s] Level 1:colcon.colcon_core.environment:checking '/home/crashlab/robot_ws/install/untitled_description/bin'
[31.552s] INFO:colcon.colcon_core.shell:Creating package script '/home/crashlab/robot_ws/install/untitled_description/share/untitled_description/package.ps1'
[31.624s] INFO:colcon.colcon_core.shell:Creating package descriptor '/home/crashlab/robot_ws/install/untitled_description/share/untitled_description/package.dsv'
[31.664s] INFO:colcon.colcon_core.shell:Creating package script '/home/crashlab/robot_ws/install/untitled_description/share/untitled_description/package.sh'
[31.675s] INFO:colcon.colcon_core.shell:Creating package script '/home/crashlab/robot_ws/install/untitled_description/share/untitled_description/package.bash'
[31.693s] INFO:colcon.colcon_core.shell:Creating package script '/home/crashlab/robot_ws/install/untitled_description/share/untitled_description/package.zsh'
[31.742s] Level 1:colcon.colcon_core.environment:create_file_with_runtime_dependencies(/home/crashlab/robot_ws/install/untitled_description/share/colcon-core/packages/untitled_description)
[31.752s] Level 1:colcon.colcon_core.environment:create_environment_scripts_only(untitled_description)
[31.772s] Level 1:colcon.colcon_core.environment:checking '/home/crashlab/robot_ws/install/untitled_description' for CMake module files
[31.785s] Level 1:colcon.colcon_core.environment:checking '/home/crashlab/robot_ws/install/untitled_description' for CMake config files
[31.811s] Level 1:colcon.colcon_core.shell:create_environment_hook('untitled_description', 'cmake_prefix_path')
[31.822s] INFO:colcon.colcon_core.shell:Creating environment hook '/home/crashlab/robot_ws/install/untitled_description/share/untitled_description/hook/cmake_prefix_path.ps1'
[31.827s] INFO:colcon.colcon_core.shell:Creating environment descriptor '/home/crashlab/robot_ws/install/untitled_description/share/untitled_description/hook/cmake_prefix_path.dsv'
[31.833s] INFO:colcon.colcon_core.shell:Creating environment hook '/home/crashlab/robot_ws/install/untitled_description/share/untitled_description/hook/cmake_prefix_path.sh'
[31.906s] Level 1:colcon.colcon_core.environment:checking '/home/crashlab/robot_ws/install/untitled_description/bin'
[31.913s] Level 1:colcon.colcon_core.environment:checking '/home/crashlab/robot_ws/install/untitled_description/lib/pkgconfig/untitled_description.pc'
[31.927s] Level 1:colcon.colcon_core.environment:checking '/home/crashlab/robot_ws/install/untitled_description/lib/python3.10/site-packages'
[31.955s] Level 1:colcon.colcon_core.environment:checking '/home/crashlab/robot_ws/install/untitled_description/bin'
[31.965s] INFO:colcon.colcon_core.shell:Creating package script '/home/crashlab/robot_ws/install/untitled_description/share/untitled_description/package.ps1'
[31.988s] INFO:colcon.colcon_core.shell:Creating package descriptor '/home/crashlab/robot_ws/install/untitled_description/share/untitled_description/package.dsv'
[32.009s] INFO:colcon.colcon_core.shell:Creating package script '/home/crashlab/robot_ws/install/untitled_description/share/untitled_description/package.sh'
[32.033s] INFO:colcon.colcon_core.shell:Creating package script '/home/crashlab/robot_ws/install/untitled_description/share/untitled_description/package.bash'
[32.050s] INFO:colcon.colcon_core.shell:Creating package script '/home/crashlab/robot_ws/install/untitled_description/share/untitled_description/package.zsh'
[32.078s] Level 1:colcon.colcon_core.environment:create_file_with_runtime_dependencies(/home/crashlab/robot_ws/install/untitled_description/share/colcon-core/packages/untitled_description)
[32.151s] DEBUG:colcon.colcon_core.event_handler.log_command:Invoked command in '/home/crashlab/robot_ws/build/ydlidar_ros2_driver' returned '0': CMAKE_PREFIX_PATH=${CMAKE_PREFIX_PATH}:/home/crashlab/robot_ws/install/nav_bringup:/home/crashlab/robot_ws/install/json_data:/opt/ros/humble /usr/bin/cmake --build /home/crashlab/robot_ws/build/ydlidar_ros2_driver -- -j4 -l4
[32.157s] DEBUG:colcon.colcon_core.event_handler.log_command:Invoking command in '/home/crashlab/robot_ws/build/ydlidar_ros2_driver': CMAKE_PREFIX_PATH=${CMAKE_PREFIX_PATH}:/home/crashlab/robot_ws/install/nav_bringup:/home/crashlab/robot_ws/install/json_data:/opt/ros/humble /usr/bin/cmake --install /home/crashlab/robot_ws/build/ydlidar_ros2_driver
[32.913s] Level 1:colcon.colcon_core.environment:create_environment_scripts_only(ydlidar_ros2_driver)
[32.978s] Level 1:colcon.colcon_core.environment:checking '/home/crashlab/robot_ws/install/ydlidar_ros2_driver' for CMake module files
[33.077s] DEBUG:colcon.colcon_core.event_handler.log_command:Invoked command in '/home/crashlab/robot_ws/build/ydlidar_ros2_driver' returned '0': CMAKE_PREFIX_PATH=${CMAKE_PREFIX_PATH}:/home/crashlab/robot_ws/install/nav_bringup:/home/crashlab/robot_ws/install/json_data:/opt/ros/humble /usr/bin/cmake --install /home/crashlab/robot_ws/build/ydlidar_ros2_driver
[33.162s] Level 1:colcon.colcon_core.environment:checking '/home/crashlab/robot_ws/install/ydlidar_ros2_driver' for CMake config files
[33.298s] Level 1:colcon.colcon_core.shell:create_environment_hook('ydlidar_ros2_driver', 'cmake_prefix_path')
[33.334s] INFO:colcon.colcon_core.shell:Creating environment hook '/home/crashlab/robot_ws/install/ydlidar_ros2_driver/share/ydlidar_ros2_driver/hook/cmake_prefix_path.ps1'
[33.351s] INFO:colcon.colcon_core.shell:Creating environment descriptor '/home/crashlab/robot_ws/install/ydlidar_ros2_driver/share/ydlidar_ros2_driver/hook/cmake_prefix_path.dsv'
[33.381s] INFO:colcon.colcon_core.shell:Creating environment hook '/home/crashlab/robot_ws/install/ydlidar_ros2_driver/share/ydlidar_ros2_driver/hook/cmake_prefix_path.sh'
[33.390s] Level 1:colcon.colcon_core.environment:checking '/home/crashlab/robot_ws/install/ydlidar_ros2_driver/lib'
[33.392s] Level 1:colcon.colcon_core.environment:checking '/home/crashlab/robot_ws/install/ydlidar_ros2_driver/bin'
[33.394s] Level 1:colcon.colcon_core.environment:checking '/home/crashlab/robot_ws/install/ydlidar_ros2_driver/lib/pkgconfig/ydlidar_ros2_driver.pc'
[33.398s] Level 1:colcon.colcon_core.environment:checking '/home/crashlab/robot_ws/install/ydlidar_ros2_driver/lib/python3.10/site-packages'
[33.401s] Level 1:colcon.colcon_core.environment:checking '/home/crashlab/robot_ws/install/ydlidar_ros2_driver/bin'
[33.407s] INFO:colcon.colcon_core.shell:Creating package script '/home/crashlab/robot_ws/install/ydlidar_ros2_driver/share/ydlidar_ros2_driver/package.ps1'
[33.467s] INFO:colcon.colcon_core.shell:Creating package descriptor '/home/crashlab/robot_ws/install/ydlidar_ros2_driver/share/ydlidar_ros2_driver/package.dsv'
[33.481s] INFO:colcon.colcon_core.shell:Creating package script '/home/crashlab/robot_ws/install/ydlidar_ros2_driver/share/ydlidar_ros2_driver/package.sh'
[33.488s] INFO:colcon.colcon_core.shell:Creating package script '/home/crashlab/robot_ws/install/ydlidar_ros2_driver/share/ydlidar_ros2_driver/package.bash'
[33.497s] INFO:colcon.colcon_core.shell:Creating package script '/home/crashlab/robot_ws/install/ydlidar_ros2_driver/share/ydlidar_ros2_driver/package.zsh'
[33.504s] Level 1:colcon.colcon_core.environment:create_file_with_runtime_dependencies(/home/crashlab/robot_ws/install/ydlidar_ros2_driver/share/colcon-core/packages/ydlidar_ros2_driver)
[33.536s] Level 1:colcon.colcon_core.environment:create_environment_scripts_only(ydlidar_ros2_driver)
[33.555s] Level 1:colcon.colcon_core.environment:checking '/home/crashlab/robot_ws/install/ydlidar_ros2_driver' for CMake module files
[33.627s] Level 1:colcon.colcon_core.environment:checking '/home/crashlab/robot_ws/install/ydlidar_ros2_driver' for CMake config files
[33.635s] Level 1:colcon.colcon_core.shell:create_environment_hook('ydlidar_ros2_driver', 'cmake_prefix_path')
[33.677s] INFO:colcon.colcon_core.shell:Creating environment hook '/home/crashlab/robot_ws/install/ydlidar_ros2_driver/share/ydlidar_ros2_driver/hook/cmake_prefix_path.ps1'
[33.691s] INFO:colcon.colcon_core.shell:Creating environment descriptor '/home/crashlab/robot_ws/install/ydlidar_ros2_driver/share/ydlidar_ros2_driver/hook/cmake_prefix_path.dsv'
[33.785s] INFO:colcon.colcon_core.shell:Creating environment hook '/home/crashlab/robot_ws/install/ydlidar_ros2_driver/share/ydlidar_ros2_driver/hook/cmake_prefix_path.sh'
[33.873s] Level 1:colcon.colcon_core.environment:checking '/home/crashlab/robot_ws/install/ydlidar_ros2_driver/lib'
[33.874s] Level 1:colcon.colcon_core.environment:checking '/home/crashlab/robot_ws/install/ydlidar_ros2_driver/bin'
[33.875s] Level 1:colcon.colcon_core.environment:checking '/home/crashlab/robot_ws/install/ydlidar_ros2_driver/lib/pkgconfig/ydlidar_ros2_driver.pc'
[33.881s] Level 1:colcon.colcon_core.environment:checking '/home/crashlab/robot_ws/install/ydlidar_ros2_driver/lib/python3.10/site-packages'
[33.890s] Level 1:colcon.colcon_core.environment:checking '/home/crashlab/robot_ws/install/ydlidar_ros2_driver/bin'
[33.914s] INFO:colcon.colcon_core.shell:Creating package script '/home/crashlab/robot_ws/install/ydlidar_ros2_driver/share/ydlidar_ros2_driver/package.ps1'
[33.993s] INFO:colcon.colcon_core.shell:Creating package descriptor '/home/crashlab/robot_ws/install/ydlidar_ros2_driver/share/ydlidar_ros2_driver/package.dsv'
[34.019s] INFO:colcon.colcon_core.shell:Creating package script '/home/crashlab/robot_ws/install/ydlidar_ros2_driver/share/ydlidar_ros2_driver/package.sh'
[34.039s] INFO:colcon.colcon_core.shell:Creating package script '/home/crashlab/robot_ws/install/ydlidar_ros2_driver/share/ydlidar_ros2_driver/package.bash'
[34.064s] INFO:colcon.colcon_core.shell:Creating package script '/home/crashlab/robot_ws/install/ydlidar_ros2_driver/share/ydlidar_ros2_driver/package.zsh'
[34.121s] Level 1:colcon.colcon_core.environment:create_file_with_runtime_dependencies(/home/crashlab/robot_ws/install/ydlidar_ros2_driver/share/colcon-core/packages/ydlidar_ros2_driver)
[35.229s] DEBUG:colcon.colcon_core.event_handler.log_command:Invoking command in '/home/crashlab/robot_ws/build/json_data': PYTHONPATH=/home/crashlab/robot_ws/build/json_data/prefix_override:/usr/lib/python3/dist-packages/colcon_core/task/python/colcon_distutils_commands:/home/crashlab/robot_ws/install/json_data/lib/python3.10/site-packages:${PYTHONPATH} /usr/bin/python3 -W ignore:setup.py install is deprecated -W ignore:easy_install command is deprecated setup.py develop --editable --build-directory /home/crashlab/robot_ws/build/json_data/build --no-deps symlink_data
[36.126s] DEBUG:colcon.colcon_core.event_handler.log_command:Invoked command in '/home/crashlab/robot_ws/build/ydlidar_sdk' returned '0': /usr/bin/cmake --build /home/crashlab/robot_ws/build/ydlidar_sdk -- -j4 -l4
[36.199s] DEBUG:colcon.colcon_core.event_handler.log_command:Invoking command in '/home/crashlab/robot_ws/build/ydlidar_sdk': /usr/bin/cmake --install /home/crashlab/robot_ws/build/ydlidar_sdk
[36.822s] Level 1:colcon.colcon_core.environment:create_environment_scripts_only(ydlidar_sdk)
[36.850s] Level 1:colcon.colcon_core.environment:checking '/home/crashlab/robot_ws/install/ydlidar_sdk' for CMake module files
[36.949s] Level 1:colcon.colcon_core.environment:checking '/home/crashlab/robot_ws/install/ydlidar_sdk' for CMake config files
[36.972s] Level 1:colcon.colcon_core.shell:create_environment_hook('ydlidar_sdk', 'cmake_prefix_path')
[36.985s] INFO:colcon.colcon_core.shell:Creating environment hook '/home/crashlab/robot_ws/install/ydlidar_sdk/share/ydlidar_sdk/hook/cmake_prefix_path.ps1'
[37.072s] INFO:colcon.colcon_core.shell:Creating environment descriptor '/home/crashlab/robot_ws/install/ydlidar_sdk/share/ydlidar_sdk/hook/cmake_prefix_path.dsv'
[37.179s] INFO:colcon.colcon_core.shell:Creating environment hook '/home/crashlab/robot_ws/install/ydlidar_sdk/share/ydlidar_sdk/hook/cmake_prefix_path.sh'
[37.215s] Level 1:colcon.colcon_core.environment:checking '/home/crashlab/robot_ws/install/ydlidar_sdk/lib'
[37.232s] Level 1:colcon.colcon_core.environment:checking '/home/crashlab/robot_ws/install/ydlidar_sdk/bin'
[37.244s] Level 1:colcon.colcon_core.shell:create_environment_hook('ydlidar_sdk', 'path')
[37.297s] INFO:colcon.colcon_core.shell:Creating environment hook '/home/crashlab/robot_ws/install/ydlidar_sdk/share/ydlidar_sdk/hook/path.ps1'
[37.408s] INFO:colcon.colcon_core.shell:Creating environment descriptor '/home/crashlab/robot_ws/install/ydlidar_sdk/share/ydlidar_sdk/hook/path.dsv'
[37.515s] INFO:colcon.colcon_core.shell:Creating environment hook '/home/crashlab/robot_ws/install/ydlidar_sdk/share/ydlidar_sdk/hook/path.sh'
[37.543s] Level 1:colcon.colcon_core.environment:checking '/home/crashlab/robot_ws/install/ydlidar_sdk/lib/pkgconfig/ydlidar_sdk.pc'
[37.547s] Level 1:colcon.colcon_core.environment:checking '/home/crashlab/robot_ws/install/ydlidar_sdk/lib/python3.10/site-packages'
[37.586s] Level 1:colcon.colcon_core.environment:checking '/home/crashlab/robot_ws/install/ydlidar_sdk/bin'
[37.590s] Level 1:colcon.colcon_core.shell:create_environment_hook('ydlidar_sdk', 'pythonscriptspath')
[37.595s] INFO:colcon.colcon_core.shell:Creating environment hook '/home/crashlab/robot_ws/install/ydlidar_sdk/share/ydlidar_sdk/hook/pythonscriptspath.ps1'
[37.624s] INFO:colcon.colcon_core.shell:Creating environment descriptor '/home/crashlab/robot_ws/install/ydlidar_sdk/share/ydlidar_sdk/hook/pythonscriptspath.dsv'
[37.636s] INFO:colcon.colcon_core.shell:Creating environment hook '/home/crashlab/robot_ws/install/ydlidar_sdk/share/ydlidar_sdk/hook/pythonscriptspath.sh'
[37.678s] INFO:colcon.colcon_core.shell:Creating package script '/home/crashlab/robot_ws/install/ydlidar_sdk/share/ydlidar_sdk/package.ps1'
[37.742s] INFO:colcon.colcon_core.shell:Creating package descriptor '/home/crashlab/robot_ws/install/ydlidar_sdk/share/ydlidar_sdk/package.dsv'
[37.757s] INFO:colcon.colcon_core.shell:Creating package script '/home/crashlab/robot_ws/install/ydlidar_sdk/share/ydlidar_sdk/package.sh'
[37.768s] INFO:colcon.colcon_core.shell:Creating package script '/home/crashlab/robot_ws/install/ydlidar_sdk/share/ydlidar_sdk/package.bash'
[37.780s] INFO:colcon.colcon_core.shell:Creating package script '/home/crashlab/robot_ws/install/ydlidar_sdk/share/ydlidar_sdk/package.zsh'
[37.800s] Level 1:colcon.colcon_core.environment:create_file_with_runtime_dependencies(/home/crashlab/robot_ws/install/ydlidar_sdk/share/colcon-core/packages/ydlidar_sdk)
[38.054s] DEBUG:colcon.colcon_core.event_handler.log_command:Invoked command in '/home/crashlab/robot_ws/build/ydlidar_sdk' returned '0': /usr/bin/cmake --install /home/crashlab/robot_ws/build/ydlidar_sdk
[52.626s] Level 1:colcon.colcon_core.shell:create_environment_hook('json_data', 'pythonpath_develop')
[52.629s] INFO:colcon.colcon_core.shell:Creating environment hook '/home/crashlab/robot_ws/build/json_data/share/json_data/hook/pythonpath_develop.ps1'
[52.675s] DEBUG:colcon.colcon_core.event_handler.log_command:Invoked command in '/home/crashlab/robot_ws/build/json_data' returned '0': PYTHONPATH=/home/crashlab/robot_ws/build/json_data/prefix_override:/usr/lib/python3/dist-packages/colcon_core/task/python/colcon_distutils_commands:/home/crashlab/robot_ws/install/json_data/lib/python3.10/site-packages:${PYTHONPATH} /usr/bin/python3 -W ignore:setup.py install is deprecated -W ignore:easy_install command is deprecated setup.py develop --editable --build-directory /home/crashlab/robot_ws/build/json_data/build --no-deps symlink_data
[52.678s] INFO:colcon.colcon_core.shell:Creating environment descriptor '/home/crashlab/robot_ws/build/json_data/share/json_data/hook/pythonpath_develop.dsv'
[52.725s] INFO:colcon.colcon_core.shell:Creating environment hook '/home/crashlab/robot_ws/build/json_data/share/json_data/hook/pythonpath_develop.sh'
[52.763s] Level 1:colcon.colcon_core.environment:checking '/home/crashlab/robot_ws/install/json_data' for CMake module files
[52.771s] Level 1:colcon.colcon_core.environment:checking '/home/crashlab/robot_ws/install/json_data' for CMake config files
[52.792s] Level 1:colcon.colcon_core.environment:checking '/home/crashlab/robot_ws/install/json_data/lib'
[52.798s] Level 1:colcon.colcon_core.environment:checking '/home/crashlab/robot_ws/install/json_data/bin'
[52.801s] Level 1:colcon.colcon_core.environment:checking '/home/crashlab/robot_ws/install/json_data/lib/pkgconfig/json_data.pc'
[52.808s] Level 1:colcon.colcon_core.environment:checking '/home/crashlab/robot_ws/install/json_data/lib/python3.10/site-packages'
[52.809s] Level 1:colcon.colcon_core.shell:create_environment_hook('json_data', 'pythonpath')
[52.813s] INFO:colcon.colcon_core.shell:Creating environment hook '/home/crashlab/robot_ws/install/json_data/share/json_data/hook/pythonpath.ps1'
[52.819s] INFO:colcon.colcon_core.shell:Creating environment descriptor '/home/crashlab/robot_ws/install/json_data/share/json_data/hook/pythonpath.dsv'
[52.826s] INFO:colcon.colcon_core.shell:Creating environment hook '/home/crashlab/robot_ws/install/json_data/share/json_data/hook/pythonpath.sh'
[52.831s] Level 1:colcon.colcon_core.environment:checking '/home/crashlab/robot_ws/install/json_data/bin'
[52.832s] Level 1:colcon.colcon_core.environment:create_environment_scripts_only(json_data)
[52.839s] INFO:colcon.colcon_core.shell:Creating package script '/home/crashlab/robot_ws/install/json_data/share/json_data/package.ps1'
[52.882s] INFO:colcon.colcon_core.shell:Creating package descriptor '/home/crashlab/robot_ws/install/json_data/share/json_data/package.dsv'
[52.910s] INFO:colcon.colcon_core.shell:Creating package script '/home/crashlab/robot_ws/install/json_data/share/json_data/package.sh'
[52.930s] INFO:colcon.colcon_core.shell:Creating package script '/home/crashlab/robot_ws/install/json_data/share/json_data/package.bash'
[52.948s] INFO:colcon.colcon_core.shell:Creating package script '/home/crashlab/robot_ws/install/json_data/share/json_data/package.zsh'
[52.957s] Level 1:colcon.colcon_core.environment:create_file_with_runtime_dependencies(/home/crashlab/robot_ws/install/json_data/share/colcon-core/packages/json_data)
[52.962s] DEBUG:colcon.colcon_parallel_executor.executor.parallel:closing loop
[52.964s] DEBUG:colcon.colcon_parallel_executor.executor.parallel:loop closed
[52.965s] DEBUG:colcon.colcon_parallel_executor.executor.parallel:run_until_complete finished with '0'
[52.966s] DEBUG:colcon.colcon_core.event_reactor:joining thread
[53.159s] INFO:colcon.colcon_core.plugin_system:Skipping extension 'colcon_notification.desktop_notification.terminal_notifier': Not used on non-Darwin systems
[53.167s] INFO:colcon.colcon_core.plugin_system:Skipping extension 'colcon_notification.desktop_notification.win32': Not used on non-Windows systems
[53.172s] INFO:colcon.colcon_notification.desktop_notification:Sending desktop notification using 'notify2'
[53.518s] DEBUG:colcon.colcon_core.event_reactor:joined thread
[53.528s] INFO:colcon.colcon_core.shell:Creating prefix script '/home/crashlab/robot_ws/install/local_setup.ps1'
[53.597s] INFO:colcon.colcon_core.shell:Creating prefix util module '/home/crashlab/robot_ws/install/_local_setup_util_ps1.py'
[53.636s] INFO:colcon.colcon_core.shell:Creating prefix chain script '/home/crashlab/robot_ws/install/setup.ps1'
[53.685s] INFO:colcon.colcon_core.shell:Creating prefix script '/home/crashlab/robot_ws/install/local_setup.sh'
[53.699s] INFO:colcon.colcon_core.shell:Creating prefix util module '/home/crashlab/robot_ws/install/_local_setup_util_sh.py'
[53.713s] INFO:colcon.colcon_core.shell:Creating prefix chain script '/home/crashlab/robot_ws/install/setup.sh'
[53.740s] INFO:colcon.colcon_core.shell:Creating prefix script '/home/crashlab/robot_ws/install/local_setup.bash'
[53.748s] INFO:colcon.colcon_core.shell:Creating prefix chain script '/home/crashlab/robot_ws/install/setup.bash'
[53.787s] INFO:colcon.colcon_core.shell:Creating prefix script '/home/crashlab/robot_ws/install/local_setup.zsh'
[53.803s] INFO:colcon.colcon_core.shell:Creating prefix chain script '/home/crashlab/robot_ws/install/setup.zsh'
