[2.757s] Invoking command in '/home/crashlab/robot_ws/build/tutorial_ros2_motor': CMAKE_PREFIX_PATH=${CMAKE_PREFIX_PATH}:/home/crashlab/robot_ws/install/nav_bringup:/home/crashlab/robot_ws/install/json_data:/opt/ros/humble /usr/bin/cmake --build /home/crashlab/robot_ws/build/tutorial_ros2_motor -- -j4 -l4
[4.101s] [ 50%] Built target motor_node
[4.696s] [100%] Built target teleop_node
[4.899s] Invoked command in '/home/crashlab/robot_ws/build/tutorial_ros2_motor' returned '0': CMAKE_PREFIX_PATH=${CMAKE_PREFIX_PATH}:/home/crashlab/robot_ws/install/nav_bringup:/home/crashlab/robot_ws/install/json_data:/opt/ros/humble /usr/bin/cmake --build /home/crashlab/robot_ws/build/tutorial_ros2_motor -- -j4 -l4
[4.906s] Invoking command in '/home/crashlab/robot_ws/build/tutorial_ros2_motor': CMAKE_PREFIX_PATH=${CMAKE_PREFIX_PATH}:/home/crashlab/robot_ws/install/nav_bringup:/home/crashlab/robot_ws/install/json_data:/opt/ros/humble /usr/bin/cmake --install /home/crashlab/robot_ws/build/tutorial_ros2_motor
[5.098s] -- Install configuration: ""
[5.104s] -- Execute custom install script
[5.122s] -- Up-to-date symlink: /home/crashlab/robot_ws/install/tutorial_ros2_motor/lib/tutorial_ros2_motor/motor_node
[5.122s] -- Up-to-date symlink: /home/crashlab/robot_ws/install/tutorial_ros2_motor/lib/tutorial_ros2_motor/teleop_node
[5.123s] -- Up-to-date symlink: /home/crashlab/robot_ws/install/tutorial_ros2_motor/share/tutorial_ros2_motor//config/motor_parameters.txt
[5.123s] -- Up-to-date symlink: /home/crashlab/robot_ws/install/tutorial_ros2_motor/share/ament_index/resource_index/package_run_dependencies/tutorial_ros2_motor
[5.124s] -- Up-to-date symlink: /home/crashlab/robot_ws/install/tutorial_ros2_motor/share/ament_index/resource_index/parent_prefix_path/tutorial_ros2_motor
[5.124s] -- Up-to-date symlink: /home/crashlab/robot_ws/install/tutorial_ros2_motor/share/tutorial_ros2_motor/environment/ament_prefix_path.sh
[5.125s] -- Up-to-date symlink: /home/crashlab/robot_ws/install/tutorial_ros2_motor/share/tutorial_ros2_motor/environment/ament_prefix_path.dsv
[5.125s] -- Up-to-date symlink: /home/crashlab/robot_ws/install/tutorial_ros2_motor/share/tutorial_ros2_motor/environment/path.sh
[5.125s] -- Up-to-date symlink: /home/crashlab/robot_ws/install/tutorial_ros2_motor/share/tutorial_ros2_motor/environment/path.dsv
[5.140s] -- Up-to-date symlink: /home/crashlab/robot_ws/install/tutorial_ros2_motor/share/tutorial_ros2_motor/local_setup.bash
[5.140s] -- Up-to-date symlink: /home/crashlab/robot_ws/install/tutorial_ros2_motor/share/tutorial_ros2_motor/local_setup.sh
[5.180s] -- Up-to-date symlink: /home/crashlab/robot_ws/install/tutorial_ros2_motor/share/tutorial_ros2_motor/local_setup.zsh
[5.181s] -- Up-to-date symlink: /home/crashlab/robot_ws/install/tutorial_ros2_motor/share/tutorial_ros2_motor/local_setup.dsv
[5.182s] -- Symlinking: /home/crashlab/robot_ws/install/tutorial_ros2_motor/share/tutorial_ros2_motor/package.dsv
[5.400s] -- Up-to-date symlink: /home/crashlab/robot_ws/install/tutorial_ros2_motor/share/ament_index/resource_index/packages/tutorial_ros2_motor
[5.402s] -- Up-to-date symlink: /home/crashlab/robot_ws/install/tutorial_ros2_motor/share/tutorial_ros2_motor/cmake/tutorial_ros2_motorConfig.cmake
[5.429s] -- Up-to-date symlink: /home/crashlab/robot_ws/install/tutorial_ros2_motor/share/tutorial_ros2_motor/cmake/tutorial_ros2_motorConfig-version.cmake
[5.430s] -- Up-to-date symlink: /home/crashlab/robot_ws/install/tutorial_ros2_motor/share/tutorial_ros2_motor/package.xml
[5.471s] Invoked command in '/home/crashlab/robot_ws/build/tutorial_ros2_motor' returned '0': CMAKE_PREFIX_PATH=${CMAKE_PREFIX_PATH}:/home/crashlab/robot_ws/install/nav_bringup:/home/crashlab/robot_ws/install/json_data:/opt/ros/humble /usr/bin/cmake --install /home/crashlab/robot_ws/build/tutorial_ros2_motor
