[0.187s] Invoking command in '/home/crashlab/robot_ws/build/ydlidar_ros2_driver': CMAKE_PREFIX_PATH=${CMAKE_PREFIX_PATH}:/home/crashlab/robot_ws/install/nav_bringup:/home/crashlab/robot_ws/install/json_data:/home/crashlab/robot_ws/install/coordination:/opt/ros/humble /usr/bin/cmake --build /home/crashlab/robot_ws/build/ydlidar_ros2_driver -- -j4 -l4
[0.627s] [ 50%] Built target ydlidar_ros2_driver_node
[0.677s] [100%] Built target ydlidar_ros2_driver_client
[0.782s] Invoked command in '/home/crashlab/robot_ws/build/ydlidar_ros2_driver' returned '0': CMAKE_PREFIX_PATH=${CMAKE_PREFIX_PATH}:/home/crashlab/robot_ws/install/nav_bringup:/home/crashlab/robot_ws/install/json_data:/home/crashlab/robot_ws/install/coordination:/opt/ros/humble /usr/bin/cmake --build /home/crashlab/robot_ws/build/ydlidar_ros2_driver -- -j4 -l4
[0.791s] Invoking command in '/home/crashlab/robot_ws/build/ydlidar_ros2_driver': CMAKE_PREFIX_PATH=${CMAKE_PREFIX_PATH}:/home/crashlab/robot_ws/install/nav_bringup:/home/crashlab/robot_ws/install/json_data:/home/crashlab/robot_ws/install/coordination:/opt/ros/humble /usr/bin/cmake --install /home/crashlab/robot_ws/build/ydlidar_ros2_driver
[0.892s] -- Install configuration: ""
[0.899s] -- Execute custom install script
[0.904s] -- Up-to-date symlink: /home/crashlab/robot_ws/install/ydlidar_ros2_driver/lib/ydlidar_ros2_driver/ydlidar_ros2_driver_node
[0.909s] -- Up-to-date symlink: /home/crashlab/robot_ws/install/ydlidar_ros2_driver/lib/ydlidar_ros2_driver/ydlidar_ros2_driver_client
[0.916s] -- Up-to-date symlink: /home/crashlab/robot_ws/install/ydlidar_ros2_driver/share/ydlidar_ros2_driver/launch/ydlidar.py
[0.921s] -- Up-to-date symlink: /home/crashlab/robot_ws/install/ydlidar_ros2_driver/share/ydlidar_ros2_driver/launch/ydlidar_launch.py
[0.926s] -- Up-to-date symlink: /home/crashlab/robot_ws/install/ydlidar_ros2_driver/share/ydlidar_ros2_driver/launch/ydlidar_launch_view.py
[0.931s] -- Up-to-date symlink: /home/crashlab/robot_ws/install/ydlidar_ros2_driver/share/ydlidar_ros2_driver/params/ydlidar.yaml
[0.937s] -- Up-to-date symlink: /home/crashlab/robot_ws/install/ydlidar_ros2_driver/share/ydlidar_ros2_driver/startup/initenv.sh
[0.943s] -- Up-to-date symlink: /home/crashlab/robot_ws/install/ydlidar_ros2_driver/share/ydlidar_ros2_driver/config/ydlidar.rviz
[0.948s] -- Up-to-date symlink: /home/crashlab/robot_ws/install/ydlidar_ros2_driver/share/ament_index/resource_index/package_run_dependencies/ydlidar_ros2_driver
[0.953s] -- Up-to-date symlink: /home/crashlab/robot_ws/install/ydlidar_ros2_driver/share/ament_index/resource_index/parent_prefix_path/ydlidar_ros2_driver
[0.958s] -- Up-to-date symlink: /home/crashlab/robot_ws/install/ydlidar_ros2_driver/share/ydlidar_ros2_driver/environment/ament_prefix_path.sh
[0.963s] -- Up-to-date symlink: /home/crashlab/robot_ws/install/ydlidar_ros2_driver/share/ydlidar_ros2_driver/environment/ament_prefix_path.dsv
[0.969s] -- Up-to-date symlink: /home/crashlab/robot_ws/install/ydlidar_ros2_driver/share/ydlidar_ros2_driver/environment/path.sh
[0.976s] -- Up-to-date symlink: /home/crashlab/robot_ws/install/ydlidar_ros2_driver/share/ydlidar_ros2_driver/environment/path.dsv
[0.984s] -- Up-to-date symlink: /home/crashlab/robot_ws/install/ydlidar_ros2_driver/share/ydlidar_ros2_driver/local_setup.bash
[0.991s] -- Up-to-date symlink: /home/crashlab/robot_ws/install/ydlidar_ros2_driver/share/ydlidar_ros2_driver/local_setup.sh
[0.998s] -- Up-to-date symlink: /home/crashlab/robot_ws/install/ydlidar_ros2_driver/share/ydlidar_ros2_driver/local_setup.zsh
[1.006s] -- Up-to-date symlink: /home/crashlab/robot_ws/install/ydlidar_ros2_driver/share/ydlidar_ros2_driver/local_setup.dsv
[1.012s] -- Symlinking: /home/crashlab/robot_ws/install/ydlidar_ros2_driver/share/ydlidar_ros2_driver/package.dsv
[1.074s] -- Up-to-date symlink: /home/crashlab/robot_ws/install/ydlidar_ros2_driver/share/ament_index/resource_index/packages/ydlidar_ros2_driver
[1.075s] -- Up-to-date symlink: /home/crashlab/robot_ws/install/ydlidar_ros2_driver/share/ydlidar_ros2_driver/cmake/ydlidar_ros2_driverConfig.cmake
[1.077s] -- Up-to-date symlink: /home/crashlab/robot_ws/install/ydlidar_ros2_driver/share/ydlidar_ros2_driver/cmake/ydlidar_ros2_driverConfig-version.cmake
[1.083s] -- Up-to-date symlink: /home/crashlab/robot_ws/install/ydlidar_ros2_driver/share/ydlidar_ros2_driver/package.xml
[1.119s] Invoked command in '/home/crashlab/robot_ws/build/ydlidar_ros2_driver' returned '0': CMAKE_PREFIX_PATH=${CMAKE_PREFIX_PATH}:/home/crashlab/robot_ws/install/nav_bringup:/home/crashlab/robot_ws/install/json_data:/home/crashlab/robot_ws/install/coordination:/opt/ros/humble /usr/bin/cmake --install /home/crashlab/robot_ws/build/ydlidar_ros2_driver
