[0.278s] Invoking command in '/home/crashlab/robot_ws/build/ydlidar_sdk': /usr/bin/cmake --build /home/crashlab/robot_ws/build/ydlidar_sdk -- -j4 -l4
[1.791s] [ 58%] Built target ydlidar_sdk
[2.236s] [ 66%] Built target etlidar_test
[3.183s] [ 75%] Built target lidar_c_api_test
[3.683s] [ 83%] Built target lidar_test
[4.275s] [ 91%] Built target ydlidar_test
[4.731s] [100%] Built target tof_test
[5.106s] Invoked command in '/home/crashlab/robot_ws/build/ydlidar_sdk' returned '0': /usr/bin/cmake --build /home/crashlab/robot_ws/build/ydlidar_sdk -- -j4 -l4
[5.188s] Invoking command in '/home/crashlab/robot_ws/build/ydlidar_sdk': /usr/bin/cmake --install /home/crashlab/robot_ws/build/ydlidar_sdk
[5.355s] -- Install configuration: ""
[5.373s] -- Up-to-date: /home/crashlab/robot_ws/install/ydlidar_sdk/include/core/base/datatype.h
[5.394s] -- Up-to-date: /home/crashlab/robot_ws/install/ydlidar_sdk/include/core/base/locker.h
[5.408s] -- Up-to-date: /home/crashlab/robot_ws/install/ydlidar_sdk/include/core/base/thread.h
[5.412s] -- Up-to-date: /home/crashlab/robot_ws/install/ydlidar_sdk/include/core/base/timer.h
[5.421s] -- Up-to-date: /home/crashlab/robot_ws/install/ydlidar_sdk/include/core/base/typedef.h
[5.421s] -- Up-to-date: /home/crashlab/robot_ws/install/ydlidar_sdk/include/core/base/utils.h
[5.432s] -- Up-to-date: /home/crashlab/robot_ws/install/ydlidar_sdk/include/core/base/v8stdint.h
[5.433s] -- Up-to-date: /home/crashlab/robot_ws/install/ydlidar_sdk/include/core/base/ydlidar.h
[5.434s] -- Up-to-date: /home/crashlab/robot_ws/install/ydlidar_sdk/include/core/common/ChannelDevice.h
[5.435s] -- Up-to-date: /home/crashlab/robot_ws/install/ydlidar_sdk/include/core/common/DriverInterface.h
[5.482s] -- Up-to-date: /home/crashlab/robot_ws/install/ydlidar_sdk/include/core/common/ydlidar_datatype.h
[5.496s] -- Up-to-date: /home/crashlab/robot_ws/install/ydlidar_sdk/include/core/common/ydlidar_def.h
[5.503s] -- Up-to-date: /home/crashlab/robot_ws/install/ydlidar_sdk/include/core/common/ydlidar_help.h
[5.504s] -- Up-to-date: /home/crashlab/robot_ws/install/ydlidar_sdk/include/core/common/ydlidar_protocol.h
[5.504s] -- Up-to-date: /home/crashlab/robot_ws/install/ydlidar_sdk/include/core/math/angles.h
[5.505s] -- Up-to-date: /home/crashlab/robot_ws/install/ydlidar_sdk/include/core/network/ActiveSocket.h
[5.506s] -- Up-to-date: /home/crashlab/robot_ws/install/ydlidar_sdk/include/core/network/PassiveSocket.h
[5.507s] -- Up-to-date: /home/crashlab/robot_ws/install/ydlidar_sdk/include/core/network/SimpleSocket.h
[5.508s] -- Up-to-date: /home/crashlab/robot_ws/install/ydlidar_sdk/include/core/network/StatTimer.h
[5.511s] -- Up-to-date: /home/crashlab/robot_ws/install/ydlidar_sdk/include/core/serial/common.h
[5.513s] -- Up-to-date: /home/crashlab/robot_ws/install/ydlidar_sdk/include/core/serial/serial.h
[5.515s] -- Up-to-date: /home/crashlab/robot_ws/install/ydlidar_sdk/include/core/serial/impl/unix/lock.h
[5.517s] -- Up-to-date: /home/crashlab/robot_ws/install/ydlidar_sdk/include/core/serial/impl/unix/unix.h
[5.517s] -- Up-to-date: /home/crashlab/robot_ws/install/ydlidar_sdk/include/core/serial/impl/unix/unix_serial.h
[5.518s] -- Up-to-date: /home/crashlab/robot_ws/install/ydlidar_sdk/include/src/CYdLidar.h
[5.519s] -- Up-to-date: /home/crashlab/robot_ws/install/ydlidar_sdk/include/src/ETLidarDriver.h
[5.520s] -- Up-to-date: /home/crashlab/robot_ws/install/ydlidar_sdk/include/src/ydlidar_driver.h
[5.521s] -- Up-to-date: /home/crashlab/robot_ws/install/ydlidar_sdk/include/src/ydlidar_sdk.h
[5.521s] -- Up-to-date: /home/crashlab/robot_ws/install/ydlidar_sdk/include/ydlidar_config.h
[5.522s] -- Up-to-date: /home/crashlab/robot_ws/install/ydlidar_sdk/lib/libydlidar_sdk.a
[5.529s] -- Up-to-date: /home/crashlab/robot_ws/install/ydlidar_sdk/lib/pkgconfig/YDLIDAR_SDK.pc
[5.544s] -- Up-to-date: /home/crashlab/robot_ws/install/ydlidar_sdk/lib/cmake/ydlidar_sdk/ydlidar_sdkConfig.cmake
[5.545s] -- Up-to-date: /home/crashlab/robot_ws/install/ydlidar_sdk/lib/cmake/ydlidar_sdk/ydlidar_sdkTargets.cmake
[5.552s] -- Up-to-date: /home/crashlab/robot_ws/install/ydlidar_sdk/lib/cmake/ydlidar_sdk/ydlidar_sdkConfigVersion.cmake
[5.573s] -- Up-to-date: /home/crashlab/robot_ws/install/ydlidar_sdk/share/YDLIDAR_SDK/FindYDLIDAR_SDK.cmake
[5.579s] -- Up-to-date: /home/crashlab/robot_ws/install/ydlidar_sdk/share/YDLIDAR_SDK
[5.580s] -- Up-to-date: /home/crashlab/robot_ws/install/ydlidar_sdk/share/YDLIDAR_SDK/cmake_uninstall.cmake.in
[5.584s] -- Up-to-date: /home/crashlab/robot_ws/install/ydlidar_sdk/share/YDLIDAR_SDK/FindPackage.cmake.in
[5.588s] -- Up-to-date: /home/crashlab/robot_ws/install/ydlidar_sdk/share/YDLIDAR_SDK/PackageConfigVersion.cmake.in
[5.592s] -- Up-to-date: /home/crashlab/robot_ws/install/ydlidar_sdk/share/YDLIDAR_SDK/script_show_final_summary.cmake
[5.599s] -- Up-to-date: /home/crashlab/robot_ws/install/ydlidar_sdk/share/YDLIDAR_SDK/PackageConfig.cmake.in
[5.659s] -- Up-to-date: /home/crashlab/robot_ws/install/ydlidar_sdk/share/YDLIDAR_SDK/common
[5.662s] -- Up-to-date: /home/crashlab/robot_ws/install/ydlidar_sdk/share/YDLIDAR_SDK/common/ydlidar_parse.cmake
[5.663s] -- Up-to-date: /home/crashlab/robot_ws/install/ydlidar_sdk/share/YDLIDAR_SDK/common/ydlidar_base.cmake
[5.666s] -- Up-to-date: /home/crashlab/robot_ws/install/ydlidar_sdk/share/YDLIDAR_SDK/install_package.cmake
[5.669s] -- Up-to-date: /home/crashlab/robot_ws/install/ydlidar_sdk/share/YDLIDAR_SDK/PkgConfig.pc.in
[5.671s] -- Up-to-date: /home/crashlab/robot_ws/install/ydlidar_sdk/share/YDLIDAR_SDK/LICENSE.txt
[5.680s] -- Up-to-date: /home/crashlab/robot_ws/install/ydlidar_sdk/share/YDLIDAR_SDK/README.md
[5.688s] -- Up-to-date: /home/crashlab/robot_ws/install/ydlidar_sdk/share/YDLIDAR_SDK/doc
[5.701s] -- Up-to-date: /home/crashlab/robot_ws/install/ydlidar_sdk/share/YDLIDAR_SDK/doc/quickstart
[5.718s] -- Up-to-date: /home/crashlab/robot_ws/install/ydlidar_sdk/share/YDLIDAR_SDK/doc/quickstart/ydlidar_sdk_software_installation_guide.md
[5.724s] -- Up-to-date: /home/crashlab/robot_ws/install/ydlidar_sdk/share/YDLIDAR_SDK/doc/quickstart/README.md
[5.729s] -- Up-to-date: /home/crashlab/robot_ws/install/ydlidar_sdk/share/YDLIDAR_SDK/doc/Dataset.md
[5.732s] -- Up-to-date: /home/crashlab/robot_ws/install/ydlidar_sdk/share/YDLIDAR_SDK/doc/README.md
[5.738s] -- Up-to-date: /home/crashlab/robot_ws/install/ydlidar_sdk/share/YDLIDAR_SDK/doc/YDLIDAR_SDK_API_for_Developers.md
[5.752s] -- Up-to-date: /home/crashlab/robot_ws/install/ydlidar_sdk/share/YDLIDAR_SDK/doc/images
[5.761s] -- Up-to-date: /home/crashlab/robot_ws/install/ydlidar_sdk/share/YDLIDAR_SDK/doc/images/FlowChart.png
[5.767s] -- Up-to-date: /home/crashlab/robot_ws/install/ydlidar_sdk/share/YDLIDAR_SDK/doc/images/sdk_init.png
[5.782s] -- Up-to-date: /home/crashlab/robot_ws/install/ydlidar_sdk/share/YDLIDAR_SDK/doc/images/sdk_architecture.png
[5.783s] -- Up-to-date: /home/crashlab/robot_ws/install/ydlidar_sdk/share/YDLIDAR_SDK/doc/images/sequence.png
[5.789s] -- Up-to-date: /home/crashlab/robot_ws/install/ydlidar_sdk/share/YDLIDAR_SDK/doc/images/frame.png
[5.818s] -- Up-to-date: /home/crashlab/robot_ws/install/ydlidar_sdk/share/YDLIDAR_SDK/doc/images/angle_q2.png
[5.833s] -- Up-to-date: /home/crashlab/robot_ws/install/ydlidar_sdk/share/YDLIDAR_SDK/doc/images/YDLidar.png
[5.840s] -- Up-to-date: /home/crashlab/robot_ws/install/ydlidar_sdk/share/YDLIDAR_SDK/doc/images/communication_mechanism.png
[5.841s] -- Up-to-date: /home/crashlab/robot_ws/install/ydlidar_sdk/share/YDLIDAR_SDK/doc/images/EAI.png
[5.846s] -- Up-to-date: /home/crashlab/robot_ws/install/ydlidar_sdk/share/YDLIDAR_SDK/doc/images/frame_intensity.png
[5.850s] -- Up-to-date: /home/crashlab/robot_ws/install/ydlidar_sdk/share/YDLIDAR_SDK/doc/images/system_workflow.png
[5.854s] -- Up-to-date: /home/crashlab/robot_ws/install/ydlidar_sdk/share/YDLIDAR_SDK/doc/images/sdk_scanning.png
[5.862s] -- Up-to-date: /home/crashlab/robot_ws/install/ydlidar_sdk/share/YDLIDAR_SDK/doc/images/YDLidar.jpg
[5.870s] -- Up-to-date: /home/crashlab/robot_ws/install/ydlidar_sdk/share/YDLIDAR_SDK/doc/Diagram.md
[5.883s] -- Up-to-date: /home/crashlab/robot_ws/install/ydlidar_sdk/share/YDLIDAR_SDK/doc/YDLidar-SDK-Communication-Protocol.pdf
[5.892s] -- Up-to-date: /home/crashlab/robot_ws/install/ydlidar_sdk/share/YDLIDAR_SDK/doc/Tutorials.md
[5.942s] -- Up-to-date: /home/crashlab/robot_ws/install/ydlidar_sdk/share/YDLIDAR_SDK/doc/YDLidar-SDK-Communication-Protocol.html
[5.944s] -- Up-to-date: /home/crashlab/robot_ws/install/ydlidar_sdk/share/YDLIDAR_SDK/doc/YDLidar_SDK_Communication_Protocol.pdf
[5.958s] -- Up-to-date: /home/crashlab/robot_ws/install/ydlidar_sdk/share/YDLIDAR_SDK/doc/YDLidar-SDK-Communication-Protocol.md
[5.960s] -- Up-to-date: /home/crashlab/robot_ws/install/ydlidar_sdk/share/YDLIDAR_SDK/doc/tutorials
[5.970s] -- Up-to-date: /home/crashlab/robot_ws/install/ydlidar_sdk/share/YDLIDAR_SDK/doc/tutorials/examine_the_simple_lidar_tutorial.md
[5.973s] -- Up-to-date: /home/crashlab/robot_ws/install/ydlidar_sdk/share/YDLIDAR_SDK/doc/tutorials/writing_lidar_tutorial_c++.md
[5.975s] -- Up-to-date: /home/crashlab/robot_ws/install/ydlidar_sdk/share/YDLIDAR_SDK/doc/tutorials/writing_lidar_tutorial_c.md
[5.986s] -- Up-to-date: /home/crashlab/robot_ws/install/ydlidar_sdk/share/YDLIDAR_SDK/doc/tutorials/writing_lidar_tutorial_python.md
[5.989s] -- Up-to-date: /home/crashlab/robot_ws/install/ydlidar_sdk/share/YDLIDAR_SDK/doc/tutorials/writing_lidar_network_adapter_tutorial_c++.md
[5.991s] -- Up-to-date: /home/crashlab/robot_ws/install/ydlidar_sdk/share/YDLIDAR_SDK/doc/SDK.pdf
[5.993s] -- Up-to-date: /home/crashlab/robot_ws/install/ydlidar_sdk/share/YDLIDAR_SDK/doc/FAQs
[6.021s] -- Up-to-date: /home/crashlab/robot_ws/install/ydlidar_sdk/share/YDLIDAR_SDK/doc/FAQs/Hardware_FAQs_cn.md
[6.034s] -- Up-to-date: /home/crashlab/robot_ws/install/ydlidar_sdk/share/YDLIDAR_SDK/doc/FAQs/Software_FAQs_cn.md
[6.038s] -- Up-to-date: /home/crashlab/robot_ws/install/ydlidar_sdk/share/YDLIDAR_SDK/doc/FAQs/Hardware_FAQs.md
[6.039s] -- Up-to-date: /home/crashlab/robot_ws/install/ydlidar_sdk/share/YDLIDAR_SDK/doc/FAQs/README.md
[6.049s] -- Up-to-date: /home/crashlab/robot_ws/install/ydlidar_sdk/share/YDLIDAR_SDK/doc/FAQs/General_FAQs.md
[6.051s] -- Up-to-date: /home/crashlab/robot_ws/install/ydlidar_sdk/share/YDLIDAR_SDK/doc/FAQs/Software_FAQs.md
[6.058s] -- Up-to-date: /home/crashlab/robot_ws/install/ydlidar_sdk/share/YDLIDAR_SDK/doc/FAQs/General_FAQs_cn.md
[6.059s] -- Up-to-date: /home/crashlab/robot_ws/install/ydlidar_sdk/share/YDLIDAR_SDK/doc/howto
[6.081s] -- Up-to-date: /home/crashlab/robot_ws/install/ydlidar_sdk/share/YDLIDAR_SDK/doc/howto/how_to_build_and_debug_using_vscode.md
[6.083s] -- Up-to-date: /home/crashlab/robot_ws/install/ydlidar_sdk/share/YDLIDAR_SDK/doc/howto/how_to_create_a_pull.md
[6.130s] -- Up-to-date: /home/crashlab/robot_ws/install/ydlidar_sdk/share/YDLIDAR_SDK/doc/howto/how_to_create_a_udev_rules.md
[6.132s] -- Up-to-date: /home/crashlab/robot_ws/install/ydlidar_sdk/share/YDLIDAR_SDK/doc/howto/how_to_build_and_install.md
[6.133s] -- Up-to-date: /home/crashlab/robot_ws/install/ydlidar_sdk/share/YDLIDAR_SDK/doc/howto/README.md
[6.139s] -- Up-to-date: /home/crashlab/robot_ws/install/ydlidar_sdk/share/YDLIDAR_SDK/doc/howto/images
[6.140s] -- Up-to-date: /home/crashlab/robot_ws/install/ydlidar_sdk/share/YDLIDAR_SDK/doc/howto/images/vscode
[6.142s] -- Up-to-date: /home/crashlab/robot_ws/install/ydlidar_sdk/share/YDLIDAR_SDK/doc/howto/images/vscode/tasks.png
[6.152s] -- Up-to-date: /home/crashlab/robot_ws/install/ydlidar_sdk/share/YDLIDAR_SDK/doc/howto/images/vscode/run_tasks.jpg
[6.153s] -- Up-to-date: /home/crashlab/robot_ws/install/ydlidar_sdk/share/YDLIDAR_SDK/doc/howto/images/sdk_init.png
[6.154s] -- Up-to-date: /home/crashlab/robot_ws/install/ydlidar_sdk/share/YDLIDAR_SDK/doc/howto/images/csharp_build.png
[6.158s] -- Up-to-date: /home/crashlab/robot_ws/install/ydlidar_sdk/share/YDLIDAR_SDK/doc/howto/images/ydlidar_lidar_monitor.png
[6.159s] -- Up-to-date: /home/crashlab/robot_ws/install/ydlidar_sdk/share/YDLIDAR_SDK/doc/howto/images/sequence.png
[6.160s] -- Up-to-date: /home/crashlab/robot_ws/install/ydlidar_sdk/share/YDLIDAR_SDK/doc/howto/images/csharp_project.png
[6.162s] -- Up-to-date: /home/crashlab/robot_ws/install/ydlidar_sdk/share/YDLIDAR_SDK/doc/howto/images/csharp_exception.png
[6.171s] -- Up-to-date: /home/crashlab/robot_ws/install/ydlidar_sdk/share/YDLIDAR_SDK/doc/howto/images/cpack.png
[6.173s] -- Up-to-date: /home/crashlab/robot_ws/install/ydlidar_sdk/share/YDLIDAR_SDK/doc/howto/images/csharp_running.png
[6.174s] -- Up-to-date: /home/crashlab/robot_ws/install/ydlidar_sdk/share/YDLIDAR_SDK/doc/howto/images/csharp_library.png
[6.179s] -- Up-to-date: /home/crashlab/robot_ws/install/ydlidar_sdk/share/YDLIDAR_SDK/doc/howto/images/ttyUSB1.png
[6.180s] -- Up-to-date: /home/crashlab/robot_ws/install/ydlidar_sdk/share/YDLIDAR_SDK/doc/howto/images/ttyUSB0.png
[6.181s] -- Up-to-date: /home/crashlab/robot_ws/install/ydlidar_sdk/share/YDLIDAR_SDK/doc/howto/images/sdk_scanning.png
[6.184s] -- Up-to-date: /home/crashlab/robot_ws/install/ydlidar_sdk/share/YDLIDAR_SDK/doc/howto/how_to_solve_slow_pull_from_cn.md
[6.188s] -- Up-to-date: /home/crashlab/robot_ws/install/ydlidar_sdk/share/YDLIDAR_SDK/doc/howto/how_to_gerenrate_vs_project_by_cmake.md
[6.209s] -- Up-to-date: /home/crashlab/robot_ws/install/ydlidar_sdk/share/YDLIDAR_SDK/doc/howto/how_to_create_a_csharp_project.md
[6.211s] -- Up-to-date: /home/crashlab/robot_ws/install/ydlidar_sdk/startup/initenv.sh
[6.223s] -- Up-to-date: /home/crashlab/robot_ws/install/ydlidar_sdk/bin/etlidar_test
[6.225s] -- Up-to-date: /home/crashlab/robot_ws/install/ydlidar_sdk/bin/tof_test
[6.226s] -- Up-to-date: /home/crashlab/robot_ws/install/ydlidar_sdk/bin/ydlidar_test
[6.235s] -- Up-to-date: /home/crashlab/robot_ws/install/ydlidar_sdk/bin/lidar_c_api_test
[6.239s] Invoked command in '/home/crashlab/robot_ws/build/ydlidar_sdk' returned '0': /usr/bin/cmake --install /home/crashlab/robot_ws/build/ydlidar_sdk
