[0.132s] Invoking command in '/home/crashlab/robot_ws/build/untitled_description': CMAKE_PREFIX_PATH=${CMAKE_PREFIX_PATH}:/home/crashlab/robot_ws/install/nav_bringup:/home/crashlab/robot_ws/install/json_data:/home/crashlab/robot_ws/install/coordination:/opt/ros/humble /usr/bin/cmake --build /home/crashlab/robot_ws/build/untitled_description -- -j4 -l4
[0.681s] Invoked command in '/home/crashlab/robot_ws/build/untitled_description' returned '0': CMAKE_PREFIX_PATH=${CMAKE_PREFIX_PATH}:/home/crashlab/robot_ws/install/nav_bringup:/home/crashlab/robot_ws/install/json_data:/home/crashlab/robot_ws/install/coordination:/opt/ros/humble /usr/bin/cmake --build /home/crashlab/robot_ws/build/untitled_description -- -j4 -l4
[0.687s] Invoking command in '/home/crashlab/robot_ws/build/untitled_description': CMAKE_PREFIX_PATH=${CMAKE_PREFIX_PATH}:/home/crashlab/robot_ws/install/nav_bringup:/home/crashlab/robot_ws/install/json_data:/home/crashlab/robot_ws/install/coordination:/opt/ros/humble /usr/bin/cmake --install /home/crashlab/robot_ws/build/untitled_description
[0.738s] -- Install configuration: ""
[0.746s] -- Execute custom install script
[0.752s] -- Up-to-date symlink: /home/crashlab/robot_ws/install/untitled_description/share/untitled_description//launch/display.launch.py
[0.759s] -- Up-to-date symlink: /home/crashlab/robot_ws/install/untitled_description/share/untitled_description//launch/dynamic_transform_publisher.py
[0.764s] -- Up-to-date symlink: /home/crashlab/robot_ws/install/untitled_description/share/untitled_description//launch/gazebo.launch.py
[0.767s] -- Up-to-date symlink: /home/crashlab/robot_ws/install/untitled_description/share/untitled_description//launch/navigation.launch.py
[0.768s] -- Up-to-date symlink: /home/crashlab/robot_ws/install/untitled_description/share/untitled_description//launch/rviz.launch.py
[0.769s] -- Up-to-date symlink: /home/crashlab/robot_ws/install/untitled_description/share/untitled_description//launch/sim.launch.py
[0.778s] -- Up-to-date symlink: /home/crashlab/robot_ws/install/untitled_description/share/untitled_description//meshes/Caster_Wheel_1.stl
[0.779s] -- Up-to-date symlink: /home/crashlab/robot_ws/install/untitled_description/share/untitled_description//meshes/Caster_Wheel_out_1.stl
[0.780s] -- Up-to-date symlink: /home/crashlab/robot_ws/install/untitled_description/share/untitled_description//meshes/Left_Wheel_1.stl
[0.780s] -- Up-to-date symlink: /home/crashlab/robot_ws/install/untitled_description/share/untitled_description//meshes/Right_Wheel_1.stl
[0.793s] -- Up-to-date symlink: /home/crashlab/robot_ws/install/untitled_description/share/untitled_description//meshes/base_link.stl
[0.818s] -- Up-to-date symlink: /home/crashlab/robot_ws/install/untitled_description/share/untitled_description//urdf/gazebo.xacro
[0.866s] -- Up-to-date symlink: /home/crashlab/robot_ws/install/untitled_description/share/untitled_description//urdf/lidar.xacro
[0.870s] -- Up-to-date symlink: /home/crashlab/robot_ws/install/untitled_description/share/untitled_description//urdf/materials.xacro
[0.884s] -- Up-to-date symlink: /home/crashlab/robot_ws/install/untitled_description/share/untitled_description//urdf/untitled.gazebo
[0.891s] -- Up-to-date symlink: /home/crashlab/robot_ws/install/untitled_description/share/untitled_description//urdf/untitled.trans
[0.924s] -- Up-to-date symlink: /home/crashlab/robot_ws/install/untitled_description/share/untitled_description//urdf/untitled.xacro
[0.926s] -- Up-to-date symlink: /home/crashlab/robot_ws/install/untitled_description/share/untitled_description//config/display.rviz
[0.928s] -- Up-to-date symlink: /home/crashlab/robot_ws/install/untitled_description/share/untitled_description//config/mapper_params_online_async.yaml
[0.939s] -- Up-to-date symlink: /home/crashlab/robot_ws/install/untitled_description/share/untitled_description//config/nav2_params.yaml
[0.941s] -- Up-to-date symlink: /home/crashlab/robot_ws/install/untitled_description/share/untitled_description//config/rjrj.rviz
[0.943s] -- Up-to-date symlink: /home/crashlab/robot_ws/install/untitled_description/share/untitled_description//config/twist_mux.yaml
[0.956s] -- Up-to-date symlink: /home/crashlab/robot_ws/install/untitled_description/share/ament_index/resource_index/package_run_dependencies/untitled_description
[0.962s] -- Up-to-date symlink: /home/crashlab/robot_ws/install/untitled_description/share/ament_index/resource_index/parent_prefix_path/untitled_description
[0.966s] -- Up-to-date symlink: /home/crashlab/robot_ws/install/untitled_description/share/untitled_description/environment/ament_prefix_path.sh
[0.986s] -- Up-to-date symlink: /home/crashlab/robot_ws/install/untitled_description/share/untitled_description/environment/ament_prefix_path.dsv
[0.995s] -- Up-to-date symlink: /home/crashlab/robot_ws/install/untitled_description/share/untitled_description/environment/path.sh
[0.999s] -- Up-to-date symlink: /home/crashlab/robot_ws/install/untitled_description/share/untitled_description/environment/path.dsv
[1.012s] -- Up-to-date symlink: /home/crashlab/robot_ws/install/untitled_description/share/untitled_description/local_setup.bash
[1.013s] -- Up-to-date symlink: /home/crashlab/robot_ws/install/untitled_description/share/untitled_description/local_setup.sh
[1.014s] -- Up-to-date symlink: /home/crashlab/robot_ws/install/untitled_description/share/untitled_description/local_setup.zsh
[1.014s] -- Up-to-date symlink: /home/crashlab/robot_ws/install/untitled_description/share/untitled_description/local_setup.dsv
[1.015s] -- Symlinking: /home/crashlab/robot_ws/install/untitled_description/share/untitled_description/package.dsv
[1.023s] -- Up-to-date symlink: /home/crashlab/robot_ws/install/untitled_description/share/ament_index/resource_index/packages/untitled_description
[1.040s] -- Up-to-date symlink: /home/crashlab/robot_ws/install/untitled_description/share/untitled_description/cmake/untitled_descriptionConfig.cmake
[1.049s] -- Up-to-date symlink: /home/crashlab/robot_ws/install/untitled_description/share/untitled_description/cmake/untitled_descriptionConfig-version.cmake
[1.054s] -- Up-to-date symlink: /home/crashlab/robot_ws/install/untitled_description/share/untitled_description/package.xml
[1.071s] Invoked command in '/home/crashlab/robot_ws/build/untitled_description' returned '0': CMAKE_PREFIX_PATH=${CMAKE_PREFIX_PATH}:/home/crashlab/robot_ws/install/nav_bringup:/home/crashlab/robot_ws/install/json_data:/home/crashlab/robot_ws/install/coordination:/opt/ros/humble /usr/bin/cmake --install /home/crashlab/robot_ws/build/untitled_description
