[1.449s] Invoking command in '/home/crashlab/robot_ws/build/crash_nav2': CMAKE_PREFIX_PATH=${CMAKE_PREFIX_PATH}:/home/crashlab/robot_ws/install/nav_bringup:/home/crashlab/robot_ws/install/json_data:/home/crashlab/robot_ws/install/coordination:/opt/ros/humble /usr/bin/cmake --build /home/crashlab/robot_ws/build/crash_nav2 -- -j4 -l4
[3.278s] [ 33%] Built target navigate_controller
[3.279s] [ 66%] Built target odom_publisher
[3.281s] [100%] Built target pid_check
[3.285s] Invoked command in '/home/crashlab/robot_ws/build/crash_nav2' returned '0': CMAKE_PREFIX_PATH=${CMAKE_PREFIX_PATH}:/home/crashlab/robot_ws/install/nav_bringup:/home/crashlab/robot_ws/install/json_data:/home/crashlab/robot_ws/install/coordination:/opt/ros/humble /usr/bin/cmake --build /home/crashlab/robot_ws/build/crash_nav2 -- -j4 -l4
[3.329s] Invoking command in '/home/crashlab/robot_ws/build/crash_nav2': CMAKE_PREFIX_PATH=${CMAKE_PREFIX_PATH}:/home/crashlab/robot_ws/install/nav_bringup:/home/crashlab/robot_ws/install/json_data:/home/crashlab/robot_ws/install/coordination:/opt/ros/humble /usr/bin/cmake --install /home/crashlab/robot_ws/build/crash_nav2
[3.366s] -- Install configuration: ""
[3.369s] -- Execute custom install script
[3.375s] -- Up-to-date symlink: /home/crashlab/robot_ws/install/crash_nav2/lib/crash_nav2//navigate_controller
[3.378s] -- Up-to-date symlink: /home/crashlab/robot_ws/install/crash_nav2/lib/crash_nav2//pid_check
[3.387s] -- Up-to-date symlink: /home/crashlab/robot_ws/install/crash_nav2/lib/crash_nav2/odom_publisher
[3.399s] -- Up-to-date symlink: /home/crashlab/robot_ws/install/crash_nav2/share/crash_nav2/launch/navigation.launch.py
[3.400s] -- Up-to-date symlink: /home/crashlab/robot_ws/install/crash_nav2/share/crash_nav2/launch/navigation_rviz.launch.py
[3.401s] -- Up-to-date symlink: /home/crashlab/robot_ws/install/crash_nav2/share/crash_nav2/launch/online_async_launch.py
[3.403s] -- Up-to-date symlink: /home/crashlab/robot_ws/install/crash_nav2/share/crash_nav2/map/bad_map.pgm
[3.406s] -- Up-to-date symlink: /home/crashlab/robot_ws/install/crash_nav2/share/crash_nav2/map/bad_map.yaml
[3.409s] -- Up-to-date symlink: /home/crashlab/robot_ws/install/crash_nav2/share/crash_nav2/map/bad_map_serial.data
[3.414s] -- Up-to-date symlink: /home/crashlab/robot_ws/install/crash_nav2/share/crash_nav2/map/bad_map_serial.posegraph
[3.414s] -- Up-to-date symlink: /home/crashlab/robot_ws/install/crash_nav2/share/crash_nav2/map/map.pgm
[3.418s] -- Up-to-date symlink: /home/crashlab/robot_ws/install/crash_nav2/share/crash_nav2/map/map.yaml
[3.420s] -- Up-to-date symlink: /home/crashlab/robot_ws/install/crash_nav2/share/crash_nav2/map/map_serial.data
[3.423s] -- Up-to-date symlink: /home/crashlab/robot_ws/install/crash_nav2/share/crash_nav2/map/map_serial.posegraph
[3.427s] -- Up-to-date symlink: /home/crashlab/robot_ws/install/crash_nav2/share/crash_nav2/map/testmap_save.pgm
[3.429s] -- Up-to-date symlink: /home/crashlab/robot_ws/install/crash_nav2/share/crash_nav2/map/testmap_save.yaml
[3.431s] -- Up-to-date symlink: /home/crashlab/robot_ws/install/crash_nav2/share/crash_nav2/map/testmap_serial.data
[3.433s] -- Up-to-date symlink: /home/crashlab/robot_ws/install/crash_nav2/share/crash_nav2/map/testmap_serial.posegraph
[3.440s] -- Up-to-date symlink: /home/crashlab/robot_ws/install/crash_nav2/share/crash_nav2/param/crash_params.yaml
[3.445s] -- Up-to-date symlink: /home/crashlab/robot_ws/install/crash_nav2/share/crash_nav2/rviz/tb3_navigation.rviz
[3.449s] -- Up-to-date symlink: /home/crashlab/robot_ws/install/crash_nav2/share/crash_nav2/config/mapper_params_online_async.yaml
[3.453s] -- Up-to-date symlink: /home/crashlab/robot_ws/install/crash_nav2/share/ament_index/resource_index/package_run_dependencies/crash_nav2
[3.457s] -- Up-to-date symlink: /home/crashlab/robot_ws/install/crash_nav2/share/ament_index/resource_index/parent_prefix_path/crash_nav2
[3.460s] -- Up-to-date symlink: /home/crashlab/robot_ws/install/crash_nav2/share/crash_nav2/environment/ament_prefix_path.sh
[3.463s] -- Up-to-date symlink: /home/crashlab/robot_ws/install/crash_nav2/share/crash_nav2/environment/ament_prefix_path.dsv
[3.466s] -- Up-to-date symlink: /home/crashlab/robot_ws/install/crash_nav2/share/crash_nav2/environment/path.sh
[3.472s] -- Up-to-date symlink: /home/crashlab/robot_ws/install/crash_nav2/share/crash_nav2/environment/path.dsv
[3.475s] -- Up-to-date symlink: /home/crashlab/robot_ws/install/crash_nav2/share/crash_nav2/local_setup.bash
[3.479s] -- Up-to-date symlink: /home/crashlab/robot_ws/install/crash_nav2/share/crash_nav2/local_setup.sh
[3.482s] -- Up-to-date symlink: /home/crashlab/robot_ws/install/crash_nav2/share/crash_nav2/local_setup.zsh
[3.484s] -- Up-to-date symlink: /home/crashlab/robot_ws/install/crash_nav2/share/crash_nav2/local_setup.dsv
[3.487s] -- Symlinking: /home/crashlab/robot_ws/install/crash_nav2/share/crash_nav2/package.dsv
[3.537s] -- Up-to-date symlink: /home/crashlab/robot_ws/install/crash_nav2/share/ament_index/resource_index/packages/crash_nav2
[3.539s] -- Up-to-date symlink: /home/crashlab/robot_ws/install/crash_nav2/share/crash_nav2/cmake/crash_nav2Config.cmake
[3.542s] -- Up-to-date symlink: /home/crashlab/robot_ws/install/crash_nav2/share/crash_nav2/cmake/crash_nav2Config-version.cmake
[3.546s] -- Up-to-date symlink: /home/crashlab/robot_ws/install/crash_nav2/share/crash_nav2/package.xml
[3.561s] Invoked command in '/home/crashlab/robot_ws/build/crash_nav2' returned '0': CMAKE_PREFIX_PATH=${CMAKE_PREFIX_PATH}:/home/crashlab/robot_ws/install/nav_bringup:/home/crashlab/robot_ws/install/json_data:/home/crashlab/robot_ws/install/coordination:/opt/ros/humble /usr/bin/cmake --install /home/crashlab/robot_ws/build/crash_nav2
