[5.919s] Invoking command in '/home/crashlab/robot_ws/build/nav_bringup': PYTHONPATH=/home/crashlab/robot_ws/build/nav_bringup/prefix_override:/usr/lib/python3/dist-packages/colcon_core/task/python/colcon_distutils_commands:/home/crashlab/robot_ws/install/nav_bringup/lib/python3.10/site-packages:${PYTHONPATH} /usr/bin/python3 -W ignore:setup.py install is deprecated -W ignore:easy_install command is deprecated setup.py develop --editable --build-directory /home/crashlab/robot_ws/build/nav_bringup/build --no-deps symlink_data
[8.263s] running develop
[9.818s] running egg_info
[9.823s] writing nav_bringup.egg-info/PKG-INFO
[9.824s] writing dependency_links to nav_bringup.egg-info/dependency_links.txt
[9.825s] writing entry points to nav_bringup.egg-info/entry_points.txt
[9.827s] writing requirements to nav_bringup.egg-info/requires.txt
[9.828s] writing top-level names to nav_bringup.egg-info/top_level.txt
[9.836s] reading manifest file 'nav_bringup.egg-info/SOURCES.txt'
[9.842s] writing manifest file 'nav_bringup.egg-info/SOURCES.txt'
[9.850s] running build_ext
[9.851s] Creating /home/crashlab/robot_ws/install/nav_bringup/lib/python3.10/site-packages/nav-bringup.egg-link (link to .)
[9.857s] 
[9.858s] Installed /home/crashlab/robot_ws/build/nav_bringup
[9.858s] running symlink_data
[9.859s] creating /home/crashlab/robot_ws/install/nav_bringup/share/nav_bringup/launch
[9.860s] symbolically linking /home/crashlab/robot_ws/build/nav_bringup/launch/navigation_launch.py -> /home/crashlab/robot_ws/install/nav_bringup/share/nav_bringup/launch
[9.861s] symbolically linking /home/crashlab/robot_ws/build/nav_bringup/launch/bringup.launch.py -> /home/crashlab/robot_ws/install/nav_bringup/share/nav_bringup/launch
[9.862s] creating /home/crashlab/robot_ws/install/nav_bringup/share/nav_bringup/config
[9.864s] symbolically linking /home/crashlab/robot_ws/build/nav_bringup/config/nav2_params.yaml -> /home/crashlab/robot_ws/install/nav_bringup/share/nav_bringup/config
[10.010s] Invoked command in '/home/crashlab/robot_ws/build/nav_bringup' returned '0': PYTHONPATH=/home/crashlab/robot_ws/build/nav_bringup/prefix_override:/usr/lib/python3/dist-packages/colcon_core/task/python/colcon_distutils_commands:/home/crashlab/robot_ws/install/nav_bringup/lib/python3.10/site-packages:${PYTHONPATH} /usr/bin/python3 -W ignore:setup.py install is deprecated -W ignore:easy_install command is deprecated setup.py develop --editable --build-directory /home/crashlab/robot_ws/build/nav_bringup/build --no-deps symlink_data
