[7.975s] Invoking command in '/home/crashlab/robot_ws/build/nav_motor_pkg': CMAKE_PREFIX_PATH=${CMAKE_PREFIX_PATH}:/home/crashlab/robot_ws/install/nav_bringup:/home/crashlab/robot_ws/install/json_data:/home/crashlab/robot_ws/install/coordination:/opt/ros/humble /usr/bin/cmake --build /home/crashlab/robot_ws/build/nav_motor_pkg -- -j4 -l4
[8.895s] [ 25%] Built target motor_util
[10.150s] [ 50%] Built target pid_gain_publisher
[10.896s] [ 75%] Built target test_running_node
[11.316s] [100%] Built target motor_run_node
[11.904s] Invoked command in '/home/crashlab/robot_ws/build/nav_motor_pkg' returned '0': CMAKE_PREFIX_PATH=${CMAKE_PREFIX_PATH}:/home/crashlab/robot_ws/install/nav_bringup:/home/crashlab/robot_ws/install/json_data:/home/crashlab/robot_ws/install/coordination:/opt/ros/humble /usr/bin/cmake --build /home/crashlab/robot_ws/build/nav_motor_pkg -- -j4 -l4
[11.994s] Invoking command in '/home/crashlab/robot_ws/build/nav_motor_pkg': CMAKE_PREFIX_PATH=${CMAKE_PREFIX_PATH}:/home/crashlab/robot_ws/install/nav_bringup:/home/crashlab/robot_ws/install/json_data:/home/crashlab/robot_ws/install/coordination:/opt/ros/humble /usr/bin/cmake --install /home/crashlab/robot_ws/build/nav_motor_pkg
[12.304s] -- Install configuration: ""
[12.327s] -- Execute custom install script
[12.337s] -- Up-to-date symlink: /home/crashlab/robot_ws/install/nav_motor_pkg/share/nav_motor_pkg//config/motor_parameters.txt
[12.377s] -- Up-to-date symlink: /home/crashlab/robot_ws/install/nav_motor_pkg/lib/nav_motor_pkg/libmotor_util.a
[12.379s] -- Up-to-date symlink: /home/crashlab/robot_ws/install/nav_motor_pkg/lib/nav_motor_pkg/motor_run_node
[12.408s] -- Up-to-date symlink: /home/crashlab/robot_ws/install/nav_motor_pkg/lib/nav_motor_pkg/test_running_node
[12.420s] -- Up-to-date symlink: /home/crashlab/robot_ws/install/nav_motor_pkg/lib/nav_motor_pkg/pid_gain_publisher
[12.422s] -- Up-to-date symlink: /home/crashlab/robot_ws/install/nav_motor_pkg/share/ament_index/resource_index/package_run_dependencies/nav_motor_pkg
[12.431s] -- Up-to-date symlink: /home/crashlab/robot_ws/install/nav_motor_pkg/share/ament_index/resource_index/parent_prefix_path/nav_motor_pkg
[12.453s] -- Up-to-date symlink: /home/crashlab/robot_ws/install/nav_motor_pkg/share/nav_motor_pkg/environment/ament_prefix_path.sh
[12.466s] -- Up-to-date symlink: /home/crashlab/robot_ws/install/nav_motor_pkg/share/nav_motor_pkg/environment/ament_prefix_path.dsv
[12.470s] -- Up-to-date symlink: /home/crashlab/robot_ws/install/nav_motor_pkg/share/nav_motor_pkg/environment/path.sh
[12.487s] -- Up-to-date symlink: /home/crashlab/robot_ws/install/nav_motor_pkg/share/nav_motor_pkg/environment/path.dsv
[12.500s] -- Up-to-date symlink: /home/crashlab/robot_ws/install/nav_motor_pkg/share/nav_motor_pkg/local_setup.bash
[12.520s] -- Up-to-date symlink: /home/crashlab/robot_ws/install/nav_motor_pkg/share/nav_motor_pkg/local_setup.sh
[12.548s] -- Up-to-date symlink: /home/crashlab/robot_ws/install/nav_motor_pkg/share/nav_motor_pkg/local_setup.zsh
[12.558s] -- Up-to-date symlink: /home/crashlab/robot_ws/install/nav_motor_pkg/share/nav_motor_pkg/local_setup.dsv
[12.568s] -- Symlinking: /home/crashlab/robot_ws/install/nav_motor_pkg/share/nav_motor_pkg/package.dsv
[12.819s] -- Up-to-date symlink: /home/crashlab/robot_ws/install/nav_motor_pkg/share/ament_index/resource_index/packages/nav_motor_pkg
[12.828s] -- Up-to-date symlink: /home/crashlab/robot_ws/install/nav_motor_pkg/share/nav_motor_pkg/cmake/nav_motor_pkgConfig.cmake
[12.831s] -- Up-to-date symlink: /home/crashlab/robot_ws/install/nav_motor_pkg/share/nav_motor_pkg/cmake/nav_motor_pkgConfig-version.cmake
[12.839s] -- Up-to-date symlink: /home/crashlab/robot_ws/install/nav_motor_pkg/share/nav_motor_pkg/package.xml
[12.905s] Invoked command in '/home/crashlab/robot_ws/build/nav_motor_pkg' returned '0': CMAKE_PREFIX_PATH=${CMAKE_PREFIX_PATH}:/home/crashlab/robot_ws/install/nav_bringup:/home/crashlab/robot_ws/install/json_data:/home/crashlab/robot_ws/install/coordination:/opt/ros/humble /usr/bin/cmake --install /home/crashlab/robot_ws/build/nav_motor_pkg
