[0.076s] Invoking command in '/home/crashlab/robot_ws/build/untitled_description': CMAKE_PREFIX_PATH=${CMAKE_PREFIX_PATH}:/home/crashlab/robot_ws/install/nav_bringup:/home/crashlab/robot_ws/install/json_data:/opt/ros/humble /usr/bin/cmake --build /home/crashlab/robot_ws/build/untitled_description -- -j4 -l4
[0.348s] Invoked command in '/home/crashlab/robot_ws/build/untitled_description' returned '0': CMAKE_PREFIX_PATH=${CMAKE_PREFIX_PATH}:/home/crashlab/robot_ws/install/nav_bringup:/home/crashlab/robot_ws/install/json_data:/opt/ros/humble /usr/bin/cmake --build /home/crashlab/robot_ws/build/untitled_description -- -j4 -l4
[0.350s] Invoking command in '/home/crashlab/robot_ws/build/untitled_description': CMAKE_PREFIX_PATH=${CMAKE_PREFIX_PATH}:/home/crashlab/robot_ws/install/nav_bringup:/home/crashlab/robot_ws/install/json_data:/opt/ros/humble /usr/bin/cmake --install /home/crashlab/robot_ws/build/untitled_description
[0.388s] -- Install configuration: ""
[0.391s] -- Execute custom install script
[0.394s] -- Up-to-date symlink: /home/crashlab/robot_ws/install/untitled_description/share/untitled_description//launch/display.launch.py
[0.395s] -- Up-to-date symlink: /home/crashlab/robot_ws/install/untitled_description/share/untitled_description//launch/dynamic_transform_publisher.py
[0.396s] -- Up-to-date symlink: /home/crashlab/robot_ws/install/untitled_description/share/untitled_description//launch/gazebo.launch.py
[0.397s] -- Up-to-date symlink: /home/crashlab/robot_ws/install/untitled_description/share/untitled_description//launch/navigation.launch.py
[0.398s] -- Up-to-date symlink: /home/crashlab/robot_ws/install/untitled_description/share/untitled_description//launch/rviz.launch.py
[0.399s] -- Up-to-date symlink: /home/crashlab/robot_ws/install/untitled_description/share/untitled_description//launch/sim.launch.py
[0.401s] -- Up-to-date symlink: /home/crashlab/robot_ws/install/untitled_description/share/untitled_description//meshes/Caster_Wheel_1.stl
[0.402s] -- Up-to-date symlink: /home/crashlab/robot_ws/install/untitled_description/share/untitled_description//meshes/Caster_Wheel_out_1.stl
[0.403s] -- Up-to-date symlink: /home/crashlab/robot_ws/install/untitled_description/share/untitled_description//meshes/Left_Wheel_1.stl
[0.404s] -- Up-to-date symlink: /home/crashlab/robot_ws/install/untitled_description/share/untitled_description//meshes/Right_Wheel_1.stl
[0.405s] -- Up-to-date symlink: /home/crashlab/robot_ws/install/untitled_description/share/untitled_description//meshes/base_link.stl
[0.407s] -- Up-to-date symlink: /home/crashlab/robot_ws/install/untitled_description/share/untitled_description//urdf/gazebo.xacro
[0.408s] -- Up-to-date symlink: /home/crashlab/robot_ws/install/untitled_description/share/untitled_description//urdf/lidar.xacro
[0.409s] -- Up-to-date symlink: /home/crashlab/robot_ws/install/untitled_description/share/untitled_description//urdf/materials.xacro
[0.410s] -- Up-to-date symlink: /home/crashlab/robot_ws/install/untitled_description/share/untitled_description//urdf/untitled.gazebo
[0.411s] -- Up-to-date symlink: /home/crashlab/robot_ws/install/untitled_description/share/untitled_description//urdf/untitled.trans
[0.412s] -- Up-to-date symlink: /home/crashlab/robot_ws/install/untitled_description/share/untitled_description//urdf/untitled.xacro
[0.414s] -- Up-to-date symlink: /home/crashlab/robot_ws/install/untitled_description/share/untitled_description//config/display.rviz
[0.414s] -- Up-to-date symlink: /home/crashlab/robot_ws/install/untitled_description/share/untitled_description//config/mapper_params_online_async.yaml
[0.415s] -- Up-to-date symlink: /home/crashlab/robot_ws/install/untitled_description/share/untitled_description//config/nav2_params.yaml
[0.424s] -- Up-to-date symlink: /home/crashlab/robot_ws/install/untitled_description/share/untitled_description//config/rjrj.rviz
[0.426s] -- Up-to-date symlink: /home/crashlab/robot_ws/install/untitled_description/share/untitled_description//config/twist_mux.yaml
[0.427s] -- Up-to-date symlink: /home/crashlab/robot_ws/install/untitled_description/share/ament_index/resource_index/package_run_dependencies/untitled_description
[0.427s] -- Up-to-date symlink: /home/crashlab/robot_ws/install/untitled_description/share/ament_index/resource_index/parent_prefix_path/untitled_description
[0.428s] -- Up-to-date symlink: /home/crashlab/robot_ws/install/untitled_description/share/untitled_description/environment/ament_prefix_path.sh
[0.429s] -- Up-to-date symlink: /home/crashlab/robot_ws/install/untitled_description/share/untitled_description/environment/ament_prefix_path.dsv
[0.430s] -- Up-to-date symlink: /home/crashlab/robot_ws/install/untitled_description/share/untitled_description/environment/path.sh
[0.430s] -- Up-to-date symlink: /home/crashlab/robot_ws/install/untitled_description/share/untitled_description/environment/path.dsv
[0.431s] -- Up-to-date symlink: /home/crashlab/robot_ws/install/untitled_description/share/untitled_description/local_setup.bash
[0.431s] -- Up-to-date symlink: /home/crashlab/robot_ws/install/untitled_description/share/untitled_description/local_setup.sh
[0.432s] -- Up-to-date symlink: /home/crashlab/robot_ws/install/untitled_description/share/untitled_description/local_setup.zsh
[0.433s] -- Up-to-date symlink: /home/crashlab/robot_ws/install/untitled_description/share/untitled_description/local_setup.dsv
[0.434s] -- Symlinking: /home/crashlab/robot_ws/install/untitled_description/share/untitled_description/package.dsv
[0.490s] -- Up-to-date symlink: /home/crashlab/robot_ws/install/untitled_description/share/ament_index/resource_index/packages/untitled_description
[0.492s] -- Up-to-date symlink: /home/crashlab/robot_ws/install/untitled_description/share/untitled_description/cmake/untitled_descriptionConfig.cmake
[0.493s] -- Up-to-date symlink: /home/crashlab/robot_ws/install/untitled_description/share/untitled_description/cmake/untitled_descriptionConfig-version.cmake
[0.494s] -- Up-to-date symlink: /home/crashlab/robot_ws/install/untitled_description/share/untitled_description/package.xml
[0.510s] Invoked command in '/home/crashlab/robot_ws/build/untitled_description' returned '0': CMAKE_PREFIX_PATH=${CMAKE_PREFIX_PATH}:/home/crashlab/robot_ws/install/nav_bringup:/home/crashlab/robot_ws/install/json_data:/opt/ros/humble /usr/bin/cmake --install /home/crashlab/robot_ws/build/untitled_description
