[2.870s] Invoking command in '/home/crashlab/robot_ws/build/nav_motor_pkg': CMAKE_PREFIX_PATH=${CMAKE_PREFIX_PATH}:/home/crashlab/robot_ws/install/nav_bringup:/home/crashlab/robot_ws/install/json_data:/opt/ros/humble /usr/bin/cmake --build /home/crashlab/robot_ws/build/nav_motor_pkg -- -j4 -l4
[3.252s] [ 25%] Built target pid_gain_publisher
[3.324s] [ 50%] Built target motor_util
[3.541s] [ 75%] Built target test_running_node
[3.591s] [100%] Built target motor_run_node
[3.651s] Invoked command in '/home/crashlab/robot_ws/build/nav_motor_pkg' returned '0': CMAKE_PREFIX_PATH=${CMAKE_PREFIX_PATH}:/home/crashlab/robot_ws/install/nav_bringup:/home/crashlab/robot_ws/install/json_data:/opt/ros/humble /usr/bin/cmake --build /home/crashlab/robot_ws/build/nav_motor_pkg -- -j4 -l4
[3.697s] Invoking command in '/home/crashlab/robot_ws/build/nav_motor_pkg': CMAKE_PREFIX_PATH=${CMAKE_PREFIX_PATH}:/home/crashlab/robot_ws/install/nav_bringup:/home/crashlab/robot_ws/install/json_data:/opt/ros/humble /usr/bin/cmake --install /home/crashlab/robot_ws/build/nav_motor_pkg
[3.733s] -- Install configuration: ""
[3.735s] -- Execute custom install script
[3.737s] -- Up-to-date symlink: /home/crashlab/robot_ws/install/nav_motor_pkg/lib/nav_motor_pkg/libmotor_util.a
[3.739s] -- Up-to-date symlink: /home/crashlab/robot_ws/install/nav_motor_pkg/lib/nav_motor_pkg/motor_run_node
[3.740s] -- Up-to-date symlink: /home/crashlab/robot_ws/install/nav_motor_pkg/lib/nav_motor_pkg/test_running_node
[3.741s] -- Up-to-date symlink: /home/crashlab/robot_ws/install/nav_motor_pkg/lib/nav_motor_pkg/pid_gain_publisher
[3.743s] -- Up-to-date symlink: /home/crashlab/robot_ws/install/nav_motor_pkg/share/ament_index/resource_index/package_run_dependencies/nav_motor_pkg
[3.744s] -- Up-to-date symlink: /home/crashlab/robot_ws/install/nav_motor_pkg/share/ament_index/resource_index/parent_prefix_path/nav_motor_pkg
[3.746s] -- Up-to-date symlink: /home/crashlab/robot_ws/install/nav_motor_pkg/share/nav_motor_pkg/environment/ament_prefix_path.sh
[3.747s] -- Up-to-date symlink: /home/crashlab/robot_ws/install/nav_motor_pkg/share/nav_motor_pkg/environment/ament_prefix_path.dsv
[3.748s] -- Up-to-date symlink: /home/crashlab/robot_ws/install/nav_motor_pkg/share/nav_motor_pkg/environment/path.sh
[3.750s] -- Up-to-date symlink: /home/crashlab/robot_ws/install/nav_motor_pkg/share/nav_motor_pkg/environment/path.dsv
[3.751s] -- Up-to-date symlink: /home/crashlab/robot_ws/install/nav_motor_pkg/share/nav_motor_pkg/local_setup.bash
[3.752s] -- Up-to-date symlink: /home/crashlab/robot_ws/install/nav_motor_pkg/share/nav_motor_pkg/local_setup.sh
[3.754s] -- Up-to-date symlink: /home/crashlab/robot_ws/install/nav_motor_pkg/share/nav_motor_pkg/local_setup.zsh
[3.755s] -- Up-to-date symlink: /home/crashlab/robot_ws/install/nav_motor_pkg/share/nav_motor_pkg/local_setup.dsv
[3.756s] -- Symlinking: /home/crashlab/robot_ws/install/nav_motor_pkg/share/nav_motor_pkg/package.dsv
[3.800s] -- Up-to-date symlink: /home/crashlab/robot_ws/install/nav_motor_pkg/share/ament_index/resource_index/packages/nav_motor_pkg
[3.802s] -- Up-to-date symlink: /home/crashlab/robot_ws/install/nav_motor_pkg/share/nav_motor_pkg/cmake/nav_motor_pkgConfig.cmake
[3.804s] -- Up-to-date symlink: /home/crashlab/robot_ws/install/nav_motor_pkg/share/nav_motor_pkg/cmake/nav_motor_pkgConfig-version.cmake
[3.806s] -- Up-to-date symlink: /home/crashlab/robot_ws/install/nav_motor_pkg/share/nav_motor_pkg/package.xml
[3.826s] Invoked command in '/home/crashlab/robot_ws/build/nav_motor_pkg' returned '0': CMAKE_PREFIX_PATH=${CMAKE_PREFIX_PATH}:/home/crashlab/robot_ws/install/nav_bringup:/home/crashlab/robot_ws/install/json_data:/opt/ros/humble /usr/bin/cmake --install /home/crashlab/robot_ws/build/nav_motor_pkg
