[0.071s] Invoking command in '/home/crashlab/robot_ws/build/untitled_description': CMAKE_PREFIX_PATH=${CMAKE_PREFIX_PATH}:/home/crashlab/robot_ws/install/nav_bringup:/home/crashlab/robot_ws/install/json_data:/home/crashlab/robot_ws/install/coordination:/opt/ros/humble /usr/bin/cmake --build /home/crashlab/robot_ws/build/untitled_description -- -j4 -l4
[0.960s] Invoked command in '/home/crashlab/robot_ws/build/untitled_description' returned '0': CMAKE_PREFIX_PATH=${CMAKE_PREFIX_PATH}:/home/crashlab/robot_ws/install/nav_bringup:/home/crashlab/robot_ws/install/json_data:/home/crashlab/robot_ws/install/coordination:/opt/ros/humble /usr/bin/cmake --build /home/crashlab/robot_ws/build/untitled_description -- -j4 -l4
[0.971s] Invoking command in '/home/crashlab/robot_ws/build/untitled_description': CMAKE_PREFIX_PATH=${CMAKE_PREFIX_PATH}:/home/crashlab/robot_ws/install/nav_bringup:/home/crashlab/robot_ws/install/json_data:/home/crashlab/robot_ws/install/coordination:/opt/ros/humble /usr/bin/cmake --install /home/crashlab/robot_ws/build/untitled_description
[1.113s] -- Install configuration: ""
[1.131s] -- Execute custom install script
[1.136s] -- Up-to-date symlink: /home/crashlab/robot_ws/install/untitled_description/share/untitled_description//launch/display.launch.py
[1.140s] -- Up-to-date symlink: /home/crashlab/robot_ws/install/untitled_description/share/untitled_description//launch/dynamic_transform_publisher.py
[1.140s] -- Up-to-date symlink: /home/crashlab/robot_ws/install/untitled_description/share/untitled_description//launch/gazebo.launch.py
[1.154s] -- Up-to-date symlink: /home/crashlab/robot_ws/install/untitled_description/share/untitled_description//launch/navigation.launch.py
[1.160s] -- Up-to-date symlink: /home/crashlab/robot_ws/install/untitled_description/share/untitled_description//launch/rviz.launch.py
[1.165s] -- Up-to-date symlink: /home/crashlab/robot_ws/install/untitled_description/share/untitled_description//launch/sim.launch.py
[1.173s] -- Up-to-date symlink: /home/crashlab/robot_ws/install/untitled_description/share/untitled_description//meshes/Caster_Wheel_1.stl
[1.185s] -- Up-to-date symlink: /home/crashlab/robot_ws/install/untitled_description/share/untitled_description//meshes/Caster_Wheel_out_1.stl
[1.185s] -- Up-to-date symlink: /home/crashlab/robot_ws/install/untitled_description/share/untitled_description//meshes/Left_Wheel_1.stl
[1.192s] -- Up-to-date symlink: /home/crashlab/robot_ws/install/untitled_description/share/untitled_description//meshes/Right_Wheel_1.stl
[1.192s] -- Up-to-date symlink: /home/crashlab/robot_ws/install/untitled_description/share/untitled_description//meshes/base_link.stl
[1.194s] -- Up-to-date symlink: /home/crashlab/robot_ws/install/untitled_description/share/untitled_description//urdf/gazebo.xacro
[1.210s] -- Up-to-date symlink: /home/crashlab/robot_ws/install/untitled_description/share/untitled_description//urdf/lidar.xacro
[1.211s] -- Up-to-date symlink: /home/crashlab/robot_ws/install/untitled_description/share/untitled_description//urdf/materials.xacro
[1.214s] -- Up-to-date symlink: /home/crashlab/robot_ws/install/untitled_description/share/untitled_description//urdf/untitled.gazebo
[1.216s] -- Up-to-date symlink: /home/crashlab/robot_ws/install/untitled_description/share/untitled_description//urdf/untitled.trans
[1.217s] -- Up-to-date symlink: /home/crashlab/robot_ws/install/untitled_description/share/untitled_description//urdf/untitled.xacro
[1.218s] -- Up-to-date symlink: /home/crashlab/robot_ws/install/untitled_description/share/untitled_description//config/display.rviz
[1.233s] -- Up-to-date symlink: /home/crashlab/robot_ws/install/untitled_description/share/untitled_description//config/mapper_params_online_async.yaml
[1.234s] -- Up-to-date symlink: /home/crashlab/robot_ws/install/untitled_description/share/untitled_description//config/nav2_params.yaml
[1.235s] -- Up-to-date symlink: /home/crashlab/robot_ws/install/untitled_description/share/untitled_description//config/rjrj.rviz
[1.284s] -- Up-to-date symlink: /home/crashlab/robot_ws/install/untitled_description/share/untitled_description//config/twist_mux.yaml
[1.314s] -- Up-to-date symlink: /home/crashlab/robot_ws/install/untitled_description/share/ament_index/resource_index/package_run_dependencies/untitled_description
[1.318s] -- Up-to-date symlink: /home/crashlab/robot_ws/install/untitled_description/share/ament_index/resource_index/parent_prefix_path/untitled_description
[1.320s] -- Up-to-date symlink: /home/crashlab/robot_ws/install/untitled_description/share/untitled_description/environment/ament_prefix_path.sh
[1.329s] -- Up-to-date symlink: /home/crashlab/robot_ws/install/untitled_description/share/untitled_description/environment/ament_prefix_path.dsv
[1.331s] -- Up-to-date symlink: /home/crashlab/robot_ws/install/untitled_description/share/untitled_description/environment/path.sh
[1.337s] -- Up-to-date symlink: /home/crashlab/robot_ws/install/untitled_description/share/untitled_description/environment/path.dsv
[1.339s] -- Up-to-date symlink: /home/crashlab/robot_ws/install/untitled_description/share/untitled_description/local_setup.bash
[1.365s] -- Up-to-date symlink: /home/crashlab/robot_ws/install/untitled_description/share/untitled_description/local_setup.sh
[1.366s] -- Up-to-date symlink: /home/crashlab/robot_ws/install/untitled_description/share/untitled_description/local_setup.zsh
[1.366s] -- Up-to-date symlink: /home/crashlab/robot_ws/install/untitled_description/share/untitled_description/local_setup.dsv
[1.377s] -- Symlinking: /home/crashlab/robot_ws/install/untitled_description/share/untitled_description/package.dsv
[1.379s] -- Up-to-date symlink: /home/crashlab/robot_ws/install/untitled_description/share/ament_index/resource_index/packages/untitled_description
[1.389s] -- Up-to-date symlink: /home/crashlab/robot_ws/install/untitled_description/share/untitled_description/cmake/untitled_descriptionConfig.cmake
[1.392s] -- Up-to-date symlink: /home/crashlab/robot_ws/install/untitled_description/share/untitled_description/cmake/untitled_descriptionConfig-version.cmake
[1.395s] -- Up-to-date symlink: /home/crashlab/robot_ws/install/untitled_description/share/untitled_description/package.xml
[1.399s] Invoked command in '/home/crashlab/robot_ws/build/untitled_description' returned '0': CMAKE_PREFIX_PATH=${CMAKE_PREFIX_PATH}:/home/crashlab/robot_ws/install/nav_bringup:/home/crashlab/robot_ws/install/json_data:/home/crashlab/robot_ws/install/coordination:/opt/ros/humble /usr/bin/cmake --install /home/crashlab/robot_ws/build/untitled_description
