running develop
running egg_info
creating json_data.egg-info
writing json_data.egg-info/PKG-INFO
writing dependency_links to json_data.egg-info/dependency_links.txt
writing entry points to json_data.egg-info/entry_points.txt
writing requirements to json_data.egg-info/requires.txt
writing top-level names to json_data.egg-info/top_level.txt
writing manifest file 'json_data.egg-info/SOURCES.txt'
reading manifest file 'json_data.egg-info/SOURCES.txt'
writing manifest file 'json_data.egg-info/SOURCES.txt'
running build_ext
Creating /home/crashlab/robot_ws/install/json_data/lib/python3.10/site-packages/json-data.egg-link (link to .)
Installing publisher script to /home/crashlab/robot_ws/install/json_data/lib/json_data

Installed /home/crashlab/robot_ws/build/json_data
running symlink_data
creating /home/crashlab/robot_ws/install/json_data/share/ament_index
creating /home/crashlab/robot_ws/install/json_data/share/ament_index/resource_index
creating /home/crashlab/robot_ws/install/json_data/share/ament_index/resource_index/packages
symbolically linking /home/crashlab/robot_ws/build/json_data/resource/json_data -> /home/crashlab/robot_ws/install/json_data/share/ament_index/resource_index/packages
symbolically linking /home/crashlab/robot_ws/build/json_data/package.xml -> /home/crashlab/robot_ws/install/json_data/share/json_data
symbolically linking /home/crashlab/robot_ws/build/json_data/receive_data.json -> /home/crashlab/robot_ws/install/json_data/share/json_data
