[8.541s] Invoking command in '/home/crashlab/robot_ws/build/json_data': PYTHONPATH=/home/crashlab/robot_ws/build/json_data/prefix_override:/usr/lib/python3/dist-packages/colcon_core/task/python/colcon_distutils_commands:/home/crashlab/robot_ws/install/json_data/lib/python3.10/site-packages:${PYTHONPATH} /usr/bin/python3 -W ignore:setup.py install is deprecated -W ignore:easy_install command is deprecated setup.py develop --editable --build-directory /home/crashlab/robot_ws/build/json_data/build --no-deps symlink_data
[11.327s] running develop
[13.041s] running egg_info
[13.042s] creating json_data.egg-info
[13.043s] writing json_data.egg-info/PKG-INFO
[13.044s] writing dependency_links to json_data.egg-info/dependency_links.txt
[13.044s] writing entry points to json_data.egg-info/entry_points.txt
[13.045s] writing requirements to json_data.egg-info/requires.txt
[13.046s] writing top-level names to json_data.egg-info/top_level.txt
[13.046s] writing manifest file 'json_data.egg-info/SOURCES.txt'
[13.058s] reading manifest file 'json_data.egg-info/SOURCES.txt'
[13.066s] writing manifest file 'json_data.egg-info/SOURCES.txt'
[13.072s] running build_ext
[13.074s] Creating /home/crashlab/robot_ws/install/json_data/lib/python3.10/site-packages/json-data.egg-link (link to .)
[13.094s] Installing publisher script to /home/crashlab/robot_ws/install/json_data/lib/json_data
[13.094s] 
[13.095s] Installed /home/crashlab/robot_ws/build/json_data
[13.096s] running symlink_data
[13.097s] creating /home/crashlab/robot_ws/install/json_data/share/ament_index
[13.097s] creating /home/crashlab/robot_ws/install/json_data/share/ament_index/resource_index
[13.098s] creating /home/crashlab/robot_ws/install/json_data/share/ament_index/resource_index/packages
[13.098s] symbolically linking /home/crashlab/robot_ws/build/json_data/resource/json_data -> /home/crashlab/robot_ws/install/json_data/share/ament_index/resource_index/packages
[13.099s] symbolically linking /home/crashlab/robot_ws/build/json_data/package.xml -> /home/crashlab/robot_ws/install/json_data/share/json_data
[13.099s] symbolically linking /home/crashlab/robot_ws/build/json_data/receive_data.json -> /home/crashlab/robot_ws/install/json_data/share/json_data
[13.623s] Invoked command in '/home/crashlab/robot_ws/build/json_data' returned '0': PYTHONPATH=/home/crashlab/robot_ws/build/json_data/prefix_override:/usr/lib/python3/dist-packages/colcon_core/task/python/colcon_distutils_commands:/home/crashlab/robot_ws/install/json_data/lib/python3.10/site-packages:${PYTHONPATH} /usr/bin/python3 -W ignore:setup.py install is deprecated -W ignore:easy_install command is deprecated setup.py develop --editable --build-directory /home/crashlab/robot_ws/build/json_data/build --no-deps symlink_data
