[2.682s] DEBUG:colcon:Command line arguments: ['/usr/bin/colcon', 'build', '--symlink-install']
[2.683s] DEBUG:colcon:Parsed command line arguments: Namespace(log_base=None, log_level=None, verb_name='build', build_base='build', install_base='install', merge_install=False, symlink_install=True, test_result_base=None, continue_on_error=False, executor='parallel', parallel_workers=4, event_handlers=None, ignore_user_meta=False, metas=['./colcon.meta'], base_paths=['.'], packages_ignore=None, packages_ignore_regex=None, paths=None, packages_up_to=None, packages_up_to_regex=None, packages_above=None, packages_above_and_dependencies=None, packages_above_depth=None, packages_select_by_dep=None, packages_skip_by_dep=None, packages_skip_up_to=None, packages_select_build_failed=False, packages_skip_build_finished=False, packages_select_test_failures=False, packages_skip_test_passed=False, packages_select=None, packages_skip=None, packages_select_regex=None, packages_skip_regex=None, packages_start=None, packages_end=None, allow_overriding=[], cmake_args=None, cmake_target=None, cmake_target_skip_unavailable=False, cmake_clean_cache=False, cmake_clean_first=False, cmake_force_configure=False, ament_cmake_args=None, catkin_cmake_args=None, catkin_skip_building_tests=False, mixin_files=None, mixin=None, verb_parser=<colcon_mixin.mixin.mixin_argument.MixinArgumentDecorator object at 0xffff8ab35e40>, verb_extension=<colcon_core.verb.build.BuildVerb object at 0xffff8ac2edd0>, main=<bound method BuildVerb.main of <colcon_core.verb.build.BuildVerb object at 0xffff8ac2edd0>>, mixin_verb=('build',))
[9.301s] Level 1:colcon.colcon_core.package_discovery:discover_packages(colcon_meta) check parameters
[9.302s] Level 1:colcon.colcon_core.package_discovery:discover_packages(recursive) check parameters
[9.303s] Level 1:colcon.colcon_core.package_discovery:discover_packages(ignore) check parameters
[9.303s] Level 1:colcon.colcon_core.package_discovery:discover_packages(path) check parameters
[9.303s] Level 1:colcon.colcon_core.package_discovery:discover_packages(colcon_meta) discover
[9.304s] Level 1:colcon.colcon_core.package_discovery:discover_packages(recursive) discover
[9.304s] INFO:colcon.colcon_core.package_discovery:Crawling recursively for packages in '/home/crashlab/robot_ws'
[9.305s] Level 1:colcon.colcon_core.package_identification:_identify(.) by extensions ['ignore', 'ignore_ament_install']
[9.306s] Level 1:colcon.colcon_core.package_identification:_identify(.) by extension 'ignore'
[9.307s] Level 1:colcon.colcon_core.package_identification:_identify(.) by extension 'ignore_ament_install'
[9.308s] Level 1:colcon.colcon_core.package_identification:_identify(.) by extensions ['colcon_pkg']
[9.308s] Level 1:colcon.colcon_core.package_identification:_identify(.) by extension 'colcon_pkg'
[9.309s] Level 1:colcon.colcon_core.package_identification:_identify(.) by extensions ['colcon_meta']
[9.310s] Level 1:colcon.colcon_core.package_identification:_identify(.) by extension 'colcon_meta'
[9.311s] Level 1:colcon.colcon_core.package_identification:_identify(.) by extensions ['ros']
[9.311s] Level 1:colcon.colcon_core.package_identification:_identify(.) by extension 'ros'
[9.476s] Level 1:colcon.colcon_core.package_identification:_identify(.) by extensions ['cmake', 'python']
[9.477s] Level 1:colcon.colcon_core.package_identification:_identify(.) by extension 'cmake'
[9.477s] Level 1:colcon.colcon_core.package_identification:_identify(.) by extension 'python'
[9.478s] Level 1:colcon.colcon_core.package_identification:_identify(.) by extensions ['python_setup_py']
[9.483s] Level 1:colcon.colcon_core.package_identification:_identify(.) by extension 'python_setup_py'
[9.485s] Level 1:colcon.colcon_core.package_identification:_identify(build) by extensions ['ignore', 'ignore_ament_install']
[9.486s] Level 1:colcon.colcon_core.package_identification:_identify(build) by extension 'ignore'
[9.487s] Level 1:colcon.colcon_core.package_identification:_identify(build) ignored
[9.489s] Level 1:colcon.colcon_core.package_identification:_identify(install) by extensions ['ignore', 'ignore_ament_install']
[9.491s] Level 1:colcon.colcon_core.package_identification:_identify(install) by extension 'ignore'
[9.491s] Level 1:colcon.colcon_core.package_identification:_identify(install) ignored
[9.493s] Level 1:colcon.colcon_core.package_identification:_identify(log) by extensions ['ignore', 'ignore_ament_install']
[9.494s] Level 1:colcon.colcon_core.package_identification:_identify(log) by extension 'ignore'
[9.495s] Level 1:colcon.colcon_core.package_identification:_identify(log) ignored
[9.496s] Level 1:colcon.colcon_core.package_identification:_identify(src) by extensions ['ignore', 'ignore_ament_install']
[9.497s] Level 1:colcon.colcon_core.package_identification:_identify(src) by extension 'ignore'
[9.497s] Level 1:colcon.colcon_core.package_identification:_identify(src) by extension 'ignore_ament_install'
[9.502s] Level 1:colcon.colcon_core.package_identification:_identify(src) by extensions ['colcon_pkg']
[9.503s] Level 1:colcon.colcon_core.package_identification:_identify(src) by extension 'colcon_pkg'
[9.503s] Level 1:colcon.colcon_core.package_identification:_identify(src) by extensions ['colcon_meta']
[9.504s] Level 1:colcon.colcon_core.package_identification:_identify(src) by extension 'colcon_meta'
[9.504s] Level 1:colcon.colcon_core.package_identification:_identify(src) by extensions ['ros']
[9.504s] Level 1:colcon.colcon_core.package_identification:_identify(src) by extension 'ros'
[9.505s] Level 1:colcon.colcon_core.package_identification:_identify(src) by extensions ['cmake', 'python']
[9.506s] Level 1:colcon.colcon_core.package_identification:_identify(src) by extension 'cmake'
[9.507s] Level 1:colcon.colcon_core.package_identification:_identify(src) by extension 'python'
[9.507s] Level 1:colcon.colcon_core.package_identification:_identify(src) by extensions ['python_setup_py']
[9.508s] Level 1:colcon.colcon_core.package_identification:_identify(src) by extension 'python_setup_py'
[9.509s] Level 1:colcon.colcon_core.package_identification:_identify(src/YDLidar-SDK) by extensions ['ignore', 'ignore_ament_install']
[9.511s] Level 1:colcon.colcon_core.package_identification:_identify(src/YDLidar-SDK) by extension 'ignore'
[9.511s] Level 1:colcon.colcon_core.package_identification:_identify(src/YDLidar-SDK) by extension 'ignore_ament_install'
[9.512s] Level 1:colcon.colcon_core.package_identification:_identify(src/YDLidar-SDK) by extensions ['colcon_pkg']
[9.513s] Level 1:colcon.colcon_core.package_identification:_identify(src/YDLidar-SDK) by extension 'colcon_pkg'
[9.513s] Level 1:colcon.colcon_core.package_identification:_identify(src/YDLidar-SDK) by extensions ['colcon_meta']
[9.514s] Level 1:colcon.colcon_core.package_identification:_identify(src/YDLidar-SDK) by extension 'colcon_meta'
[9.518s] Level 1:colcon.colcon_core.package_identification:_identify(src/YDLidar-SDK) by extensions ['ros']
[9.519s] Level 1:colcon.colcon_core.package_identification:_identify(src/YDLidar-SDK) by extension 'ros'
[9.522s] Level 1:colcon.colcon_core.package_identification:_identify(src/YDLidar-SDK) by extensions ['cmake', 'python']
[9.523s] Level 1:colcon.colcon_core.package_identification:_identify(src/YDLidar-SDK) by extension 'cmake'
[9.742s] Level 1:colcon.colcon_core.package_identification:_identify(src/YDLidar-SDK) by extension 'python'
[9.743s] DEBUG:colcon.colcon_core.package_identification:Package 'src/YDLidar-SDK' with type 'cmake' and name 'ydlidar_sdk'
[9.744s] Level 1:colcon.colcon_core.package_identification:_identify(src/json_data) by extensions ['ignore', 'ignore_ament_install']
[9.745s] Level 1:colcon.colcon_core.package_identification:_identify(src/json_data) by extension 'ignore'
[9.745s] Level 1:colcon.colcon_core.package_identification:_identify(src/json_data) by extension 'ignore_ament_install'
[9.746s] Level 1:colcon.colcon_core.package_identification:_identify(src/json_data) by extensions ['colcon_pkg']
[9.747s] Level 1:colcon.colcon_core.package_identification:_identify(src/json_data) by extension 'colcon_pkg'
[9.747s] Level 1:colcon.colcon_core.package_identification:_identify(src/json_data) by extensions ['colcon_meta']
[9.748s] Level 1:colcon.colcon_core.package_identification:_identify(src/json_data) by extension 'colcon_meta'
[9.749s] Level 1:colcon.colcon_core.package_identification:_identify(src/json_data) by extensions ['ros']
[9.749s] Level 1:colcon.colcon_core.package_identification:_identify(src/json_data) by extension 'ros'
[9.799s] DEBUG:colcon.colcon_core.package_identification:Package 'src/json_data' with type 'ros.ament_python' and name 'json_data'
[9.801s] Level 1:colcon.colcon_core.package_identification:_identify(src/nav_motor_pkg) by extensions ['ignore', 'ignore_ament_install']
[9.803s] Level 1:colcon.colcon_core.package_identification:_identify(src/nav_motor_pkg) by extension 'ignore'
[9.804s] Level 1:colcon.colcon_core.package_identification:_identify(src/nav_motor_pkg) by extension 'ignore_ament_install'
[9.806s] Level 1:colcon.colcon_core.package_identification:_identify(src/nav_motor_pkg) by extensions ['colcon_pkg']
[9.807s] Level 1:colcon.colcon_core.package_identification:_identify(src/nav_motor_pkg) by extension 'colcon_pkg'
[9.808s] Level 1:colcon.colcon_core.package_identification:_identify(src/nav_motor_pkg) by extensions ['colcon_meta']
[9.809s] Level 1:colcon.colcon_core.package_identification:_identify(src/nav_motor_pkg) by extension 'colcon_meta'
[9.810s] Level 1:colcon.colcon_core.package_identification:_identify(src/nav_motor_pkg) by extensions ['ros']
[9.818s] Level 1:colcon.colcon_core.package_identification:_identify(src/nav_motor_pkg) by extension 'ros'
[9.838s] DEBUG:colcon.colcon_core.package_identification:Package 'src/nav_motor_pkg' with type 'ros.ament_cmake' and name 'nav_motor_pkg'
[9.840s] Level 1:colcon.colcon_core.package_identification:_identify(src/other_motor_pkg) by extensions ['ignore', 'ignore_ament_install']
[9.842s] Level 1:colcon.colcon_core.package_identification:_identify(src/other_motor_pkg) by extension 'ignore'
[9.844s] Level 1:colcon.colcon_core.package_identification:_identify(src/other_motor_pkg) by extension 'ignore_ament_install'
[9.846s] Level 1:colcon.colcon_core.package_identification:_identify(src/other_motor_pkg) by extensions ['colcon_pkg']
[9.853s] Level 1:colcon.colcon_core.package_identification:_identify(src/other_motor_pkg) by extension 'colcon_pkg'
[9.854s] Level 1:colcon.colcon_core.package_identification:_identify(src/other_motor_pkg) by extensions ['colcon_meta']
[9.854s] Level 1:colcon.colcon_core.package_identification:_identify(src/other_motor_pkg) by extension 'colcon_meta'
[9.855s] Level 1:colcon.colcon_core.package_identification:_identify(src/other_motor_pkg) by extensions ['ros']
[9.856s] Level 1:colcon.colcon_core.package_identification:_identify(src/other_motor_pkg) by extension 'ros'
[9.867s] DEBUG:colcon.colcon_core.package_identification:Package 'src/other_motor_pkg' with type 'ros.ament_cmake' and name 'other_motor_pkg'
[9.871s] Level 1:colcon.colcon_core.package_identification:_identify(src/tutorial_ros2_motor) by extensions ['ignore', 'ignore_ament_install']
[9.872s] Level 1:colcon.colcon_core.package_identification:_identify(src/tutorial_ros2_motor) by extension 'ignore'
[9.873s] Level 1:colcon.colcon_core.package_identification:_identify(src/tutorial_ros2_motor) by extension 'ignore_ament_install'
[9.874s] Level 1:colcon.colcon_core.package_identification:_identify(src/tutorial_ros2_motor) by extensions ['colcon_pkg']
[9.875s] Level 1:colcon.colcon_core.package_identification:_identify(src/tutorial_ros2_motor) by extension 'colcon_pkg'
[9.875s] Level 1:colcon.colcon_core.package_identification:_identify(src/tutorial_ros2_motor) by extensions ['colcon_meta']
[9.876s] Level 1:colcon.colcon_core.package_identification:_identify(src/tutorial_ros2_motor) by extension 'colcon_meta'
[9.876s] Level 1:colcon.colcon_core.package_identification:_identify(src/tutorial_ros2_motor) by extensions ['ros']
[9.877s] Level 1:colcon.colcon_core.package_identification:_identify(src/tutorial_ros2_motor) by extension 'ros'
[9.882s] DEBUG:colcon.colcon_core.package_identification:Package 'src/tutorial_ros2_motor' with type 'ros.ament_cmake' and name 'tutorial_ros2_motor'
[9.889s] Level 1:colcon.colcon_core.package_identification:_identify(src/untitled_description) by extensions ['ignore', 'ignore_ament_install']
[9.890s] Level 1:colcon.colcon_core.package_identification:_identify(src/untitled_description) by extension 'ignore'
[9.891s] Level 1:colcon.colcon_core.package_identification:_identify(src/untitled_description) by extension 'ignore_ament_install'
[9.892s] Level 1:colcon.colcon_core.package_identification:_identify(src/untitled_description) by extensions ['colcon_pkg']
[9.892s] Level 1:colcon.colcon_core.package_identification:_identify(src/untitled_description) by extension 'colcon_pkg'
[9.896s] Level 1:colcon.colcon_core.package_identification:_identify(src/untitled_description) by extensions ['colcon_meta']
[9.896s] Level 1:colcon.colcon_core.package_identification:_identify(src/untitled_description) by extension 'colcon_meta'
[9.901s] Level 1:colcon.colcon_core.package_identification:_identify(src/untitled_description) by extensions ['ros']
[9.901s] Level 1:colcon.colcon_core.package_identification:_identify(src/untitled_description) by extension 'ros'
[9.911s] DEBUG:colcon.colcon_core.package_identification:Package 'src/untitled_description' with type 'ros.ament_cmake' and name 'untitled_description'
[9.913s] Level 1:colcon.colcon_core.package_identification:_identify(src/ydlidar_ros2_driver_bs) by extensions ['ignore', 'ignore_ament_install']
[9.915s] Level 1:colcon.colcon_core.package_identification:_identify(src/ydlidar_ros2_driver_bs) by extension 'ignore'
[9.916s] Level 1:colcon.colcon_core.package_identification:_identify(src/ydlidar_ros2_driver_bs) by extension 'ignore_ament_install'
[9.917s] Level 1:colcon.colcon_core.package_identification:_identify(src/ydlidar_ros2_driver_bs) by extensions ['colcon_pkg']
[9.918s] Level 1:colcon.colcon_core.package_identification:_identify(src/ydlidar_ros2_driver_bs) by extension 'colcon_pkg'
[9.919s] Level 1:colcon.colcon_core.package_identification:_identify(src/ydlidar_ros2_driver_bs) by extensions ['colcon_meta']
[9.919s] Level 1:colcon.colcon_core.package_identification:_identify(src/ydlidar_ros2_driver_bs) by extension 'colcon_meta'
[9.920s] Level 1:colcon.colcon_core.package_identification:_identify(src/ydlidar_ros2_driver_bs) by extensions ['ros']
[9.921s] Level 1:colcon.colcon_core.package_identification:_identify(src/ydlidar_ros2_driver_bs) by extension 'ros'
[9.926s] DEBUG:colcon.colcon_core.package_identification:Package 'src/ydlidar_ros2_driver_bs' with type 'ros.ament_cmake' and name 'ydlidar_ros2_driver'
[9.926s] Level 1:colcon.colcon_core.package_discovery:discover_packages(recursive) using defaults
[9.927s] Level 1:colcon.colcon_core.package_discovery:discover_packages(ignore) discover
[9.927s] Level 1:colcon.colcon_core.package_discovery:discover_packages(ignore) using defaults
[9.927s] Level 1:colcon.colcon_core.package_discovery:discover_packages(path) discover
[9.928s] Level 1:colcon.colcon_core.package_discovery:discover_packages(path) using defaults
[10.466s] Level 1:colcon.colcon_core.package_discovery:discover_packages(prefix_path) check parameters
[10.467s] Level 1:colcon.colcon_core.package_discovery:discover_packages(prefix_path) discover
[10.531s] DEBUG:colcon.colcon_installed_package_information.package_discovery:Found 8 installed packages in /home/crashlab/robot_ws/install
[10.561s] DEBUG:colcon.colcon_installed_package_information.package_discovery:Found 320 installed packages in /opt/ros/humble
[10.571s] Level 1:colcon.colcon_core.package_discovery:discover_packages(prefix_path) using defaults
[11.428s] Level 5:colcon.colcon_core.verb:set package 'json_data' build argument 'cmake_args' from command line to 'None'
[11.429s] Level 5:colcon.colcon_core.verb:set package 'json_data' build argument 'cmake_target' from command line to 'None'
[11.431s] Level 5:colcon.colcon_core.verb:set package 'json_data' build argument 'cmake_target_skip_unavailable' from command line to 'False'
[11.432s] Level 5:colcon.colcon_core.verb:set package 'json_data' build argument 'cmake_clean_cache' from command line to 'False'
[11.433s] Level 5:colcon.colcon_core.verb:set package 'json_data' build argument 'cmake_clean_first' from command line to 'False'
[11.434s] Level 5:colcon.colcon_core.verb:set package 'json_data' build argument 'cmake_force_configure' from command line to 'False'
[11.434s] Level 5:colcon.colcon_core.verb:set package 'json_data' build argument 'ament_cmake_args' from command line to 'None'
[11.435s] Level 5:colcon.colcon_core.verb:set package 'json_data' build argument 'catkin_cmake_args' from command line to 'None'
[11.436s] Level 5:colcon.colcon_core.verb:set package 'json_data' build argument 'catkin_skip_building_tests' from command line to 'False'
[11.436s] DEBUG:colcon.colcon_core.verb:Building package 'json_data' with the following arguments: {'ament_cmake_args': None, 'build_base': '/home/crashlab/robot_ws/build/json_data', 'catkin_cmake_args': None, 'catkin_skip_building_tests': False, 'cmake_args': None, 'cmake_clean_cache': False, 'cmake_clean_first': False, 'cmake_force_configure': False, 'cmake_target': None, 'cmake_target_skip_unavailable': False, 'install_base': '/home/crashlab/robot_ws/install/json_data', 'merge_install': False, 'path': '/home/crashlab/robot_ws/src/json_data', 'symlink_install': True, 'test_result_base': None}
[11.439s] Level 5:colcon.colcon_core.verb:set package 'nav_motor_pkg' build argument 'cmake_args' from command line to 'None'
[11.440s] Level 5:colcon.colcon_core.verb:set package 'nav_motor_pkg' build argument 'cmake_target' from command line to 'None'
[11.441s] Level 5:colcon.colcon_core.verb:set package 'nav_motor_pkg' build argument 'cmake_target_skip_unavailable' from command line to 'False'
[11.441s] Level 5:colcon.colcon_core.verb:set package 'nav_motor_pkg' build argument 'cmake_clean_cache' from command line to 'False'
[11.441s] Level 5:colcon.colcon_core.verb:set package 'nav_motor_pkg' build argument 'cmake_clean_first' from command line to 'False'
[11.441s] Level 5:colcon.colcon_core.verb:set package 'nav_motor_pkg' build argument 'cmake_force_configure' from command line to 'False'
[11.442s] Level 5:colcon.colcon_core.verb:set package 'nav_motor_pkg' build argument 'ament_cmake_args' from command line to 'None'
[11.442s] Level 5:colcon.colcon_core.verb:set package 'nav_motor_pkg' build argument 'catkin_cmake_args' from command line to 'None'
[11.442s] Level 5:colcon.colcon_core.verb:set package 'nav_motor_pkg' build argument 'catkin_skip_building_tests' from command line to 'False'
[11.443s] DEBUG:colcon.colcon_core.verb:Building package 'nav_motor_pkg' with the following arguments: {'ament_cmake_args': None, 'build_base': '/home/crashlab/robot_ws/build/nav_motor_pkg', 'catkin_cmake_args': None, 'catkin_skip_building_tests': False, 'cmake_args': None, 'cmake_clean_cache': False, 'cmake_clean_first': False, 'cmake_force_configure': False, 'cmake_target': None, 'cmake_target_skip_unavailable': False, 'install_base': '/home/crashlab/robot_ws/install/nav_motor_pkg', 'merge_install': False, 'path': '/home/crashlab/robot_ws/src/nav_motor_pkg', 'symlink_install': True, 'test_result_base': None}
[11.446s] Level 5:colcon.colcon_core.verb:set package 'other_motor_pkg' build argument 'cmake_args' from command line to 'None'
[11.447s] Level 5:colcon.colcon_core.verb:set package 'other_motor_pkg' build argument 'cmake_target' from command line to 'None'
[11.448s] Level 5:colcon.colcon_core.verb:set package 'other_motor_pkg' build argument 'cmake_target_skip_unavailable' from command line to 'False'
[11.448s] Level 5:colcon.colcon_core.verb:set package 'other_motor_pkg' build argument 'cmake_clean_cache' from command line to 'False'
[11.449s] Level 5:colcon.colcon_core.verb:set package 'other_motor_pkg' build argument 'cmake_clean_first' from command line to 'False'
[11.450s] Level 5:colcon.colcon_core.verb:set package 'other_motor_pkg' build argument 'cmake_force_configure' from command line to 'False'
[11.450s] Level 5:colcon.colcon_core.verb:set package 'other_motor_pkg' build argument 'ament_cmake_args' from command line to 'None'
[11.450s] Level 5:colcon.colcon_core.verb:set package 'other_motor_pkg' build argument 'catkin_cmake_args' from command line to 'None'
[11.452s] Level 5:colcon.colcon_core.verb:set package 'other_motor_pkg' build argument 'catkin_skip_building_tests' from command line to 'False'
[11.453s] DEBUG:colcon.colcon_core.verb:Building package 'other_motor_pkg' with the following arguments: {'ament_cmake_args': None, 'build_base': '/home/crashlab/robot_ws/build/other_motor_pkg', 'catkin_cmake_args': None, 'catkin_skip_building_tests': False, 'cmake_args': None, 'cmake_clean_cache': False, 'cmake_clean_first': False, 'cmake_force_configure': False, 'cmake_target': None, 'cmake_target_skip_unavailable': False, 'install_base': '/home/crashlab/robot_ws/install/other_motor_pkg', 'merge_install': False, 'path': '/home/crashlab/robot_ws/src/other_motor_pkg', 'symlink_install': True, 'test_result_base': None}
[11.460s] Level 5:colcon.colcon_core.verb:set package 'tutorial_ros2_motor' build argument 'cmake_args' from command line to 'None'
[11.461s] Level 5:colcon.colcon_core.verb:set package 'tutorial_ros2_motor' build argument 'cmake_target' from command line to 'None'
[11.462s] Level 5:colcon.colcon_core.verb:set package 'tutorial_ros2_motor' build argument 'cmake_target_skip_unavailable' from command line to 'False'
[11.463s] Level 5:colcon.colcon_core.verb:set package 'tutorial_ros2_motor' build argument 'cmake_clean_cache' from command line to 'False'
[11.464s] Level 5:colcon.colcon_core.verb:set package 'tutorial_ros2_motor' build argument 'cmake_clean_first' from command line to 'False'
[11.465s] Level 5:colcon.colcon_core.verb:set package 'tutorial_ros2_motor' build argument 'cmake_force_configure' from command line to 'False'
[11.465s] Level 5:colcon.colcon_core.verb:set package 'tutorial_ros2_motor' build argument 'ament_cmake_args' from command line to 'None'
[11.467s] Level 5:colcon.colcon_core.verb:set package 'tutorial_ros2_motor' build argument 'catkin_cmake_args' from command line to 'None'
[11.468s] Level 5:colcon.colcon_core.verb:set package 'tutorial_ros2_motor' build argument 'catkin_skip_building_tests' from command line to 'False'
[11.468s] DEBUG:colcon.colcon_core.verb:Building package 'tutorial_ros2_motor' with the following arguments: {'ament_cmake_args': None, 'build_base': '/home/crashlab/robot_ws/build/tutorial_ros2_motor', 'catkin_cmake_args': None, 'catkin_skip_building_tests': False, 'cmake_args': None, 'cmake_clean_cache': False, 'cmake_clean_first': False, 'cmake_force_configure': False, 'cmake_target': None, 'cmake_target_skip_unavailable': False, 'install_base': '/home/crashlab/robot_ws/install/tutorial_ros2_motor', 'merge_install': False, 'path': '/home/crashlab/robot_ws/src/tutorial_ros2_motor', 'symlink_install': True, 'test_result_base': None}
[11.472s] Level 5:colcon.colcon_core.verb:set package 'untitled_description' build argument 'cmake_args' from command line to 'None'
[11.473s] Level 5:colcon.colcon_core.verb:set package 'untitled_description' build argument 'cmake_target' from command line to 'None'
[11.474s] Level 5:colcon.colcon_core.verb:set package 'untitled_description' build argument 'cmake_target_skip_unavailable' from command line to 'False'
[11.475s] Level 5:colcon.colcon_core.verb:set package 'untitled_description' build argument 'cmake_clean_cache' from command line to 'False'
[11.476s] Level 5:colcon.colcon_core.verb:set package 'untitled_description' build argument 'cmake_clean_first' from command line to 'False'
[11.476s] Level 5:colcon.colcon_core.verb:set package 'untitled_description' build argument 'cmake_force_configure' from command line to 'False'
[11.476s] Level 5:colcon.colcon_core.verb:set package 'untitled_description' build argument 'ament_cmake_args' from command line to 'None'
[11.477s] Level 5:colcon.colcon_core.verb:set package 'untitled_description' build argument 'catkin_cmake_args' from command line to 'None'
[11.477s] Level 5:colcon.colcon_core.verb:set package 'untitled_description' build argument 'catkin_skip_building_tests' from command line to 'False'
[11.478s] DEBUG:colcon.colcon_core.verb:Building package 'untitled_description' with the following arguments: {'ament_cmake_args': None, 'build_base': '/home/crashlab/robot_ws/build/untitled_description', 'catkin_cmake_args': None, 'catkin_skip_building_tests': False, 'cmake_args': None, 'cmake_clean_cache': False, 'cmake_clean_first': False, 'cmake_force_configure': False, 'cmake_target': None, 'cmake_target_skip_unavailable': False, 'install_base': '/home/crashlab/robot_ws/install/untitled_description', 'merge_install': False, 'path': '/home/crashlab/robot_ws/src/untitled_description', 'symlink_install': True, 'test_result_base': None}
[11.483s] Level 5:colcon.colcon_core.verb:set package 'ydlidar_ros2_driver' build argument 'cmake_args' from command line to 'None'
[11.483s] Level 5:colcon.colcon_core.verb:set package 'ydlidar_ros2_driver' build argument 'cmake_target' from command line to 'None'
[11.484s] Level 5:colcon.colcon_core.verb:set package 'ydlidar_ros2_driver' build argument 'cmake_target_skip_unavailable' from command line to 'False'
[11.485s] Level 5:colcon.colcon_core.verb:set package 'ydlidar_ros2_driver' build argument 'cmake_clean_cache' from command line to 'False'
[11.485s] Level 5:colcon.colcon_core.verb:set package 'ydlidar_ros2_driver' build argument 'cmake_clean_first' from command line to 'False'
[11.485s] Level 5:colcon.colcon_core.verb:set package 'ydlidar_ros2_driver' build argument 'cmake_force_configure' from command line to 'False'
[11.486s] Level 5:colcon.colcon_core.verb:set package 'ydlidar_ros2_driver' build argument 'ament_cmake_args' from command line to 'None'
[11.486s] Level 5:colcon.colcon_core.verb:set package 'ydlidar_ros2_driver' build argument 'catkin_cmake_args' from command line to 'None'
[11.486s] Level 5:colcon.colcon_core.verb:set package 'ydlidar_ros2_driver' build argument 'catkin_skip_building_tests' from command line to 'False'
[11.487s] DEBUG:colcon.colcon_core.verb:Building package 'ydlidar_ros2_driver' with the following arguments: {'ament_cmake_args': None, 'build_base': '/home/crashlab/robot_ws/build/ydlidar_ros2_driver', 'catkin_cmake_args': None, 'catkin_skip_building_tests': False, 'cmake_args': None, 'cmake_clean_cache': False, 'cmake_clean_first': False, 'cmake_force_configure': False, 'cmake_target': None, 'cmake_target_skip_unavailable': False, 'install_base': '/home/crashlab/robot_ws/install/ydlidar_ros2_driver', 'merge_install': False, 'path': '/home/crashlab/robot_ws/src/ydlidar_ros2_driver_bs', 'symlink_install': True, 'test_result_base': None}
[11.493s] Level 5:colcon.colcon_core.verb:set package 'ydlidar_sdk' build argument 'cmake_args' from command line to 'None'
[11.493s] Level 5:colcon.colcon_core.verb:set package 'ydlidar_sdk' build argument 'cmake_target' from command line to 'None'
[11.494s] Level 5:colcon.colcon_core.verb:set package 'ydlidar_sdk' build argument 'cmake_target_skip_unavailable' from command line to 'False'
[11.495s] Level 5:colcon.colcon_core.verb:set package 'ydlidar_sdk' build argument 'cmake_clean_cache' from command line to 'False'
[11.496s] Level 5:colcon.colcon_core.verb:set package 'ydlidar_sdk' build argument 'cmake_clean_first' from command line to 'False'
[11.497s] Level 5:colcon.colcon_core.verb:set package 'ydlidar_sdk' build argument 'cmake_force_configure' from command line to 'False'
[11.497s] Level 5:colcon.colcon_core.verb:set package 'ydlidar_sdk' build argument 'ament_cmake_args' from command line to 'None'
[11.498s] Level 5:colcon.colcon_core.verb:set package 'ydlidar_sdk' build argument 'catkin_cmake_args' from command line to 'None'
[11.499s] Level 5:colcon.colcon_core.verb:set package 'ydlidar_sdk' build argument 'catkin_skip_building_tests' from command line to 'False'
[11.500s] DEBUG:colcon.colcon_core.verb:Building package 'ydlidar_sdk' with the following arguments: {'ament_cmake_args': None, 'build_base': '/home/crashlab/robot_ws/build/ydlidar_sdk', 'catkin_cmake_args': None, 'catkin_skip_building_tests': False, 'cmake_args': None, 'cmake_clean_cache': False, 'cmake_clean_first': False, 'cmake_force_configure': False, 'cmake_target': None, 'cmake_target_skip_unavailable': False, 'install_base': '/home/crashlab/robot_ws/install/ydlidar_sdk', 'merge_install': False, 'path': '/home/crashlab/robot_ws/src/YDLidar-SDK', 'symlink_install': True, 'test_result_base': None}
[11.503s] INFO:colcon.colcon_core.executor:Executing jobs using 'parallel' executor
[11.516s] DEBUG:colcon.colcon_parallel_executor.executor.parallel:run_until_complete
[11.518s] INFO:colcon.colcon_ros.task.ament_python.build:Building ROS package in '/home/crashlab/robot_ws/src/json_data' with build type 'ament_python'
[11.519s] Level 1:colcon.colcon_core.shell:create_environment_hook('json_data', 'ament_prefix_path')
[11.575s] INFO:colcon.colcon_core.plugin_system:Skipping extension 'colcon_core.shell.bat': Not used on non-Windows systems
[11.578s] INFO:colcon.colcon_core.shell:Creating environment hook '/home/crashlab/robot_ws/install/json_data/share/json_data/hook/ament_prefix_path.ps1'
[11.598s] INFO:colcon.colcon_core.shell:Creating environment descriptor '/home/crashlab/robot_ws/install/json_data/share/json_data/hook/ament_prefix_path.dsv'
[11.604s] INFO:colcon.colcon_core.shell:Creating environment hook '/home/crashlab/robot_ws/install/json_data/share/json_data/hook/ament_prefix_path.sh'
[11.615s] INFO:colcon.colcon_core.shell:Skip shell extension 'powershell' for command environment: Not usable outside of PowerShell
[11.616s] DEBUG:colcon.colcon_core.shell:Skip shell extension 'dsv' for command environment
[11.721s] INFO:colcon.colcon_ros.task.ament_cmake.build:Building ROS package in '/home/crashlab/robot_ws/src/nav_motor_pkg' with build type 'ament_cmake'
[11.729s] INFO:colcon.colcon_cmake.task.cmake.build:Building CMake package in '/home/crashlab/robot_ws/src/nav_motor_pkg'
[11.732s] INFO:colcon.colcon_core.shell:Skip shell extension 'powershell' for command environment: Not usable outside of PowerShell
[11.739s] DEBUG:colcon.colcon_core.shell:Skip shell extension 'dsv' for command environment
[11.847s] INFO:colcon.colcon_ros.task.ament_cmake.build:Building ROS package in '/home/crashlab/robot_ws/src/other_motor_pkg' with build type 'ament_cmake'
[11.858s] INFO:colcon.colcon_cmake.task.cmake.build:Building CMake package in '/home/crashlab/robot_ws/src/other_motor_pkg'
[11.860s] INFO:colcon.colcon_core.shell:Skip shell extension 'powershell' for command environment: Not usable outside of PowerShell
[11.860s] DEBUG:colcon.colcon_core.shell:Skip shell extension 'dsv' for command environment
[12.006s] INFO:colcon.colcon_ros.task.ament_cmake.build:Building ROS package in '/home/crashlab/robot_ws/src/tutorial_ros2_motor' with build type 'ament_cmake'
[12.007s] INFO:colcon.colcon_cmake.task.cmake.build:Building CMake package in '/home/crashlab/robot_ws/src/tutorial_ros2_motor'
[12.009s] INFO:colcon.colcon_core.shell:Skip shell extension 'powershell' for command environment: Not usable outside of PowerShell
[12.009s] DEBUG:colcon.colcon_core.shell:Skip shell extension 'dsv' for command environment
[16.581s] INFO:colcon.colcon_core.task.python.build:Building Python package in '/home/crashlab/robot_ws/src/json_data'
[16.586s] INFO:colcon.colcon_core.shell:Skip shell extension 'powershell' for command environment: Not usable outside of PowerShell
[16.587s] DEBUG:colcon.colcon_core.shell:Skip shell extension 'dsv' for command environment
[16.661s] DEBUG:colcon.colcon_core.event_handler.log_command:Invoking command in '/home/crashlab/robot_ws/build/nav_motor_pkg': CMAKE_PREFIX_PATH=${CMAKE_PREFIX_PATH}:/home/crashlab/robot_ws/install/nav_bringup:/home/crashlab/robot_ws/install/json_data:/opt/ros/humble /usr/bin/cmake --build /home/crashlab/robot_ws/build/nav_motor_pkg -- -j4 -l4
[16.792s] DEBUG:colcon.colcon_core.event_handler.log_command:Invoking command in '/home/crashlab/robot_ws/build/other_motor_pkg': CMAKE_PREFIX_PATH=${CMAKE_PREFIX_PATH}:/home/crashlab/robot_ws/install/nav_bringup:/home/crashlab/robot_ws/install/json_data:/opt/ros/humble /usr/bin/cmake --build /home/crashlab/robot_ws/build/other_motor_pkg -- -j4 -l4
[17.078s] DEBUG:colcon.colcon_core.event_handler.log_command:Invoking command in '/home/crashlab/robot_ws/build/tutorial_ros2_motor': CMAKE_PREFIX_PATH=${CMAKE_PREFIX_PATH}:/home/crashlab/robot_ws/install/nav_bringup:/home/crashlab/robot_ws/install/json_data:/opt/ros/humble /usr/bin/cmake --build /home/crashlab/robot_ws/build/tutorial_ros2_motor -- -j4 -l4
[19.425s] DEBUG:colcon.colcon_core.event_handler.log_command:Invoked command in '/home/crashlab/robot_ws/build/other_motor_pkg' returned '0': CMAKE_PREFIX_PATH=${CMAKE_PREFIX_PATH}:/home/crashlab/robot_ws/install/nav_bringup:/home/crashlab/robot_ws/install/json_data:/opt/ros/humble /usr/bin/cmake --build /home/crashlab/robot_ws/build/other_motor_pkg -- -j4 -l4
[19.574s] DEBUG:colcon.colcon_core.event_handler.log_command:Invoking command in '/home/crashlab/robot_ws/build/other_motor_pkg': CMAKE_PREFIX_PATH=${CMAKE_PREFIX_PATH}:/home/crashlab/robot_ws/install/nav_bringup:/home/crashlab/robot_ws/install/json_data:/opt/ros/humble /usr/bin/cmake --install /home/crashlab/robot_ws/build/other_motor_pkg
[20.152s] Level 1:colcon.colcon_core.environment:create_environment_scripts_only(other_motor_pkg)
[20.157s] DEBUG:colcon.colcon_core.event_handler.log_command:Invoked command in '/home/crashlab/robot_ws/build/other_motor_pkg' returned '0': CMAKE_PREFIX_PATH=${CMAKE_PREFIX_PATH}:/home/crashlab/robot_ws/install/nav_bringup:/home/crashlab/robot_ws/install/json_data:/opt/ros/humble /usr/bin/cmake --install /home/crashlab/robot_ws/build/other_motor_pkg
[20.316s] Level 1:colcon.colcon_core.environment:checking '/home/crashlab/robot_ws/install/other_motor_pkg' for CMake module files
[20.339s] Level 1:colcon.colcon_core.environment:checking '/home/crashlab/robot_ws/install/other_motor_pkg' for CMake config files
[20.402s] Level 1:colcon.colcon_core.shell:create_environment_hook('other_motor_pkg', 'cmake_prefix_path')
[20.413s] INFO:colcon.colcon_core.shell:Creating environment hook '/home/crashlab/robot_ws/install/other_motor_pkg/share/other_motor_pkg/hook/cmake_prefix_path.ps1'
[20.465s] INFO:colcon.colcon_core.shell:Creating environment descriptor '/home/crashlab/robot_ws/install/other_motor_pkg/share/other_motor_pkg/hook/cmake_prefix_path.dsv'
[20.511s] INFO:colcon.colcon_core.shell:Creating environment hook '/home/crashlab/robot_ws/install/other_motor_pkg/share/other_motor_pkg/hook/cmake_prefix_path.sh'
[20.556s] Level 1:colcon.colcon_core.environment:checking '/home/crashlab/robot_ws/install/other_motor_pkg/bin'
[20.557s] Level 1:colcon.colcon_core.environment:checking '/home/crashlab/robot_ws/install/other_motor_pkg/lib/pkgconfig/other_motor_pkg.pc'
[20.586s] Level 1:colcon.colcon_core.environment:checking '/home/crashlab/robot_ws/install/other_motor_pkg/lib/python3.10/site-packages'
[20.609s] Level 1:colcon.colcon_core.environment:checking '/home/crashlab/robot_ws/install/other_motor_pkg/bin'
[20.657s] INFO:colcon.colcon_core.shell:Creating package script '/home/crashlab/robot_ws/install/other_motor_pkg/share/other_motor_pkg/package.ps1'
[20.696s] INFO:colcon.colcon_core.shell:Creating package descriptor '/home/crashlab/robot_ws/install/other_motor_pkg/share/other_motor_pkg/package.dsv'
[20.720s] INFO:colcon.colcon_core.shell:Creating package script '/home/crashlab/robot_ws/install/other_motor_pkg/share/other_motor_pkg/package.sh'
[20.748s] INFO:colcon.colcon_core.shell:Creating package script '/home/crashlab/robot_ws/install/other_motor_pkg/share/other_motor_pkg/package.bash'
[20.765s] INFO:colcon.colcon_core.shell:Creating package script '/home/crashlab/robot_ws/install/other_motor_pkg/share/other_motor_pkg/package.zsh'
[20.784s] Level 1:colcon.colcon_core.environment:create_file_with_runtime_dependencies(/home/crashlab/robot_ws/install/other_motor_pkg/share/colcon-core/packages/other_motor_pkg)
[20.819s] Level 1:colcon.colcon_core.environment:create_environment_scripts_only(other_motor_pkg)
[20.852s] Level 1:colcon.colcon_core.environment:checking '/home/crashlab/robot_ws/install/other_motor_pkg' for CMake module files
[20.902s] Level 1:colcon.colcon_core.environment:checking '/home/crashlab/robot_ws/install/other_motor_pkg' for CMake config files
[20.916s] Level 1:colcon.colcon_core.shell:create_environment_hook('other_motor_pkg', 'cmake_prefix_path')
[20.917s] INFO:colcon.colcon_core.shell:Creating environment hook '/home/crashlab/robot_ws/install/other_motor_pkg/share/other_motor_pkg/hook/cmake_prefix_path.ps1'
[20.951s] INFO:colcon.colcon_core.shell:Creating environment descriptor '/home/crashlab/robot_ws/install/other_motor_pkg/share/other_motor_pkg/hook/cmake_prefix_path.dsv'
[20.974s] INFO:colcon.colcon_core.shell:Creating environment hook '/home/crashlab/robot_ws/install/other_motor_pkg/share/other_motor_pkg/hook/cmake_prefix_path.sh'
[21.006s] Level 1:colcon.colcon_core.environment:checking '/home/crashlab/robot_ws/install/other_motor_pkg/bin'
[21.007s] Level 1:colcon.colcon_core.environment:checking '/home/crashlab/robot_ws/install/other_motor_pkg/lib/pkgconfig/other_motor_pkg.pc'
[21.009s] Level 1:colcon.colcon_core.environment:checking '/home/crashlab/robot_ws/install/other_motor_pkg/lib/python3.10/site-packages'
[21.020s] Level 1:colcon.colcon_core.environment:checking '/home/crashlab/robot_ws/install/other_motor_pkg/bin'
[21.052s] INFO:colcon.colcon_core.shell:Creating package script '/home/crashlab/robot_ws/install/other_motor_pkg/share/other_motor_pkg/package.ps1'
[21.080s] INFO:colcon.colcon_core.shell:Creating package descriptor '/home/crashlab/robot_ws/install/other_motor_pkg/share/other_motor_pkg/package.dsv'
[21.084s] INFO:colcon.colcon_core.shell:Creating package script '/home/crashlab/robot_ws/install/other_motor_pkg/share/other_motor_pkg/package.sh'
[21.128s] INFO:colcon.colcon_core.shell:Creating package script '/home/crashlab/robot_ws/install/other_motor_pkg/share/other_motor_pkg/package.bash'
[21.172s] INFO:colcon.colcon_core.shell:Creating package script '/home/crashlab/robot_ws/install/other_motor_pkg/share/other_motor_pkg/package.zsh'
[21.195s] Level 1:colcon.colcon_core.environment:create_file_with_runtime_dependencies(/home/crashlab/robot_ws/install/other_motor_pkg/share/colcon-core/packages/other_motor_pkg)
[21.223s] INFO:colcon.colcon_ros.task.ament_cmake.build:Building ROS package in '/home/crashlab/robot_ws/src/untitled_description' with build type 'ament_cmake'
[21.234s] INFO:colcon.colcon_cmake.task.cmake.build:Building CMake package in '/home/crashlab/robot_ws/src/untitled_description'
[21.252s] INFO:colcon.colcon_core.shell:Skip shell extension 'powershell' for command environment: Not usable outside of PowerShell
[21.264s] DEBUG:colcon.colcon_core.shell:Skip shell extension 'dsv' for command environment
[21.428s] DEBUG:colcon.colcon_core.event_handler.log_command:Invoked command in '/home/crashlab/robot_ws/build/tutorial_ros2_motor' returned '0': CMAKE_PREFIX_PATH=${CMAKE_PREFIX_PATH}:/home/crashlab/robot_ws/install/nav_bringup:/home/crashlab/robot_ws/install/json_data:/opt/ros/humble /usr/bin/cmake --build /home/crashlab/robot_ws/build/tutorial_ros2_motor -- -j4 -l4
[21.464s] DEBUG:colcon.colcon_core.event_handler.log_command:Invoking command in '/home/crashlab/robot_ws/build/tutorial_ros2_motor': CMAKE_PREFIX_PATH=${CMAKE_PREFIX_PATH}:/home/crashlab/robot_ws/install/nav_bringup:/home/crashlab/robot_ws/install/json_data:/opt/ros/humble /usr/bin/cmake --install /home/crashlab/robot_ws/build/tutorial_ros2_motor
[21.541s] DEBUG:colcon.colcon_core.event_handler.log_command:Invoking command in '/home/crashlab/robot_ws/build/untitled_description': CMAKE_PREFIX_PATH=${CMAKE_PREFIX_PATH}:/home/crashlab/robot_ws/install/nav_bringup:/home/crashlab/robot_ws/install/json_data:/opt/ros/humble /usr/bin/cmake --build /home/crashlab/robot_ws/build/untitled_description -- -j4 -l4
[22.142s] Level 1:colcon.colcon_core.environment:create_environment_scripts_only(tutorial_ros2_motor)
[22.144s] Level 1:colcon.colcon_core.environment:checking '/home/crashlab/robot_ws/install/tutorial_ros2_motor' for CMake module files
[22.171s] DEBUG:colcon.colcon_core.event_handler.log_command:Invoked command in '/home/crashlab/robot_ws/build/tutorial_ros2_motor' returned '0': CMAKE_PREFIX_PATH=${CMAKE_PREFIX_PATH}:/home/crashlab/robot_ws/install/nav_bringup:/home/crashlab/robot_ws/install/json_data:/opt/ros/humble /usr/bin/cmake --install /home/crashlab/robot_ws/build/tutorial_ros2_motor
[22.181s] Level 1:colcon.colcon_core.environment:checking '/home/crashlab/robot_ws/install/tutorial_ros2_motor' for CMake config files
[22.199s] Level 1:colcon.colcon_core.shell:create_environment_hook('tutorial_ros2_motor', 'cmake_prefix_path')
[22.200s] INFO:colcon.colcon_core.shell:Creating environment hook '/home/crashlab/robot_ws/install/tutorial_ros2_motor/share/tutorial_ros2_motor/hook/cmake_prefix_path.ps1'
[22.261s] INFO:colcon.colcon_core.shell:Creating environment descriptor '/home/crashlab/robot_ws/install/tutorial_ros2_motor/share/tutorial_ros2_motor/hook/cmake_prefix_path.dsv'
[22.299s] INFO:colcon.colcon_core.shell:Creating environment hook '/home/crashlab/robot_ws/install/tutorial_ros2_motor/share/tutorial_ros2_motor/hook/cmake_prefix_path.sh'
[22.337s] Level 1:colcon.colcon_core.environment:checking '/home/crashlab/robot_ws/install/tutorial_ros2_motor/lib'
[22.338s] Level 1:colcon.colcon_core.environment:checking '/home/crashlab/robot_ws/install/tutorial_ros2_motor/bin'
[22.359s] Level 1:colcon.colcon_core.environment:checking '/home/crashlab/robot_ws/install/tutorial_ros2_motor/lib/pkgconfig/tutorial_ros2_motor.pc'
[22.360s] Level 1:colcon.colcon_core.environment:checking '/home/crashlab/robot_ws/install/tutorial_ros2_motor/lib/python3.10/site-packages'
[22.386s] Level 1:colcon.colcon_core.environment:checking '/home/crashlab/robot_ws/install/tutorial_ros2_motor/bin'
[22.388s] INFO:colcon.colcon_core.shell:Creating package script '/home/crashlab/robot_ws/install/tutorial_ros2_motor/share/tutorial_ros2_motor/package.ps1'
[22.439s] INFO:colcon.colcon_core.shell:Creating package descriptor '/home/crashlab/robot_ws/install/tutorial_ros2_motor/share/tutorial_ros2_motor/package.dsv'
[22.462s] INFO:colcon.colcon_core.shell:Creating package script '/home/crashlab/robot_ws/install/tutorial_ros2_motor/share/tutorial_ros2_motor/package.sh'
[22.487s] INFO:colcon.colcon_core.shell:Creating package script '/home/crashlab/robot_ws/install/tutorial_ros2_motor/share/tutorial_ros2_motor/package.bash'
[22.510s] INFO:colcon.colcon_core.shell:Creating package script '/home/crashlab/robot_ws/install/tutorial_ros2_motor/share/tutorial_ros2_motor/package.zsh'
[22.533s] Level 1:colcon.colcon_core.environment:create_file_with_runtime_dependencies(/home/crashlab/robot_ws/install/tutorial_ros2_motor/share/colcon-core/packages/tutorial_ros2_motor)
[22.557s] Level 1:colcon.colcon_core.environment:create_environment_scripts_only(tutorial_ros2_motor)
[22.559s] Level 1:colcon.colcon_core.environment:checking '/home/crashlab/robot_ws/install/tutorial_ros2_motor' for CMake module files
[22.564s] Level 1:colcon.colcon_core.environment:checking '/home/crashlab/robot_ws/install/tutorial_ros2_motor' for CMake config files
[22.568s] Level 1:colcon.colcon_core.shell:create_environment_hook('tutorial_ros2_motor', 'cmake_prefix_path')
[22.569s] INFO:colcon.colcon_core.shell:Creating environment hook '/home/crashlab/robot_ws/install/tutorial_ros2_motor/share/tutorial_ros2_motor/hook/cmake_prefix_path.ps1'
[22.575s] INFO:colcon.colcon_core.shell:Creating environment descriptor '/home/crashlab/robot_ws/install/tutorial_ros2_motor/share/tutorial_ros2_motor/hook/cmake_prefix_path.dsv'
[22.579s] INFO:colcon.colcon_core.shell:Creating environment hook '/home/crashlab/robot_ws/install/tutorial_ros2_motor/share/tutorial_ros2_motor/hook/cmake_prefix_path.sh'
[22.584s] Level 1:colcon.colcon_core.environment:checking '/home/crashlab/robot_ws/install/tutorial_ros2_motor/lib'
[22.584s] Level 1:colcon.colcon_core.environment:checking '/home/crashlab/robot_ws/install/tutorial_ros2_motor/bin'
[22.585s] Level 1:colcon.colcon_core.environment:checking '/home/crashlab/robot_ws/install/tutorial_ros2_motor/lib/pkgconfig/tutorial_ros2_motor.pc'
[22.587s] Level 1:colcon.colcon_core.environment:checking '/home/crashlab/robot_ws/install/tutorial_ros2_motor/lib/python3.10/site-packages'
[22.588s] Level 1:colcon.colcon_core.environment:checking '/home/crashlab/robot_ws/install/tutorial_ros2_motor/bin'
[22.590s] INFO:colcon.colcon_core.shell:Creating package script '/home/crashlab/robot_ws/install/tutorial_ros2_motor/share/tutorial_ros2_motor/package.ps1'
[22.597s] INFO:colcon.colcon_core.shell:Creating package descriptor '/home/crashlab/robot_ws/install/tutorial_ros2_motor/share/tutorial_ros2_motor/package.dsv'
[22.601s] INFO:colcon.colcon_core.shell:Creating package script '/home/crashlab/robot_ws/install/tutorial_ros2_motor/share/tutorial_ros2_motor/package.sh'
[22.606s] INFO:colcon.colcon_core.shell:Creating package script '/home/crashlab/robot_ws/install/tutorial_ros2_motor/share/tutorial_ros2_motor/package.bash'
[22.611s] INFO:colcon.colcon_core.shell:Creating package script '/home/crashlab/robot_ws/install/tutorial_ros2_motor/share/tutorial_ros2_motor/package.zsh'
[22.615s] Level 1:colcon.colcon_core.environment:create_file_with_runtime_dependencies(/home/crashlab/robot_ws/install/tutorial_ros2_motor/share/colcon-core/packages/tutorial_ros2_motor)
[22.618s] INFO:colcon.colcon_ros.task.ament_cmake.build:Building ROS package in '/home/crashlab/robot_ws/src/ydlidar_ros2_driver_bs' with build type 'ament_cmake'
[22.618s] INFO:colcon.colcon_cmake.task.cmake.build:Building CMake package in '/home/crashlab/robot_ws/src/ydlidar_ros2_driver_bs'
[22.620s] INFO:colcon.colcon_core.shell:Skip shell extension 'powershell' for command environment: Not usable outside of PowerShell
[22.621s] DEBUG:colcon.colcon_core.shell:Skip shell extension 'dsv' for command environment
[23.057s] DEBUG:colcon.colcon_core.event_handler.log_command:Invoking command in '/home/crashlab/robot_ws/build/ydlidar_ros2_driver': CMAKE_PREFIX_PATH=${CMAKE_PREFIX_PATH}:/home/crashlab/robot_ws/install/nav_bringup:/home/crashlab/robot_ws/install/json_data:/opt/ros/humble /usr/bin/cmake --build /home/crashlab/robot_ws/build/ydlidar_ros2_driver -- -j4 -l4
[23.295s] DEBUG:colcon.colcon_core.event_handler.log_command:Invoked command in '/home/crashlab/robot_ws/build/untitled_description' returned '0': CMAKE_PREFIX_PATH=${CMAKE_PREFIX_PATH}:/home/crashlab/robot_ws/install/nav_bringup:/home/crashlab/robot_ws/install/json_data:/opt/ros/humble /usr/bin/cmake --build /home/crashlab/robot_ws/build/untitled_description -- -j4 -l4
[23.308s] DEBUG:colcon.colcon_core.event_handler.log_command:Invoking command in '/home/crashlab/robot_ws/build/untitled_description': CMAKE_PREFIX_PATH=${CMAKE_PREFIX_PATH}:/home/crashlab/robot_ws/install/nav_bringup:/home/crashlab/robot_ws/install/json_data:/opt/ros/humble /usr/bin/cmake --install /home/crashlab/robot_ws/build/untitled_description
[24.871s] Level 1:colcon.colcon_core.environment:create_environment_scripts_only(untitled_description)
[24.873s] Level 1:colcon.colcon_core.environment:checking '/home/crashlab/robot_ws/install/untitled_description' for CMake module files
[24.905s] Level 1:colcon.colcon_core.environment:checking '/home/crashlab/robot_ws/install/untitled_description' for CMake config files
[24.916s] DEBUG:colcon.colcon_core.event_handler.log_command:Invoked command in '/home/crashlab/robot_ws/build/untitled_description' returned '0': CMAKE_PREFIX_PATH=${CMAKE_PREFIX_PATH}:/home/crashlab/robot_ws/install/nav_bringup:/home/crashlab/robot_ws/install/json_data:/opt/ros/humble /usr/bin/cmake --install /home/crashlab/robot_ws/build/untitled_description
[24.953s] Level 1:colcon.colcon_core.shell:create_environment_hook('untitled_description', 'cmake_prefix_path')
[24.954s] INFO:colcon.colcon_core.shell:Creating environment hook '/home/crashlab/robot_ws/install/untitled_description/share/untitled_description/hook/cmake_prefix_path.ps1'
[24.985s] INFO:colcon.colcon_core.shell:Creating environment descriptor '/home/crashlab/robot_ws/install/untitled_description/share/untitled_description/hook/cmake_prefix_path.dsv'
[25.006s] INFO:colcon.colcon_core.shell:Creating environment hook '/home/crashlab/robot_ws/install/untitled_description/share/untitled_description/hook/cmake_prefix_path.sh'
[25.031s] Level 1:colcon.colcon_core.environment:checking '/home/crashlab/robot_ws/install/untitled_description/bin'
[25.032s] Level 1:colcon.colcon_core.environment:checking '/home/crashlab/robot_ws/install/untitled_description/lib/pkgconfig/untitled_description.pc'
[25.053s] Level 1:colcon.colcon_core.environment:checking '/home/crashlab/robot_ws/install/untitled_description/lib/python3.10/site-packages'
[25.070s] Level 1:colcon.colcon_core.environment:checking '/home/crashlab/robot_ws/install/untitled_description/bin'
[25.076s] INFO:colcon.colcon_core.shell:Creating package script '/home/crashlab/robot_ws/install/untitled_description/share/untitled_description/package.ps1'
[25.153s] INFO:colcon.colcon_core.shell:Creating package descriptor '/home/crashlab/robot_ws/install/untitled_description/share/untitled_description/package.dsv'
[25.197s] INFO:colcon.colcon_core.shell:Creating package script '/home/crashlab/robot_ws/install/untitled_description/share/untitled_description/package.sh'
[25.256s] INFO:colcon.colcon_core.shell:Creating package script '/home/crashlab/robot_ws/install/untitled_description/share/untitled_description/package.bash'
[25.269s] INFO:colcon.colcon_core.shell:Creating package script '/home/crashlab/robot_ws/install/untitled_description/share/untitled_description/package.zsh'
[25.272s] Level 1:colcon.colcon_core.environment:create_file_with_runtime_dependencies(/home/crashlab/robot_ws/install/untitled_description/share/colcon-core/packages/untitled_description)
[25.279s] Level 1:colcon.colcon_core.environment:create_environment_scripts_only(untitled_description)
[25.281s] Level 1:colcon.colcon_core.environment:checking '/home/crashlab/robot_ws/install/untitled_description' for CMake module files
[25.285s] Level 1:colcon.colcon_core.environment:checking '/home/crashlab/robot_ws/install/untitled_description' for CMake config files
[25.302s] Level 1:colcon.colcon_core.shell:create_environment_hook('untitled_description', 'cmake_prefix_path')
[25.303s] INFO:colcon.colcon_core.shell:Creating environment hook '/home/crashlab/robot_ws/install/untitled_description/share/untitled_description/hook/cmake_prefix_path.ps1'
[25.335s] INFO:colcon.colcon_core.shell:Creating environment descriptor '/home/crashlab/robot_ws/install/untitled_description/share/untitled_description/hook/cmake_prefix_path.dsv'
[25.342s] INFO:colcon.colcon_core.shell:Creating environment hook '/home/crashlab/robot_ws/install/untitled_description/share/untitled_description/hook/cmake_prefix_path.sh'
[25.352s] Level 1:colcon.colcon_core.environment:checking '/home/crashlab/robot_ws/install/untitled_description/bin'
[25.354s] Level 1:colcon.colcon_core.environment:checking '/home/crashlab/robot_ws/install/untitled_description/lib/pkgconfig/untitled_description.pc'
[25.357s] Level 1:colcon.colcon_core.environment:checking '/home/crashlab/robot_ws/install/untitled_description/lib/python3.10/site-packages'
[25.375s] Level 1:colcon.colcon_core.environment:checking '/home/crashlab/robot_ws/install/untitled_description/bin'
[25.377s] INFO:colcon.colcon_core.shell:Creating package script '/home/crashlab/robot_ws/install/untitled_description/share/untitled_description/package.ps1'
[25.409s] INFO:colcon.colcon_core.shell:Creating package descriptor '/home/crashlab/robot_ws/install/untitled_description/share/untitled_description/package.dsv'
[25.452s] INFO:colcon.colcon_core.shell:Creating package script '/home/crashlab/robot_ws/install/untitled_description/share/untitled_description/package.sh'
[25.480s] INFO:colcon.colcon_core.shell:Creating package script '/home/crashlab/robot_ws/install/untitled_description/share/untitled_description/package.bash'
[25.517s] INFO:colcon.colcon_core.shell:Creating package script '/home/crashlab/robot_ws/install/untitled_description/share/untitled_description/package.zsh'
[25.537s] Level 1:colcon.colcon_core.environment:create_file_with_runtime_dependencies(/home/crashlab/robot_ws/install/untitled_description/share/colcon-core/packages/untitled_description)
[25.590s] INFO:colcon.colcon_cmake.task.cmake.build:Building CMake package in '/home/crashlab/robot_ws/src/YDLidar-SDK'
[25.597s] INFO:colcon.colcon_core.shell:Skip shell extension 'powershell' for command environment: Not usable outside of PowerShell
[25.598s] DEBUG:colcon.colcon_core.shell:Skip shell extension 'dsv' for command environment
[25.808s] DEBUG:colcon.colcon_core.event_handler.log_command:Invoking command in '/home/crashlab/robot_ws/build/ydlidar_sdk': /usr/bin/cmake --build /home/crashlab/robot_ws/build/ydlidar_sdk -- -j4 -l4
[25.933s] DEBUG:colcon.colcon_core.event_handler.log_command:Invoked command in '/home/crashlab/robot_ws/build/ydlidar_ros2_driver' returned '0': CMAKE_PREFIX_PATH=${CMAKE_PREFIX_PATH}:/home/crashlab/robot_ws/install/nav_bringup:/home/crashlab/robot_ws/install/json_data:/opt/ros/humble /usr/bin/cmake --build /home/crashlab/robot_ws/build/ydlidar_ros2_driver -- -j4 -l4
[26.035s] DEBUG:colcon.colcon_core.event_handler.log_command:Invoking command in '/home/crashlab/robot_ws/build/ydlidar_ros2_driver': CMAKE_PREFIX_PATH=${CMAKE_PREFIX_PATH}:/home/crashlab/robot_ws/install/nav_bringup:/home/crashlab/robot_ws/install/json_data:/opt/ros/humble /usr/bin/cmake --install /home/crashlab/robot_ws/build/ydlidar_ros2_driver
[26.874s] Level 1:colcon.colcon_core.environment:create_environment_scripts_only(ydlidar_ros2_driver)
[26.931s] DEBUG:colcon.colcon_core.event_handler.log_command:Invoked command in '/home/crashlab/robot_ws/build/ydlidar_ros2_driver' returned '0': CMAKE_PREFIX_PATH=${CMAKE_PREFIX_PATH}:/home/crashlab/robot_ws/install/nav_bringup:/home/crashlab/robot_ws/install/json_data:/opt/ros/humble /usr/bin/cmake --install /home/crashlab/robot_ws/build/ydlidar_ros2_driver
[26.934s] Level 1:colcon.colcon_core.environment:checking '/home/crashlab/robot_ws/install/ydlidar_ros2_driver' for CMake module files
[26.977s] Level 1:colcon.colcon_core.environment:checking '/home/crashlab/robot_ws/install/ydlidar_ros2_driver' for CMake config files
[26.990s] Level 1:colcon.colcon_core.shell:create_environment_hook('ydlidar_ros2_driver', 'cmake_prefix_path')
[26.999s] INFO:colcon.colcon_core.shell:Creating environment hook '/home/crashlab/robot_ws/install/ydlidar_ros2_driver/share/ydlidar_ros2_driver/hook/cmake_prefix_path.ps1'
[27.007s] INFO:colcon.colcon_core.shell:Creating environment descriptor '/home/crashlab/robot_ws/install/ydlidar_ros2_driver/share/ydlidar_ros2_driver/hook/cmake_prefix_path.dsv'
[27.010s] INFO:colcon.colcon_core.shell:Creating environment hook '/home/crashlab/robot_ws/install/ydlidar_ros2_driver/share/ydlidar_ros2_driver/hook/cmake_prefix_path.sh'
[27.035s] Level 1:colcon.colcon_core.environment:checking '/home/crashlab/robot_ws/install/ydlidar_ros2_driver/lib'
[27.036s] Level 1:colcon.colcon_core.environment:checking '/home/crashlab/robot_ws/install/ydlidar_ros2_driver/bin'
[27.037s] Level 1:colcon.colcon_core.environment:checking '/home/crashlab/robot_ws/install/ydlidar_ros2_driver/lib/pkgconfig/ydlidar_ros2_driver.pc'
[27.043s] Level 1:colcon.colcon_core.environment:checking '/home/crashlab/robot_ws/install/ydlidar_ros2_driver/lib/python3.10/site-packages'
[27.045s] Level 1:colcon.colcon_core.environment:checking '/home/crashlab/robot_ws/install/ydlidar_ros2_driver/bin'
[27.055s] INFO:colcon.colcon_core.shell:Creating package script '/home/crashlab/robot_ws/install/ydlidar_ros2_driver/share/ydlidar_ros2_driver/package.ps1'
[27.070s] INFO:colcon.colcon_core.shell:Creating package descriptor '/home/crashlab/robot_ws/install/ydlidar_ros2_driver/share/ydlidar_ros2_driver/package.dsv'
[27.075s] INFO:colcon.colcon_core.shell:Creating package script '/home/crashlab/robot_ws/install/ydlidar_ros2_driver/share/ydlidar_ros2_driver/package.sh'
[27.147s] INFO:colcon.colcon_core.shell:Creating package script '/home/crashlab/robot_ws/install/ydlidar_ros2_driver/share/ydlidar_ros2_driver/package.bash'
[27.157s] INFO:colcon.colcon_core.shell:Creating package script '/home/crashlab/robot_ws/install/ydlidar_ros2_driver/share/ydlidar_ros2_driver/package.zsh'
[27.177s] Level 1:colcon.colcon_core.environment:create_file_with_runtime_dependencies(/home/crashlab/robot_ws/install/ydlidar_ros2_driver/share/colcon-core/packages/ydlidar_ros2_driver)
[27.188s] Level 1:colcon.colcon_core.environment:create_environment_scripts_only(ydlidar_ros2_driver)
[27.189s] Level 1:colcon.colcon_core.environment:checking '/home/crashlab/robot_ws/install/ydlidar_ros2_driver' for CMake module files
[27.206s] Level 1:colcon.colcon_core.environment:checking '/home/crashlab/robot_ws/install/ydlidar_ros2_driver' for CMake config files
[27.212s] Level 1:colcon.colcon_core.shell:create_environment_hook('ydlidar_ros2_driver', 'cmake_prefix_path')
[27.214s] INFO:colcon.colcon_core.shell:Creating environment hook '/home/crashlab/robot_ws/install/ydlidar_ros2_driver/share/ydlidar_ros2_driver/hook/cmake_prefix_path.ps1'
[27.219s] INFO:colcon.colcon_core.shell:Creating environment descriptor '/home/crashlab/robot_ws/install/ydlidar_ros2_driver/share/ydlidar_ros2_driver/hook/cmake_prefix_path.dsv'
[27.222s] INFO:colcon.colcon_core.shell:Creating environment hook '/home/crashlab/robot_ws/install/ydlidar_ros2_driver/share/ydlidar_ros2_driver/hook/cmake_prefix_path.sh'
[27.233s] Level 1:colcon.colcon_core.environment:checking '/home/crashlab/robot_ws/install/ydlidar_ros2_driver/lib'
[27.234s] Level 1:colcon.colcon_core.environment:checking '/home/crashlab/robot_ws/install/ydlidar_ros2_driver/bin'
[27.235s] Level 1:colcon.colcon_core.environment:checking '/home/crashlab/robot_ws/install/ydlidar_ros2_driver/lib/pkgconfig/ydlidar_ros2_driver.pc'
[27.236s] Level 1:colcon.colcon_core.environment:checking '/home/crashlab/robot_ws/install/ydlidar_ros2_driver/lib/python3.10/site-packages'
[27.238s] Level 1:colcon.colcon_core.environment:checking '/home/crashlab/robot_ws/install/ydlidar_ros2_driver/bin'
[27.242s] INFO:colcon.colcon_core.shell:Creating package script '/home/crashlab/robot_ws/install/ydlidar_ros2_driver/share/ydlidar_ros2_driver/package.ps1'
[27.256s] INFO:colcon.colcon_core.shell:Creating package descriptor '/home/crashlab/robot_ws/install/ydlidar_ros2_driver/share/ydlidar_ros2_driver/package.dsv'
[27.262s] INFO:colcon.colcon_core.shell:Creating package script '/home/crashlab/robot_ws/install/ydlidar_ros2_driver/share/ydlidar_ros2_driver/package.sh'
[27.269s] INFO:colcon.colcon_core.shell:Creating package script '/home/crashlab/robot_ws/install/ydlidar_ros2_driver/share/ydlidar_ros2_driver/package.bash'
[27.277s] INFO:colcon.colcon_core.shell:Creating package script '/home/crashlab/robot_ws/install/ydlidar_ros2_driver/share/ydlidar_ros2_driver/package.zsh'
[27.282s] Level 1:colcon.colcon_core.environment:create_file_with_runtime_dependencies(/home/crashlab/robot_ws/install/ydlidar_ros2_driver/share/colcon-core/packages/ydlidar_ros2_driver)
[28.793s] DEBUG:colcon.colcon_core.event_handler.log_command:Invoking command in '/home/crashlab/robot_ws/build/json_data': PYTHONPATH=/home/crashlab/robot_ws/build/json_data/prefix_override:/usr/lib/python3/dist-packages/colcon_core/task/python/colcon_distutils_commands:/home/crashlab/robot_ws/install/json_data/lib/python3.10/site-packages:${PYTHONPATH} /usr/bin/python3 -W ignore:setup.py install is deprecated -W ignore:easy_install command is deprecated setup.py develop --editable --build-directory /home/crashlab/robot_ws/build/json_data/build --no-deps symlink_data
[31.055s] DEBUG:colcon.colcon_core.event_handler.log_command:Invoked command in '/home/crashlab/robot_ws/build/ydlidar_sdk' returned '0': /usr/bin/cmake --build /home/crashlab/robot_ws/build/ydlidar_sdk -- -j4 -l4
[31.105s] DEBUG:colcon.colcon_core.event_handler.log_command:Invoking command in '/home/crashlab/robot_ws/build/ydlidar_sdk': /usr/bin/cmake --install /home/crashlab/robot_ws/build/ydlidar_sdk
[32.049s] Level 1:colcon.colcon_core.environment:create_environment_scripts_only(ydlidar_sdk)
[32.051s] Level 1:colcon.colcon_core.environment:checking '/home/crashlab/robot_ws/install/ydlidar_sdk' for CMake module files
[32.054s] Level 1:colcon.colcon_core.environment:checking '/home/crashlab/robot_ws/install/ydlidar_sdk' for CMake config files
[32.056s] Level 1:colcon.colcon_core.shell:create_environment_hook('ydlidar_sdk', 'cmake_prefix_path')
[32.078s] INFO:colcon.colcon_core.shell:Creating environment hook '/home/crashlab/robot_ws/install/ydlidar_sdk/share/ydlidar_sdk/hook/cmake_prefix_path.ps1'
[32.102s] INFO:colcon.colcon_core.shell:Creating environment descriptor '/home/crashlab/robot_ws/install/ydlidar_sdk/share/ydlidar_sdk/hook/cmake_prefix_path.dsv'
[32.147s] INFO:colcon.colcon_core.shell:Creating environment hook '/home/crashlab/robot_ws/install/ydlidar_sdk/share/ydlidar_sdk/hook/cmake_prefix_path.sh'
[32.177s] Level 1:colcon.colcon_core.environment:checking '/home/crashlab/robot_ws/install/ydlidar_sdk/lib'
[32.183s] Level 1:colcon.colcon_core.environment:checking '/home/crashlab/robot_ws/install/ydlidar_sdk/bin'
[32.184s] Level 1:colcon.colcon_core.shell:create_environment_hook('ydlidar_sdk', 'path')
[32.186s] INFO:colcon.colcon_core.shell:Creating environment hook '/home/crashlab/robot_ws/install/ydlidar_sdk/share/ydlidar_sdk/hook/path.ps1'
[32.227s] INFO:colcon.colcon_core.shell:Creating environment descriptor '/home/crashlab/robot_ws/install/ydlidar_sdk/share/ydlidar_sdk/hook/path.dsv'
[32.235s] INFO:colcon.colcon_core.shell:Creating environment hook '/home/crashlab/robot_ws/install/ydlidar_sdk/share/ydlidar_sdk/hook/path.sh'
[32.261s] Level 1:colcon.colcon_core.environment:checking '/home/crashlab/robot_ws/install/ydlidar_sdk/lib/pkgconfig/ydlidar_sdk.pc'
[32.264s] Level 1:colcon.colcon_core.environment:checking '/home/crashlab/robot_ws/install/ydlidar_sdk/lib/python3.10/site-packages'
[32.266s] Level 1:colcon.colcon_core.environment:checking '/home/crashlab/robot_ws/install/ydlidar_sdk/bin'
[32.267s] Level 1:colcon.colcon_core.shell:create_environment_hook('ydlidar_sdk', 'pythonscriptspath')
[32.275s] INFO:colcon.colcon_core.shell:Creating environment hook '/home/crashlab/robot_ws/install/ydlidar_sdk/share/ydlidar_sdk/hook/pythonscriptspath.ps1'
[32.301s] INFO:colcon.colcon_core.shell:Creating environment descriptor '/home/crashlab/robot_ws/install/ydlidar_sdk/share/ydlidar_sdk/hook/pythonscriptspath.dsv'
[32.474s] INFO:colcon.colcon_core.shell:Creating environment hook '/home/crashlab/robot_ws/install/ydlidar_sdk/share/ydlidar_sdk/hook/pythonscriptspath.sh'
[32.506s] DEBUG:colcon.colcon_core.event_handler.log_command:Invoked command in '/home/crashlab/robot_ws/build/ydlidar_sdk' returned '0': /usr/bin/cmake --install /home/crashlab/robot_ws/build/ydlidar_sdk
[32.511s] INFO:colcon.colcon_core.shell:Creating package script '/home/crashlab/robot_ws/install/ydlidar_sdk/share/ydlidar_sdk/package.ps1'
[32.574s] INFO:colcon.colcon_core.shell:Creating package descriptor '/home/crashlab/robot_ws/install/ydlidar_sdk/share/ydlidar_sdk/package.dsv'
[32.592s] INFO:colcon.colcon_core.shell:Creating package script '/home/crashlab/robot_ws/install/ydlidar_sdk/share/ydlidar_sdk/package.sh'
[32.655s] INFO:colcon.colcon_core.shell:Creating package script '/home/crashlab/robot_ws/install/ydlidar_sdk/share/ydlidar_sdk/package.bash'
[32.676s] INFO:colcon.colcon_core.shell:Creating package script '/home/crashlab/robot_ws/install/ydlidar_sdk/share/ydlidar_sdk/package.zsh'
[32.697s] Level 1:colcon.colcon_core.environment:create_file_with_runtime_dependencies(/home/crashlab/robot_ws/install/ydlidar_sdk/share/colcon-core/packages/ydlidar_sdk)
[39.964s] Level 1:colcon.colcon_core.shell:create_environment_hook('json_data', 'pythonpath_develop')
[39.966s] INFO:colcon.colcon_core.shell:Creating environment hook '/home/crashlab/robot_ws/build/json_data/share/json_data/hook/pythonpath_develop.ps1'
[39.972s] INFO:colcon.colcon_core.shell:Creating environment descriptor '/home/crashlab/robot_ws/build/json_data/share/json_data/hook/pythonpath_develop.dsv'
[39.980s] DEBUG:colcon.colcon_core.event_handler.log_command:Invoked command in '/home/crashlab/robot_ws/build/json_data' returned '0': PYTHONPATH=/home/crashlab/robot_ws/build/json_data/prefix_override:/usr/lib/python3/dist-packages/colcon_core/task/python/colcon_distutils_commands:/home/crashlab/robot_ws/install/json_data/lib/python3.10/site-packages:${PYTHONPATH} /usr/bin/python3 -W ignore:setup.py install is deprecated -W ignore:easy_install command is deprecated setup.py develop --editable --build-directory /home/crashlab/robot_ws/build/json_data/build --no-deps symlink_data
[39.983s] INFO:colcon.colcon_core.shell:Creating environment hook '/home/crashlab/robot_ws/build/json_data/share/json_data/hook/pythonpath_develop.sh'
[39.988s] Level 1:colcon.colcon_core.environment:checking '/home/crashlab/robot_ws/install/json_data' for CMake module files
[39.994s] Level 1:colcon.colcon_core.environment:checking '/home/crashlab/robot_ws/install/json_data' for CMake config files
[40.007s] Level 1:colcon.colcon_core.environment:checking '/home/crashlab/robot_ws/install/json_data/lib'
[40.009s] Level 1:colcon.colcon_core.environment:checking '/home/crashlab/robot_ws/install/json_data/bin'
[40.010s] Level 1:colcon.colcon_core.environment:checking '/home/crashlab/robot_ws/install/json_data/lib/pkgconfig/json_data.pc'
[40.014s] Level 1:colcon.colcon_core.environment:checking '/home/crashlab/robot_ws/install/json_data/lib/python3.10/site-packages'
[40.016s] Level 1:colcon.colcon_core.shell:create_environment_hook('json_data', 'pythonpath')
[40.018s] INFO:colcon.colcon_core.shell:Creating environment hook '/home/crashlab/robot_ws/install/json_data/share/json_data/hook/pythonpath.ps1'
[40.026s] INFO:colcon.colcon_core.shell:Creating environment descriptor '/home/crashlab/robot_ws/install/json_data/share/json_data/hook/pythonpath.dsv'
[40.034s] INFO:colcon.colcon_core.shell:Creating environment hook '/home/crashlab/robot_ws/install/json_data/share/json_data/hook/pythonpath.sh'
[40.041s] Level 1:colcon.colcon_core.environment:checking '/home/crashlab/robot_ws/install/json_data/bin'
[40.042s] Level 1:colcon.colcon_core.environment:create_environment_scripts_only(json_data)
[40.045s] INFO:colcon.colcon_core.shell:Creating package script '/home/crashlab/robot_ws/install/json_data/share/json_data/package.ps1'
[40.053s] INFO:colcon.colcon_core.shell:Creating package descriptor '/home/crashlab/robot_ws/install/json_data/share/json_data/package.dsv'
[40.058s] INFO:colcon.colcon_core.shell:Creating package script '/home/crashlab/robot_ws/install/json_data/share/json_data/package.sh'
[40.062s] INFO:colcon.colcon_core.shell:Creating package script '/home/crashlab/robot_ws/install/json_data/share/json_data/package.bash'
[40.066s] INFO:colcon.colcon_core.shell:Creating package script '/home/crashlab/robot_ws/install/json_data/share/json_data/package.zsh'
[40.070s] Level 1:colcon.colcon_core.environment:create_file_with_runtime_dependencies(/home/crashlab/robot_ws/install/json_data/share/colcon-core/packages/json_data)
[1844.826s] DEBUG:colcon.colcon_parallel_executor.executor.parallel:run_until_complete was interrupted
[1844.901s] DEBUG:colcon.colcon_parallel_executor.executor.parallel:run_until_complete again
[1845.819s] DEBUG:colcon.colcon_core.event_handler.log_command:Invoked command in '/home/crashlab/robot_ws/build/nav_motor_pkg' returned '-2': CMAKE_PREFIX_PATH=${CMAKE_PREFIX_PATH}:/home/crashlab/robot_ws/install/nav_bringup:/home/crashlab/robot_ws/install/json_data:/opt/ros/humble /usr/bin/cmake --build /home/crashlab/robot_ws/build/nav_motor_pkg -- -j4 -l4
[1845.864s] Level 1:colcon.colcon_core.environment:create_environment_scripts_only(nav_motor_pkg)
[1845.866s] Level 1:colcon.colcon_core.environment:checking '/home/crashlab/robot_ws/install/nav_motor_pkg' for CMake module files
[1846.119s] Level 1:colcon.colcon_core.environment:checking '/home/crashlab/robot_ws/install/nav_motor_pkg' for CMake config files
[1846.374s] Level 1:colcon.colcon_core.shell:create_environment_hook('nav_motor_pkg', 'cmake_prefix_path')
[1846.376s] INFO:colcon.colcon_core.shell:Creating environment hook '/home/crashlab/robot_ws/install/nav_motor_pkg/share/nav_motor_pkg/hook/cmake_prefix_path.ps1'
[1846.461s] INFO:colcon.colcon_core.shell:Creating environment descriptor '/home/crashlab/robot_ws/install/nav_motor_pkg/share/nav_motor_pkg/hook/cmake_prefix_path.dsv'
[1846.507s] INFO:colcon.colcon_core.shell:Creating environment hook '/home/crashlab/robot_ws/install/nav_motor_pkg/share/nav_motor_pkg/hook/cmake_prefix_path.sh'
[1846.534s] Level 1:colcon.colcon_core.environment:checking '/home/crashlab/robot_ws/install/nav_motor_pkg/lib'
[1846.535s] Level 1:colcon.colcon_core.environment:checking '/home/crashlab/robot_ws/install/nav_motor_pkg/bin'
[1846.535s] Level 1:colcon.colcon_core.environment:checking '/home/crashlab/robot_ws/install/nav_motor_pkg/lib/pkgconfig/nav_motor_pkg.pc'
[1846.537s] Level 1:colcon.colcon_core.environment:checking '/home/crashlab/robot_ws/install/nav_motor_pkg/lib/python3.10/site-packages'
[1846.539s] Level 1:colcon.colcon_core.environment:checking '/home/crashlab/robot_ws/install/nav_motor_pkg/bin'
[1846.555s] INFO:colcon.colcon_core.shell:Creating package script '/home/crashlab/robot_ws/install/nav_motor_pkg/share/nav_motor_pkg/package.ps1'
[1846.598s] INFO:colcon.colcon_core.shell:Creating package descriptor '/home/crashlab/robot_ws/install/nav_motor_pkg/share/nav_motor_pkg/package.dsv'
[1846.611s] INFO:colcon.colcon_core.shell:Creating package script '/home/crashlab/robot_ws/install/nav_motor_pkg/share/nav_motor_pkg/package.sh'
[1846.622s] INFO:colcon.colcon_core.shell:Creating package script '/home/crashlab/robot_ws/install/nav_motor_pkg/share/nav_motor_pkg/package.bash'
[1846.665s] INFO:colcon.colcon_core.shell:Creating package script '/home/crashlab/robot_ws/install/nav_motor_pkg/share/nav_motor_pkg/package.zsh'
[1846.695s] Level 1:colcon.colcon_core.environment:create_file_with_runtime_dependencies(/home/crashlab/robot_ws/install/nav_motor_pkg/share/colcon-core/packages/nav_motor_pkg)
[1846.731s] DEBUG:colcon.colcon_parallel_executor.executor.parallel:run_until_complete finished
[1846.731s] DEBUG:colcon.colcon_parallel_executor.executor.parallel:closing loop
[1846.732s] DEBUG:colcon.colcon_parallel_executor.executor.parallel:loop closed
[1846.733s] DEBUG:colcon.colcon_core.event_reactor:joining thread
[1847.436s] INFO:colcon.colcon_core.plugin_system:Skipping extension 'colcon_notification.desktop_notification.terminal_notifier': Not used on non-Darwin systems
[1847.437s] INFO:colcon.colcon_core.plugin_system:Skipping extension 'colcon_notification.desktop_notification.win32': Not used on non-Windows systems
[1847.438s] INFO:colcon.colcon_notification.desktop_notification:Sending desktop notification using 'notify2'
[1849.238s] DEBUG:colcon.colcon_core.event_reactor:joined thread
[1849.241s] INFO:colcon.colcon_core.shell:Creating prefix script '/home/crashlab/robot_ws/install/local_setup.ps1'
[1849.317s] INFO:colcon.colcon_core.shell:Creating prefix util module '/home/crashlab/robot_ws/install/_local_setup_util_ps1.py'
[1849.347s] INFO:colcon.colcon_core.shell:Creating prefix chain script '/home/crashlab/robot_ws/install/setup.ps1'
[1849.422s] INFO:colcon.colcon_core.shell:Creating prefix script '/home/crashlab/robot_ws/install/local_setup.sh'
[1849.481s] INFO:colcon.colcon_core.shell:Creating prefix util module '/home/crashlab/robot_ws/install/_local_setup_util_sh.py'
[1849.508s] INFO:colcon.colcon_core.shell:Creating prefix chain script '/home/crashlab/robot_ws/install/setup.sh'
[1849.583s] INFO:colcon.colcon_core.shell:Creating prefix script '/home/crashlab/robot_ws/install/local_setup.bash'
[1849.597s] INFO:colcon.colcon_core.shell:Creating prefix chain script '/home/crashlab/robot_ws/install/setup.bash'
[1849.634s] INFO:colcon.colcon_core.shell:Creating prefix script '/home/crashlab/robot_ws/install/local_setup.zsh'
[1849.668s] INFO:colcon.colcon_core.shell:Creating prefix chain script '/home/crashlab/robot_ws/install/setup.zsh'
