[6.899s] Invoking command in '/home/crashlab/robot_ws/build/nav_motor_pkg': CMAKE_PREFIX_PATH=${CMAKE_PREFIX_PATH}:/home/crashlab/robot_ws/install/nav_bringup:/home/crashlab/robot_ws/install/json_data:/opt/ros/humble /usr/bin/cmake --build /home/crashlab/robot_ws/build/nav_motor_pkg -- -j4 -l4
[9.164s] [ 25%] Built target motor_util
[9.956s] [ 50%] Built target pid_gain_publisher
[10.839s] [ 75%] Built target test_running_node
[12.015s] [100%] Built target motor_run_node
[13.506s] Invoked command in '/home/crashlab/robot_ws/build/nav_motor_pkg' returned '0': CMAKE_PREFIX_PATH=${CMAKE_PREFIX_PATH}:/home/crashlab/robot_ws/install/nav_bringup:/home/crashlab/robot_ws/install/json_data:/opt/ros/humble /usr/bin/cmake --build /home/crashlab/robot_ws/build/nav_motor_pkg -- -j4 -l4
[13.547s] Invoking command in '/home/crashlab/robot_ws/build/nav_motor_pkg': CMAKE_PREFIX_PATH=${CMAKE_PREFIX_PATH}:/home/crashlab/robot_ws/install/nav_bringup:/home/crashlab/robot_ws/install/json_data:/opt/ros/humble /usr/bin/cmake --install /home/crashlab/robot_ws/build/nav_motor_pkg
[14.188s] -- Install configuration: ""
[14.215s] -- Execute custom install script
[14.240s] -- Up-to-date symlink: /home/crashlab/robot_ws/install/nav_motor_pkg/share/nav_motor_pkg//config/motor_parameters.txt
[14.287s] -- Up-to-date symlink: /home/crashlab/robot_ws/install/nav_motor_pkg/lib/nav_motor_pkg/libmotor_util.a
[14.323s] -- Up-to-date symlink: /home/crashlab/robot_ws/install/nav_motor_pkg/lib/nav_motor_pkg/motor_run_node
[14.385s] -- Up-to-date symlink: /home/crashlab/robot_ws/install/nav_motor_pkg/lib/nav_motor_pkg/test_running_node
[14.424s] -- Up-to-date symlink: /home/crashlab/robot_ws/install/nav_motor_pkg/lib/nav_motor_pkg/pid_gain_publisher
[14.525s] -- Up-to-date symlink: /home/crashlab/robot_ws/install/nav_motor_pkg/share/ament_index/resource_index/package_run_dependencies/nav_motor_pkg
[14.628s] -- Up-to-date symlink: /home/crashlab/robot_ws/install/nav_motor_pkg/share/ament_index/resource_index/parent_prefix_path/nav_motor_pkg
[14.695s] -- Up-to-date symlink: /home/crashlab/robot_ws/install/nav_motor_pkg/share/nav_motor_pkg/environment/ament_prefix_path.sh
[14.702s] -- Up-to-date symlink: /home/crashlab/robot_ws/install/nav_motor_pkg/share/nav_motor_pkg/environment/ament_prefix_path.dsv
[14.708s] -- Up-to-date symlink: /home/crashlab/robot_ws/install/nav_motor_pkg/share/nav_motor_pkg/environment/path.sh
[14.723s] -- Up-to-date symlink: /home/crashlab/robot_ws/install/nav_motor_pkg/share/nav_motor_pkg/environment/path.dsv
[14.751s] -- Up-to-date symlink: /home/crashlab/robot_ws/install/nav_motor_pkg/share/nav_motor_pkg/local_setup.bash
[14.827s] -- Up-to-date symlink: /home/crashlab/robot_ws/install/nav_motor_pkg/share/nav_motor_pkg/local_setup.sh
[14.899s] -- Up-to-date symlink: /home/crashlab/robot_ws/install/nav_motor_pkg/share/nav_motor_pkg/local_setup.zsh
[14.920s] -- Up-to-date symlink: /home/crashlab/robot_ws/install/nav_motor_pkg/share/nav_motor_pkg/local_setup.dsv
[14.982s] -- Symlinking: /home/crashlab/robot_ws/install/nav_motor_pkg/share/nav_motor_pkg/package.dsv
[15.115s] -- Up-to-date symlink: /home/crashlab/robot_ws/install/nav_motor_pkg/share/ament_index/resource_index/packages/nav_motor_pkg
[15.177s] -- Up-to-date symlink: /home/crashlab/robot_ws/install/nav_motor_pkg/share/nav_motor_pkg/cmake/nav_motor_pkgConfig.cmake
[15.178s] -- Up-to-date symlink: /home/crashlab/robot_ws/install/nav_motor_pkg/share/nav_motor_pkg/cmake/nav_motor_pkgConfig-version.cmake
[15.181s] -- Up-to-date symlink: /home/crashlab/robot_ws/install/nav_motor_pkg/share/nav_motor_pkg/package.xml
[15.208s] Invoked command in '/home/crashlab/robot_ws/build/nav_motor_pkg' returned '0': CMAKE_PREFIX_PATH=${CMAKE_PREFIX_PATH}:/home/crashlab/robot_ws/install/nav_bringup:/home/crashlab/robot_ws/install/json_data:/opt/ros/humble /usr/bin/cmake --install /home/crashlab/robot_ws/build/nav_motor_pkg
