[0.143s] Invoking command in '/home/crashlab/robot_ws/build/tutorial_ros2_motor': CMAKE_PREFIX_PATH=${CMAKE_PREFIX_PATH}:/home/crashlab/robot_ws/install/nav_bringup:/home/crashlab/robot_ws/install/json_data:/opt/ros/humble /usr/bin/cmake /home/crashlab/robot_ws/src/tutorial_ros2_motor -DAMENT_CMAKE_SYMLINK_INSTALL=1 -DCMAKE_INSTALL_PREFIX=/home/crashlab/robot_ws/install/tutorial_ros2_motor
[0.789s] -- The C compiler identification is GNU 11.4.0
[1.476s] -- The CXX compiler identification is GNU 11.4.0
[1.517s] -- Detecting C compiler ABI info
[1.975s] -- Detecting C compiler ABI info - done
[2.015s] -- Check for working C compiler: /usr/bin/cc - skipped
[2.017s] -- Detecting C compile features
[2.021s] -- Detecting C compile features - done
[2.046s] -- Detecting CXX compiler ABI info
[2.650s] -- Detecting CXX compiler ABI info - done
[2.691s] -- Check for working CXX compiler: /usr/bin/c++ - skipped
[2.695s] -- Detecting CXX compile features
[2.699s] -- Detecting CXX compile features - done
[2.753s] -- Found ament_cmake: 1.3.11 (/opt/ros/humble/share/ament_cmake/cmake)
[3.896s] -- Found Python3: /usr/bin/python3 (found version "3.10.12") found components: Interpreter 
[4.470s] -- Override CMake install command with custom implementation using symlinks instead of copying resources
[4.979s] -- Found rclcpp: 16.0.11 (/opt/ros/humble/share/rclcpp/cmake)
[5.578s] -- Found rosidl_generator_c: 3.1.6 (/opt/ros/humble/share/rosidl_generator_c/cmake)
[5.673s] -- Found rosidl_adapter: 3.1.6 (/opt/ros/humble/share/rosidl_adapter/cmake)
[5.782s] -- Found rosidl_generator_cpp: 3.1.6 (/opt/ros/humble/share/rosidl_generator_cpp/cmake)
[5.910s] -- Using all available rosidl_typesupport_c: rosidl_typesupport_fastrtps_c;rosidl_typesupport_introspection_c
[6.082s] -- Using all available rosidl_typesupport_cpp: rosidl_typesupport_fastrtps_cpp;rosidl_typesupport_introspection_cpp
[6.749s] -- Found rmw_implementation_cmake: 6.1.2 (/opt/ros/humble/share/rmw_implementation_cmake/cmake)
[6.824s] -- Found rmw_fastrtps_cpp: 6.2.7 (/opt/ros/humble/share/rmw_fastrtps_cpp/cmake)
[7.803s] -- Found OpenSSL: /usr/lib/aarch64-linux-gnu/libcrypto.so (found version "3.0.2")  
[8.270s] -- Found FastRTPS: /opt/ros/humble/include  
[8.913s] -- Using RMW implementation 'rmw_fastrtps_cpp' as default
[9.036s] -- Looking for pthread.h
[9.792s] -- Looking for pthread.h - found
[9.804s] -- Performing Test CMAKE_HAVE_LIBC_PTHREAD
[10.487s] -- Performing Test CMAKE_HAVE_LIBC_PTHREAD - Success
[10.500s] -- Found Threads: TRUE  
[11.088s] -- Found ament_lint_auto: 0.12.11 (/opt/ros/humble/share/ament_lint_auto/cmake)
[12.259s] -- Added test 'copyright' to check source files copyright and LICENSE
[12.307s] -- Added test 'cppcheck' to perform static code analysis on C / C++ code
[12.310s] -- Configured cppcheck include dirs: /home/crashlab/robot_ws/src/tutorial_ros2_motor/include
[12.311s] -- Configured cppcheck exclude dirs and/or files: 
[12.359s] -- Added test 'cpplint' to check C / C++ code against the Google style
[12.360s] -- Configured cpplint exclude dirs and/or files: 
[12.382s] -- Added test 'lint_cmake' to check CMake code style
[12.446s] -- Added test 'uncrustify' to check C / C++ code style
[12.448s] -- Configured uncrustify additional arguments: 
[12.468s] -- Added test 'xmllint' to check XML markup files
[12.478s] -- Configuring done
[12.620s] -- Generating done
[12.697s] -- Build files have been written to: /home/crashlab/robot_ws/build/tutorial_ros2_motor
[12.840s] Invoked command in '/home/crashlab/robot_ws/build/tutorial_ros2_motor' returned '0': CMAKE_PREFIX_PATH=${CMAKE_PREFIX_PATH}:/home/crashlab/robot_ws/install/nav_bringup:/home/crashlab/robot_ws/install/json_data:/opt/ros/humble /usr/bin/cmake /home/crashlab/robot_ws/src/tutorial_ros2_motor -DAMENT_CMAKE_SYMLINK_INSTALL=1 -DCMAKE_INSTALL_PREFIX=/home/crashlab/robot_ws/install/tutorial_ros2_motor
[12.857s] Invoking command in '/home/crashlab/robot_ws/build/tutorial_ros2_motor': CMAKE_PREFIX_PATH=${CMAKE_PREFIX_PATH}:/home/crashlab/robot_ws/install/nav_bringup:/home/crashlab/robot_ws/install/json_data:/opt/ros/humble /usr/bin/cmake --build /home/crashlab/robot_ws/build/tutorial_ros2_motor -- -j4 -l4
[13.567s] [ 25%] [32mBuilding CXX object CMakeFiles/motor_node.dir/src/motor_node.cpp.o[0m
[13.716s] [ 50%] [32mBuilding CXX object CMakeFiles/teleop_node.dir/src/teleop_node.cpp.o[0m
[328.992s] [ 75%] [32m[1mLinking CXX executable teleop_node[0m
[333.055s] [ 75%] Built target teleop_node
[370.535s] [100%] [32m[1mLinking CXX executable motor_node[0m
[374.178s] [100%] Built target motor_node
[374.309s] Invoked command in '/home/crashlab/robot_ws/build/tutorial_ros2_motor' returned '0': CMAKE_PREFIX_PATH=${CMAKE_PREFIX_PATH}:/home/crashlab/robot_ws/install/nav_bringup:/home/crashlab/robot_ws/install/json_data:/opt/ros/humble /usr/bin/cmake --build /home/crashlab/robot_ws/build/tutorial_ros2_motor -- -j4 -l4
[374.321s] Invoking command in '/home/crashlab/robot_ws/build/tutorial_ros2_motor': CMAKE_PREFIX_PATH=${CMAKE_PREFIX_PATH}:/home/crashlab/robot_ws/install/nav_bringup:/home/crashlab/robot_ws/install/json_data:/opt/ros/humble /usr/bin/cmake --install /home/crashlab/robot_ws/build/tutorial_ros2_motor
[374.383s] -- Install configuration: ""
[374.392s] -- Execute custom install script
[374.397s] -- Symlinking: /home/crashlab/robot_ws/install/tutorial_ros2_motor/lib/tutorial_ros2_motor/motor_node
[374.494s] -- Symlinking: /home/crashlab/robot_ws/install/tutorial_ros2_motor/lib/tutorial_ros2_motor/teleop_node
[374.562s] -- Symlinking: /home/crashlab/robot_ws/install/tutorial_ros2_motor/share/tutorial_ros2_motor//config/motor_parameters.txt
[374.623s] -- Symlinking: /home/crashlab/robot_ws/install/tutorial_ros2_motor/share/ament_index/resource_index/package_run_dependencies/tutorial_ros2_motor
[374.685s] -- Symlinking: /home/crashlab/robot_ws/install/tutorial_ros2_motor/share/ament_index/resource_index/parent_prefix_path/tutorial_ros2_motor
[374.744s] -- Symlinking: /home/crashlab/robot_ws/install/tutorial_ros2_motor/share/tutorial_ros2_motor/environment/ament_prefix_path.sh
[374.804s] -- Symlinking: /home/crashlab/robot_ws/install/tutorial_ros2_motor/share/tutorial_ros2_motor/environment/ament_prefix_path.dsv
[374.863s] -- Symlinking: /home/crashlab/robot_ws/install/tutorial_ros2_motor/share/tutorial_ros2_motor/environment/path.sh
[374.923s] -- Symlinking: /home/crashlab/robot_ws/install/tutorial_ros2_motor/share/tutorial_ros2_motor/environment/path.dsv
[374.986s] -- Symlinking: /home/crashlab/robot_ws/install/tutorial_ros2_motor/share/tutorial_ros2_motor/local_setup.bash
[375.043s] -- Symlinking: /home/crashlab/robot_ws/install/tutorial_ros2_motor/share/tutorial_ros2_motor/local_setup.sh
[375.103s] -- Symlinking: /home/crashlab/robot_ws/install/tutorial_ros2_motor/share/tutorial_ros2_motor/local_setup.zsh
[375.208s] -- Symlinking: /home/crashlab/robot_ws/install/tutorial_ros2_motor/share/tutorial_ros2_motor/local_setup.dsv
[375.267s] -- Symlinking: /home/crashlab/robot_ws/install/tutorial_ros2_motor/share/tutorial_ros2_motor/package.dsv
[375.324s] -- Symlinking: /home/crashlab/robot_ws/install/tutorial_ros2_motor/share/ament_index/resource_index/packages/tutorial_ros2_motor
[375.382s] -- Symlinking: /home/crashlab/robot_ws/install/tutorial_ros2_motor/share/tutorial_ros2_motor/cmake/tutorial_ros2_motorConfig.cmake
[375.465s] -- Symlinking: /home/crashlab/robot_ws/install/tutorial_ros2_motor/share/tutorial_ros2_motor/cmake/tutorial_ros2_motorConfig-version.cmake
[375.530s] -- Symlinking: /home/crashlab/robot_ws/install/tutorial_ros2_motor/share/tutorial_ros2_motor/package.xml
[375.600s] Invoked command in '/home/crashlab/robot_ws/build/tutorial_ros2_motor' returned '0': CMAKE_PREFIX_PATH=${CMAKE_PREFIX_PATH}:/home/crashlab/robot_ws/install/nav_bringup:/home/crashlab/robot_ws/install/json_data:/opt/ros/humble /usr/bin/cmake --install /home/crashlab/robot_ws/build/tutorial_ros2_motor
