[2.928s] Invoking command in '/home/crashlab/robot_ws/build/other_motor_pkg': CMAKE_PREFIX_PATH=${CMAKE_PREFIX_PATH}:/home/crashlab/robot_ws/install/nav_bringup:/home/crashlab/robot_ws/install/json_data:/opt/ros/humble /usr/bin/cmake --build /home/crashlab/robot_ws/build/other_motor_pkg -- -j4 -l4
[3.159s] [35m[1mConsolidate compiler generated dependencies of target cap_motor_node[0m
[3.328s] [100%] Built target cap_motor_node
[3.403s] Invoked command in '/home/crashlab/robot_ws/build/other_motor_pkg' returned '0': CMAKE_PREFIX_PATH=${CMAKE_PREFIX_PATH}:/home/crashlab/robot_ws/install/nav_bringup:/home/crashlab/robot_ws/install/json_data:/opt/ros/humble /usr/bin/cmake --build /home/crashlab/robot_ws/build/other_motor_pkg -- -j4 -l4
[3.494s] Invoking command in '/home/crashlab/robot_ws/build/other_motor_pkg': CMAKE_PREFIX_PATH=${CMAKE_PREFIX_PATH}:/home/crashlab/robot_ws/install/nav_bringup:/home/crashlab/robot_ws/install/json_data:/opt/ros/humble /usr/bin/cmake --install /home/crashlab/robot_ws/build/other_motor_pkg
[3.543s] -- Install configuration: ""
[3.546s] -- Execute custom install script
[3.549s] -- Up-to-date symlink: /home/crashlab/robot_ws/install/other_motor_pkg//cap_motor_node
[3.551s] -- Up-to-date symlink: /home/crashlab/robot_ws/install/other_motor_pkg/share/ament_index/resource_index/package_run_dependencies/other_motor_pkg
[3.554s] -- Up-to-date symlink: /home/crashlab/robot_ws/install/other_motor_pkg/share/ament_index/resource_index/parent_prefix_path/other_motor_pkg
[3.556s] -- Up-to-date symlink: /home/crashlab/robot_ws/install/other_motor_pkg/share/other_motor_pkg/environment/ament_prefix_path.sh
[3.558s] -- Up-to-date symlink: /home/crashlab/robot_ws/install/other_motor_pkg/share/other_motor_pkg/environment/ament_prefix_path.dsv
[3.560s] -- Up-to-date symlink: /home/crashlab/robot_ws/install/other_motor_pkg/share/other_motor_pkg/environment/path.sh
[3.561s] -- Up-to-date symlink: /home/crashlab/robot_ws/install/other_motor_pkg/share/other_motor_pkg/environment/path.dsv
[3.563s] -- Up-to-date symlink: /home/crashlab/robot_ws/install/other_motor_pkg/share/other_motor_pkg/local_setup.bash
[3.565s] -- Up-to-date symlink: /home/crashlab/robot_ws/install/other_motor_pkg/share/other_motor_pkg/local_setup.sh
[3.567s] -- Up-to-date symlink: /home/crashlab/robot_ws/install/other_motor_pkg/share/other_motor_pkg/local_setup.zsh
[3.569s] -- Up-to-date symlink: /home/crashlab/robot_ws/install/other_motor_pkg/share/other_motor_pkg/local_setup.dsv
[3.570s] -- Symlinking: /home/crashlab/robot_ws/install/other_motor_pkg/share/other_motor_pkg/package.dsv
[3.621s] -- Up-to-date symlink: /home/crashlab/robot_ws/install/other_motor_pkg/share/ament_index/resource_index/packages/other_motor_pkg
[3.624s] -- Up-to-date symlink: /home/crashlab/robot_ws/install/other_motor_pkg/share/other_motor_pkg/cmake/other_motor_pkgConfig.cmake
[3.626s] -- Up-to-date symlink: /home/crashlab/robot_ws/install/other_motor_pkg/share/other_motor_pkg/cmake/other_motor_pkgConfig-version.cmake
[3.630s] -- Up-to-date symlink: /home/crashlab/robot_ws/install/other_motor_pkg/share/other_motor_pkg/package.xml
[3.644s] Invoked command in '/home/crashlab/robot_ws/build/other_motor_pkg' returned '0': CMAKE_PREFIX_PATH=${CMAKE_PREFIX_PATH}:/home/crashlab/robot_ws/install/nav_bringup:/home/crashlab/robot_ws/install/json_data:/opt/ros/humble /usr/bin/cmake --install /home/crashlab/robot_ws/build/other_motor_pkg
