[0.600s] DEBUG:colcon:Command line arguments: ['/usr/bin/colcon', 'build', '--symlink-install']
[0.601s] DEBUG:colcon:Parsed command line arguments: Namespace(log_base=None, log_level=None, verb_name='build', build_base='build', install_base='install', merge_install=False, symlink_install=True, test_result_base=None, continue_on_error=False, executor='parallel', parallel_workers=4, event_handlers=None, ignore_user_meta=False, metas=['./colcon.meta'], base_paths=['.'], packages_ignore=None, packages_ignore_regex=None, paths=None, packages_up_to=None, packages_up_to_regex=None, packages_above=None, packages_above_and_dependencies=None, packages_above_depth=None, packages_select_by_dep=None, packages_skip_by_dep=None, packages_skip_up_to=None, packages_select_build_failed=False, packages_skip_build_finished=False, packages_select_test_failures=False, packages_skip_test_passed=False, packages_select=None, packages_skip=None, packages_select_regex=None, packages_skip_regex=None, packages_start=None, packages_end=None, allow_overriding=[], cmake_args=None, cmake_target=None, cmake_target_skip_unavailable=False, cmake_clean_cache=False, cmake_clean_first=False, cmake_force_configure=False, ament_cmake_args=None, catkin_cmake_args=None, catkin_skip_building_tests=False, mixin_files=None, mixin=None, verb_parser=<colcon_mixin.mixin.mixin_argument.MixinArgumentDecorator object at 0xffffbbde63e0>, verb_extension=<colcon_core.verb.build.BuildVerb object at 0xffffbbedb370>, main=<bound method BuildVerb.main of <colcon_core.verb.build.BuildVerb object at 0xffffbbedb370>>, mixin_verb=('build',))
[1.563s] Level 1:colcon.colcon_core.package_discovery:discover_packages(colcon_meta) check parameters
[1.563s] Level 1:colcon.colcon_core.package_discovery:discover_packages(recursive) check parameters
[1.564s] Level 1:colcon.colcon_core.package_discovery:discover_packages(ignore) check parameters
[1.564s] Level 1:colcon.colcon_core.package_discovery:discover_packages(path) check parameters
[1.564s] Level 1:colcon.colcon_core.package_discovery:discover_packages(colcon_meta) discover
[1.564s] Level 1:colcon.colcon_core.package_discovery:discover_packages(recursive) discover
[1.564s] INFO:colcon.colcon_core.package_discovery:Crawling recursively for packages in '/home/crashlab/robot_ws'
[1.565s] Level 1:colcon.colcon_core.package_identification:_identify(.) by extensions ['ignore', 'ignore_ament_install']
[1.566s] Level 1:colcon.colcon_core.package_identification:_identify(.) by extension 'ignore'
[1.566s] Level 1:colcon.colcon_core.package_identification:_identify(.) by extension 'ignore_ament_install'
[1.566s] Level 1:colcon.colcon_core.package_identification:_identify(.) by extensions ['colcon_pkg']
[1.566s] Level 1:colcon.colcon_core.package_identification:_identify(.) by extension 'colcon_pkg'
[1.566s] Level 1:colcon.colcon_core.package_identification:_identify(.) by extensions ['colcon_meta']
[1.567s] Level 1:colcon.colcon_core.package_identification:_identify(.) by extension 'colcon_meta'
[1.567s] Level 1:colcon.colcon_core.package_identification:_identify(.) by extensions ['ros']
[1.567s] Level 1:colcon.colcon_core.package_identification:_identify(.) by extension 'ros'
[1.611s] Level 1:colcon.colcon_core.package_identification:_identify(.) by extensions ['cmake', 'python']
[1.611s] Level 1:colcon.colcon_core.package_identification:_identify(.) by extension 'cmake'
[1.612s] Level 1:colcon.colcon_core.package_identification:_identify(.) by extension 'python'
[1.612s] Level 1:colcon.colcon_core.package_identification:_identify(.) by extensions ['python_setup_py']
[1.612s] Level 1:colcon.colcon_core.package_identification:_identify(.) by extension 'python_setup_py'
[1.613s] Level 1:colcon.colcon_core.package_identification:_identify(build) by extensions ['ignore', 'ignore_ament_install']
[1.613s] Level 1:colcon.colcon_core.package_identification:_identify(build) by extension 'ignore'
[1.613s] Level 1:colcon.colcon_core.package_identification:_identify(build) ignored
[1.614s] Level 1:colcon.colcon_core.package_identification:_identify(install) by extensions ['ignore', 'ignore_ament_install']
[1.614s] Level 1:colcon.colcon_core.package_identification:_identify(install) by extension 'ignore'
[1.615s] Level 1:colcon.colcon_core.package_identification:_identify(install) ignored
[1.615s] Level 1:colcon.colcon_core.package_identification:_identify(log) by extensions ['ignore', 'ignore_ament_install']
[1.616s] Level 1:colcon.colcon_core.package_identification:_identify(log) by extension 'ignore'
[1.616s] Level 1:colcon.colcon_core.package_identification:_identify(log) ignored
[1.616s] Level 1:colcon.colcon_core.package_identification:_identify(src) by extensions ['ignore', 'ignore_ament_install']
[1.617s] Level 1:colcon.colcon_core.package_identification:_identify(src) by extension 'ignore'
[1.617s] Level 1:colcon.colcon_core.package_identification:_identify(src) by extension 'ignore_ament_install'
[1.617s] Level 1:colcon.colcon_core.package_identification:_identify(src) by extensions ['colcon_pkg']
[1.617s] Level 1:colcon.colcon_core.package_identification:_identify(src) by extension 'colcon_pkg'
[1.617s] Level 1:colcon.colcon_core.package_identification:_identify(src) by extensions ['colcon_meta']
[1.618s] Level 1:colcon.colcon_core.package_identification:_identify(src) by extension 'colcon_meta'
[1.618s] Level 1:colcon.colcon_core.package_identification:_identify(src) by extensions ['ros']
[1.618s] Level 1:colcon.colcon_core.package_identification:_identify(src) by extension 'ros'
[1.618s] Level 1:colcon.colcon_core.package_identification:_identify(src) by extensions ['cmake', 'python']
[1.618s] Level 1:colcon.colcon_core.package_identification:_identify(src) by extension 'cmake'
[1.619s] Level 1:colcon.colcon_core.package_identification:_identify(src) by extension 'python'
[1.619s] Level 1:colcon.colcon_core.package_identification:_identify(src) by extensions ['python_setup_py']
[1.619s] Level 1:colcon.colcon_core.package_identification:_identify(src) by extension 'python_setup_py'
[1.620s] Level 1:colcon.colcon_core.package_identification:_identify(src/YDLidar-SDK) by extensions ['ignore', 'ignore_ament_install']
[1.620s] Level 1:colcon.colcon_core.package_identification:_identify(src/YDLidar-SDK) by extension 'ignore'
[1.620s] Level 1:colcon.colcon_core.package_identification:_identify(src/YDLidar-SDK) by extension 'ignore_ament_install'
[1.621s] Level 1:colcon.colcon_core.package_identification:_identify(src/YDLidar-SDK) by extensions ['colcon_pkg']
[1.621s] Level 1:colcon.colcon_core.package_identification:_identify(src/YDLidar-SDK) by extension 'colcon_pkg'
[1.621s] Level 1:colcon.colcon_core.package_identification:_identify(src/YDLidar-SDK) by extensions ['colcon_meta']
[1.621s] Level 1:colcon.colcon_core.package_identification:_identify(src/YDLidar-SDK) by extension 'colcon_meta'
[1.622s] Level 1:colcon.colcon_core.package_identification:_identify(src/YDLidar-SDK) by extensions ['ros']
[1.622s] Level 1:colcon.colcon_core.package_identification:_identify(src/YDLidar-SDK) by extension 'ros'
[1.622s] Level 1:colcon.colcon_core.package_identification:_identify(src/YDLidar-SDK) by extensions ['cmake', 'python']
[1.622s] Level 1:colcon.colcon_core.package_identification:_identify(src/YDLidar-SDK) by extension 'cmake'
[1.693s] Level 1:colcon.colcon_core.package_identification:_identify(src/YDLidar-SDK) by extension 'python'
[1.694s] DEBUG:colcon.colcon_core.package_identification:Package 'src/YDLidar-SDK' with type 'cmake' and name 'ydlidar_sdk'
[1.695s] Level 1:colcon.colcon_core.package_identification:_identify(src/coordination) by extensions ['ignore', 'ignore_ament_install']
[1.695s] Level 1:colcon.colcon_core.package_identification:_identify(src/coordination) by extension 'ignore'
[1.695s] Level 1:colcon.colcon_core.package_identification:_identify(src/coordination) by extension 'ignore_ament_install'
[1.696s] Level 1:colcon.colcon_core.package_identification:_identify(src/coordination) by extensions ['colcon_pkg']
[1.696s] Level 1:colcon.colcon_core.package_identification:_identify(src/coordination) by extension 'colcon_pkg'
[1.696s] Level 1:colcon.colcon_core.package_identification:_identify(src/coordination) by extensions ['colcon_meta']
[1.697s] Level 1:colcon.colcon_core.package_identification:_identify(src/coordination) by extension 'colcon_meta'
[1.697s] Level 1:colcon.colcon_core.package_identification:_identify(src/coordination) by extensions ['ros']
[1.697s] Level 1:colcon.colcon_core.package_identification:_identify(src/coordination) by extension 'ros'
[1.707s] DEBUG:colcon.colcon_core.package_identification:Package 'src/coordination' with type 'ros.ament_python' and name 'coordination'
[1.708s] Level 1:colcon.colcon_core.package_identification:_identify(src/crash_nav2) by extensions ['ignore', 'ignore_ament_install']
[1.709s] Level 1:colcon.colcon_core.package_identification:_identify(src/crash_nav2) by extension 'ignore'
[1.709s] Level 1:colcon.colcon_core.package_identification:_identify(src/crash_nav2) by extension 'ignore_ament_install'
[1.709s] Level 1:colcon.colcon_core.package_identification:_identify(src/crash_nav2) by extensions ['colcon_pkg']
[1.710s] Level 1:colcon.colcon_core.package_identification:_identify(src/crash_nav2) by extension 'colcon_pkg'
[1.710s] Level 1:colcon.colcon_core.package_identification:_identify(src/crash_nav2) by extensions ['colcon_meta']
[1.710s] Level 1:colcon.colcon_core.package_identification:_identify(src/crash_nav2) by extension 'colcon_meta'
[1.711s] Level 1:colcon.colcon_core.package_identification:_identify(src/crash_nav2) by extensions ['ros']
[1.711s] Level 1:colcon.colcon_core.package_identification:_identify(src/crash_nav2) by extension 'ros'
[1.716s] DEBUG:colcon.colcon_core.package_identification:Package 'src/crash_nav2' with type 'ros.ament_cmake' and name 'crash_nav2'
[1.717s] Level 1:colcon.colcon_core.package_identification:_identify(src/json_data) by extensions ['ignore', 'ignore_ament_install']
[1.717s] Level 1:colcon.colcon_core.package_identification:_identify(src/json_data) by extension 'ignore'
[1.718s] Level 1:colcon.colcon_core.package_identification:_identify(src/json_data) by extension 'ignore_ament_install'
[1.718s] Level 1:colcon.colcon_core.package_identification:_identify(src/json_data) by extensions ['colcon_pkg']
[1.718s] Level 1:colcon.colcon_core.package_identification:_identify(src/json_data) by extension 'colcon_pkg'
[1.719s] Level 1:colcon.colcon_core.package_identification:_identify(src/json_data) by extensions ['colcon_meta']
[1.719s] Level 1:colcon.colcon_core.package_identification:_identify(src/json_data) by extension 'colcon_meta'
[1.719s] Level 1:colcon.colcon_core.package_identification:_identify(src/json_data) by extensions ['ros']
[1.719s] Level 1:colcon.colcon_core.package_identification:_identify(src/json_data) by extension 'ros'
[1.722s] DEBUG:colcon.colcon_core.package_identification:Package 'src/json_data' with type 'ros.ament_python' and name 'json_data'
[1.723s] Level 1:colcon.colcon_core.package_identification:_identify(src/nav_motor_pkg) by extensions ['ignore', 'ignore_ament_install']
[1.724s] Level 1:colcon.colcon_core.package_identification:_identify(src/nav_motor_pkg) by extension 'ignore'
[1.724s] Level 1:colcon.colcon_core.package_identification:_identify(src/nav_motor_pkg) by extension 'ignore_ament_install'
[1.725s] Level 1:colcon.colcon_core.package_identification:_identify(src/nav_motor_pkg) by extensions ['colcon_pkg']
[1.725s] Level 1:colcon.colcon_core.package_identification:_identify(src/nav_motor_pkg) by extension 'colcon_pkg'
[1.726s] Level 1:colcon.colcon_core.package_identification:_identify(src/nav_motor_pkg) by extensions ['colcon_meta']
[1.726s] Level 1:colcon.colcon_core.package_identification:_identify(src/nav_motor_pkg) by extension 'colcon_meta'
[1.726s] Level 1:colcon.colcon_core.package_identification:_identify(src/nav_motor_pkg) by extensions ['ros']
[1.726s] Level 1:colcon.colcon_core.package_identification:_identify(src/nav_motor_pkg) by extension 'ros'
[1.732s] DEBUG:colcon.colcon_core.package_identification:Package 'src/nav_motor_pkg' with type 'ros.ament_cmake' and name 'nav_motor_pkg'
[1.733s] Level 1:colcon.colcon_core.package_identification:_identify(src/other_motor_pkg) by extensions ['ignore', 'ignore_ament_install']
[1.734s] Level 1:colcon.colcon_core.package_identification:_identify(src/other_motor_pkg) by extension 'ignore'
[1.734s] Level 1:colcon.colcon_core.package_identification:_identify(src/other_motor_pkg) by extension 'ignore_ament_install'
[1.735s] Level 1:colcon.colcon_core.package_identification:_identify(src/other_motor_pkg) by extensions ['colcon_pkg']
[1.735s] Level 1:colcon.colcon_core.package_identification:_identify(src/other_motor_pkg) by extension 'colcon_pkg'
[1.735s] Level 1:colcon.colcon_core.package_identification:_identify(src/other_motor_pkg) by extensions ['colcon_meta']
[1.735s] Level 1:colcon.colcon_core.package_identification:_identify(src/other_motor_pkg) by extension 'colcon_meta'
[1.736s] Level 1:colcon.colcon_core.package_identification:_identify(src/other_motor_pkg) by extensions ['ros']
[1.736s] Level 1:colcon.colcon_core.package_identification:_identify(src/other_motor_pkg) by extension 'ros'
[1.739s] DEBUG:colcon.colcon_core.package_identification:Package 'src/other_motor_pkg' with type 'ros.ament_cmake' and name 'other_motor_pkg'
[1.740s] Level 1:colcon.colcon_core.package_identification:_identify(src/tutorial_ros2_motor) by extensions ['ignore', 'ignore_ament_install']
[1.740s] Level 1:colcon.colcon_core.package_identification:_identify(src/tutorial_ros2_motor) by extension 'ignore'
[1.741s] Level 1:colcon.colcon_core.package_identification:_identify(src/tutorial_ros2_motor) by extension 'ignore_ament_install'
[1.741s] Level 1:colcon.colcon_core.package_identification:_identify(src/tutorial_ros2_motor) by extensions ['colcon_pkg']
[1.741s] Level 1:colcon.colcon_core.package_identification:_identify(src/tutorial_ros2_motor) by extension 'colcon_pkg'
[1.741s] Level 1:colcon.colcon_core.package_identification:_identify(src/tutorial_ros2_motor) by extensions ['colcon_meta']
[1.742s] Level 1:colcon.colcon_core.package_identification:_identify(src/tutorial_ros2_motor) by extension 'colcon_meta'
[1.742s] Level 1:colcon.colcon_core.package_identification:_identify(src/tutorial_ros2_motor) by extensions ['ros']
[1.742s] Level 1:colcon.colcon_core.package_identification:_identify(src/tutorial_ros2_motor) by extension 'ros'
[1.746s] DEBUG:colcon.colcon_core.package_identification:Package 'src/tutorial_ros2_motor' with type 'ros.ament_cmake' and name 'tutorial_ros2_motor'
[1.747s] Level 1:colcon.colcon_core.package_identification:_identify(src/untitled_description) by extensions ['ignore', 'ignore_ament_install']
[1.747s] Level 1:colcon.colcon_core.package_identification:_identify(src/untitled_description) by extension 'ignore'
[1.748s] Level 1:colcon.colcon_core.package_identification:_identify(src/untitled_description) by extension 'ignore_ament_install'
[1.748s] Level 1:colcon.colcon_core.package_identification:_identify(src/untitled_description) by extensions ['colcon_pkg']
[1.748s] Level 1:colcon.colcon_core.package_identification:_identify(src/untitled_description) by extension 'colcon_pkg'
[1.749s] Level 1:colcon.colcon_core.package_identification:_identify(src/untitled_description) by extensions ['colcon_meta']
[1.749s] Level 1:colcon.colcon_core.package_identification:_identify(src/untitled_description) by extension 'colcon_meta'
[1.750s] Level 1:colcon.colcon_core.package_identification:_identify(src/untitled_description) by extensions ['ros']
[1.750s] Level 1:colcon.colcon_core.package_identification:_identify(src/untitled_description) by extension 'ros'
[1.755s] DEBUG:colcon.colcon_core.package_identification:Package 'src/untitled_description' with type 'ros.ament_cmake' and name 'untitled_description'
[1.756s] Level 1:colcon.colcon_core.package_identification:_identify(src/ydlidar_ros2_driver_bs) by extensions ['ignore', 'ignore_ament_install']
[1.756s] Level 1:colcon.colcon_core.package_identification:_identify(src/ydlidar_ros2_driver_bs) by extension 'ignore'
[1.757s] Level 1:colcon.colcon_core.package_identification:_identify(src/ydlidar_ros2_driver_bs) by extension 'ignore_ament_install'
[1.757s] Level 1:colcon.colcon_core.package_identification:_identify(src/ydlidar_ros2_driver_bs) by extensions ['colcon_pkg']
[1.757s] Level 1:colcon.colcon_core.package_identification:_identify(src/ydlidar_ros2_driver_bs) by extension 'colcon_pkg'
[1.758s] Level 1:colcon.colcon_core.package_identification:_identify(src/ydlidar_ros2_driver_bs) by extensions ['colcon_meta']
[1.758s] Level 1:colcon.colcon_core.package_identification:_identify(src/ydlidar_ros2_driver_bs) by extension 'colcon_meta'
[1.758s] Level 1:colcon.colcon_core.package_identification:_identify(src/ydlidar_ros2_driver_bs) by extensions ['ros']
[1.759s] Level 1:colcon.colcon_core.package_identification:_identify(src/ydlidar_ros2_driver_bs) by extension 'ros'
[1.762s] DEBUG:colcon.colcon_core.package_identification:Package 'src/ydlidar_ros2_driver_bs' with type 'ros.ament_cmake' and name 'ydlidar_ros2_driver'
[1.762s] Level 1:colcon.colcon_core.package_discovery:discover_packages(recursive) using defaults
[1.762s] Level 1:colcon.colcon_core.package_discovery:discover_packages(ignore) discover
[1.763s] Level 1:colcon.colcon_core.package_discovery:discover_packages(ignore) using defaults
[1.763s] Level 1:colcon.colcon_core.package_discovery:discover_packages(path) discover
[1.763s] Level 1:colcon.colcon_core.package_discovery:discover_packages(path) using defaults
[1.906s] Level 1:colcon.colcon_core.package_discovery:discover_packages(prefix_path) check parameters
[1.906s] Level 1:colcon.colcon_core.package_discovery:discover_packages(prefix_path) discover
[1.920s] DEBUG:colcon.colcon_installed_package_information.package_discovery:Found 10 installed packages in /home/crashlab/robot_ws/install
[1.931s] DEBUG:colcon.colcon_installed_package_information.package_discovery:Found 323 installed packages in /opt/ros/humble
[1.939s] Level 1:colcon.colcon_core.package_discovery:discover_packages(prefix_path) using defaults
[2.174s] Level 5:colcon.colcon_core.verb:set package 'coordination' build argument 'cmake_args' from command line to 'None'
[2.174s] Level 5:colcon.colcon_core.verb:set package 'coordination' build argument 'cmake_target' from command line to 'None'
[2.175s] Level 5:colcon.colcon_core.verb:set package 'coordination' build argument 'cmake_target_skip_unavailable' from command line to 'False'
[2.175s] Level 5:colcon.colcon_core.verb:set package 'coordination' build argument 'cmake_clean_cache' from command line to 'False'
[2.175s] Level 5:colcon.colcon_core.verb:set package 'coordination' build argument 'cmake_clean_first' from command line to 'False'
[2.176s] Level 5:colcon.colcon_core.verb:set package 'coordination' build argument 'cmake_force_configure' from command line to 'False'
[2.176s] Level 5:colcon.colcon_core.verb:set package 'coordination' build argument 'ament_cmake_args' from command line to 'None'
[2.176s] Level 5:colcon.colcon_core.verb:set package 'coordination' build argument 'catkin_cmake_args' from command line to 'None'
[2.176s] Level 5:colcon.colcon_core.verb:set package 'coordination' build argument 'catkin_skip_building_tests' from command line to 'False'
[2.177s] DEBUG:colcon.colcon_core.verb:Building package 'coordination' with the following arguments: {'ament_cmake_args': None, 'build_base': '/home/crashlab/robot_ws/build/coordination', 'catkin_cmake_args': None, 'catkin_skip_building_tests': False, 'cmake_args': None, 'cmake_clean_cache': False, 'cmake_clean_first': False, 'cmake_force_configure': False, 'cmake_target': None, 'cmake_target_skip_unavailable': False, 'install_base': '/home/crashlab/robot_ws/install/coordination', 'merge_install': False, 'path': '/home/crashlab/robot_ws/src/coordination', 'symlink_install': True, 'test_result_base': None}
[2.179s] Level 5:colcon.colcon_core.verb:set package 'crash_nav2' build argument 'cmake_args' from command line to 'None'
[2.179s] Level 5:colcon.colcon_core.verb:set package 'crash_nav2' build argument 'cmake_target' from command line to 'None'
[2.179s] Level 5:colcon.colcon_core.verb:set package 'crash_nav2' build argument 'cmake_target_skip_unavailable' from command line to 'False'
[2.179s] Level 5:colcon.colcon_core.verb:set package 'crash_nav2' build argument 'cmake_clean_cache' from command line to 'False'
[2.180s] Level 5:colcon.colcon_core.verb:set package 'crash_nav2' build argument 'cmake_clean_first' from command line to 'False'
[2.180s] Level 5:colcon.colcon_core.verb:set package 'crash_nav2' build argument 'cmake_force_configure' from command line to 'False'
[2.180s] Level 5:colcon.colcon_core.verb:set package 'crash_nav2' build argument 'ament_cmake_args' from command line to 'None'
[2.180s] Level 5:colcon.colcon_core.verb:set package 'crash_nav2' build argument 'catkin_cmake_args' from command line to 'None'
[2.180s] Level 5:colcon.colcon_core.verb:set package 'crash_nav2' build argument 'catkin_skip_building_tests' from command line to 'False'
[2.180s] DEBUG:colcon.colcon_core.verb:Building package 'crash_nav2' with the following arguments: {'ament_cmake_args': None, 'build_base': '/home/crashlab/robot_ws/build/crash_nav2', 'catkin_cmake_args': None, 'catkin_skip_building_tests': False, 'cmake_args': None, 'cmake_clean_cache': False, 'cmake_clean_first': False, 'cmake_force_configure': False, 'cmake_target': None, 'cmake_target_skip_unavailable': False, 'install_base': '/home/crashlab/robot_ws/install/crash_nav2', 'merge_install': False, 'path': '/home/crashlab/robot_ws/src/crash_nav2', 'symlink_install': True, 'test_result_base': None}
[2.182s] Level 5:colcon.colcon_core.verb:set package 'json_data' build argument 'cmake_args' from command line to 'None'
[2.183s] Level 5:colcon.colcon_core.verb:set package 'json_data' build argument 'cmake_target' from command line to 'None'
[2.183s] Level 5:colcon.colcon_core.verb:set package 'json_data' build argument 'cmake_target_skip_unavailable' from command line to 'False'
[2.183s] Level 5:colcon.colcon_core.verb:set package 'json_data' build argument 'cmake_clean_cache' from command line to 'False'
[2.183s] Level 5:colcon.colcon_core.verb:set package 'json_data' build argument 'cmake_clean_first' from command line to 'False'
[2.183s] Level 5:colcon.colcon_core.verb:set package 'json_data' build argument 'cmake_force_configure' from command line to 'False'
[2.183s] Level 5:colcon.colcon_core.verb:set package 'json_data' build argument 'ament_cmake_args' from command line to 'None'
[2.184s] Level 5:colcon.colcon_core.verb:set package 'json_data' build argument 'catkin_cmake_args' from command line to 'None'
[2.184s] Level 5:colcon.colcon_core.verb:set package 'json_data' build argument 'catkin_skip_building_tests' from command line to 'False'
[2.184s] DEBUG:colcon.colcon_core.verb:Building package 'json_data' with the following arguments: {'ament_cmake_args': None, 'build_base': '/home/crashlab/robot_ws/build/json_data', 'catkin_cmake_args': None, 'catkin_skip_building_tests': False, 'cmake_args': None, 'cmake_clean_cache': False, 'cmake_clean_first': False, 'cmake_force_configure': False, 'cmake_target': None, 'cmake_target_skip_unavailable': False, 'install_base': '/home/crashlab/robot_ws/install/json_data', 'merge_install': False, 'path': '/home/crashlab/robot_ws/src/json_data', 'symlink_install': True, 'test_result_base': None}
[2.186s] Level 5:colcon.colcon_core.verb:set package 'nav_motor_pkg' build argument 'cmake_args' from command line to 'None'
[2.186s] Level 5:colcon.colcon_core.verb:set package 'nav_motor_pkg' build argument 'cmake_target' from command line to 'None'
[2.186s] Level 5:colcon.colcon_core.verb:set package 'nav_motor_pkg' build argument 'cmake_target_skip_unavailable' from command line to 'False'
[2.186s] Level 5:colcon.colcon_core.verb:set package 'nav_motor_pkg' build argument 'cmake_clean_cache' from command line to 'False'
[2.186s] Level 5:colcon.colcon_core.verb:set package 'nav_motor_pkg' build argument 'cmake_clean_first' from command line to 'False'
[2.186s] Level 5:colcon.colcon_core.verb:set package 'nav_motor_pkg' build argument 'cmake_force_configure' from command line to 'False'
[2.187s] Level 5:colcon.colcon_core.verb:set package 'nav_motor_pkg' build argument 'ament_cmake_args' from command line to 'None'
[2.187s] Level 5:colcon.colcon_core.verb:set package 'nav_motor_pkg' build argument 'catkin_cmake_args' from command line to 'None'
[2.187s] Level 5:colcon.colcon_core.verb:set package 'nav_motor_pkg' build argument 'catkin_skip_building_tests' from command line to 'False'
[2.187s] DEBUG:colcon.colcon_core.verb:Building package 'nav_motor_pkg' with the following arguments: {'ament_cmake_args': None, 'build_base': '/home/crashlab/robot_ws/build/nav_motor_pkg', 'catkin_cmake_args': None, 'catkin_skip_building_tests': False, 'cmake_args': None, 'cmake_clean_cache': False, 'cmake_clean_first': False, 'cmake_force_configure': False, 'cmake_target': None, 'cmake_target_skip_unavailable': False, 'install_base': '/home/crashlab/robot_ws/install/nav_motor_pkg', 'merge_install': False, 'path': '/home/crashlab/robot_ws/src/nav_motor_pkg', 'symlink_install': True, 'test_result_base': None}
[2.189s] Level 5:colcon.colcon_core.verb:set package 'other_motor_pkg' build argument 'cmake_args' from command line to 'None'
[2.189s] Level 5:colcon.colcon_core.verb:set package 'other_motor_pkg' build argument 'cmake_target' from command line to 'None'
[2.190s] Level 5:colcon.colcon_core.verb:set package 'other_motor_pkg' build argument 'cmake_target_skip_unavailable' from command line to 'False'
[2.190s] Level 5:colcon.colcon_core.verb:set package 'other_motor_pkg' build argument 'cmake_clean_cache' from command line to 'False'
[2.190s] Level 5:colcon.colcon_core.verb:set package 'other_motor_pkg' build argument 'cmake_clean_first' from command line to 'False'
[2.190s] Level 5:colcon.colcon_core.verb:set package 'other_motor_pkg' build argument 'cmake_force_configure' from command line to 'False'
[2.190s] Level 5:colcon.colcon_core.verb:set package 'other_motor_pkg' build argument 'ament_cmake_args' from command line to 'None'
[2.190s] Level 5:colcon.colcon_core.verb:set package 'other_motor_pkg' build argument 'catkin_cmake_args' from command line to 'None'
[2.190s] Level 5:colcon.colcon_core.verb:set package 'other_motor_pkg' build argument 'catkin_skip_building_tests' from command line to 'False'
[2.191s] DEBUG:colcon.colcon_core.verb:Building package 'other_motor_pkg' with the following arguments: {'ament_cmake_args': None, 'build_base': '/home/crashlab/robot_ws/build/other_motor_pkg', 'catkin_cmake_args': None, 'catkin_skip_building_tests': False, 'cmake_args': None, 'cmake_clean_cache': False, 'cmake_clean_first': False, 'cmake_force_configure': False, 'cmake_target': None, 'cmake_target_skip_unavailable': False, 'install_base': '/home/crashlab/robot_ws/install/other_motor_pkg', 'merge_install': False, 'path': '/home/crashlab/robot_ws/src/other_motor_pkg', 'symlink_install': True, 'test_result_base': None}
[2.192s] Level 5:colcon.colcon_core.verb:set package 'tutorial_ros2_motor' build argument 'cmake_args' from command line to 'None'
[2.193s] Level 5:colcon.colcon_core.verb:set package 'tutorial_ros2_motor' build argument 'cmake_target' from command line to 'None'
[2.193s] Level 5:colcon.colcon_core.verb:set package 'tutorial_ros2_motor' build argument 'cmake_target_skip_unavailable' from command line to 'False'
[2.193s] Level 5:colcon.colcon_core.verb:set package 'tutorial_ros2_motor' build argument 'cmake_clean_cache' from command line to 'False'
[2.193s] Level 5:colcon.colcon_core.verb:set package 'tutorial_ros2_motor' build argument 'cmake_clean_first' from command line to 'False'
[2.193s] Level 5:colcon.colcon_core.verb:set package 'tutorial_ros2_motor' build argument 'cmake_force_configure' from command line to 'False'
[2.194s] Level 5:colcon.colcon_core.verb:set package 'tutorial_ros2_motor' build argument 'ament_cmake_args' from command line to 'None'
[2.194s] Level 5:colcon.colcon_core.verb:set package 'tutorial_ros2_motor' build argument 'catkin_cmake_args' from command line to 'None'
[2.194s] Level 5:colcon.colcon_core.verb:set package 'tutorial_ros2_motor' build argument 'catkin_skip_building_tests' from command line to 'False'
[2.194s] DEBUG:colcon.colcon_core.verb:Building package 'tutorial_ros2_motor' with the following arguments: {'ament_cmake_args': None, 'build_base': '/home/crashlab/robot_ws/build/tutorial_ros2_motor', 'catkin_cmake_args': None, 'catkin_skip_building_tests': False, 'cmake_args': None, 'cmake_clean_cache': False, 'cmake_clean_first': False, 'cmake_force_configure': False, 'cmake_target': None, 'cmake_target_skip_unavailable': False, 'install_base': '/home/crashlab/robot_ws/install/tutorial_ros2_motor', 'merge_install': False, 'path': '/home/crashlab/robot_ws/src/tutorial_ros2_motor', 'symlink_install': True, 'test_result_base': None}
[2.196s] Level 5:colcon.colcon_core.verb:set package 'untitled_description' build argument 'cmake_args' from command line to 'None'
[2.196s] Level 5:colcon.colcon_core.verb:set package 'untitled_description' build argument 'cmake_target' from command line to 'None'
[2.197s] Level 5:colcon.colcon_core.verb:set package 'untitled_description' build argument 'cmake_target_skip_unavailable' from command line to 'False'
[2.197s] Level 5:colcon.colcon_core.verb:set package 'untitled_description' build argument 'cmake_clean_cache' from command line to 'False'
[2.197s] Level 5:colcon.colcon_core.verb:set package 'untitled_description' build argument 'cmake_clean_first' from command line to 'False'
[2.197s] Level 5:colcon.colcon_core.verb:set package 'untitled_description' build argument 'cmake_force_configure' from command line to 'False'
[2.197s] Level 5:colcon.colcon_core.verb:set package 'untitled_description' build argument 'ament_cmake_args' from command line to 'None'
[2.197s] Level 5:colcon.colcon_core.verb:set package 'untitled_description' build argument 'catkin_cmake_args' from command line to 'None'
[2.197s] Level 5:colcon.colcon_core.verb:set package 'untitled_description' build argument 'catkin_skip_building_tests' from command line to 'False'
[2.198s] DEBUG:colcon.colcon_core.verb:Building package 'untitled_description' with the following arguments: {'ament_cmake_args': None, 'build_base': '/home/crashlab/robot_ws/build/untitled_description', 'catkin_cmake_args': None, 'catkin_skip_building_tests': False, 'cmake_args': None, 'cmake_clean_cache': False, 'cmake_clean_first': False, 'cmake_force_configure': False, 'cmake_target': None, 'cmake_target_skip_unavailable': False, 'install_base': '/home/crashlab/robot_ws/install/untitled_description', 'merge_install': False, 'path': '/home/crashlab/robot_ws/src/untitled_description', 'symlink_install': True, 'test_result_base': None}
[2.199s] Level 5:colcon.colcon_core.verb:set package 'ydlidar_ros2_driver' build argument 'cmake_args' from command line to 'None'
[2.200s] Level 5:colcon.colcon_core.verb:set package 'ydlidar_ros2_driver' build argument 'cmake_target' from command line to 'None'
[2.200s] Level 5:colcon.colcon_core.verb:set package 'ydlidar_ros2_driver' build argument 'cmake_target_skip_unavailable' from command line to 'False'
[2.200s] Level 5:colcon.colcon_core.verb:set package 'ydlidar_ros2_driver' build argument 'cmake_clean_cache' from command line to 'False'
[2.200s] Level 5:colcon.colcon_core.verb:set package 'ydlidar_ros2_driver' build argument 'cmake_clean_first' from command line to 'False'
[2.200s] Level 5:colcon.colcon_core.verb:set package 'ydlidar_ros2_driver' build argument 'cmake_force_configure' from command line to 'False'
[2.201s] Level 5:colcon.colcon_core.verb:set package 'ydlidar_ros2_driver' build argument 'ament_cmake_args' from command line to 'None'
[2.201s] Level 5:colcon.colcon_core.verb:set package 'ydlidar_ros2_driver' build argument 'catkin_cmake_args' from command line to 'None'
[2.201s] Level 5:colcon.colcon_core.verb:set package 'ydlidar_ros2_driver' build argument 'catkin_skip_building_tests' from command line to 'False'
[2.201s] DEBUG:colcon.colcon_core.verb:Building package 'ydlidar_ros2_driver' with the following arguments: {'ament_cmake_args': None, 'build_base': '/home/crashlab/robot_ws/build/ydlidar_ros2_driver', 'catkin_cmake_args': None, 'catkin_skip_building_tests': False, 'cmake_args': None, 'cmake_clean_cache': False, 'cmake_clean_first': False, 'cmake_force_configure': False, 'cmake_target': None, 'cmake_target_skip_unavailable': False, 'install_base': '/home/crashlab/robot_ws/install/ydlidar_ros2_driver', 'merge_install': False, 'path': '/home/crashlab/robot_ws/src/ydlidar_ros2_driver_bs', 'symlink_install': True, 'test_result_base': None}
[2.203s] Level 5:colcon.colcon_core.verb:set package 'ydlidar_sdk' build argument 'cmake_args' from command line to 'None'
[2.203s] Level 5:colcon.colcon_core.verb:set package 'ydlidar_sdk' build argument 'cmake_target' from command line to 'None'
[2.204s] Level 5:colcon.colcon_core.verb:set package 'ydlidar_sdk' build argument 'cmake_target_skip_unavailable' from command line to 'False'
[2.204s] Level 5:colcon.colcon_core.verb:set package 'ydlidar_sdk' build argument 'cmake_clean_cache' from command line to 'False'
[2.204s] Level 5:colcon.colcon_core.verb:set package 'ydlidar_sdk' build argument 'cmake_clean_first' from command line to 'False'
[2.204s] Level 5:colcon.colcon_core.verb:set package 'ydlidar_sdk' build argument 'cmake_force_configure' from command line to 'False'
[2.204s] Level 5:colcon.colcon_core.verb:set package 'ydlidar_sdk' build argument 'ament_cmake_args' from command line to 'None'
[2.204s] Level 5:colcon.colcon_core.verb:set package 'ydlidar_sdk' build argument 'catkin_cmake_args' from command line to 'None'
[2.204s] Level 5:colcon.colcon_core.verb:set package 'ydlidar_sdk' build argument 'catkin_skip_building_tests' from command line to 'False'
[2.205s] DEBUG:colcon.colcon_core.verb:Building package 'ydlidar_sdk' with the following arguments: {'ament_cmake_args': None, 'build_base': '/home/crashlab/robot_ws/build/ydlidar_sdk', 'catkin_cmake_args': None, 'catkin_skip_building_tests': False, 'cmake_args': None, 'cmake_clean_cache': False, 'cmake_clean_first': False, 'cmake_force_configure': False, 'cmake_target': None, 'cmake_target_skip_unavailable': False, 'install_base': '/home/crashlab/robot_ws/install/ydlidar_sdk', 'merge_install': False, 'path': '/home/crashlab/robot_ws/src/YDLidar-SDK', 'symlink_install': True, 'test_result_base': None}
[2.205s] INFO:colcon.colcon_core.executor:Executing jobs using 'parallel' executor
[2.210s] DEBUG:colcon.colcon_parallel_executor.executor.parallel:run_until_complete
[2.212s] INFO:colcon.colcon_ros.task.ament_python.build:Building ROS package in '/home/crashlab/robot_ws/src/coordination' with build type 'ament_python'
[2.213s] Level 1:colcon.colcon_core.shell:create_environment_hook('coordination', 'ament_prefix_path')
[2.227s] INFO:colcon.colcon_core.plugin_system:Skipping extension 'colcon_core.shell.bat': Not used on non-Windows systems
[2.229s] INFO:colcon.colcon_core.shell:Creating environment hook '/home/crashlab/robot_ws/install/coordination/share/coordination/hook/ament_prefix_path.ps1'
[2.232s] INFO:colcon.colcon_core.shell:Creating environment descriptor '/home/crashlab/robot_ws/install/coordination/share/coordination/hook/ament_prefix_path.dsv'
[2.235s] INFO:colcon.colcon_core.shell:Creating environment hook '/home/crashlab/robot_ws/install/coordination/share/coordination/hook/ament_prefix_path.sh'
[2.240s] INFO:colcon.colcon_core.shell:Skip shell extension 'powershell' for command environment: Not usable outside of PowerShell
[2.240s] DEBUG:colcon.colcon_core.shell:Skip shell extension 'dsv' for command environment
[2.263s] INFO:colcon.colcon_ros.task.ament_cmake.build:Building ROS package in '/home/crashlab/robot_ws/src/crash_nav2' with build type 'ament_cmake'
[2.263s] INFO:colcon.colcon_cmake.task.cmake.build:Building CMake package in '/home/crashlab/robot_ws/src/crash_nav2'
[2.264s] INFO:colcon.colcon_core.shell:Skip shell extension 'powershell' for command environment: Not usable outside of PowerShell
[2.265s] DEBUG:colcon.colcon_core.shell:Skip shell extension 'dsv' for command environment
[2.288s] INFO:colcon.colcon_ros.task.ament_python.build:Building ROS package in '/home/crashlab/robot_ws/src/json_data' with build type 'ament_python'
[2.289s] Level 1:colcon.colcon_core.shell:create_environment_hook('json_data', 'ament_prefix_path')
[2.290s] INFO:colcon.colcon_core.shell:Creating environment hook '/home/crashlab/robot_ws/install/json_data/share/json_data/hook/ament_prefix_path.ps1'
[2.293s] INFO:colcon.colcon_core.shell:Creating environment descriptor '/home/crashlab/robot_ws/install/json_data/share/json_data/hook/ament_prefix_path.dsv'
[2.295s] INFO:colcon.colcon_core.shell:Creating environment hook '/home/crashlab/robot_ws/install/json_data/share/json_data/hook/ament_prefix_path.sh'
[2.298s] INFO:colcon.colcon_core.shell:Skip shell extension 'powershell' for command environment: Not usable outside of PowerShell
[2.299s] DEBUG:colcon.colcon_core.shell:Skip shell extension 'dsv' for command environment
[2.321s] INFO:colcon.colcon_ros.task.ament_cmake.build:Building ROS package in '/home/crashlab/robot_ws/src/nav_motor_pkg' with build type 'ament_cmake'
[2.321s] INFO:colcon.colcon_cmake.task.cmake.build:Building CMake package in '/home/crashlab/robot_ws/src/nav_motor_pkg'
[2.323s] INFO:colcon.colcon_core.shell:Skip shell extension 'powershell' for command environment: Not usable outside of PowerShell
[2.323s] DEBUG:colcon.colcon_core.shell:Skip shell extension 'dsv' for command environment
[3.642s] INFO:colcon.colcon_core.task.python.build:Building Python package in '/home/crashlab/robot_ws/src/coordination'
[3.643s] INFO:colcon.colcon_core.shell:Skip shell extension 'powershell' for command environment: Not usable outside of PowerShell
[3.644s] DEBUG:colcon.colcon_core.shell:Skip shell extension 'dsv' for command environment
[3.680s] DEBUG:colcon.colcon_core.event_handler.log_command:Invoking command in '/home/crashlab/robot_ws/build/crash_nav2': CMAKE_PREFIX_PATH=${CMAKE_PREFIX_PATH}:/home/crashlab/robot_ws/install/nav_bringup:/home/crashlab/robot_ws/install/json_data:/home/crashlab/robot_ws/install/coordination:/opt/ros/humble /usr/bin/cmake --build /home/crashlab/robot_ws/build/crash_nav2 -- -j4 -l4
[5.188s] INFO:colcon.colcon_core.task.python.build:Building Python package in '/home/crashlab/robot_ws/src/json_data'
[5.190s] INFO:colcon.colcon_core.shell:Skip shell extension 'powershell' for command environment: Not usable outside of PowerShell
[5.190s] DEBUG:colcon.colcon_core.shell:Skip shell extension 'dsv' for command environment
[5.246s] DEBUG:colcon.colcon_core.event_handler.log_command:Invoking command in '/home/crashlab/robot_ws/build/nav_motor_pkg': CMAKE_PREFIX_PATH=${CMAKE_PREFIX_PATH}:/home/crashlab/robot_ws/install/nav_bringup:/home/crashlab/robot_ws/install/json_data:/home/crashlab/robot_ws/install/coordination:/opt/ros/humble /usr/bin/cmake --build /home/crashlab/robot_ws/build/nav_motor_pkg -- -j4 -l4
[5.248s] DEBUG:colcon.colcon_core.event_handler.log_command:Invoked command in '/home/crashlab/robot_ws/build/crash_nav2' returned '0': CMAKE_PREFIX_PATH=${CMAKE_PREFIX_PATH}:/home/crashlab/robot_ws/install/nav_bringup:/home/crashlab/robot_ws/install/json_data:/home/crashlab/robot_ws/install/coordination:/opt/ros/humble /usr/bin/cmake --build /home/crashlab/robot_ws/build/crash_nav2 -- -j4 -l4
[5.283s] DEBUG:colcon.colcon_core.event_handler.log_command:Invoking command in '/home/crashlab/robot_ws/build/crash_nav2': CMAKE_PREFIX_PATH=${CMAKE_PREFIX_PATH}:/home/crashlab/robot_ws/install/nav_bringup:/home/crashlab/robot_ws/install/json_data:/home/crashlab/robot_ws/install/coordination:/opt/ros/humble /usr/bin/cmake --install /home/crashlab/robot_ws/build/crash_nav2
[5.465s] Level 1:colcon.colcon_core.environment:create_environment_scripts_only(crash_nav2)
[5.482s] DEBUG:colcon.colcon_core.event_handler.log_command:Invoked command in '/home/crashlab/robot_ws/build/crash_nav2' returned '0': CMAKE_PREFIX_PATH=${CMAKE_PREFIX_PATH}:/home/crashlab/robot_ws/install/nav_bringup:/home/crashlab/robot_ws/install/json_data:/home/crashlab/robot_ws/install/coordination:/opt/ros/humble /usr/bin/cmake --install /home/crashlab/robot_ws/build/crash_nav2
[5.491s] Level 1:colcon.colcon_core.environment:checking '/home/crashlab/robot_ws/install/crash_nav2' for CMake module files
[5.495s] Level 1:colcon.colcon_core.environment:checking '/home/crashlab/robot_ws/install/crash_nav2' for CMake config files
[5.501s] Level 1:colcon.colcon_core.shell:create_environment_hook('crash_nav2', 'cmake_prefix_path')
[5.502s] INFO:colcon.colcon_core.shell:Creating environment hook '/home/crashlab/robot_ws/install/crash_nav2/share/crash_nav2/hook/cmake_prefix_path.ps1'
[5.506s] INFO:colcon.colcon_core.shell:Creating environment descriptor '/home/crashlab/robot_ws/install/crash_nav2/share/crash_nav2/hook/cmake_prefix_path.dsv'
[5.510s] INFO:colcon.colcon_core.shell:Creating environment hook '/home/crashlab/robot_ws/install/crash_nav2/share/crash_nav2/hook/cmake_prefix_path.sh'
[5.516s] Level 1:colcon.colcon_core.environment:checking '/home/crashlab/robot_ws/install/crash_nav2/lib'
[5.518s] Level 1:colcon.colcon_core.environment:checking '/home/crashlab/robot_ws/install/crash_nav2/bin'
[5.519s] Level 1:colcon.colcon_core.environment:checking '/home/crashlab/robot_ws/install/crash_nav2/lib/pkgconfig/crash_nav2.pc'
[5.521s] Level 1:colcon.colcon_core.environment:checking '/home/crashlab/robot_ws/install/crash_nav2/lib/python3.10/site-packages'
[5.523s] Level 1:colcon.colcon_core.environment:checking '/home/crashlab/robot_ws/install/crash_nav2/bin'
[5.524s] INFO:colcon.colcon_core.shell:Creating package script '/home/crashlab/robot_ws/install/crash_nav2/share/crash_nav2/package.ps1'
[5.547s] INFO:colcon.colcon_core.shell:Creating package descriptor '/home/crashlab/robot_ws/install/crash_nav2/share/crash_nav2/package.dsv'
[5.552s] INFO:colcon.colcon_core.shell:Creating package script '/home/crashlab/robot_ws/install/crash_nav2/share/crash_nav2/package.sh'
[5.557s] INFO:colcon.colcon_core.shell:Creating package script '/home/crashlab/robot_ws/install/crash_nav2/share/crash_nav2/package.bash'
[5.562s] INFO:colcon.colcon_core.shell:Creating package script '/home/crashlab/robot_ws/install/crash_nav2/share/crash_nav2/package.zsh'
[5.566s] Level 1:colcon.colcon_core.environment:create_file_with_runtime_dependencies(/home/crashlab/robot_ws/install/crash_nav2/share/colcon-core/packages/crash_nav2)
[5.571s] Level 1:colcon.colcon_core.environment:create_environment_scripts_only(crash_nav2)
[5.573s] Level 1:colcon.colcon_core.environment:checking '/home/crashlab/robot_ws/install/crash_nav2' for CMake module files
[5.576s] Level 1:colcon.colcon_core.environment:checking '/home/crashlab/robot_ws/install/crash_nav2' for CMake config files
[5.582s] Level 1:colcon.colcon_core.shell:create_environment_hook('crash_nav2', 'cmake_prefix_path')
[5.584s] INFO:colcon.colcon_core.shell:Creating environment hook '/home/crashlab/robot_ws/install/crash_nav2/share/crash_nav2/hook/cmake_prefix_path.ps1'
[5.587s] INFO:colcon.colcon_core.shell:Creating environment descriptor '/home/crashlab/robot_ws/install/crash_nav2/share/crash_nav2/hook/cmake_prefix_path.dsv'
[5.596s] INFO:colcon.colcon_core.shell:Creating environment hook '/home/crashlab/robot_ws/install/crash_nav2/share/crash_nav2/hook/cmake_prefix_path.sh'
[5.604s] Level 1:colcon.colcon_core.environment:checking '/home/crashlab/robot_ws/install/crash_nav2/lib'
[5.604s] Level 1:colcon.colcon_core.environment:checking '/home/crashlab/robot_ws/install/crash_nav2/bin'
[5.605s] Level 1:colcon.colcon_core.environment:checking '/home/crashlab/robot_ws/install/crash_nav2/lib/pkgconfig/crash_nav2.pc'
[5.606s] Level 1:colcon.colcon_core.environment:checking '/home/crashlab/robot_ws/install/crash_nav2/lib/python3.10/site-packages'
[5.607s] Level 1:colcon.colcon_core.environment:checking '/home/crashlab/robot_ws/install/crash_nav2/bin'
[5.609s] INFO:colcon.colcon_core.shell:Creating package script '/home/crashlab/robot_ws/install/crash_nav2/share/crash_nav2/package.ps1'
[5.613s] INFO:colcon.colcon_core.shell:Creating package descriptor '/home/crashlab/robot_ws/install/crash_nav2/share/crash_nav2/package.dsv'
[5.616s] INFO:colcon.colcon_core.shell:Creating package script '/home/crashlab/robot_ws/install/crash_nav2/share/crash_nav2/package.sh'
[5.622s] INFO:colcon.colcon_core.shell:Creating package script '/home/crashlab/robot_ws/install/crash_nav2/share/crash_nav2/package.bash'
[5.626s] INFO:colcon.colcon_core.shell:Creating package script '/home/crashlab/robot_ws/install/crash_nav2/share/crash_nav2/package.zsh'
[5.630s] Level 1:colcon.colcon_core.environment:create_file_with_runtime_dependencies(/home/crashlab/robot_ws/install/crash_nav2/share/colcon-core/packages/crash_nav2)
[5.637s] INFO:colcon.colcon_ros.task.ament_cmake.build:Building ROS package in '/home/crashlab/robot_ws/src/other_motor_pkg' with build type 'ament_cmake'
[5.638s] INFO:colcon.colcon_cmake.task.cmake.build:Building CMake package in '/home/crashlab/robot_ws/src/other_motor_pkg'
[5.640s] INFO:colcon.colcon_core.shell:Skip shell extension 'powershell' for command environment: Not usable outside of PowerShell
[5.640s] DEBUG:colcon.colcon_core.shell:Skip shell extension 'dsv' for command environment
[5.700s] DEBUG:colcon.colcon_core.event_handler.log_command:Invoking command in '/home/crashlab/robot_ws/build/other_motor_pkg': CMAKE_PREFIX_PATH=${CMAKE_PREFIX_PATH}:/home/crashlab/robot_ws/install/nav_bringup:/home/crashlab/robot_ws/install/json_data:/home/crashlab/robot_ws/install/coordination:/opt/ros/humble /usr/bin/cmake --build /home/crashlab/robot_ws/build/other_motor_pkg -- -j4 -l4
[6.204s] DEBUG:colcon.colcon_core.event_handler.log_command:Invoked command in '/home/crashlab/robot_ws/build/other_motor_pkg' returned '0': CMAKE_PREFIX_PATH=${CMAKE_PREFIX_PATH}:/home/crashlab/robot_ws/install/nav_bringup:/home/crashlab/robot_ws/install/json_data:/home/crashlab/robot_ws/install/coordination:/opt/ros/humble /usr/bin/cmake --build /home/crashlab/robot_ws/build/other_motor_pkg -- -j4 -l4
[6.212s] DEBUG:colcon.colcon_core.event_handler.log_command:Invoking command in '/home/crashlab/robot_ws/build/other_motor_pkg': CMAKE_PREFIX_PATH=${CMAKE_PREFIX_PATH}:/home/crashlab/robot_ws/install/nav_bringup:/home/crashlab/robot_ws/install/json_data:/home/crashlab/robot_ws/install/coordination:/opt/ros/humble /usr/bin/cmake --install /home/crashlab/robot_ws/build/other_motor_pkg
[6.447s] Level 1:colcon.colcon_core.environment:create_environment_scripts_only(other_motor_pkg)
[6.448s] Level 1:colcon.colcon_core.environment:checking '/home/crashlab/robot_ws/install/other_motor_pkg' for CMake module files
[6.454s] Level 1:colcon.colcon_core.environment:checking '/home/crashlab/robot_ws/install/other_motor_pkg' for CMake config files
[6.457s] Level 1:colcon.colcon_core.shell:create_environment_hook('other_motor_pkg', 'cmake_prefix_path')
[6.455s] DEBUG:colcon.colcon_core.event_handler.log_command:Invoked command in '/home/crashlab/robot_ws/build/other_motor_pkg' returned '0': CMAKE_PREFIX_PATH=${CMAKE_PREFIX_PATH}:/home/crashlab/robot_ws/install/nav_bringup:/home/crashlab/robot_ws/install/json_data:/home/crashlab/robot_ws/install/coordination:/opt/ros/humble /usr/bin/cmake --install /home/crashlab/robot_ws/build/other_motor_pkg
[6.459s] INFO:colcon.colcon_core.shell:Creating environment hook '/home/crashlab/robot_ws/install/other_motor_pkg/share/other_motor_pkg/hook/cmake_prefix_path.ps1'
[6.464s] INFO:colcon.colcon_core.shell:Creating environment descriptor '/home/crashlab/robot_ws/install/other_motor_pkg/share/other_motor_pkg/hook/cmake_prefix_path.dsv'
[6.468s] INFO:colcon.colcon_core.shell:Creating environment hook '/home/crashlab/robot_ws/install/other_motor_pkg/share/other_motor_pkg/hook/cmake_prefix_path.sh'
[6.473s] Level 1:colcon.colcon_core.environment:checking '/home/crashlab/robot_ws/install/other_motor_pkg/bin'
[6.474s] Level 1:colcon.colcon_core.environment:checking '/home/crashlab/robot_ws/install/other_motor_pkg/lib/pkgconfig/other_motor_pkg.pc'
[6.475s] Level 1:colcon.colcon_core.environment:checking '/home/crashlab/robot_ws/install/other_motor_pkg/lib/python3.10/site-packages'
[6.477s] Level 1:colcon.colcon_core.environment:checking '/home/crashlab/robot_ws/install/other_motor_pkg/bin'
[6.479s] INFO:colcon.colcon_core.shell:Creating package script '/home/crashlab/robot_ws/install/other_motor_pkg/share/other_motor_pkg/package.ps1'
[6.483s] INFO:colcon.colcon_core.shell:Creating package descriptor '/home/crashlab/robot_ws/install/other_motor_pkg/share/other_motor_pkg/package.dsv'
[6.487s] INFO:colcon.colcon_core.shell:Creating package script '/home/crashlab/robot_ws/install/other_motor_pkg/share/other_motor_pkg/package.sh'
[6.491s] INFO:colcon.colcon_core.shell:Creating package script '/home/crashlab/robot_ws/install/other_motor_pkg/share/other_motor_pkg/package.bash'
[6.495s] INFO:colcon.colcon_core.shell:Creating package script '/home/crashlab/robot_ws/install/other_motor_pkg/share/other_motor_pkg/package.zsh'
[6.498s] Level 1:colcon.colcon_core.environment:create_file_with_runtime_dependencies(/home/crashlab/robot_ws/install/other_motor_pkg/share/colcon-core/packages/other_motor_pkg)
[6.510s] Level 1:colcon.colcon_core.environment:create_environment_scripts_only(other_motor_pkg)
[6.511s] Level 1:colcon.colcon_core.environment:checking '/home/crashlab/robot_ws/install/other_motor_pkg' for CMake module files
[6.518s] Level 1:colcon.colcon_core.environment:checking '/home/crashlab/robot_ws/install/other_motor_pkg' for CMake config files
[6.520s] Level 1:colcon.colcon_core.shell:create_environment_hook('other_motor_pkg', 'cmake_prefix_path')
[6.521s] INFO:colcon.colcon_core.shell:Creating environment hook '/home/crashlab/robot_ws/install/other_motor_pkg/share/other_motor_pkg/hook/cmake_prefix_path.ps1'
[6.528s] INFO:colcon.colcon_core.shell:Creating environment descriptor '/home/crashlab/robot_ws/install/other_motor_pkg/share/other_motor_pkg/hook/cmake_prefix_path.dsv'
[6.531s] INFO:colcon.colcon_core.shell:Creating environment hook '/home/crashlab/robot_ws/install/other_motor_pkg/share/other_motor_pkg/hook/cmake_prefix_path.sh'
[6.536s] Level 1:colcon.colcon_core.environment:checking '/home/crashlab/robot_ws/install/other_motor_pkg/bin'
[6.537s] Level 1:colcon.colcon_core.environment:checking '/home/crashlab/robot_ws/install/other_motor_pkg/lib/pkgconfig/other_motor_pkg.pc'
[6.538s] Level 1:colcon.colcon_core.environment:checking '/home/crashlab/robot_ws/install/other_motor_pkg/lib/python3.10/site-packages'
[6.540s] Level 1:colcon.colcon_core.environment:checking '/home/crashlab/robot_ws/install/other_motor_pkg/bin'
[6.542s] INFO:colcon.colcon_core.shell:Creating package script '/home/crashlab/robot_ws/install/other_motor_pkg/share/other_motor_pkg/package.ps1'
[6.547s] INFO:colcon.colcon_core.shell:Creating package descriptor '/home/crashlab/robot_ws/install/other_motor_pkg/share/other_motor_pkg/package.dsv'
[6.550s] INFO:colcon.colcon_core.shell:Creating package script '/home/crashlab/robot_ws/install/other_motor_pkg/share/other_motor_pkg/package.sh'
[6.555s] INFO:colcon.colcon_core.shell:Creating package script '/home/crashlab/robot_ws/install/other_motor_pkg/share/other_motor_pkg/package.bash'
[6.558s] INFO:colcon.colcon_core.shell:Creating package script '/home/crashlab/robot_ws/install/other_motor_pkg/share/other_motor_pkg/package.zsh'
[6.563s] Level 1:colcon.colcon_core.environment:create_file_with_runtime_dependencies(/home/crashlab/robot_ws/install/other_motor_pkg/share/colcon-core/packages/other_motor_pkg)
[6.569s] INFO:colcon.colcon_ros.task.ament_cmake.build:Building ROS package in '/home/crashlab/robot_ws/src/tutorial_ros2_motor' with build type 'ament_cmake'
[6.571s] INFO:colcon.colcon_cmake.task.cmake.build:Building CMake package in '/home/crashlab/robot_ws/src/tutorial_ros2_motor'
[6.573s] INFO:colcon.colcon_core.shell:Skip shell extension 'powershell' for command environment: Not usable outside of PowerShell
[6.573s] DEBUG:colcon.colcon_core.shell:Skip shell extension 'dsv' for command environment
[6.629s] DEBUG:colcon.colcon_core.event_handler.log_command:Invoking command in '/home/crashlab/robot_ws/build/tutorial_ros2_motor': CMAKE_PREFIX_PATH=${CMAKE_PREFIX_PATH}:/home/crashlab/robot_ws/install/nav_bringup:/home/crashlab/robot_ws/install/json_data:/home/crashlab/robot_ws/install/coordination:/opt/ros/humble /usr/bin/cmake --build /home/crashlab/robot_ws/build/tutorial_ros2_motor -- -j4 -l4
[7.196s] DEBUG:colcon.colcon_core.event_handler.log_command:Invoked command in '/home/crashlab/robot_ws/build/tutorial_ros2_motor' returned '0': CMAKE_PREFIX_PATH=${CMAKE_PREFIX_PATH}:/home/crashlab/robot_ws/install/nav_bringup:/home/crashlab/robot_ws/install/json_data:/home/crashlab/robot_ws/install/coordination:/opt/ros/humble /usr/bin/cmake --build /home/crashlab/robot_ws/build/tutorial_ros2_motor -- -j4 -l4
[7.201s] DEBUG:colcon.colcon_core.event_handler.log_command:Invoking command in '/home/crashlab/robot_ws/build/tutorial_ros2_motor': CMAKE_PREFIX_PATH=${CMAKE_PREFIX_PATH}:/home/crashlab/robot_ws/install/nav_bringup:/home/crashlab/robot_ws/install/json_data:/home/crashlab/robot_ws/install/coordination:/opt/ros/humble /usr/bin/cmake --install /home/crashlab/robot_ws/build/tutorial_ros2_motor
[7.351s] Level 1:colcon.colcon_core.environment:create_environment_scripts_only(tutorial_ros2_motor)
[7.355s] Level 1:colcon.colcon_core.environment:checking '/home/crashlab/robot_ws/install/tutorial_ros2_motor' for CMake module files
[7.359s] Level 1:colcon.colcon_core.environment:checking '/home/crashlab/robot_ws/install/tutorial_ros2_motor' for CMake config files
[7.354s] DEBUG:colcon.colcon_core.event_handler.log_command:Invoked command in '/home/crashlab/robot_ws/build/tutorial_ros2_motor' returned '0': CMAKE_PREFIX_PATH=${CMAKE_PREFIX_PATH}:/home/crashlab/robot_ws/install/nav_bringup:/home/crashlab/robot_ws/install/json_data:/home/crashlab/robot_ws/install/coordination:/opt/ros/humble /usr/bin/cmake --install /home/crashlab/robot_ws/build/tutorial_ros2_motor
[7.383s] Level 1:colcon.colcon_core.shell:create_environment_hook('tutorial_ros2_motor', 'cmake_prefix_path')
[7.384s] INFO:colcon.colcon_core.shell:Creating environment hook '/home/crashlab/robot_ws/install/tutorial_ros2_motor/share/tutorial_ros2_motor/hook/cmake_prefix_path.ps1'
[7.394s] INFO:colcon.colcon_core.shell:Creating environment descriptor '/home/crashlab/robot_ws/install/tutorial_ros2_motor/share/tutorial_ros2_motor/hook/cmake_prefix_path.dsv'
[7.402s] INFO:colcon.colcon_core.shell:Creating environment hook '/home/crashlab/robot_ws/install/tutorial_ros2_motor/share/tutorial_ros2_motor/hook/cmake_prefix_path.sh'
[7.408s] Level 1:colcon.colcon_core.environment:checking '/home/crashlab/robot_ws/install/tutorial_ros2_motor/lib'
[7.410s] Level 1:colcon.colcon_core.environment:checking '/home/crashlab/robot_ws/install/tutorial_ros2_motor/bin'
[7.411s] Level 1:colcon.colcon_core.environment:checking '/home/crashlab/robot_ws/install/tutorial_ros2_motor/lib/pkgconfig/tutorial_ros2_motor.pc'
[7.413s] Level 1:colcon.colcon_core.environment:checking '/home/crashlab/robot_ws/install/tutorial_ros2_motor/lib/python3.10/site-packages'
[7.416s] Level 1:colcon.colcon_core.environment:checking '/home/crashlab/robot_ws/install/tutorial_ros2_motor/bin'
[7.418s] INFO:colcon.colcon_core.shell:Creating package script '/home/crashlab/robot_ws/install/tutorial_ros2_motor/share/tutorial_ros2_motor/package.ps1'
[7.422s] INFO:colcon.colcon_core.shell:Creating package descriptor '/home/crashlab/robot_ws/install/tutorial_ros2_motor/share/tutorial_ros2_motor/package.dsv'
[7.428s] INFO:colcon.colcon_core.shell:Creating package script '/home/crashlab/robot_ws/install/tutorial_ros2_motor/share/tutorial_ros2_motor/package.sh'
[7.434s] INFO:colcon.colcon_core.shell:Creating package script '/home/crashlab/robot_ws/install/tutorial_ros2_motor/share/tutorial_ros2_motor/package.bash'
[7.438s] INFO:colcon.colcon_core.shell:Creating package script '/home/crashlab/robot_ws/install/tutorial_ros2_motor/share/tutorial_ros2_motor/package.zsh'
[7.443s] Level 1:colcon.colcon_core.environment:create_file_with_runtime_dependencies(/home/crashlab/robot_ws/install/tutorial_ros2_motor/share/colcon-core/packages/tutorial_ros2_motor)
[7.449s] Level 1:colcon.colcon_core.environment:create_environment_scripts_only(tutorial_ros2_motor)
[7.451s] Level 1:colcon.colcon_core.environment:checking '/home/crashlab/robot_ws/install/tutorial_ros2_motor' for CMake module files
[7.455s] Level 1:colcon.colcon_core.environment:checking '/home/crashlab/robot_ws/install/tutorial_ros2_motor' for CMake config files
[7.459s] Level 1:colcon.colcon_core.shell:create_environment_hook('tutorial_ros2_motor', 'cmake_prefix_path')
[7.460s] INFO:colcon.colcon_core.shell:Creating environment hook '/home/crashlab/robot_ws/install/tutorial_ros2_motor/share/tutorial_ros2_motor/hook/cmake_prefix_path.ps1'
[7.465s] INFO:colcon.colcon_core.shell:Creating environment descriptor '/home/crashlab/robot_ws/install/tutorial_ros2_motor/share/tutorial_ros2_motor/hook/cmake_prefix_path.dsv'
[7.469s] INFO:colcon.colcon_core.shell:Creating environment hook '/home/crashlab/robot_ws/install/tutorial_ros2_motor/share/tutorial_ros2_motor/hook/cmake_prefix_path.sh'
[7.477s] Level 1:colcon.colcon_core.environment:checking '/home/crashlab/robot_ws/install/tutorial_ros2_motor/lib'
[7.478s] Level 1:colcon.colcon_core.environment:checking '/home/crashlab/robot_ws/install/tutorial_ros2_motor/bin'
[7.480s] Level 1:colcon.colcon_core.environment:checking '/home/crashlab/robot_ws/install/tutorial_ros2_motor/lib/pkgconfig/tutorial_ros2_motor.pc'
[7.481s] Level 1:colcon.colcon_core.environment:checking '/home/crashlab/robot_ws/install/tutorial_ros2_motor/lib/python3.10/site-packages'
[7.483s] Level 1:colcon.colcon_core.environment:checking '/home/crashlab/robot_ws/install/tutorial_ros2_motor/bin'
[7.487s] INFO:colcon.colcon_core.shell:Creating package script '/home/crashlab/robot_ws/install/tutorial_ros2_motor/share/tutorial_ros2_motor/package.ps1'
[7.492s] INFO:colcon.colcon_core.shell:Creating package descriptor '/home/crashlab/robot_ws/install/tutorial_ros2_motor/share/tutorial_ros2_motor/package.dsv'
[7.497s] INFO:colcon.colcon_core.shell:Creating package script '/home/crashlab/robot_ws/install/tutorial_ros2_motor/share/tutorial_ros2_motor/package.sh'
[7.503s] INFO:colcon.colcon_core.shell:Creating package script '/home/crashlab/robot_ws/install/tutorial_ros2_motor/share/tutorial_ros2_motor/package.bash'
[7.508s] INFO:colcon.colcon_core.shell:Creating package script '/home/crashlab/robot_ws/install/tutorial_ros2_motor/share/tutorial_ros2_motor/package.zsh'
[7.513s] Level 1:colcon.colcon_core.environment:create_file_with_runtime_dependencies(/home/crashlab/robot_ws/install/tutorial_ros2_motor/share/colcon-core/packages/tutorial_ros2_motor)
[7.520s] INFO:colcon.colcon_ros.task.ament_cmake.build:Building ROS package in '/home/crashlab/robot_ws/src/untitled_description' with build type 'ament_cmake'
[7.522s] INFO:colcon.colcon_cmake.task.cmake.build:Building CMake package in '/home/crashlab/robot_ws/src/untitled_description'
[7.524s] INFO:colcon.colcon_core.shell:Skip shell extension 'powershell' for command environment: Not usable outside of PowerShell
[7.525s] DEBUG:colcon.colcon_core.shell:Skip shell extension 'dsv' for command environment
[7.619s] DEBUG:colcon.colcon_core.event_handler.log_command:Invoking command in '/home/crashlab/robot_ws/build/untitled_description': CMAKE_PREFIX_PATH=${CMAKE_PREFIX_PATH}:/home/crashlab/robot_ws/install/nav_bringup:/home/crashlab/robot_ws/install/json_data:/home/crashlab/robot_ws/install/coordination:/opt/ros/humble /usr/bin/cmake --build /home/crashlab/robot_ws/build/untitled_description -- -j4 -l4
[7.730s] DEBUG:colcon.colcon_core.event_handler.log_command:Invoking command in '/home/crashlab/robot_ws/build/json_data': PYTHONPATH=/home/crashlab/robot_ws/build/json_data/prefix_override:/usr/lib/python3/dist-packages/colcon_core/task/python/colcon_distutils_commands:/home/crashlab/robot_ws/install/json_data/lib/python3.10/site-packages:${PYTHONPATH} /usr/bin/python3 -W ignore:setup.py install is deprecated -W ignore:easy_install command is deprecated setup.py develop --editable --build-directory /home/crashlab/robot_ws/build/json_data/build --no-deps symlink_data
[7.956s] DEBUG:colcon.colcon_core.event_handler.log_command:Invoked command in '/home/crashlab/robot_ws/build/untitled_description' returned '0': CMAKE_PREFIX_PATH=${CMAKE_PREFIX_PATH}:/home/crashlab/robot_ws/install/nav_bringup:/home/crashlab/robot_ws/install/json_data:/home/crashlab/robot_ws/install/coordination:/opt/ros/humble /usr/bin/cmake --build /home/crashlab/robot_ws/build/untitled_description -- -j4 -l4
[7.959s] DEBUG:colcon.colcon_core.event_handler.log_command:Invoking command in '/home/crashlab/robot_ws/build/untitled_description': CMAKE_PREFIX_PATH=${CMAKE_PREFIX_PATH}:/home/crashlab/robot_ws/install/nav_bringup:/home/crashlab/robot_ws/install/json_data:/home/crashlab/robot_ws/install/coordination:/opt/ros/humble /usr/bin/cmake --install /home/crashlab/robot_ws/build/untitled_description
[8.316s] DEBUG:colcon.colcon_core.event_handler.log_command:Invoking command in '/home/crashlab/robot_ws/build/coordination': PYTHONPATH=/home/crashlab/robot_ws/build/coordination/prefix_override:/usr/lib/python3/dist-packages/colcon_core/task/python/colcon_distutils_commands:/home/crashlab/robot_ws/install/coordination/lib/python3.10/site-packages:${PYTHONPATH} /usr/bin/python3 -W ignore:setup.py install is deprecated -W ignore:easy_install command is deprecated setup.py develop --editable --build-directory /home/crashlab/robot_ws/build/coordination/build --no-deps symlink_data
[8.327s] Level 1:colcon.colcon_core.environment:create_environment_scripts_only(untitled_description)
[8.329s] Level 1:colcon.colcon_core.environment:checking '/home/crashlab/robot_ws/install/untitled_description' for CMake module files
[8.336s] Level 1:colcon.colcon_core.environment:checking '/home/crashlab/robot_ws/install/untitled_description' for CMake config files
[8.332s] DEBUG:colcon.colcon_core.event_handler.log_command:Invoked command in '/home/crashlab/robot_ws/build/untitled_description' returned '0': CMAKE_PREFIX_PATH=${CMAKE_PREFIX_PATH}:/home/crashlab/robot_ws/install/nav_bringup:/home/crashlab/robot_ws/install/json_data:/home/crashlab/robot_ws/install/coordination:/opt/ros/humble /usr/bin/cmake --install /home/crashlab/robot_ws/build/untitled_description
[8.342s] Level 1:colcon.colcon_core.shell:create_environment_hook('untitled_description', 'cmake_prefix_path')
[8.344s] INFO:colcon.colcon_core.shell:Creating environment hook '/home/crashlab/robot_ws/install/untitled_description/share/untitled_description/hook/cmake_prefix_path.ps1'
[8.348s] INFO:colcon.colcon_core.shell:Creating environment descriptor '/home/crashlab/robot_ws/install/untitled_description/share/untitled_description/hook/cmake_prefix_path.dsv'
[8.352s] INFO:colcon.colcon_core.shell:Creating environment hook '/home/crashlab/robot_ws/install/untitled_description/share/untitled_description/hook/cmake_prefix_path.sh'
[8.358s] Level 1:colcon.colcon_core.environment:checking '/home/crashlab/robot_ws/install/untitled_description/bin'
[8.359s] Level 1:colcon.colcon_core.environment:checking '/home/crashlab/robot_ws/install/untitled_description/lib/pkgconfig/untitled_description.pc'
[8.360s] Level 1:colcon.colcon_core.environment:checking '/home/crashlab/robot_ws/install/untitled_description/lib/python3.10/site-packages'
[8.362s] Level 1:colcon.colcon_core.environment:checking '/home/crashlab/robot_ws/install/untitled_description/bin'
[8.364s] INFO:colcon.colcon_core.shell:Creating package script '/home/crashlab/robot_ws/install/untitled_description/share/untitled_description/package.ps1'
[8.369s] INFO:colcon.colcon_core.shell:Creating package descriptor '/home/crashlab/robot_ws/install/untitled_description/share/untitled_description/package.dsv'
[8.375s] INFO:colcon.colcon_core.shell:Creating package script '/home/crashlab/robot_ws/install/untitled_description/share/untitled_description/package.sh'
[8.379s] INFO:colcon.colcon_core.shell:Creating package script '/home/crashlab/robot_ws/install/untitled_description/share/untitled_description/package.bash'
[8.384s] INFO:colcon.colcon_core.shell:Creating package script '/home/crashlab/robot_ws/install/untitled_description/share/untitled_description/package.zsh'
[8.388s] Level 1:colcon.colcon_core.environment:create_file_with_runtime_dependencies(/home/crashlab/robot_ws/install/untitled_description/share/colcon-core/packages/untitled_description)
[8.393s] Level 1:colcon.colcon_core.environment:create_environment_scripts_only(untitled_description)
[8.395s] Level 1:colcon.colcon_core.environment:checking '/home/crashlab/robot_ws/install/untitled_description' for CMake module files
[8.400s] Level 1:colcon.colcon_core.environment:checking '/home/crashlab/robot_ws/install/untitled_description' for CMake config files
[8.406s] Level 1:colcon.colcon_core.shell:create_environment_hook('untitled_description', 'cmake_prefix_path')
[8.408s] INFO:colcon.colcon_core.shell:Creating environment hook '/home/crashlab/robot_ws/install/untitled_description/share/untitled_description/hook/cmake_prefix_path.ps1'
[8.412s] INFO:colcon.colcon_core.shell:Creating environment descriptor '/home/crashlab/robot_ws/install/untitled_description/share/untitled_description/hook/cmake_prefix_path.dsv'
[8.416s] INFO:colcon.colcon_core.shell:Creating environment hook '/home/crashlab/robot_ws/install/untitled_description/share/untitled_description/hook/cmake_prefix_path.sh'
[8.422s] Level 1:colcon.colcon_core.environment:checking '/home/crashlab/robot_ws/install/untitled_description/bin'
[8.427s] Level 1:colcon.colcon_core.environment:checking '/home/crashlab/robot_ws/install/untitled_description/lib/pkgconfig/untitled_description.pc'
[8.429s] Level 1:colcon.colcon_core.environment:checking '/home/crashlab/robot_ws/install/untitled_description/lib/python3.10/site-packages'
[8.431s] Level 1:colcon.colcon_core.environment:checking '/home/crashlab/robot_ws/install/untitled_description/bin'
[8.433s] INFO:colcon.colcon_core.shell:Creating package script '/home/crashlab/robot_ws/install/untitled_description/share/untitled_description/package.ps1'
[8.437s] INFO:colcon.colcon_core.shell:Creating package descriptor '/home/crashlab/robot_ws/install/untitled_description/share/untitled_description/package.dsv'
[8.442s] INFO:colcon.colcon_core.shell:Creating package script '/home/crashlab/robot_ws/install/untitled_description/share/untitled_description/package.sh'
[8.446s] INFO:colcon.colcon_core.shell:Creating package script '/home/crashlab/robot_ws/install/untitled_description/share/untitled_description/package.bash'
[8.451s] INFO:colcon.colcon_core.shell:Creating package script '/home/crashlab/robot_ws/install/untitled_description/share/untitled_description/package.zsh'
[8.456s] Level 1:colcon.colcon_core.environment:create_file_with_runtime_dependencies(/home/crashlab/robot_ws/install/untitled_description/share/colcon-core/packages/untitled_description)
[8.463s] INFO:colcon.colcon_ros.task.ament_cmake.build:Building ROS package in '/home/crashlab/robot_ws/src/ydlidar_ros2_driver_bs' with build type 'ament_cmake'
[8.465s] INFO:colcon.colcon_cmake.task.cmake.build:Building CMake package in '/home/crashlab/robot_ws/src/ydlidar_ros2_driver_bs'
[8.467s] INFO:colcon.colcon_core.shell:Skip shell extension 'powershell' for command environment: Not usable outside of PowerShell
[8.468s] DEBUG:colcon.colcon_core.shell:Skip shell extension 'dsv' for command environment
[8.531s] DEBUG:colcon.colcon_core.event_handler.log_command:Invoking command in '/home/crashlab/robot_ws/build/ydlidar_ros2_driver': CMAKE_PREFIX_PATH=${CMAKE_PREFIX_PATH}:/home/crashlab/robot_ws/install/nav_bringup:/home/crashlab/robot_ws/install/json_data:/home/crashlab/robot_ws/install/coordination:/opt/ros/humble /usr/bin/cmake --build /home/crashlab/robot_ws/build/ydlidar_ros2_driver -- -j4 -l4
[9.119s] DEBUG:colcon.colcon_core.event_handler.log_command:Invoked command in '/home/crashlab/robot_ws/build/ydlidar_ros2_driver' returned '0': CMAKE_PREFIX_PATH=${CMAKE_PREFIX_PATH}:/home/crashlab/robot_ws/install/nav_bringup:/home/crashlab/robot_ws/install/json_data:/home/crashlab/robot_ws/install/coordination:/opt/ros/humble /usr/bin/cmake --build /home/crashlab/robot_ws/build/ydlidar_ros2_driver -- -j4 -l4
[9.129s] DEBUG:colcon.colcon_core.event_handler.log_command:Invoking command in '/home/crashlab/robot_ws/build/ydlidar_ros2_driver': CMAKE_PREFIX_PATH=${CMAKE_PREFIX_PATH}:/home/crashlab/robot_ws/install/nav_bringup:/home/crashlab/robot_ws/install/json_data:/home/crashlab/robot_ws/install/coordination:/opt/ros/humble /usr/bin/cmake --install /home/crashlab/robot_ws/build/ydlidar_ros2_driver
[9.311s] Level 1:colcon.colcon_core.environment:create_environment_scripts_only(ydlidar_ros2_driver)
[9.315s] Level 1:colcon.colcon_core.environment:checking '/home/crashlab/robot_ws/install/ydlidar_ros2_driver' for CMake module files
[9.320s] Level 1:colcon.colcon_core.environment:checking '/home/crashlab/robot_ws/install/ydlidar_ros2_driver' for CMake config files
[9.314s] DEBUG:colcon.colcon_core.event_handler.log_command:Invoked command in '/home/crashlab/robot_ws/build/ydlidar_ros2_driver' returned '0': CMAKE_PREFIX_PATH=${CMAKE_PREFIX_PATH}:/home/crashlab/robot_ws/install/nav_bringup:/home/crashlab/robot_ws/install/json_data:/home/crashlab/robot_ws/install/coordination:/opt/ros/humble /usr/bin/cmake --install /home/crashlab/robot_ws/build/ydlidar_ros2_driver
[9.330s] Level 1:colcon.colcon_core.shell:create_environment_hook('ydlidar_ros2_driver', 'cmake_prefix_path')
[9.332s] INFO:colcon.colcon_core.shell:Creating environment hook '/home/crashlab/robot_ws/install/ydlidar_ros2_driver/share/ydlidar_ros2_driver/hook/cmake_prefix_path.ps1'
[9.336s] INFO:colcon.colcon_core.shell:Creating environment descriptor '/home/crashlab/robot_ws/install/ydlidar_ros2_driver/share/ydlidar_ros2_driver/hook/cmake_prefix_path.dsv'
[9.340s] INFO:colcon.colcon_core.shell:Creating environment hook '/home/crashlab/robot_ws/install/ydlidar_ros2_driver/share/ydlidar_ros2_driver/hook/cmake_prefix_path.sh'
[9.346s] Level 1:colcon.colcon_core.environment:checking '/home/crashlab/robot_ws/install/ydlidar_ros2_driver/lib'
[9.347s] Level 1:colcon.colcon_core.environment:checking '/home/crashlab/robot_ws/install/ydlidar_ros2_driver/bin'
[9.348s] Level 1:colcon.colcon_core.environment:checking '/home/crashlab/robot_ws/install/ydlidar_ros2_driver/lib/pkgconfig/ydlidar_ros2_driver.pc'
[9.350s] Level 1:colcon.colcon_core.environment:checking '/home/crashlab/robot_ws/install/ydlidar_ros2_driver/lib/python3.10/site-packages'
[9.352s] Level 1:colcon.colcon_core.environment:checking '/home/crashlab/robot_ws/install/ydlidar_ros2_driver/bin'
[9.354s] INFO:colcon.colcon_core.shell:Creating package script '/home/crashlab/robot_ws/install/ydlidar_ros2_driver/share/ydlidar_ros2_driver/package.ps1'
[9.358s] INFO:colcon.colcon_core.shell:Creating package descriptor '/home/crashlab/robot_ws/install/ydlidar_ros2_driver/share/ydlidar_ros2_driver/package.dsv'
[9.363s] INFO:colcon.colcon_core.shell:Creating package script '/home/crashlab/robot_ws/install/ydlidar_ros2_driver/share/ydlidar_ros2_driver/package.sh'
[9.368s] INFO:colcon.colcon_core.shell:Creating package script '/home/crashlab/robot_ws/install/ydlidar_ros2_driver/share/ydlidar_ros2_driver/package.bash'
[9.373s] INFO:colcon.colcon_core.shell:Creating package script '/home/crashlab/robot_ws/install/ydlidar_ros2_driver/share/ydlidar_ros2_driver/package.zsh'
[9.377s] Level 1:colcon.colcon_core.environment:create_file_with_runtime_dependencies(/home/crashlab/robot_ws/install/ydlidar_ros2_driver/share/colcon-core/packages/ydlidar_ros2_driver)
[9.382s] Level 1:colcon.colcon_core.environment:create_environment_scripts_only(ydlidar_ros2_driver)
[9.384s] Level 1:colcon.colcon_core.environment:checking '/home/crashlab/robot_ws/install/ydlidar_ros2_driver' for CMake module files
[9.388s] Level 1:colcon.colcon_core.environment:checking '/home/crashlab/robot_ws/install/ydlidar_ros2_driver' for CMake config files
[9.392s] Level 1:colcon.colcon_core.shell:create_environment_hook('ydlidar_ros2_driver', 'cmake_prefix_path')
[9.394s] INFO:colcon.colcon_core.shell:Creating environment hook '/home/crashlab/robot_ws/install/ydlidar_ros2_driver/share/ydlidar_ros2_driver/hook/cmake_prefix_path.ps1'
[9.398s] INFO:colcon.colcon_core.shell:Creating environment descriptor '/home/crashlab/robot_ws/install/ydlidar_ros2_driver/share/ydlidar_ros2_driver/hook/cmake_prefix_path.dsv'
[9.402s] INFO:colcon.colcon_core.shell:Creating environment hook '/home/crashlab/robot_ws/install/ydlidar_ros2_driver/share/ydlidar_ros2_driver/hook/cmake_prefix_path.sh'
[9.407s] Level 1:colcon.colcon_core.environment:checking '/home/crashlab/robot_ws/install/ydlidar_ros2_driver/lib'
[9.408s] Level 1:colcon.colcon_core.environment:checking '/home/crashlab/robot_ws/install/ydlidar_ros2_driver/bin'
[9.409s] Level 1:colcon.colcon_core.environment:checking '/home/crashlab/robot_ws/install/ydlidar_ros2_driver/lib/pkgconfig/ydlidar_ros2_driver.pc'
[9.411s] Level 1:colcon.colcon_core.environment:checking '/home/crashlab/robot_ws/install/ydlidar_ros2_driver/lib/python3.10/site-packages'
[9.413s] Level 1:colcon.colcon_core.environment:checking '/home/crashlab/robot_ws/install/ydlidar_ros2_driver/bin'
[9.416s] INFO:colcon.colcon_core.shell:Creating package script '/home/crashlab/robot_ws/install/ydlidar_ros2_driver/share/ydlidar_ros2_driver/package.ps1'
[9.421s] INFO:colcon.colcon_core.shell:Creating package descriptor '/home/crashlab/robot_ws/install/ydlidar_ros2_driver/share/ydlidar_ros2_driver/package.dsv'
[9.432s] INFO:colcon.colcon_core.shell:Creating package script '/home/crashlab/robot_ws/install/ydlidar_ros2_driver/share/ydlidar_ros2_driver/package.sh'
[9.437s] INFO:colcon.colcon_core.shell:Creating package script '/home/crashlab/robot_ws/install/ydlidar_ros2_driver/share/ydlidar_ros2_driver/package.bash'
[9.442s] INFO:colcon.colcon_core.shell:Creating package script '/home/crashlab/robot_ws/install/ydlidar_ros2_driver/share/ydlidar_ros2_driver/package.zsh'
[9.447s] Level 1:colcon.colcon_core.environment:create_file_with_runtime_dependencies(/home/crashlab/robot_ws/install/ydlidar_ros2_driver/share/colcon-core/packages/ydlidar_ros2_driver)
[9.455s] INFO:colcon.colcon_cmake.task.cmake.build:Building CMake package in '/home/crashlab/robot_ws/src/YDLidar-SDK'
[9.458s] INFO:colcon.colcon_core.shell:Skip shell extension 'powershell' for command environment: Not usable outside of PowerShell
[9.459s] DEBUG:colcon.colcon_core.shell:Skip shell extension 'dsv' for command environment
[9.520s] DEBUG:colcon.colcon_core.event_handler.log_command:Invoking command in '/home/crashlab/robot_ws/build/ydlidar_sdk': /usr/bin/cmake --build /home/crashlab/robot_ws/build/ydlidar_sdk -- -j4 -l4
[10.639s] DEBUG:colcon.colcon_core.event_handler.log_command:Invoked command in '/home/crashlab/robot_ws/build/ydlidar_sdk' returned '0': /usr/bin/cmake --build /home/crashlab/robot_ws/build/ydlidar_sdk -- -j4 -l4
[10.664s] DEBUG:colcon.colcon_core.event_handler.log_command:Invoking command in '/home/crashlab/robot_ws/build/ydlidar_sdk': /usr/bin/cmake --install /home/crashlab/robot_ws/build/ydlidar_sdk
[10.883s] Level 1:colcon.colcon_core.environment:create_environment_scripts_only(ydlidar_sdk)
[10.885s] Level 1:colcon.colcon_core.environment:checking '/home/crashlab/robot_ws/install/ydlidar_sdk' for CMake module files
[10.896s] Level 1:colcon.colcon_core.environment:checking '/home/crashlab/robot_ws/install/ydlidar_sdk' for CMake config files
[10.904s] Level 1:colcon.colcon_core.shell:create_environment_hook('ydlidar_sdk', 'cmake_prefix_path')
[10.905s] INFO:colcon.colcon_core.shell:Creating environment hook '/home/crashlab/robot_ws/install/ydlidar_sdk/share/ydlidar_sdk/hook/cmake_prefix_path.ps1'
[10.911s] INFO:colcon.colcon_core.shell:Creating environment descriptor '/home/crashlab/robot_ws/install/ydlidar_sdk/share/ydlidar_sdk/hook/cmake_prefix_path.dsv'
[10.918s] INFO:colcon.colcon_core.shell:Creating environment hook '/home/crashlab/robot_ws/install/ydlidar_sdk/share/ydlidar_sdk/hook/cmake_prefix_path.sh'
[10.927s] Level 1:colcon.colcon_core.environment:checking '/home/crashlab/robot_ws/install/ydlidar_sdk/lib'
[10.929s] Level 1:colcon.colcon_core.environment:checking '/home/crashlab/robot_ws/install/ydlidar_sdk/bin'
[10.930s] Level 1:colcon.colcon_core.shell:create_environment_hook('ydlidar_sdk', 'path')
[10.931s] INFO:colcon.colcon_core.shell:Creating environment hook '/home/crashlab/robot_ws/install/ydlidar_sdk/share/ydlidar_sdk/hook/path.ps1'
[10.940s] INFO:colcon.colcon_core.shell:Creating environment descriptor '/home/crashlab/robot_ws/install/ydlidar_sdk/share/ydlidar_sdk/hook/path.dsv'
[10.948s] INFO:colcon.colcon_core.shell:Creating environment hook '/home/crashlab/robot_ws/install/ydlidar_sdk/share/ydlidar_sdk/hook/path.sh'
[10.957s] Level 1:colcon.colcon_core.environment:checking '/home/crashlab/robot_ws/install/ydlidar_sdk/lib/pkgconfig/ydlidar_sdk.pc'
[10.958s] Level 1:colcon.colcon_core.environment:checking '/home/crashlab/robot_ws/install/ydlidar_sdk/lib/python3.10/site-packages'
[10.960s] Level 1:colcon.colcon_core.environment:checking '/home/crashlab/robot_ws/install/ydlidar_sdk/bin'
[10.961s] Level 1:colcon.colcon_core.shell:create_environment_hook('ydlidar_sdk', 'pythonscriptspath')
[10.969s] INFO:colcon.colcon_core.shell:Creating environment hook '/home/crashlab/robot_ws/install/ydlidar_sdk/share/ydlidar_sdk/hook/pythonscriptspath.ps1'
[10.976s] INFO:colcon.colcon_core.shell:Creating environment descriptor '/home/crashlab/robot_ws/install/ydlidar_sdk/share/ydlidar_sdk/hook/pythonscriptspath.dsv'
[11.002s] INFO:colcon.colcon_core.shell:Creating environment hook '/home/crashlab/robot_ws/install/ydlidar_sdk/share/ydlidar_sdk/hook/pythonscriptspath.sh'
[11.028s] INFO:colcon.colcon_core.shell:Creating package script '/home/crashlab/robot_ws/install/ydlidar_sdk/share/ydlidar_sdk/package.ps1'
[11.051s] DEBUG:colcon.colcon_core.event_handler.log_command:Invoked command in '/home/crashlab/robot_ws/build/ydlidar_sdk' returned '0': /usr/bin/cmake --install /home/crashlab/robot_ws/build/ydlidar_sdk
[11.055s] INFO:colcon.colcon_core.shell:Creating package descriptor '/home/crashlab/robot_ws/install/ydlidar_sdk/share/ydlidar_sdk/package.dsv'
[11.060s] INFO:colcon.colcon_core.shell:Creating package script '/home/crashlab/robot_ws/install/ydlidar_sdk/share/ydlidar_sdk/package.sh'
[11.065s] INFO:colcon.colcon_core.shell:Creating package script '/home/crashlab/robot_ws/install/ydlidar_sdk/share/ydlidar_sdk/package.bash'
[11.080s] INFO:colcon.colcon_core.shell:Creating package script '/home/crashlab/robot_ws/install/ydlidar_sdk/share/ydlidar_sdk/package.zsh'
[11.094s] Level 1:colcon.colcon_core.environment:create_file_with_runtime_dependencies(/home/crashlab/robot_ws/install/ydlidar_sdk/share/colcon-core/packages/ydlidar_sdk)
[12.787s] Level 1:colcon.colcon_core.shell:create_environment_hook('json_data', 'pythonpath_develop')
[12.789s] DEBUG:colcon.colcon_core.event_handler.log_command:Invoked command in '/home/crashlab/robot_ws/build/json_data' returned '0': PYTHONPATH=/home/crashlab/robot_ws/build/json_data/prefix_override:/usr/lib/python3/dist-packages/colcon_core/task/python/colcon_distutils_commands:/home/crashlab/robot_ws/install/json_data/lib/python3.10/site-packages:${PYTHONPATH} /usr/bin/python3 -W ignore:setup.py install is deprecated -W ignore:easy_install command is deprecated setup.py develop --editable --build-directory /home/crashlab/robot_ws/build/json_data/build --no-deps symlink_data
[12.791s] INFO:colcon.colcon_core.shell:Creating environment hook '/home/crashlab/robot_ws/build/json_data/share/json_data/hook/pythonpath_develop.ps1'
[12.798s] INFO:colcon.colcon_core.shell:Creating environment descriptor '/home/crashlab/robot_ws/build/json_data/share/json_data/hook/pythonpath_develop.dsv'
[12.809s] INFO:colcon.colcon_core.shell:Creating environment hook '/home/crashlab/robot_ws/build/json_data/share/json_data/hook/pythonpath_develop.sh'
[12.840s] Level 1:colcon.colcon_core.environment:checking '/home/crashlab/robot_ws/install/json_data' for CMake module files
[12.846s] Level 1:colcon.colcon_core.environment:checking '/home/crashlab/robot_ws/install/json_data' for CMake config files
[12.855s] Level 1:colcon.colcon_core.environment:checking '/home/crashlab/robot_ws/install/json_data/lib'
[12.857s] Level 1:colcon.colcon_core.environment:checking '/home/crashlab/robot_ws/install/json_data/bin'
[12.858s] Level 1:colcon.colcon_core.environment:checking '/home/crashlab/robot_ws/install/json_data/lib/pkgconfig/json_data.pc'
[12.861s] Level 1:colcon.colcon_core.environment:checking '/home/crashlab/robot_ws/install/json_data/lib/python3.10/site-packages'
[12.863s] Level 1:colcon.colcon_core.shell:create_environment_hook('json_data', 'pythonpath')
[12.865s] INFO:colcon.colcon_core.shell:Creating environment hook '/home/crashlab/robot_ws/install/json_data/share/json_data/hook/pythonpath.ps1'
[12.871s] INFO:colcon.colcon_core.shell:Creating environment descriptor '/home/crashlab/robot_ws/install/json_data/share/json_data/hook/pythonpath.dsv'
[12.877s] INFO:colcon.colcon_core.shell:Creating environment hook '/home/crashlab/robot_ws/install/json_data/share/json_data/hook/pythonpath.sh'
[12.886s] Level 1:colcon.colcon_core.environment:checking '/home/crashlab/robot_ws/install/json_data/bin'
[12.888s] Level 1:colcon.colcon_core.environment:create_environment_scripts_only(json_data)
[12.891s] INFO:colcon.colcon_core.shell:Creating package script '/home/crashlab/robot_ws/install/json_data/share/json_data/package.ps1'
[12.903s] INFO:colcon.colcon_core.shell:Creating package descriptor '/home/crashlab/robot_ws/install/json_data/share/json_data/package.dsv'
[12.911s] INFO:colcon.colcon_core.shell:Creating package script '/home/crashlab/robot_ws/install/json_data/share/json_data/package.sh'
[12.919s] INFO:colcon.colcon_core.shell:Creating package script '/home/crashlab/robot_ws/install/json_data/share/json_data/package.bash'
[12.933s] INFO:colcon.colcon_core.shell:Creating package script '/home/crashlab/robot_ws/install/json_data/share/json_data/package.zsh'
[12.939s] Level 1:colcon.colcon_core.environment:create_file_with_runtime_dependencies(/home/crashlab/robot_ws/install/json_data/share/colcon-core/packages/json_data)
[13.014s] Level 1:colcon.colcon_core.shell:create_environment_hook('coordination', 'pythonpath_develop')
[13.016s] INFO:colcon.colcon_core.shell:Creating environment hook '/home/crashlab/robot_ws/build/coordination/share/coordination/hook/pythonpath_develop.ps1'
[13.017s] DEBUG:colcon.colcon_core.event_handler.log_command:Invoked command in '/home/crashlab/robot_ws/build/coordination' returned '0': PYTHONPATH=/home/crashlab/robot_ws/build/coordination/prefix_override:/usr/lib/python3/dist-packages/colcon_core/task/python/colcon_distutils_commands:/home/crashlab/robot_ws/install/coordination/lib/python3.10/site-packages:${PYTHONPATH} /usr/bin/python3 -W ignore:setup.py install is deprecated -W ignore:easy_install command is deprecated setup.py develop --editable --build-directory /home/crashlab/robot_ws/build/coordination/build --no-deps symlink_data
[13.021s] INFO:colcon.colcon_core.shell:Creating environment descriptor '/home/crashlab/robot_ws/build/coordination/share/coordination/hook/pythonpath_develop.dsv'
[13.024s] INFO:colcon.colcon_core.shell:Creating environment hook '/home/crashlab/robot_ws/build/coordination/share/coordination/hook/pythonpath_develop.sh'
[13.029s] Level 1:colcon.colcon_core.environment:checking '/home/crashlab/robot_ws/install/coordination' for CMake module files
[13.032s] Level 1:colcon.colcon_core.environment:checking '/home/crashlab/robot_ws/install/coordination' for CMake config files
[13.036s] Level 1:colcon.colcon_core.environment:checking '/home/crashlab/robot_ws/install/coordination/lib'
[13.036s] Level 1:colcon.colcon_core.environment:checking '/home/crashlab/robot_ws/install/coordination/bin'
[13.037s] Level 1:colcon.colcon_core.environment:checking '/home/crashlab/robot_ws/install/coordination/lib/pkgconfig/coordination.pc'
[13.038s] Level 1:colcon.colcon_core.environment:checking '/home/crashlab/robot_ws/install/coordination/lib/python3.10/site-packages'
[13.039s] Level 1:colcon.colcon_core.shell:create_environment_hook('coordination', 'pythonpath')
[13.040s] INFO:colcon.colcon_core.shell:Creating environment hook '/home/crashlab/robot_ws/install/coordination/share/coordination/hook/pythonpath.ps1'
[13.043s] INFO:colcon.colcon_core.shell:Creating environment descriptor '/home/crashlab/robot_ws/install/coordination/share/coordination/hook/pythonpath.dsv'
[13.046s] INFO:colcon.colcon_core.shell:Creating environment hook '/home/crashlab/robot_ws/install/coordination/share/coordination/hook/pythonpath.sh'
[13.051s] Level 1:colcon.colcon_core.environment:checking '/home/crashlab/robot_ws/install/coordination/bin'
[13.052s] Level 1:colcon.colcon_core.environment:create_environment_scripts_only(coordination)
[13.054s] INFO:colcon.colcon_core.shell:Creating package script '/home/crashlab/robot_ws/install/coordination/share/coordination/package.ps1'
[13.058s] INFO:colcon.colcon_core.shell:Creating package descriptor '/home/crashlab/robot_ws/install/coordination/share/coordination/package.dsv'
[13.062s] INFO:colcon.colcon_core.shell:Creating package script '/home/crashlab/robot_ws/install/coordination/share/coordination/package.sh'
[13.065s] INFO:colcon.colcon_core.shell:Creating package script '/home/crashlab/robot_ws/install/coordination/share/coordination/package.bash'
[13.068s] INFO:colcon.colcon_core.shell:Creating package script '/home/crashlab/robot_ws/install/coordination/share/coordination/package.zsh'
[13.071s] Level 1:colcon.colcon_core.environment:create_file_with_runtime_dependencies(/home/crashlab/robot_ws/install/coordination/share/colcon-core/packages/coordination)
[56.724s] DEBUG:colcon.colcon_core.event_handler.log_command:Invoked command in '/home/crashlab/robot_ws/build/nav_motor_pkg' returned '2': CMAKE_PREFIX_PATH=${CMAKE_PREFIX_PATH}:/home/crashlab/robot_ws/install/nav_bringup:/home/crashlab/robot_ws/install/json_data:/home/crashlab/robot_ws/install/coordination:/opt/ros/humble /usr/bin/cmake --build /home/crashlab/robot_ws/build/nav_motor_pkg -- -j4 -l4
[56.726s] Level 1:colcon.colcon_core.environment:create_environment_scripts_only(nav_motor_pkg)
[56.728s] Level 1:colcon.colcon_core.environment:checking '/home/crashlab/robot_ws/install/nav_motor_pkg' for CMake module files
[56.731s] Level 1:colcon.colcon_core.environment:checking '/home/crashlab/robot_ws/install/nav_motor_pkg' for CMake config files
[56.734s] Level 1:colcon.colcon_core.shell:create_environment_hook('nav_motor_pkg', 'cmake_prefix_path')
[56.735s] INFO:colcon.colcon_core.shell:Creating environment hook '/home/crashlab/robot_ws/install/nav_motor_pkg/share/nav_motor_pkg/hook/cmake_prefix_path.ps1'
[56.737s] INFO:colcon.colcon_core.shell:Creating environment descriptor '/home/crashlab/robot_ws/install/nav_motor_pkg/share/nav_motor_pkg/hook/cmake_prefix_path.dsv'
[56.739s] INFO:colcon.colcon_core.shell:Creating environment hook '/home/crashlab/robot_ws/install/nav_motor_pkg/share/nav_motor_pkg/hook/cmake_prefix_path.sh'
[56.742s] Level 1:colcon.colcon_core.environment:checking '/home/crashlab/robot_ws/install/nav_motor_pkg/lib'
[56.743s] Level 1:colcon.colcon_core.environment:checking '/home/crashlab/robot_ws/install/nav_motor_pkg/bin'
[56.743s] Level 1:colcon.colcon_core.environment:checking '/home/crashlab/robot_ws/install/nav_motor_pkg/lib/pkgconfig/nav_motor_pkg.pc'
[56.744s] Level 1:colcon.colcon_core.environment:checking '/home/crashlab/robot_ws/install/nav_motor_pkg/lib/python3.10/site-packages'
[56.745s] Level 1:colcon.colcon_core.environment:checking '/home/crashlab/robot_ws/install/nav_motor_pkg/bin'
[56.746s] INFO:colcon.colcon_core.shell:Creating package script '/home/crashlab/robot_ws/install/nav_motor_pkg/share/nav_motor_pkg/package.ps1'
[56.749s] INFO:colcon.colcon_core.shell:Creating package descriptor '/home/crashlab/robot_ws/install/nav_motor_pkg/share/nav_motor_pkg/package.dsv'
[56.751s] INFO:colcon.colcon_core.shell:Creating package script '/home/crashlab/robot_ws/install/nav_motor_pkg/share/nav_motor_pkg/package.sh'
[56.754s] INFO:colcon.colcon_core.shell:Creating package script '/home/crashlab/robot_ws/install/nav_motor_pkg/share/nav_motor_pkg/package.bash'
[56.757s] INFO:colcon.colcon_core.shell:Creating package script '/home/crashlab/robot_ws/install/nav_motor_pkg/share/nav_motor_pkg/package.zsh'
[56.759s] Level 1:colcon.colcon_core.environment:create_file_with_runtime_dependencies(/home/crashlab/robot_ws/install/nav_motor_pkg/share/colcon-core/packages/nav_motor_pkg)
[56.771s] DEBUG:colcon.colcon_parallel_executor.executor.parallel:closing loop
[56.772s] DEBUG:colcon.colcon_parallel_executor.executor.parallel:loop closed
[56.772s] DEBUG:colcon.colcon_parallel_executor.executor.parallel:run_until_complete finished with '2'
[56.772s] DEBUG:colcon.colcon_core.event_reactor:joining thread
[56.802s] INFO:colcon.colcon_core.plugin_system:Skipping extension 'colcon_notification.desktop_notification.terminal_notifier': Not used on non-Darwin systems
[56.803s] INFO:colcon.colcon_core.plugin_system:Skipping extension 'colcon_notification.desktop_notification.win32': Not used on non-Windows systems
[56.803s] INFO:colcon.colcon_notification.desktop_notification:Sending desktop notification using 'notify2'
[56.856s] DEBUG:colcon.colcon_core.event_reactor:joined thread
[56.858s] INFO:colcon.colcon_core.shell:Creating prefix script '/home/crashlab/robot_ws/install/local_setup.ps1'
[56.862s] INFO:colcon.colcon_core.shell:Creating prefix util module '/home/crashlab/robot_ws/install/_local_setup_util_ps1.py'
[56.867s] INFO:colcon.colcon_core.shell:Creating prefix chain script '/home/crashlab/robot_ws/install/setup.ps1'
[56.875s] INFO:colcon.colcon_core.shell:Creating prefix script '/home/crashlab/robot_ws/install/local_setup.sh'
[56.877s] INFO:colcon.colcon_core.shell:Creating prefix util module '/home/crashlab/robot_ws/install/_local_setup_util_sh.py'
[56.880s] INFO:colcon.colcon_core.shell:Creating prefix chain script '/home/crashlab/robot_ws/install/setup.sh'
[56.887s] INFO:colcon.colcon_core.shell:Creating prefix script '/home/crashlab/robot_ws/install/local_setup.bash'
[56.889s] INFO:colcon.colcon_core.shell:Creating prefix chain script '/home/crashlab/robot_ws/install/setup.bash'
[56.896s] INFO:colcon.colcon_core.shell:Creating prefix script '/home/crashlab/robot_ws/install/local_setup.zsh'
[56.899s] INFO:colcon.colcon_core.shell:Creating prefix chain script '/home/crashlab/robot_ws/install/setup.zsh'
