[1.502s] Invoking command in '/home/crashlab/robot_ws/build/other_motor_pkg': CMAKE_PREFIX_PATH=${CMAKE_PREFIX_PATH}:/home/crashlab/robot_ws/install/nav_bringup:/home/crashlab/robot_ws/install/json_data:/opt/ros/humble /usr/bin/cmake --build /home/crashlab/robot_ws/build/other_motor_pkg -- -j4 -l4
[1.883s] [100%] Built target cap_motor_node
[1.981s] Invoked command in '/home/crashlab/robot_ws/build/other_motor_pkg' returned '0': CMAKE_PREFIX_PATH=${CMAKE_PREFIX_PATH}:/home/crashlab/robot_ws/install/nav_bringup:/home/crashlab/robot_ws/install/json_data:/opt/ros/humble /usr/bin/cmake --build /home/crashlab/robot_ws/build/other_motor_pkg -- -j4 -l4
[2.045s] Invoking command in '/home/crashlab/robot_ws/build/other_motor_pkg': CMAKE_PREFIX_PATH=${CMAKE_PREFIX_PATH}:/home/crashlab/robot_ws/install/nav_bringup:/home/crashlab/robot_ws/install/json_data:/opt/ros/humble /usr/bin/cmake --install /home/crashlab/robot_ws/build/other_motor_pkg
[2.101s] -- Install configuration: ""
[2.105s] -- Execute custom install script
[2.109s] -- Up-to-date symlink: /home/crashlab/robot_ws/install/other_motor_pkg//cap_motor_node
[2.112s] -- Up-to-date symlink: /home/crashlab/robot_ws/install/other_motor_pkg/share/ament_index/resource_index/package_run_dependencies/other_motor_pkg
[2.115s] -- Up-to-date symlink: /home/crashlab/robot_ws/install/other_motor_pkg/share/ament_index/resource_index/parent_prefix_path/other_motor_pkg
[2.118s] -- Up-to-date symlink: /home/crashlab/robot_ws/install/other_motor_pkg/share/other_motor_pkg/environment/ament_prefix_path.sh
[2.122s] -- Up-to-date symlink: /home/crashlab/robot_ws/install/other_motor_pkg/share/other_motor_pkg/environment/ament_prefix_path.dsv
[2.125s] -- Up-to-date symlink: /home/crashlab/robot_ws/install/other_motor_pkg/share/other_motor_pkg/environment/path.sh
[2.130s] -- Up-to-date symlink: /home/crashlab/robot_ws/install/other_motor_pkg/share/other_motor_pkg/environment/path.dsv
[2.134s] -- Up-to-date symlink: /home/crashlab/robot_ws/install/other_motor_pkg/share/other_motor_pkg/local_setup.bash
[2.142s] -- Up-to-date symlink: /home/crashlab/robot_ws/install/other_motor_pkg/share/other_motor_pkg/local_setup.sh
[2.150s] -- Up-to-date symlink: /home/crashlab/robot_ws/install/other_motor_pkg/share/other_motor_pkg/local_setup.zsh
[2.160s] -- Up-to-date symlink: /home/crashlab/robot_ws/install/other_motor_pkg/share/other_motor_pkg/local_setup.dsv
[2.165s] -- Symlinking: /home/crashlab/robot_ws/install/other_motor_pkg/share/other_motor_pkg/package.dsv
[2.230s] -- Up-to-date symlink: /home/crashlab/robot_ws/install/other_motor_pkg/share/ament_index/resource_index/packages/other_motor_pkg
[2.230s] -- Up-to-date symlink: /home/crashlab/robot_ws/install/other_motor_pkg/share/other_motor_pkg/cmake/other_motor_pkgConfig.cmake
[2.231s] -- Up-to-date symlink: /home/crashlab/robot_ws/install/other_motor_pkg/share/other_motor_pkg/cmake/other_motor_pkgConfig-version.cmake
[2.231s] -- Up-to-date symlink: /home/crashlab/robot_ws/install/other_motor_pkg/share/other_motor_pkg/package.xml
[2.371s] Invoked command in '/home/crashlab/robot_ws/build/other_motor_pkg' returned '0': CMAKE_PREFIX_PATH=${CMAKE_PREFIX_PATH}:/home/crashlab/robot_ws/install/nav_bringup:/home/crashlab/robot_ws/install/json_data:/opt/ros/humble /usr/bin/cmake --install /home/crashlab/robot_ws/build/other_motor_pkg
