[6.982s] Invoking command in '/home/crashlab/robot_ws/build/other_motor_pkg': CMAKE_PREFIX_PATH=${CMAKE_PREFIX_PATH}:/home/crashlab/robot_ws/install/nav_bringup:/home/crashlab/robot_ws/install/json_data:/home/crashlab/robot_ws/install/ggobuk_bringup:/opt/ros/humble /usr/bin/cmake --build /home/crashlab/robot_ws/build/other_motor_pkg -- -j4 -l4
[10.102s] [100%] Built target cap_motor_node
[10.414s] Invoked command in '/home/crashlab/robot_ws/build/other_motor_pkg' returned '0': CMAKE_PREFIX_PATH=${CMAKE_PREFIX_PATH}:/home/crashlab/robot_ws/install/nav_bringup:/home/crashlab/robot_ws/install/json_data:/home/crashlab/robot_ws/install/ggobuk_bringup:/opt/ros/humble /usr/bin/cmake --build /home/crashlab/robot_ws/build/other_motor_pkg -- -j4 -l4
[10.561s] Invoking command in '/home/crashlab/robot_ws/build/other_motor_pkg': CMAKE_PREFIX_PATH=${CMAKE_PREFIX_PATH}:/home/crashlab/robot_ws/install/nav_bringup:/home/crashlab/robot_ws/install/json_data:/home/crashlab/robot_ws/install/ggobuk_bringup:/opt/ros/humble /usr/bin/cmake --install /home/crashlab/robot_ws/build/other_motor_pkg
[10.641s] -- Install configuration: ""
[10.661s] -- Execute custom install script
[10.694s] -- Up-to-date symlink: /home/crashlab/robot_ws/install/other_motor_pkg//cap_motor_node
[10.714s] -- Up-to-date symlink: /home/crashlab/robot_ws/install/other_motor_pkg/share/ament_index/resource_index/package_run_dependencies/other_motor_pkg
[10.744s] -- Up-to-date symlink: /home/crashlab/robot_ws/install/other_motor_pkg/share/ament_index/resource_index/parent_prefix_path/other_motor_pkg
[10.771s] -- Up-to-date symlink: /home/crashlab/robot_ws/install/other_motor_pkg/share/other_motor_pkg/environment/ament_prefix_path.sh
[10.794s] -- Up-to-date symlink: /home/crashlab/robot_ws/install/other_motor_pkg/share/other_motor_pkg/environment/ament_prefix_path.dsv
[10.808s] -- Up-to-date symlink: /home/crashlab/robot_ws/install/other_motor_pkg/share/other_motor_pkg/environment/path.sh
[10.822s] -- Up-to-date symlink: /home/crashlab/robot_ws/install/other_motor_pkg/share/other_motor_pkg/environment/path.dsv
[10.832s] -- Up-to-date symlink: /home/crashlab/robot_ws/install/other_motor_pkg/share/other_motor_pkg/local_setup.bash
[10.853s] -- Up-to-date symlink: /home/crashlab/robot_ws/install/other_motor_pkg/share/other_motor_pkg/local_setup.sh
[10.874s] -- Up-to-date symlink: /home/crashlab/robot_ws/install/other_motor_pkg/share/other_motor_pkg/local_setup.zsh
[10.893s] -- Up-to-date symlink: /home/crashlab/robot_ws/install/other_motor_pkg/share/other_motor_pkg/local_setup.dsv
[10.912s] -- Symlinking: /home/crashlab/robot_ws/install/other_motor_pkg/share/other_motor_pkg/package.dsv
[11.206s] -- Up-to-date symlink: /home/crashlab/robot_ws/install/other_motor_pkg/share/ament_index/resource_index/packages/other_motor_pkg
[11.220s] -- Up-to-date symlink: /home/crashlab/robot_ws/install/other_motor_pkg/share/other_motor_pkg/cmake/other_motor_pkgConfig.cmake
[11.229s] -- Up-to-date symlink: /home/crashlab/robot_ws/install/other_motor_pkg/share/other_motor_pkg/cmake/other_motor_pkgConfig-version.cmake
[11.267s] -- Up-to-date symlink: /home/crashlab/robot_ws/install/other_motor_pkg/share/other_motor_pkg/package.xml
[11.327s] Invoked command in '/home/crashlab/robot_ws/build/other_motor_pkg' returned '0': CMAKE_PREFIX_PATH=${CMAKE_PREFIX_PATH}:/home/crashlab/robot_ws/install/nav_bringup:/home/crashlab/robot_ws/install/json_data:/home/crashlab/robot_ws/install/ggobuk_bringup:/opt/ros/humble /usr/bin/cmake --install /home/crashlab/robot_ws/build/other_motor_pkg
