[0.183s] Invoking command in '/home/crashlab/robot_ws/build/tutorial_ros2_motor': CMAKE_PREFIX_PATH=${CMAKE_PREFIX_PATH}:/home/crashlab/robot_ws/install/nav_bringup:/home/crashlab/robot_ws/install/json_data:/opt/ros/humble /usr/bin/cmake --build /home/crashlab/robot_ws/build/tutorial_ros2_motor -- -j4 -l4
[0.570s] [ 50%] Built target motor_node
[0.616s] [100%] Built target teleop_node
[0.682s] Invoked command in '/home/crashlab/robot_ws/build/tutorial_ros2_motor' returned '0': CMAKE_PREFIX_PATH=${CMAKE_PREFIX_PATH}:/home/crashlab/robot_ws/install/nav_bringup:/home/crashlab/robot_ws/install/json_data:/opt/ros/humble /usr/bin/cmake --build /home/crashlab/robot_ws/build/tutorial_ros2_motor -- -j4 -l4
[0.684s] Invoking command in '/home/crashlab/robot_ws/build/tutorial_ros2_motor': CMAKE_PREFIX_PATH=${CMAKE_PREFIX_PATH}:/home/crashlab/robot_ws/install/nav_bringup:/home/crashlab/robot_ws/install/json_data:/opt/ros/humble /usr/bin/cmake --install /home/crashlab/robot_ws/build/tutorial_ros2_motor
[0.729s] -- Install configuration: ""
[0.730s] -- Execute custom install script
[0.734s] -- Up-to-date symlink: /home/crashlab/robot_ws/install/tutorial_ros2_motor/lib/tutorial_ros2_motor/motor_node
[0.736s] -- Up-to-date symlink: /home/crashlab/robot_ws/install/tutorial_ros2_motor/lib/tutorial_ros2_motor/teleop_node
[0.739s] -- Up-to-date symlink: /home/crashlab/robot_ws/install/tutorial_ros2_motor/share/tutorial_ros2_motor//config/motor_parameters.txt
[0.741s] -- Up-to-date symlink: /home/crashlab/robot_ws/install/tutorial_ros2_motor/share/ament_index/resource_index/package_run_dependencies/tutorial_ros2_motor
[0.743s] -- Up-to-date symlink: /home/crashlab/robot_ws/install/tutorial_ros2_motor/share/ament_index/resource_index/parent_prefix_path/tutorial_ros2_motor
[0.745s] -- Up-to-date symlink: /home/crashlab/robot_ws/install/tutorial_ros2_motor/share/tutorial_ros2_motor/environment/ament_prefix_path.sh
[0.749s] -- Up-to-date symlink: /home/crashlab/robot_ws/install/tutorial_ros2_motor/share/tutorial_ros2_motor/environment/ament_prefix_path.dsv
[0.749s] -- Up-to-date symlink: /home/crashlab/robot_ws/install/tutorial_ros2_motor/share/tutorial_ros2_motor/environment/path.sh
[0.754s] -- Up-to-date symlink: /home/crashlab/robot_ws/install/tutorial_ros2_motor/share/tutorial_ros2_motor/environment/path.dsv
[0.755s] -- Up-to-date symlink: /home/crashlab/robot_ws/install/tutorial_ros2_motor/share/tutorial_ros2_motor/local_setup.bash
[0.756s] -- Up-to-date symlink: /home/crashlab/robot_ws/install/tutorial_ros2_motor/share/tutorial_ros2_motor/local_setup.sh
[0.756s] -- Up-to-date symlink: /home/crashlab/robot_ws/install/tutorial_ros2_motor/share/tutorial_ros2_motor/local_setup.zsh
[0.759s] -- Up-to-date symlink: /home/crashlab/robot_ws/install/tutorial_ros2_motor/share/tutorial_ros2_motor/local_setup.dsv
[0.760s] -- Symlinking: /home/crashlab/robot_ws/install/tutorial_ros2_motor/share/tutorial_ros2_motor/package.dsv
[0.812s] -- Up-to-date symlink: /home/crashlab/robot_ws/install/tutorial_ros2_motor/share/ament_index/resource_index/packages/tutorial_ros2_motor
[0.815s] -- Up-to-date symlink: /home/crashlab/robot_ws/install/tutorial_ros2_motor/share/tutorial_ros2_motor/cmake/tutorial_ros2_motorConfig.cmake
[0.816s] -- Up-to-date symlink: /home/crashlab/robot_ws/install/tutorial_ros2_motor/share/tutorial_ros2_motor/cmake/tutorial_ros2_motorConfig-version.cmake
[0.820s] -- Up-to-date symlink: /home/crashlab/robot_ws/install/tutorial_ros2_motor/share/tutorial_ros2_motor/package.xml
[0.869s] Invoked command in '/home/crashlab/robot_ws/build/tutorial_ros2_motor' returned '0': CMAKE_PREFIX_PATH=${CMAKE_PREFIX_PATH}:/home/crashlab/robot_ws/install/nav_bringup:/home/crashlab/robot_ws/install/json_data:/opt/ros/humble /usr/bin/cmake --install /home/crashlab/robot_ws/build/tutorial_ros2_motor
